2023-10-02 21:04:57.088 [info] Log level: Info
2023-10-02 21:04:57.088 [info] Validating found git in: "git"
2023-10-02 21:04:57.108 [info] Using git "2.42.0" from "git"
2023-10-02 21:04:57.122 [info] > git rev-parse --show-toplevel [5ms]
2023-10-02 21:04:57.140 [info] > git rev-parse --git-dir --git-common-dir [13ms]
2023-10-02 21:04:57.149 [info] Open repository: /home/owl/config-files
2023-10-02 21:04:57.169 [info] > git rev-parse --show-toplevel [5ms]
2023-10-02 21:04:57.169 [info] fatal: not a git repository (or any of the parent directories): .git
2023-10-02 21:04:57.169 [info] > git config --get commit.template [11ms]
2023-10-02 21:04:57.184 [info] > git rev-parse --show-toplevel [4ms]
2023-10-02 21:04:57.184 [info] > git for-each-ref --format=%(refname)%00%(upstream:short)%00%(objectname)%00%(upstream:track)%00%(upstream:remotename)%00%(upstream:remoteref) refs/heads/master refs/remotes/master [10ms]
2023-10-02 21:04:57.202 [info] > git rev-parse --show-toplevel [3ms]
2023-10-02 21:04:57.211 [info] > git rev-parse --show-toplevel [2ms]
2023-10-02 21:04:57.369 [info] > git status -z -uall [178ms]
2023-10-02 21:04:57.389 [info] > git config --get commit.template [2ms]
2023-10-02 21:04:57.408 [info] > git for-each-ref --format=%(refname)%00%(upstream:short)%00%(objectname)%00%(upstream:track)%00%(upstream:remotename)%00%(upstream:remoteref) refs/heads/master refs/remotes/master [14ms]
2023-10-02 21:04:57.454 [info] > git status -z -uall [41ms]
2023-10-02 21:04:57.715 [info] > git check-ignore -v -z --stdin [5ms]
2023-10-02 21:04:59.277 [info] > git show --textconv :menu.sh [6ms]
2023-10-02 21:04:59.280 [info] > git ls-files --stage -- /home/owl/config-files/menu.sh [3ms]
2023-10-02 21:04:59.291 [info] > git cat-file -s e7e0b039f53eed927a05aebdd4870d49f227d3c7 [6ms]
2023-10-02 21:05:04.548 [info] > git rev-parse --show-toplevel [0ms]
2023-10-02 21:05:04.548 [info] fatal: not a git repository (or any of the parent directories): .git
2023-10-02 21:08:18.168 [info] > git show --textconv :manage [11ms]
2023-10-02 21:08:18.170 [info] > git ls-files --stage -- /home/owl/config-files/manage [3ms]
2023-10-02 21:08:18.179 [info] > git cat-file -s 857d37f167cd9699b9c2a89ce0363d2796ebccf3 [1ms]
2023-10-02 21:08:20.182 [info] > git config --get commit.template [1ms]
2023-10-02 21:08:20.193 [info] > git for-each-ref --format=%(refname)%00%(upstream:short)%00%(objectname)%00%(upstream:track)%00%(upstream:remotename)%00%(upstream:remoteref) refs/heads/master refs/remotes/master [1ms]
2023-10-02 21:08:20.241 [info] > git status -z -uall [39ms]
2023-10-02 21:08:37.765 [info] > git config --get commit.template [3ms]
2023-10-02 21:08:37.775 [info] > git for-each-ref --format=%(refname)%00%(upstream:short)%00%(objectname)%00%(upstream:track)%00%(upstream:remotename)%00%(upstream:remoteref) refs/heads/master refs/remotes/master [1ms]
2023-10-02 21:08:37.828 [info] > git status -z -uall [42ms]
2023-10-02 21:08:44.417 [info] > git config --get commit.template [1ms]
2023-10-02 21:08:44.425 [info] > git for-each-ref --format=%(refname)%00%(upstream:short)%00%(objectname)%00%(upstream:track)%00%(upstream:remotename)%00%(upstream:remoteref) refs/heads/master refs/remotes/master [1ms]
2023-10-02 21:08:44.476 [info] > git status -z -uall [44ms]
2023-10-02 21:08:50.365 [info] > git config --get commit.template [10ms]
2023-10-02 21:08:50.366 [info] > git for-each-ref --format=%(refname)%00%(upstream:short)%00%(objectname)%00%(upstream:track)%00%(upstream:remotename)%00%(upstream:remoteref) refs/heads/master refs/remotes/master [2ms]
2023-10-02 21:08:50.416 [info] > git status -z -uall [40ms]
2023-10-02 21:09:31.889 [info] > git check-ignore -v -z --stdin [2ms]
2023-10-02 21:10:19.361 [info] > git config --get commit.template [1ms]
2023-10-02 21:10:19.371 [info] > git for-each-ref --format=%(refname)%00%(upstream:short)%00%(objectname)%00%(upstream:track)%00%(upstream:remotename)%00%(upstream:remoteref) refs/heads/master refs/remotes/master [2ms]
2023-10-02 21:10:19.418 [info] > git status -z -uall [39ms]
2023-10-02 21:10:27.160 [info] > git show --textconv :menu [11ms]
2023-10-02 21:10:27.162 [info] > git ls-files --stage -- /home/owl/config-files/menu [3ms]
2023-10-02 21:10:27.435 [info] > git check-ignore -v -z --stdin [3ms]
2023-10-02 21:10:27.984 [info] > git config --get commit.template [1ms]
2023-10-02 21:10:27.994 [info] > git for-each-ref --format=%(refname)%00%(upstream:short)%00%(objectname)%00%(upstream:track)%00%(upstream:remotename)%00%(upstream:remoteref) refs/heads/master refs/remotes/master [1ms]
2023-10-02 21:10:28.040 [info] > git status -z -uall [38ms]
2023-10-02 21:10:31.335 [info] > git show --textconv :system/backup [10ms]
2023-10-02 21:10:31.337 [info] > git ls-files --stage -- /home/owl/config-files/system/backup [3ms]
2023-10-02 21:10:31.347 [info] > git cat-file -s 6a3b33eec8e8f9425f951126c24481fa02373800 [2ms]
2023-10-02 21:10:48.826 [info] > git config --get commit.template [3ms]
2023-10-02 21:10:48.839 [info] > git for-each-ref --format=%(refname)%00%(upstream:short)%00%(objectname)%00%(upstream:track)%00%(upstream:remotename)%00%(upstream:remoteref) refs/heads/master refs/remotes/master [1ms]
2023-10-02 21:10:48.890 [info] > git status -z -uall [42ms]
