2023-11-05 02:10:55.818 [INFO]: No proxy settings found
2023-11-05 02:10:56.472 [INFO]: Creating manager directory: /tmp/9f82e39e-2ef0-47c8-9086-d0d70271ef15/codeium/manager
2023-11-05 02:10:56.767 [INFO]: Using cached LS with valid crc32: /home/owl/.vscode-oss/extensions/codeium.codeium-1.2.97-universal/dist/f3bda5b3eb4dc7c7904cb8e9a3156e9f25f1ebb9/language_server_linux_x64
2023-11-05 02:10:56.779 [INFO]: Language server started
2023-11-05 02:10:56.883 [INFO]: [Language Server (stderr)]:
I1105 02:10:56.882394 69011 main.go:452] Starting language server manager with pid 69011
I1105 02:10:56.882490 69011 main.go:106] Manager acquired its lock file /tmp/9f82e39e-2ef0-47c8-9086-d0d70271ef15/codeium/manager/locks/manager.lock
2023-11-05 02:10:56.883 [INFO]: [Language Server (stderr)]:
I1105 02:10:56.882830 69011 main.go:228] Waiting for random port file in /tmp/9f82e39e-2ef0-47c8-9086-d0d70271ef15/codeium/manager/child_random_port_1699171856882552706_4109873737403427012 to be created
2023-11-05 02:10:56.993 [INFO]: [Language Server (stderr)]:
I1105 02:10:56.992244 69024 main.go:446] Starting language server process with pid 69024
2023-11-05 02:10:56.994 [INFO]: [Language Server (stderr)]:
I1105 02:10:56.993876 69024 proxy.go:93] proxyplease.proxy> No proxy provided. Attempting to infer from system.
I1105 02:10:56.993904 69024 proxy.go:93] proxyplease.proxy> No proxy could be determined. Assuming a direct connection.
I1105 02:10:56.993931 69024 client.go:589] [DEBUG] GET https://server.codeium.com/exa.api_server_pb.ApiServerService/GetCompletions
2023-11-05 02:10:57.286 [INFO]: [Language Server (stderr)]:
I1105 02:10:57.285559 69024 api_server_client.go:115] Successfully dialed proxy
2023-11-05 02:10:57.286 [INFO]: [Language Server (stderr)]:
I1105 02:10:57.285862 69024 server.go:387] Successfully created API server client
I1105 02:10:57.285881 69024 api_server_client.go:115] Successfully dialed proxy
I1105 02:10:57.286083 69024 server.go:393] Successfully created API streaming client
2023-11-05 02:10:57.315 [INFO]: [Language Server (stderr)]:
I1105 02:10:57.314557 69024 server.go:402] Successfully initialized tokenizer
I1105 02:10:57.314609 69024 unleash.go:57] Initializing Unleash with production environment
2023-11-05 02:10:57.593 [INFO]: [Language Server (stderr)]:
I1105 02:10:57.593038 69024 unleash.go:71] Successfully initialized unleash
2023-11-05 02:10:57.616 [INFO]: [Language Server (stderr)]:
I1105 02:10:57.616242 69024 server.go:481] Successfully created completion provider
I1105 02:10:57.616268 69024 server.go:513] Child process attempting to acquire lock file /tmp/9f82e39e-2ef0-47c8-9086-d0d70271ef15/codeium/manager/locks/child_lock_1699171856882578898_990846249714898058
I1105 02:10:57.616310 69024 server.go:523] Child process acquired lock file /tmp/9f82e39e-2ef0-47c8-9086-d0d70271ef15/codeium/manager/locks/child_lock_1699171856882578898_990846249714898058
2023-11-05 02:10:57.617 [INFO]: [Language Server (stderr)]:
I1105 02:10:57.616675 69024 server.go:186] Language server will attempt to listen on host 127.0.0.1
I1105 02:10:57.616793 69024 server.go:230] Language server listening on random port at 44129
I1105 02:10:57.616802 69024 server.go:232] LSP listening on random port at 35171
2023-11-05 02:10:57.617 [INFO]: [Language Server (stderr)]:
I1105 02:10:57.617269 69024 web_server.go:147] Chat Web Server listening at ws://127.0.0.1:40219
2023-11-05 02:10:57.685 [INFO]: [Language Server (stdout)]:
35171
2023-11-05 02:10:57.699 [INFO]: [Language Server (stderr)]:
I1105 02:10:57.685476 69011 main.go:264] Language server manager found random server port 44129
I1105 02:10:57.685509 69011 main.go:265] Language server manager found random lsp port 35171
I1105 02:10:57.685523 69011 main.go:272] Language server manager attempting to connect to language server at 127.0.0.1:44129
I1105 02:10:57.698237 69011 main.go:143] Fixing language server port at 44129
I1105 02:10:57.698252 69011 main.go:323] Language server manager successfully connected to new language server at 127.0.0.1:44129
2023-11-05 02:10:57.784 [INFO]: Found language server running on port 44129
2023-11-05 02:10:57.808 [INFO]: [Language Server (stderr)]:
E1105 02:10:57.807289 69024 open_document_context_provider.go:72] could not find workspace for /home/owl/Pictures/organize_wallpapers: absolutePath /home/owl/Pictures/organize_wallpapers and relativePath /home/owl/Pictures/organize_wallpapers do not share a base directory
2023-11-05 02:10:57.826 [INFO]: [Language Server (stderr)]:
E1105 02:10:57.825715 69024 lsp.go:402] Initialize: open /home/owl/config-files/backup_home/iwd: permission denied
2023-11-05 02:10:57.862 [INFO]: Successfully logged in
2023-11-05 02:10:58.801 [INFO]: [Language Server (stderr)]:
E1105 02:10:58.800059 69024 open_document_context_provider.go:72] could not find workspace for /home/owl/Pictures/organize_wallpapers: absolutePath /home/owl/Pictures/organize_wallpapers and relativePath /home/owl/Pictures/organize_wallpapers do not share a base directory
2023-11-05 02:11:00.221 [INFO]: [Language Server (stderr)]:
E1105 02:11:00.218739 69024 open_document_context_provider.go:72] could not find workspace for /home/owl/Pictures/organize_wallpapers: absolutePath /home/owl/Pictures/organize_wallpapers and relativePath /home/owl/Pictures/organize_wallpapers do not share a base directory
2023-11-05 02:11:00.659 [INFO]: [Language Server (stderr)]:
E1105 02:11:00.657138 69024 open_document_context_provider.go:72] could not find workspace for /home/owl/Pictures/organize_wallpapers: absolutePath /home/owl/Pictures/organize_wallpapers and relativePath /home/owl/Pictures/organize_wallpapers do not share a base directory
2023-11-05 02:11:00.957 [INFO]: [Language Server (stderr)]:
E1105 02:11:00.945820 69024 open_document_context_provider.go:72] could not find workspace for /home/owl/Pictures/organize_wallpapers: absolutePath /home/owl/Pictures/organize_wallpapers and relativePath /home/owl/Pictures/organize_wallpapers do not share a base directory
2023-11-05 02:11:51.798 [INFO]: Completion request was cancelled by token (48.72ms)
2023-11-05 02:11:51.941 [INFO]: Completion request was cancelled by token (71.3ms)
2023-11-05 02:11:52.481 [INFO]: Completion request succeeded (465.21ms)
2023-11-05 02:11:52.483 [INFO]: Generated 1 completions
2023-11-05 02:11:52.484 [INFO]: provideInlineCompletionItems request succeeded (468ms)
2023-11-05 02:11:52.707 [INFO]: Completion request succeeded (13.32ms)
2023-11-05 02:11:52.708 [INFO]: Generated 1 completions
2023-11-05 02:11:52.710 [INFO]: provideInlineCompletionItems request succeeded (16.56ms)
2023-11-05 02:11:52.845 [INFO]: Completion request succeeded (9.46ms)
2023-11-05 02:11:52.846 [INFO]: Generated 1 completions
2023-11-05 02:11:52.847 [INFO]: provideInlineCompletionItems request succeeded (11.98ms)
2023-11-05 02:11:53.206 [INFO]: Completion request succeeded (247.48ms)
2023-11-05 02:11:53.206 [INFO]: No completions were generated
2023-11-05 02:11:53.206 [INFO]: provideInlineCompletionItems request succeeded (248.88ms)
2023-11-05 02:11:53.534 [INFO]: Completion request was cancelled by token (105.94ms)
2023-11-05 02:11:53.628 [INFO]: Completion request was cancelled by token (23.43ms)
2023-11-05 02:11:53.742 [INFO]: Completion request was cancelled by token (42.26ms)
2023-11-05 02:11:53.924 [INFO]: Completion request was cancelled by token (105.66ms)
2023-11-05 02:11:54.097 [INFO]: Completion request was cancelled by token (37.3ms)
2023-11-05 02:11:54.367 [INFO]: Completion request was cancelled by token (197.08ms)
2023-11-05 02:11:54.634 [INFO]: Completion request was cancelled by token (191.49ms)
2023-11-05 02:11:54.807 [INFO]: Completion request was cancelled by token (23ms)
2023-11-05 02:11:54.930 [INFO]: Completion request was cancelled by token (47.73ms)
2023-11-05 02:11:55.120 [INFO]: Completion request was cancelled by token (57.62ms)
2023-11-05 02:11:55.347 [INFO]: Completion request was cancelled by token (151.59ms)
2023-11-05 02:11:55.962 [INFO]: Completion request succeeded (543.09ms)
2023-11-05 02:11:55.962 [INFO]: No completions were generated
2023-11-05 02:11:55.963 [INFO]: provideInlineCompletionItems request succeeded (544.02ms)
2023-11-05 02:12:32.714 [INFO]: Completion request was cancelled by token (139.82ms)
2023-11-05 02:12:32.911 [INFO]: Completion request was cancelled by token (121.9ms)
2023-11-05 02:12:33.635 [INFO]: Completion request was cancelled by token (650.68ms)
2023-11-05 02:12:34.259 [INFO]: Completion request succeeded (551.21ms)
2023-11-05 02:12:34.260 [INFO]: No completions were generated
2023-11-05 02:12:34.260 [INFO]: provideInlineCompletionItems request succeeded (552.28ms)
2023-11-05 02:12:41.019 [INFO]: Completion request succeeded (274.09ms)
2023-11-05 02:12:41.019 [INFO]: No completions were generated
2023-11-05 02:12:41.020 [INFO]: provideInlineCompletionItems request succeeded (276.04ms)
2023-11-05 02:19:19.791 [INFO]: Completion request was cancelled by token (242.77ms)
2023-11-05 02:19:20.440 [INFO]: Completion request succeeded (573.96ms)
2023-11-05 02:19:20.442 [INFO]: Generated 3 completions
2023-11-05 02:19:20.445 [INFO]: provideInlineCompletionItems request succeeded (579.2ms)
2023-11-05 02:21:21.014 [INFO]: Completion request was cancelled by token (135.24ms)
2023-11-05 02:21:21.522 [INFO]: Completion request succeeded (431.66ms)
2023-11-05 02:21:21.522 [INFO]: No completions were generated
2023-11-05 02:21:21.523 [INFO]: provideInlineCompletionItems request succeeded (433.83ms)
2023-11-05 02:21:22.634 [INFO]: Skipping completions because autocomplete is open
2023-11-05 02:21:22.875 [INFO]: Skipping completions because autocomplete is open
2023-11-05 02:21:23.008 [INFO]: Skipping completions because autocomplete is open
2023-11-05 02:21:23.096 [INFO]: Skipping completions because autocomplete is open
2023-11-05 02:21:24.289 [INFO]: Completion request succeeded (412.06ms)
2023-11-05 02:21:24.290 [INFO]: Generated 2 completions
2023-11-05 02:21:24.291 [INFO]: provideInlineCompletionItems request succeeded (415.99ms)
2023-11-05 02:21:26.409 [INFO]: Completion request succeeded (253.4ms)
2023-11-05 02:21:26.409 [INFO]: No completions were generated
2023-11-05 02:21:26.409 [INFO]: provideInlineCompletionItems request succeeded (254.87ms)
2023-11-05 02:21:31.199 [INFO]: Completion request was cancelled by token (114.57ms)
2023-11-05 02:21:31.763 [INFO]: Completion request succeeded (489.2ms)
2023-11-05 02:21:31.763 [INFO]: Generated 1 completions
2023-11-05 02:21:31.763 [INFO]: provideInlineCompletionItems request succeeded (490.35ms)
2023-11-05 02:21:32.022 [INFO]: Completion request was cancelled by token (62.26ms)
2023-11-05 02:21:32.170 [INFO]: Completion request was cancelled by token (73.35ms)
2023-11-05 02:21:32.354 [INFO]: Completion request was cancelled by token (108.07ms)
2023-11-05 02:21:32.461 [INFO]: Completion request was cancelled by token (32.25ms)
2023-11-05 02:21:32.790 [INFO]: Completion request was cancelled by token (254.19ms)
2023-11-05 02:21:33.375 [INFO]: Completion request succeeded (507.26ms)
2023-11-05 02:21:33.376 [INFO]: No completions were generated
2023-11-05 02:21:33.376 [INFO]: provideInlineCompletionItems request succeeded (509.04ms)
2023-11-05 02:22:06.989 [INFO]: Completion request succeeded (306.2ms)
2023-11-05 02:22:06.989 [INFO]: No completions were generated
2023-11-05 02:22:06.989 [INFO]: provideInlineCompletionItems request succeeded (307.38ms)
2023-11-05 02:22:07.397 [INFO]: Completion request succeeded (273.36ms)
2023-11-05 02:22:07.397 [INFO]: No completions were generated
2023-11-05 02:22:07.397 [INFO]: provideInlineCompletionItems request succeeded (274.7ms)
2023-11-05 02:22:08.558 [INFO]: Completion request succeeded (256.22ms)
2023-11-05 02:22:08.558 [INFO]: No completions were generated
2023-11-05 02:22:08.558 [INFO]: provideInlineCompletionItems request succeeded (257.32ms)
2023-11-05 02:22:12.158 [INFO]: Completion request was cancelled by token (126.93ms)
2023-11-05 02:22:12.825 [INFO]: Completion request succeeded (516.5ms)
2023-11-05 02:22:12.826 [INFO]: No completions were generated
2023-11-05 02:22:12.826 [INFO]: provideInlineCompletionItems request succeeded (518.54ms)
2023-11-05 02:22:41.121 [INFO]: Completion request succeeded (588.31ms)
2023-11-05 02:22:41.121 [INFO]: No completions were generated
2023-11-05 02:22:41.122 [INFO]: provideInlineCompletionItems request succeeded (589.41ms)
2023-11-05 02:22:42.458 [INFO]: Skipping completions because autocomplete is open
2023-11-05 02:22:42.685 [INFO]: Skipping completions because autocomplete is open
2023-11-05 02:22:42.893 [INFO]: Skipping completions because autocomplete is open
2023-11-05 02:22:43.076 [INFO]: Skipping completions because autocomplete is open
2023-11-05 02:22:44.010 [INFO]: Completion request was cancelled by token (32.64ms)
2023-11-05 02:22:44.619 [INFO]: Completion request succeeded (532.72ms)
2023-11-05 02:22:44.620 [INFO]: Generated 6 completions
2023-11-05 02:22:44.621 [INFO]: provideInlineCompletionItems request succeeded (535.93ms)
2023-11-05 02:22:45.347 [INFO]: Completion request succeeded (18.25ms)
2023-11-05 02:22:45.348 [INFO]: Generated 1 completions
2023-11-05 02:22:45.348 [INFO]: provideInlineCompletionItems request succeeded (19.26ms)
2023-11-05 02:22:47.217 [INFO]: Completion request succeeded (324.66ms)
2023-11-05 02:22:47.217 [INFO]: No completions were generated
2023-11-05 02:22:47.217 [INFO]: provideInlineCompletionItems request succeeded (326.42ms)
2023-11-05 02:22:48.377 [INFO]: Completion request succeeded (315.91ms)
2023-11-05 02:22:48.378 [INFO]: Generated 2 completions
2023-11-05 02:22:48.378 [INFO]: provideInlineCompletionItems request succeeded (318ms)
2023-11-05 02:22:48.836 [INFO]: Completion request was cancelled by token (369.79ms)
2023-11-05 02:22:57.779 [INFO]: Completion request succeeded (656.26ms)
2023-11-05 02:22:57.779 [INFO]: Generated 5 completions
2023-11-05 02:22:57.780 [INFO]: provideInlineCompletionItems request succeeded (657.85ms)
2023-11-05 02:23:25.431 [INFO]: Completion request succeeded (258.64ms)
2023-11-05 02:23:25.432 [INFO]: No completions were generated
2023-11-05 02:23:25.432 [INFO]: provideInlineCompletionItems request succeeded (260.66ms)
2023-11-05 02:23:26.040 [INFO]: Completion request succeeded (267.85ms)
2023-11-05 02:23:26.040 [INFO]: No completions were generated
2023-11-05 02:23:26.041 [INFO]: provideInlineCompletionItems request succeeded (269.18ms)
2023-11-05 02:23:26.177 [INFO]: Skipping completions because autocomplete is open
2023-11-05 02:23:26.719 [INFO]: Completion request was cancelled by token (156.37ms)
2023-11-05 02:23:26.815 [INFO]: Completion request was cancelled by token (24.35ms)
2023-11-05 02:23:26.932 [INFO]: Completion request was cancelled by token (42.3ms)
2023-11-05 02:23:27.428 [INFO]: Completion request succeeded (421.41ms)
2023-11-05 02:23:27.428 [INFO]: Generated 1 completions
2023-11-05 02:23:27.429 [INFO]: provideInlineCompletionItems request succeeded (422.38ms)
2023-11-05 02:23:27.721 [INFO]: Completion request was cancelled by token (212.47ms)
2023-11-05 02:23:28.172 [INFO]: Completion request succeeded (375.89ms)
2023-11-05 02:23:28.173 [INFO]: No completions were generated
2023-11-05 02:23:28.173 [INFO]: provideInlineCompletionItems request succeeded (377.69ms)
2023-11-05 02:23:52.117 [INFO]: Skipping completions because autocomplete is open
2023-11-05 02:23:52.276 [INFO]: Skipping completions because autocomplete is open
2023-11-05 02:23:52.491 [INFO]: Skipping completions because autocomplete is open
2023-11-05 02:23:52.588 [INFO]: Skipping completions because autocomplete is open
2023-11-05 02:23:53.075 [INFO]: Skipping completions because autocomplete is open
2023-11-05 02:23:53.548 [INFO]: Completion request was cancelled by token (50.06ms)
2023-11-05 02:23:53.713 [INFO]: Completion request was cancelled by token (91.78ms)
2023-11-05 02:23:53.848 [INFO]: Completion request was cancelled by token (61.14ms)
2023-11-05 02:23:54.090 [INFO]: Completion request was cancelled by token (167.04ms)
2023-11-05 02:23:54.210 [INFO]: Completion request was cancelled by token (43.42ms)
2023-11-05 02:23:54.335 [INFO]: Completion request was cancelled by token (49.01ms)
2023-11-05 02:23:54.454 [INFO]: Completion request was cancelled by token (46.4ms)
2023-11-05 02:23:55.243 [INFO]: Completion request was cancelled by token (715.14ms)
2023-11-05 02:23:55.862 [INFO]: Completion request was cancelled by token (470.19ms)
2023-11-05 02:23:56.162 [INFO]: Completion request was cancelled by token (225.93ms)
2023-11-05 02:23:56.953 [INFO]: Completion request was cancelled by token (717.57ms)
2023-11-05 02:24:08.092 [INFO]: Skipping completions because autocomplete is open
2023-11-05 02:24:08.198 [INFO]: Skipping completions because autocomplete is open
2023-11-05 02:24:08.306 [INFO]: Skipping completions because autocomplete is open
2023-11-05 02:24:08.593 [INFO]: Skipping completions because autocomplete is open
2023-11-05 02:24:08.809 [INFO]: Skipping completions because autocomplete is open
2023-11-05 02:24:08.890 [INFO]: Skipping completions because autocomplete is open
2023-11-05 02:24:09.869 [INFO]: Completion request succeeded (302.57ms)
2023-11-05 02:24:09.869 [INFO]: Generated 2 completions
2023-11-05 02:24:09.869 [INFO]: provideInlineCompletionItems request succeeded (303.85ms)
2023-11-05 02:24:10.360 [INFO]: Completion request was cancelled by token (229.44ms)
2023-11-05 02:24:10.457 [INFO]: Skipping completions because autocomplete is open
2023-11-05 02:24:11.067 [INFO]: Completion request was cancelled by token (230.4ms)
2023-11-05 02:24:11.333 [INFO]: Completion request was cancelled by token (195.03ms)
2023-11-05 02:24:11.560 [INFO]: Completion request was cancelled by token (153.44ms)
2023-11-05 02:24:12.090 [INFO]: Completion request succeeded (453.59ms)
2023-11-05 02:24:12.090 [INFO]: Generated 1 completions
2023-11-05 02:24:12.090 [INFO]: provideInlineCompletionItems request succeeded (455.47ms)
2023-11-05 02:24:13.852 [INFO]: Completion request succeeded (361.2ms)
2023-11-05 02:24:13.853 [INFO]: Generated 2 completions
2023-11-05 02:24:13.854 [INFO]: provideInlineCompletionItems request succeeded (363.74ms)
2023-11-05 02:24:20.619 [INFO]: Skipping completions because autocomplete is open
2023-11-05 02:24:20.803 [INFO]: Skipping completions because autocomplete is open
2023-11-05 02:24:21.088 [INFO]: Skipping completions because autocomplete is open
2023-11-05 02:24:21.663 [INFO]: Skipping completions because autocomplete is open
2023-11-05 02:24:21.931 [INFO]: Completion request was cancelled by token (13.41ms)
2023-11-05 02:24:22.038 [INFO]: Completion request was cancelled by token (32.76ms)
2023-11-05 02:24:22.195 [INFO]: Completion request was cancelled by token (82.39ms)
2023-11-05 02:24:22.745 [INFO]: Completion request was cancelled by token (475.28ms)
2023-11-05 02:24:22.843 [INFO]: Completion request was cancelled by token (24.65ms)
2023-11-05 02:24:23.195 [INFO]: Completion request was cancelled by token (276.35ms)
2023-11-05 02:24:23.748 [INFO]: Completion request was cancelled by token (477.53ms)
2023-11-05 02:24:24.436 [INFO]: Completion request succeeded (613.66ms)
2023-11-05 02:24:24.437 [INFO]: Generated 4 completions
2023-11-05 02:24:24.437 [INFO]: provideInlineCompletionItems request succeeded (615.33ms)
2023-11-05 02:24:26.763 [INFO]: Completion request succeeded (384.74ms)
2023-11-05 02:24:26.763 [INFO]: No completions were generated
2023-11-05 02:24:26.764 [INFO]: provideInlineCompletionItems request succeeded (386.08ms)
2023-11-05 02:24:28.948 [INFO]: Completion request was cancelled by token (214.57ms)
2023-11-05 02:24:29.529 [INFO]: Completion request succeeded (505.05ms)
2023-11-05 02:24:29.530 [INFO]: No completions were generated
2023-11-05 02:24:29.530 [INFO]: provideInlineCompletionItems request succeeded (506.92ms)
2023-11-05 02:24:30.245 [INFO]: Completion request succeeded (316.17ms)
2023-11-05 02:24:30.245 [INFO]: No completions were generated
2023-11-05 02:24:30.245 [INFO]: provideInlineCompletionItems request succeeded (317.11ms)
2023-11-05 02:24:33.550 [INFO]: Completion request was cancelled by token (112.2ms)
2023-11-05 02:24:34.209 [INFO]: Completion request succeeded (584.7ms)
2023-11-05 02:24:34.210 [INFO]: Generated 3 completions
2023-11-05 02:24:34.211 [INFO]: provideInlineCompletionItems request succeeded (587.27ms)
2023-11-05 02:24:35.719 [INFO]: Skipping completions because autocomplete is open
2023-11-05 02:24:35.879 [INFO]: Skipping completions because autocomplete is open
2023-11-05 02:24:36.142 [INFO]: Skipping completions because autocomplete is open
2023-11-05 02:24:37.048 [INFO]: Skipping completions because autocomplete is open
2023-11-05 02:24:37.432 [INFO]: Completion request was cancelled by token (12.97ms)
2023-11-05 02:24:37.565 [INFO]: Completion request was cancelled by token (57.65ms)
2023-11-05 02:24:37.714 [INFO]: Completion request was cancelled by token (74.69ms)
2023-11-05 02:24:37.792 [INFO]: Completion request was cancelled by token (4.79ms)
2023-11-05 02:24:38.233 [INFO]: Completion request succeeded (367.82ms)
2023-11-05 02:24:38.234 [INFO]: Generated 1 completions
2023-11-05 02:24:38.235 [INFO]: provideInlineCompletionItems request succeeded (369.55ms)
2023-11-05 02:24:39.779 [INFO]: Completion request succeeded (319.38ms)
2023-11-05 02:24:39.780 [INFO]: Generated 5 completions
2023-11-05 02:24:39.781 [INFO]: provideInlineCompletionItems request succeeded (322.2ms)
2023-11-05 02:24:43.818 [INFO]: Completion request was cancelled by token (137.59ms)
2023-11-05 02:24:44.020 [INFO]: Completion request was cancelled by token (127.31ms)
2023-11-05 02:24:44.375 [INFO]: Completion request was cancelled by token (281.48ms)
2023-11-05 02:24:44.468 [INFO]: Skipping completions because autocomplete is open
2023-11-05 02:24:44.598 [INFO]: Skipping completions because autocomplete is open
2023-11-05 02:24:44.801 [INFO]: Skipping completions because autocomplete is open
2023-11-05 02:24:45.048 [INFO]: Skipping completions because autocomplete is open
2023-11-05 02:24:47.302 [INFO]: Skipping completions because autocomplete is open
2023-11-05 02:24:47.853 [INFO]: Skipping completions because autocomplete is open
2023-11-05 02:24:48.987 [INFO]: Completion request succeeded (921.84ms)
2023-11-05 02:24:48.987 [INFO]: Generated 4 completions
2023-11-05 02:24:48.987 [INFO]: provideInlineCompletionItems request succeeded (923.46ms)
2023-11-05 02:24:50.112 [INFO]: Completion request succeeded (15.96ms)
2023-11-05 02:24:50.114 [INFO]: Generated 4 completions
2023-11-05 02:24:50.115 [INFO]: provideInlineCompletionItems request succeeded (19.22ms)
2023-11-05 02:24:50.601 [INFO]: Completion request was cancelled by token (9.44ms)
2023-11-05 02:24:51.143 [INFO]: Completion request was cancelled by token (466.15ms)
2023-11-05 02:24:51.628 [INFO]: Completion request was cancelled by token (409.09ms)
2023-11-05 02:24:52.338 [INFO]: Completion request succeeded (637.45ms)
2023-11-05 02:24:52.339 [INFO]: Generated 2 completions
2023-11-05 02:24:52.339 [INFO]: provideInlineCompletionItems request succeeded (638.54ms)
2023-11-05 02:25:13.205 [INFO]: Skipping completions because autocomplete is open
2023-11-05 02:25:13.409 [INFO]: Skipping completions because autocomplete is open
2023-11-05 02:25:13.542 [INFO]: Skipping completions because autocomplete is open
2023-11-05 02:25:13.725 [INFO]: Skipping completions because autocomplete is open
2023-11-05 02:25:15.308 [INFO]: Skipping completions because autocomplete is open
2023-11-05 02:25:24.288 [INFO]: Skipping completions because autocomplete is open
2023-11-05 02:25:24.885 [INFO]: Completion request succeeded (278.09ms)
2023-11-05 02:25:24.886 [INFO]: Generated 1 completions
2023-11-05 02:25:24.887 [INFO]: provideInlineCompletionItems request succeeded (280.1ms)
2023-11-05 02:25:27.074 [INFO]: Completion request was cancelled by token (237.03ms)
2023-11-05 02:25:27.168 [INFO]: Completion request was cancelled by token (20.17ms)
2023-11-05 02:25:27.364 [INFO]: Completion request was cancelled by token (120.4ms)
2023-11-05 02:25:27.446 [INFO]: Completion request was cancelled by token (6.88ms)
2023-11-05 02:25:27.903 [INFO]: Completion request was cancelled by token (313.7ms)
2023-11-05 02:25:28.331 [INFO]: Completion request was cancelled by token (281.44ms)
2023-11-05 02:25:28.643 [INFO]: Completion request was cancelled by token (235.28ms)
2023-11-05 02:25:29.331 [INFO]: Completion request succeeded (614.36ms)
2023-11-05 02:25:29.332 [INFO]: Generated 6 completions
2023-11-05 02:25:29.332 [INFO]: provideInlineCompletionItems request succeeded (615.61ms)
2023-11-05 02:25:31.806 [INFO]: Completion request was cancelled by token (809.01ms)
2023-11-05 02:25:33.614 [INFO]: Completion request was cancelled by token (528.49ms)
2023-11-05 02:25:34.246 [INFO]: Completion request succeeded (557.81ms)
2023-11-05 02:25:34.246 [INFO]: No completions were generated
2023-11-05 02:25:34.246 [INFO]: provideInlineCompletionItems request succeeded (558.83ms)
2023-11-05 02:25:34.655 [INFO]: Completion request succeeded (272.28ms)
2023-11-05 02:25:34.655 [INFO]: No completions were generated
2023-11-05 02:25:34.656 [INFO]: provideInlineCompletionItems request succeeded (273.23ms)
2023-11-05 02:25:42.622 [INFO]: Skipping completions because autocomplete is open
2023-11-05 02:25:42.818 [INFO]: Skipping completions because autocomplete is open
2023-11-05 02:25:42.952 [INFO]: Skipping completions because autocomplete is open
2023-11-05 02:25:43.090 [INFO]: Skipping completions because autocomplete is open
2023-11-05 02:25:43.459 [INFO]: Skipping completions because autocomplete is open
2023-11-05 02:25:44.014 [INFO]: Skipping completions because autocomplete is open
2023-11-05 02:25:44.280 [INFO]: Completion request was cancelled by token (156.49ms)
2023-11-05 02:25:44.403 [INFO]: Completion request was cancelled by token (49ms)
2023-11-05 02:25:44.536 [INFO]: Completion request was cancelled by token (56.94ms)
2023-11-05 02:25:44.735 [INFO]: Completion request was cancelled by token (124.18ms)
2023-11-05 02:25:45.075 [INFO]: Completion request was cancelled by token (157.43ms)
2023-11-05 02:25:45.162 [INFO]: Completion request was cancelled by token (11.48ms)
2023-11-05 02:25:45.818 [INFO]: Completion request succeeded (582.07ms)
2023-11-05 02:25:45.818 [INFO]: Generated 1 completions
2023-11-05 02:25:45.818 [INFO]: provideInlineCompletionItems request succeeded (583.15ms)
2023-11-05 02:25:46.137 [INFO]: Completion request was cancelled by token (211.93ms)
2023-11-05 02:25:46.233 [INFO]: Completion request was cancelled by token (20.74ms)
2023-11-05 02:25:46.335 [INFO]: Completion request was cancelled by token (26.28ms)
2023-11-05 02:25:46.511 [INFO]: Completion request was cancelled by token (100ms)
2023-11-05 02:25:46.690 [INFO]: Completion request was cancelled by token (105.11ms)
2023-11-05 02:25:47.378 [INFO]: Completion request succeeded (544.34ms)
2023-11-05 02:25:47.379 [INFO]: Generated 1 completions
2023-11-05 02:25:47.379 [INFO]: provideInlineCompletionItems request succeeded (546.31ms)
2023-11-05 02:25:49.639 [INFO]: Completion request succeeded (324.25ms)
2023-11-05 02:25:49.640 [INFO]: Generated 5 completions
2023-11-05 02:25:49.641 [INFO]: provideInlineCompletionItems request succeeded (326.71ms)
2023-11-05 02:25:55.870 [INFO]: Completion request was cancelled by token (500.91ms)
2023-11-05 02:25:56.979 [INFO]: Completion request succeeded (1034.42ms)
2023-11-05 02:25:56.980 [INFO]: No completions were generated
2023-11-05 02:25:56.980 [INFO]: provideInlineCompletionItems request succeeded (1035.45ms)
2023-11-05 02:26:01.889 [INFO]: Skipping completions because autocomplete is open
2023-11-05 02:26:02.093 [INFO]: Skipping completions because autocomplete is open
2023-11-05 02:26:02.268 [INFO]: Skipping completions because autocomplete is open
2023-11-05 02:26:02.407 [INFO]: Skipping completions because autocomplete is open
2023-11-05 02:26:03.317 [INFO]: Skipping completions because autocomplete is open
2023-11-05 02:26:03.559 [INFO]: Skipping completions because autocomplete is open
2023-11-05 02:26:03.647 [INFO]: Skipping completions because autocomplete is open
2023-11-05 02:26:04.229 [INFO]: Completion request was cancelled by token (382.74ms)
2023-11-05 02:26:04.360 [INFO]: Completion request was cancelled by token (56.48ms)
2023-11-05 02:26:04.490 [INFO]: Completion request was cancelled by token (55.46ms)
2023-11-05 02:26:04.984 [INFO]: Completion request was cancelled by token (418.75ms)
2023-11-05 02:26:05.238 [INFO]: Completion request was cancelled by token (178.61ms)
2023-11-05 02:26:05.377 [INFO]: Completion request was cancelled by token (64.86ms)
2023-11-05 02:26:05.521 [INFO]: Completion request was cancelled by token (68.42ms)
2023-11-05 02:26:05.683 [INFO]: Completion request was cancelled by token (87.22ms)
2023-11-05 02:26:05.832 [INFO]: Completion request was cancelled by token (74.74ms)
2023-11-05 02:26:06.019 [INFO]: Completion request was cancelled by token (113.33ms)
2023-11-05 02:26:06.165 [INFO]: Completion request was cancelled by token (5.48ms)
2023-11-05 02:26:06.447 [INFO]: Completion request was cancelled by token (208.32ms)
2023-11-05 02:26:06.533 [INFO]: Completion request was cancelled by token (11.66ms)
2023-11-05 02:26:07.175 [INFO]: Completion request succeeded (565.7ms)
2023-11-05 02:26:07.176 [INFO]: Generated 2 completions
2023-11-05 02:26:07.177 [INFO]: provideInlineCompletionItems request succeeded (567.89ms)
2023-11-05 02:26:07.475 [INFO]: Completion request succeeded (20.95ms)
2023-11-05 02:26:07.475 [INFO]: Generated 1 completions
2023-11-05 02:26:07.476 [INFO]: provideInlineCompletionItems request succeeded (22.8ms)
2023-11-05 02:26:09.165 [INFO]: Completion request succeeded (349.65ms)
2023-11-05 02:26:09.166 [INFO]: Generated 2 completions
2023-11-05 02:26:09.167 [INFO]: provideInlineCompletionItems request succeeded (351.88ms)
2023-11-05 02:26:30.744 [INFO]: Skipping completions because autocomplete is open
2023-11-05 02:26:30.924 [INFO]: Skipping completions because autocomplete is open
2023-11-05 02:26:31.092 [INFO]: Skipping completions because autocomplete is open
2023-11-05 02:26:31.446 [INFO]: Skipping completions because autocomplete is open
2023-11-05 02:26:31.733 [INFO]: Skipping completions because autocomplete is open
2023-11-05 02:26:31.886 [INFO]: Completion request was cancelled by token (47.51ms)
2023-11-05 02:26:32.214 [INFO]: Completion request was cancelled by token (252.84ms)
2023-11-05 02:26:32.421 [INFO]: Completion request was cancelled by token (132.38ms)
2023-11-05 02:26:32.626 [INFO]: Completion request was cancelled by token (131.62ms)
2023-11-05 02:26:33.326 [INFO]: Completion request succeeded (624.65ms)
2023-11-05 02:26:33.328 [INFO]: Generated 5 completions
2023-11-05 02:26:33.329 [INFO]: provideInlineCompletionItems request succeeded (628.1ms)
2023-11-05 02:26:33.535 [INFO]: Completion request succeeded (26.15ms)
2023-11-05 02:26:33.535 [INFO]: Generated 5 completions
2023-11-05 02:26:33.537 [INFO]: provideInlineCompletionItems request succeeded (29.33ms)
2023-11-05 02:26:33.831 [INFO]: Completion request was cancelled by token (47.91ms)
2023-11-05 02:26:33.970 [INFO]: Completion request was cancelled by token (64.42ms)
2023-11-05 02:26:34.104 [INFO]: Completion request was cancelled by token (58.35ms)
2023-11-05 02:26:34.276 [INFO]: Completion request was cancelled by token (96.56ms)
2023-11-05 02:26:34.456 [INFO]: Completion request was cancelled by token (103.71ms)
2023-11-05 02:26:35.072 [INFO]: Completion request succeeded (542.02ms)
2023-11-05 02:26:35.072 [INFO]: Generated 1 completions
2023-11-05 02:26:35.073 [INFO]: provideInlineCompletionItems request succeeded (543.01ms)
2023-11-05 02:26:35.223 [INFO]: Completion request was cancelled by token (2.18ms)
2023-11-05 02:26:35.577 [INFO]: Completion request was cancelled by token (277.82ms)
2023-11-05 02:26:36.199 [INFO]: Completion request succeeded (546.77ms)
2023-11-05 02:26:36.199 [INFO]: No completions were generated
2023-11-05 02:26:36.199 [INFO]: provideInlineCompletionItems request succeeded (547.95ms)
2023-11-05 02:26:38.554 [INFO]: Completion request succeeded (475.22ms)
2023-11-05 02:26:38.554 [INFO]: Generated 5 completions
2023-11-05 02:26:38.555 [INFO]: provideInlineCompletionItems request succeeded (476.84ms)
2023-11-05 02:26:49.257 [INFO]: Skipping completions because autocomplete is open
2023-11-05 02:26:49.424 [INFO]: Skipping completions because autocomplete is open
2023-11-05 02:26:49.714 [INFO]: Skipping completions because autocomplete is open
2023-11-05 02:26:49.981 [INFO]: Skipping completions because autocomplete is open
2023-11-05 02:26:52.292 [INFO]: Completion request succeeded (1021.02ms)
2023-11-05 02:26:52.293 [INFO]: Generated 8 completions
2023-11-05 02:26:52.294 [INFO]: provideInlineCompletionItems request succeeded (1023.7ms)
2023-11-05 02:36:53.561 [INFO]: Disposing language server process
2023-11-05 02:36:53.561 [INFO]: Deleting manager directory: /tmp/9f82e39e-2ef0-47c8-9086-d0d70271ef15/codeium/manager
2023-11-05 02:36:53.565 [INFO]: Successfully disposed language server
2023-11-05 02:36:53.601 [INFO]: [Language Server (stderr)]:
W1105 02:36:53.561627 69011 main.go:110] Language server manager got signal terminated, shutting down
