2023-10-02 21:09:48.087 [info] Log level: Info
2023-10-02 21:09:48.088 [info] Validating found git in: "git"
2023-10-02 21:09:48.088 [info] Using git "2.42.0" from "git"
2023-10-02 21:09:49.450 [info] > git rev-parse --show-toplevel [1429ms]
2023-10-02 21:09:49.450 [info] fatal: not a git repository (or any parent up to mount point /home/owl)
Stopping at filesystem boundary (GIT_DISCOVERY_ACROSS_FILESYSTEM not set).
2023-10-02 21:09:50.753 [info] > git rev-parse --show-toplevel [886ms]
2023-10-02 21:09:50.753 [info] fatal: not a git repository (or any parent up to mount point /home/owl)
Stopping at filesystem boundary (GIT_DISCOVERY_ACROSS_FILESYSTEM not set).
2023-10-02 21:09:51.393 [info] > git rev-parse --show-toplevel [633ms]
2023-10-02 21:09:51.393 [info] fatal: not a git repository (or any parent up to mount point /home/owl)
Stopping at filesystem boundary (GIT_DISCOVERY_ACROSS_FILESYSTEM not set).
2023-10-02 21:09:52.011 [info] > git rev-parse --show-toplevel [609ms]
2023-10-02 21:09:52.011 [info] fatal: not a git repository (or any parent up to mount point /home/owl)
Stopping at filesystem boundary (GIT_DISCOVERY_ACROSS_FILESYSTEM not set).
2023-10-02 21:09:52.314 [info] > git rev-parse --show-toplevel [292ms]
2023-10-02 21:09:52.314 [info] fatal: not a git repository (or any parent up to mount point /home/owl)
Stopping at filesystem boundary (GIT_DISCOVERY_ACROSS_FILESYSTEM not set).
2023-10-02 21:09:57.331 [info] > git rev-parse --show-toplevel [277ms]
2023-10-02 21:09:57.331 [info] fatal: not a git repository (or any parent up to mount point /home/owl)
Stopping at filesystem boundary (GIT_DISCOVERY_ACROSS_FILESYSTEM not set).
