2023-11-07 17:05:19.286 [info] Log level: Info
2023-11-07 17:05:19.286 [info] Validating found git in: "git"
2023-11-07 17:05:19.286 [info] Using git "2.42.0" from "git"
2023-11-07 17:05:19.286 [info] > git rev-parse --show-toplevel [6ms]
2023-11-07 17:05:19.286 [info] > git rev-parse --git-dir --git-common-dir [2ms]
2023-11-07 17:05:19.286 [info] Open repository: /home/owl/config-files
2023-11-07 17:05:19.311 [info] > git config --get commit.template [10ms]
2023-11-07 17:05:19.322 [info] > git rev-parse --show-toplevel [13ms]
2023-11-07 17:05:19.334 [info] > git for-each-ref --format=%(refname)%00%(upstream:short)%00%(objectname)%00%(upstream:track)%00%(upstream:remotename)%00%(upstream:remoteref) refs/heads/master refs/remotes/master [14ms]
2023-11-07 17:05:19.344 [info] > git rev-parse --show-toplevel [12ms]
2023-11-07 17:05:19.357 [info] > git rev-parse --show-toplevel [2ms]
2023-11-07 17:05:19.367 [info] > git rev-parse --show-toplevel [1ms]
2023-11-07 17:05:19.376 [info] > git rev-parse --show-toplevel [2ms]
2023-11-07 17:05:19.637 [info] > git status -z -uall [294ms]
2023-11-07 17:05:19.777 [info] > git config --get commit.template [52ms]
2023-11-07 17:05:19.834 [info] > git for-each-ref --format=%(refname)%00%(upstream:short)%00%(objectname)%00%(upstream:track)%00%(upstream:remotename)%00%(upstream:remoteref) refs/heads/master refs/remotes/master [26ms]
2023-11-07 17:05:19.909 [info] > git check-ignore -v -z --stdin [15ms]
2023-11-07 17:05:19.963 [info] > git status -z -uall [119ms]
2023-11-07 17:05:23.982 [info] > git check-ignore -v -z --stdin [3ms]
2023-11-07 17:05:24.679 [info] > git show --textconv :rust/rust [10ms]
2023-11-07 17:05:24.680 [info] > git ls-files --stage -- /home/owl/config-files/rust/rust [2ms]
2023-11-07 17:05:24.690 [info] > git cat-file -s 3bf63d381c6f51d065d8659d520e0b26073495f2 [1ms]
2023-11-07 17:05:30.986 [info] > git check-ignore -v -z --stdin [2ms]
2023-11-07 17:05:31.765 [info] > git show --textconv :nerdfonts/nerdfonts [12ms]
2023-11-07 17:05:31.766 [info] > git ls-files --stage -- /home/owl/config-files/nerdfonts/nerdfonts [2ms]
2023-11-07 17:05:31.776 [info] > git cat-file -s 89daee6183951b79c4b26951062a9efb0503075f [2ms]
2023-11-07 17:05:43.687 [info] > git show --textconv :system/post [11ms]
2023-11-07 17:05:43.689 [info] > git ls-files --stage -- /home/owl/config-files/system/post [3ms]
2023-11-07 17:05:43.698 [info] > git cat-file -s 7ab61aaf538b8d82560f729a1113b4e4bc47a2f6 [1ms]
2023-11-07 17:05:52.030 [info] > git show --textconv :system/restore [9ms]
2023-11-07 17:05:52.032 [info] > git ls-files --stage -- /home/owl/config-files/system/restore [2ms]
2023-11-07 17:05:52.042 [info] > git cat-file -s 8b1dfcd84abedd08460ccf70e5df028debdab1bd [2ms]
2023-11-07 17:05:55.853 [info] > git show --textconv :nerdfonts/nerdfonts [13ms]
2023-11-07 17:05:55.855 [info] > git ls-files --stage -- /home/owl/config-files/nerdfonts/nerdfonts [3ms]
2023-11-07 17:05:55.866 [info] > git cat-file -s 89daee6183951b79c4b26951062a9efb0503075f [2ms]
2023-11-07 17:06:26.943 [info] > git config --get commit.template [2ms]
2023-11-07 17:06:26.968 [info] > git for-each-ref --format=%(refname)%00%(upstream:short)%00%(objectname)%00%(upstream:track)%00%(upstream:remotename)%00%(upstream:remoteref) refs/heads/master refs/remotes/master [7ms]
2023-11-07 17:06:27.029 [info] > git status -z -uall [48ms]
