2023-11-03 11:54:05.035 [INFO]: No proxy settings found
2023-11-03 11:54:05.662 [INFO]: Creating manager directory: /tmp/8449f144-37e2-4cfa-ab9f-72175784bc6b/codeium/manager
2023-11-03 11:54:05.917 [INFO]: Using cached LS with valid crc32: /home/owl/.vscode-oss/extensions/codeium.codeium-1.2.97-universal/dist/f3bda5b3eb4dc7c7904cb8e9a3156e9f25f1ebb9/language_server_linux_x64
2023-11-03 11:54:05.927 [INFO]: Language server started
2023-11-03 11:54:06.042 [INFO]: [Language Server (stderr)]:
I1103 11:54:06.041536 154495 main.go:452] Starting language server manager with pid 154495
I1103 11:54:06.041625 154495 main.go:106] Manager acquired its lock file /tmp/8449f144-37e2-4cfa-ab9f-72175784bc6b/codeium/manager/locks/manager.lock
2023-11-03 11:54:06.042 [INFO]: [Language Server (stderr)]:
I1103 11:54:06.042109 154495 main.go:228] Waiting for random port file in /tmp/8449f144-37e2-4cfa-ab9f-72175784bc6b/codeium/manager/child_random_port_1699034046041708278_8604553969666312372 to be created
2023-11-03 11:54:06.146 [INFO]: [Language Server (stderr)]:
I1103 11:54:06.145608 154510 main.go:446] Starting language server process with pid 154510
2023-11-03 11:54:06.146 [INFO]: [Language Server (stderr)]:
I1103 11:54:06.146344 154510 proxy.go:93] proxyplease.proxy> No proxy provided. Attempting to infer from system.
I1103 11:54:06.146363 154510 proxy.go:93] proxyplease.proxy> No proxy could be determined. Assuming a direct connection.
I1103 11:54:06.146386 154510 client.go:589] [DEBUG] GET https://server.codeium.com/exa.api_server_pb.ApiServerService/GetCompletions
2023-11-03 11:54:06.484 [INFO]: [Language Server (stderr)]:
I1103 11:54:06.483323 154510 api_server_client.go:115] Successfully dialed proxy
2023-11-03 11:54:06.484 [INFO]: [Language Server (stderr)]:
I1103 11:54:06.483608 154510 server.go:387] Successfully created API server client
I1103 11:54:06.483646 154510 api_server_client.go:115] Successfully dialed proxy
I1103 11:54:06.483844 154510 server.go:393] Successfully created API streaming client
2023-11-03 11:54:06.524 [INFO]: [Language Server (stderr)]:
I1103 11:54:06.523695 154510 server.go:402] Successfully initialized tokenizer
I1103 11:54:06.523758 154510 unleash.go:57] Initializing Unleash with production environment
2023-11-03 11:54:06.743 [INFO]: [Language Server (stderr)]:
I1103 11:54:06.742985 154510 unleash.go:71] Successfully initialized unleash
2023-11-03 11:54:06.772 [INFO]: [Language Server (stderr)]:
I1103 11:54:06.772141 154510 server.go:481] Successfully created completion provider
I1103 11:54:06.772165 154510 server.go:513] Child process attempting to acquire lock file /tmp/8449f144-37e2-4cfa-ab9f-72175784bc6b/codeium/manager/locks/child_lock_1699034046041775468_374012705770285277
I1103 11:54:06.772201 154510 server.go:523] Child process acquired lock file /tmp/8449f144-37e2-4cfa-ab9f-72175784bc6b/codeium/manager/locks/child_lock_1699034046041775468_374012705770285277
2023-11-03 11:54:06.773 [INFO]: [Language Server (stderr)]:
I1103 11:54:06.772562 154510 server.go:186] Language server will attempt to listen on host 127.0.0.1
I1103 11:54:06.772678 154510 server.go:230] Language server listening on random port at 39219
I1103 11:54:06.772686 154510 server.go:232] LSP listening on random port at 40415
2023-11-03 11:54:06.821 [INFO]: [Language Server (stderr)]:
I1103 11:54:06.820506 154510 web_server.go:147] Chat Web Server listening at ws://127.0.0.1:42867
2023-11-03 11:54:06.846 [INFO]: [Language Server (stdout)]:
40415
2023-11-03 11:54:06.853 [INFO]: [Language Server (stderr)]:
I1103 11:54:06.845779 154495 main.go:264] Language server manager found random server port 39219
I1103 11:54:06.845829 154495 main.go:265] Language server manager found random lsp port 40415
I1103 11:54:06.845843 154495 main.go:272] Language server manager attempting to connect to language server at 127.0.0.1:39219
2023-11-03 11:54:06.870 [INFO]: [Language Server (stderr)]:
I1103 11:54:06.869604 154495 main.go:143] Fixing language server port at 39219
I1103 11:54:06.869626 154495 main.go:323] Language server manager successfully connected to new language server at 127.0.0.1:39219
2023-11-03 11:54:06.885 [INFO]: [Language Server (stderr)]:
I1103 11:54:06.885007 154510 lsp.go:191] Analyzing workspace files for /home/owl/Desktop/craigslist/
2023-11-03 11:54:06.935 [INFO]: Found language server running on port 39219
2023-11-03 11:54:07.068 [INFO]: Successfully logged in
2023-11-03 11:58:43.753 [INFO]: Disposing language server process
2023-11-03 11:58:43.753 [INFO]: Deleting manager directory: /tmp/8449f144-37e2-4cfa-ab9f-72175784bc6b/codeium/manager
2023-11-03 11:58:43.755 [INFO]: Successfully disposed language server
2023-11-03 11:58:43.791 [INFO]: [Language Server (stderr)]:
W1103 11:58:43.753427 154495 main.go:110] Language server manager got signal terminated, shutting down
