2023-11-04 13:28:00.009 [INFO]: No proxy settings found
2023-11-04 13:28:00.581 [INFO]: Creating manager directory: /tmp/dea89d49-bd57-4852-808d-e5d2be939fa7/codeium/manager
2023-11-04 13:28:00.953 [INFO]: Using cached LS with valid crc32: /home/owl/.vscode-oss/extensions/codeium.codeium-1.2.97-universal/dist/f3bda5b3eb4dc7c7904cb8e9a3156e9f25f1ebb9/language_server_linux_x64
2023-11-04 13:28:00.964 [INFO]: Language server started
2023-11-04 13:28:01.091 [INFO]: [Language Server (stderr)]:
I1104 13:28:01.090770 42432 main.go:452] Starting language server manager with pid 42432
I1104 13:28:01.090891 42432 main.go:106] Manager acquired its lock file /tmp/dea89d49-bd57-4852-808d-e5d2be939fa7/codeium/manager/locks/manager.lock
2023-11-04 13:28:01.091 [INFO]: [Language Server (stderr)]:
I1104 13:28:01.091381 42432 main.go:228] Waiting for random port file in /tmp/dea89d49-bd57-4852-808d-e5d2be939fa7/codeium/manager/child_random_port_1699126081090970799_2240513178565670820 to be created
2023-11-04 13:28:01.195 [INFO]: [Language Server (stderr)]:
I1104 13:28:01.194234 42446 main.go:446] Starting language server process with pid 42446
2023-11-04 13:28:01.196 [INFO]: [Language Server (stderr)]:
I1104 13:28:01.195090 42446 proxy.go:93] proxyplease.proxy> No proxy provided. Attempting to infer from system.
I1104 13:28:01.195112 42446 proxy.go:93] proxyplease.proxy> No proxy could be determined. Assuming a direct connection.
I1104 13:28:01.195137 42446 client.go:589] [DEBUG] GET https://server.codeium.com/exa.api_server_pb.ApiServerService/GetCompletions
2023-11-04 13:28:01.423 [INFO]: [Language Server (stderr)]:
I1104 13:28:01.422343 42446 api_server_client.go:115] Successfully dialed proxy
2023-11-04 13:28:01.424 [INFO]: [Language Server (stderr)]:
I1104 13:28:01.422605 42446 server.go:387] Successfully created API server client
I1104 13:28:01.422619 42446 api_server_client.go:115] Successfully dialed proxy
I1104 13:28:01.422759 42446 server.go:393] Successfully created API streaming client
2023-11-04 13:28:01.452 [INFO]: [Language Server (stderr)]:
I1104 13:28:01.451317 42446 server.go:402] Successfully initialized tokenizer
I1104 13:28:01.451379 42446 unleash.go:57] Initializing Unleash with production environment
2023-11-04 13:28:01.673 [INFO]: [Language Server (stderr)]:
I1104 13:28:01.672804 42446 unleash.go:71] Successfully initialized unleash
2023-11-04 13:28:01.687 [INFO]: [Language Server (stderr)]:
I1104 13:28:01.687090 42446 server.go:481] Successfully created completion provider
I1104 13:28:01.687119 42446 server.go:513] Child process attempting to acquire lock file /tmp/dea89d49-bd57-4852-808d-e5d2be939fa7/codeium/manager/locks/child_lock_1699126081091012705_1083957131445887430
I1104 13:28:01.687171 42446 server.go:523] Child process acquired lock file /tmp/dea89d49-bd57-4852-808d-e5d2be939fa7/codeium/manager/locks/child_lock_1699126081091012705_1083957131445887430
2023-11-04 13:28:01.688 [INFO]: [Language Server (stderr)]:
I1104 13:28:01.687547 42446 server.go:186] Language server will attempt to listen on host 127.0.0.1
I1104 13:28:01.687677 42446 server.go:230] Language server listening on random port at 45745
I1104 13:28:01.687687 42446 server.go:232] LSP listening on random port at 37581
2023-11-04 13:28:01.691 [INFO]: [Language Server (stderr)]:
I1104 13:28:01.690602 42446 web_server.go:147] Chat Web Server listening at ws://127.0.0.1:38395
2023-11-04 13:28:01.695 [INFO]: [Language Server (stdout)]:
37581
2023-11-04 13:28:01.698 [INFO]: [Language Server (stderr)]:
I1104 13:28:01.694891 42432 main.go:264] Language server manager found random server port 45745
I1104 13:28:01.694917 42432 main.go:265] Language server manager found random lsp port 37581
I1104 13:28:01.694930 42432 main.go:272] Language server manager attempting to connect to language server at 127.0.0.1:45745
2023-11-04 13:28:01.715 [INFO]: [Language Server (stderr)]:
I1104 13:28:01.714948 42432 main.go:143] Fixing language server port at 45745
I1104 13:28:01.714968 42432 main.go:323] Language server manager successfully connected to new language server at 127.0.0.1:45745
2023-11-04 13:28:01.788 [INFO]: Found language server running on port 45745
2023-11-04 13:28:01.831 [INFO]: Successfully logged in
2023-11-04 13:29:01.911 [INFO]: Completion request was cancelled by token (76.63ms)
2023-11-04 13:29:01.984 [INFO]: Skipping completions because autocomplete is open
2023-11-04 13:29:02.207 [INFO]: Skipping completions because autocomplete is open
2023-11-04 13:29:02.363 [INFO]: Skipping completions because autocomplete is open
2023-11-04 13:29:02.450 [INFO]: [Language Server (stderr)]:
E1104 13:29:02.449780 42446 open_document_context_provider.go:78] error getting items for open doc /home/owl/vyda/backup/jitsi/env.example: unable to get language from file: /home/owl/vyda/backup/jitsi/env.example
2023-11-04 13:29:02.486 [INFO]: Skipping completions because autocomplete is open
2023-11-04 13:59:44.244 [INFO]: Disposing language server process
2023-11-04 13:59:44.244 [INFO]: Deleting manager directory: /tmp/dea89d49-bd57-4852-808d-e5d2be939fa7/codeium/manager
2023-11-04 13:59:44.245 [INFO]: Successfully disposed language server
2023-11-04 13:59:44.292 [INFO]: [Language Server (stderr)]:
W1104 13:59:44.244346 42432 main.go:110] Language server manager got signal terminated, shutting down
