2023-11-02 09:47:35.200 [INFO]: No proxy settings found
2023-11-02 09:47:35.846 [INFO]: Creating manager directory: /tmp/ca9e3a73-a81b-475b-a0c0-04bc90baf0e3/codeium/manager
2023-11-02 09:47:36.194 [INFO]: Using cached LS with valid crc32: /home/owl/.vscode-oss/extensions/codeium.codeium-1.2.97-universal/dist/f3bda5b3eb4dc7c7904cb8e9a3156e9f25f1ebb9/language_server_linux_x64
2023-11-02 09:47:36.206 [INFO]: Language server started
2023-11-02 09:47:36.304 [INFO]: [Language Server (stderr)]:
I1102 09:47:36.303308 44381 main.go:452] Starting language server manager with pid 44381
I1102 09:47:36.303744 44381 main.go:106] Manager acquired its lock file /tmp/ca9e3a73-a81b-475b-a0c0-04bc90baf0e3/codeium/manager/locks/manager.lock
2023-11-02 09:47:36.305 [INFO]: [Language Server (stderr)]:
I1102 09:47:36.304673 44381 main.go:228] Waiting for random port file in /tmp/ca9e3a73-a81b-475b-a0c0-04bc90baf0e3/codeium/manager/child_random_port_1698940056304194046_1289453198292798593 to be created
2023-11-02 09:47:36.389 [INFO]: [Language Server (stderr)]:
I1102 09:47:36.389079 44396 main.go:446] Starting language server process with pid 44396
2023-11-02 09:47:36.390 [INFO]: [Language Server (stderr)]:
I1102 09:47:36.389827 44396 proxy.go:93] proxyplease.proxy> No proxy provided. Attempting to infer from system.
I1102 09:47:36.389851 44396 proxy.go:93] proxyplease.proxy> No proxy could be determined. Assuming a direct connection.
2023-11-02 09:47:36.390 [INFO]: [Language Server (stderr)]:
I1102 09:47:36.389874 44396 client.go:589] [DEBUG] GET https://server.codeium.com/exa.api_server_pb.ApiServerService/GetCompletions
2023-11-02 09:47:36.865 [INFO]: [Language Server (stderr)]:
I1102 09:47:36.864342 44396 api_server_client.go:115] Successfully dialed proxy
2023-11-02 09:47:36.865 [INFO]: [Language Server (stderr)]:
I1102 09:47:36.864516 44396 server.go:387] Successfully created API server client
I1102 09:47:36.864527 44396 api_server_client.go:115] Successfully dialed proxy
I1102 09:47:36.864613 44396 server.go:393] Successfully created API streaming client
2023-11-02 09:47:36.892 [INFO]: [Language Server (stderr)]:
I1102 09:47:36.891320 44396 server.go:402] Successfully initialized tokenizer
I1102 09:47:36.891352 44396 unleash.go:57] Initializing Unleash with production environment
2023-11-02 09:47:37.173 [INFO]: [Language Server (stderr)]:
I1102 09:47:37.172117 44396 unleash.go:71] Successfully initialized unleash
2023-11-02 09:47:37.188 [INFO]: [Language Server (stderr)]:
I1102 09:47:37.187858 44396 server.go:481] Successfully created completion provider
I1102 09:47:37.187885 44396 server.go:513] Child process attempting to acquire lock file /tmp/ca9e3a73-a81b-475b-a0c0-04bc90baf0e3/codeium/manager/locks/child_lock_1698940056304261234_6304682555425586573
I1102 09:47:37.187945 44396 server.go:523] Child process acquired lock file /tmp/ca9e3a73-a81b-475b-a0c0-04bc90baf0e3/codeium/manager/locks/child_lock_1698940056304261234_6304682555425586573
2023-11-02 09:47:37.189 [INFO]: [Language Server (stderr)]:
I1102 09:47:37.188755 44396 server.go:186] Language server will attempt to listen on host 127.0.0.1
I1102 09:47:37.188934 44396 server.go:230] Language server listening on random port at 37467
I1102 09:47:37.188946 44396 server.go:232] LSP listening on random port at 33825
2023-11-02 09:47:37.208 [INFO]: [Language Server (stdout)]:
33825
2023-11-02 09:47:37.222 [INFO]: [Language Server (stderr)]:
I1102 09:47:37.208168 44381 main.go:264] Language server manager found random server port 37467
I1102 09:47:37.208195 44381 main.go:265] Language server manager found random lsp port 33825
I1102 09:47:37.208209 44381 main.go:272] Language server manager attempting to connect to language server at 127.0.0.1:37467
I1102 09:47:37.212126 44396 web_server.go:147] Chat Web Server listening at ws://127.0.0.1:33087
I1102 09:47:37.222080 44381 main.go:143] Fixing language server port at 37467
I1102 09:47:37.222101 44381 main.go:323] Language server manager successfully connected to new language server at 127.0.0.1:37467
2023-11-02 09:47:37.223 [INFO]: Found language server running on port 37467
2023-11-02 09:47:37.266 [INFO]: Successfully logged in
2023-11-02 09:47:37.273 [INFO]: [Language Server (stderr)]:
I1102 09:47:37.272603 44396 lsp.go:191] Analyzing workspace files for /home/owl/Desktop/craigslist/
2023-11-02 09:48:32.265 [INFO]: Completion request succeeded (503.26ms)
2023-11-02 09:48:32.266 [INFO]: No completions were generated
2023-11-02 09:48:32.267 [INFO]: provideInlineCompletionItems request succeeded (507.78ms)
2023-11-02 09:48:32.892 [INFO]: Completion request was cancelled by token (37.55ms)
2023-11-02 09:48:33.054 [INFO]: Skipping completions because autocomplete is open
2023-11-02 09:48:33.140 [INFO]: Skipping completions because autocomplete is open
2023-11-02 09:48:33.278 [INFO]: Skipping completions because autocomplete is open
2023-11-02 09:48:33.528 [INFO]: Skipping completions because autocomplete is open
2023-11-02 09:48:33.719 [INFO]: Completion request was cancelled by token (102.34ms)
2023-11-02 09:48:33.878 [INFO]: Skipping completions because autocomplete is open
2023-11-02 09:48:34.041 [INFO]: Skipping completions because autocomplete is open
2023-11-02 09:48:35.593 [INFO]: Completion request was cancelled by token (117.99ms)
2023-11-02 09:48:36.363 [INFO]: Completion request succeeded (695.05ms)
2023-11-02 09:48:36.364 [INFO]: Generated 2 completions
2023-11-02 09:48:36.365 [INFO]: provideInlineCompletionItems request succeeded (698.32ms)
2023-11-02 09:48:37.104 [INFO]: Skipping completions because autocomplete is open
2023-11-02 09:48:37.303 [INFO]: Skipping completions because autocomplete is open
2023-11-02 09:48:37.393 [INFO]: Skipping completions because autocomplete is open
2023-11-02 09:48:37.494 [INFO]: Skipping completions because autocomplete is open
2023-11-02 09:48:37.737 [INFO]: Completion request was cancelled by token (122.25ms)
2023-11-02 09:48:37.877 [INFO]: Skipping completions because autocomplete is open
2023-11-02 09:48:38.045 [INFO]: Skipping completions because autocomplete is open
2023-11-02 09:48:38.403 [INFO]: Completion request was cancelled by token (104.4ms)
2023-11-02 09:48:38.499 [INFO]: Skipping completions because autocomplete is open
2023-11-02 09:48:38.726 [INFO]: Skipping completions because autocomplete is open
2023-11-02 09:48:38.832 [INFO]: Skipping completions because autocomplete is open
2023-11-02 09:48:39.017 [INFO]: Skipping completions because autocomplete is open
2023-11-02 09:48:39.161 [INFO]: Completion request was cancelled by token (56.84ms)
2023-11-02 09:48:39.282 [INFO]: Skipping completions because autocomplete is open
2023-11-02 09:48:39.376 [INFO]: Skipping completions because autocomplete is open
2023-11-02 09:48:39.466 [INFO]: Skipping completions because autocomplete is open
2023-11-02 09:48:39.714 [INFO]: Skipping completions because autocomplete is open
2023-11-02 09:48:46.396 [INFO]: Completion request was cancelled by token (339.65ms)
2023-11-02 09:48:47.062 [INFO]: Completion request was cancelled by token (592.73ms)
2023-11-02 09:48:47.220 [INFO]: Skipping completions because autocomplete is open
2023-11-02 09:48:47.371 [INFO]: Skipping completions because autocomplete is open
2023-11-02 09:48:48.201 [INFO]: Completion request was cancelled by token (167.09ms)
2023-11-02 09:48:48.334 [INFO]: Skipping completions because autocomplete is open
2023-11-02 09:48:48.422 [INFO]: Skipping completions because autocomplete is open
2023-11-02 09:48:48.532 [INFO]: Skipping completions because autocomplete is open
2023-11-02 09:48:48.698 [INFO]: Skipping completions because autocomplete is open
2023-11-02 09:48:48.810 [INFO]: Skipping completions because autocomplete is open
2023-11-02 09:48:49.980 [INFO]: Completion request succeeded (754.09ms)
2023-11-02 09:48:49.981 [INFO]: Generated 3 completions
2023-11-02 09:48:49.990 [INFO]: provideInlineCompletionItems request succeeded (765.39ms)
2023-11-02 09:48:50.483 [INFO]: Completion request succeeded (39.29ms)
2023-11-02 09:48:50.483 [INFO]: No completions were generated
2023-11-02 09:48:50.484 [INFO]: provideInlineCompletionItems request succeeded (41.29ms)
2023-11-02 09:53:06.508 [INFO]: Completion request was cancelled by token (366.94ms)
2023-11-02 09:53:06.897 [INFO]: Completion request succeeded (317.87ms)
2023-11-02 09:53:06.898 [INFO]: Generated 1 completions
2023-11-02 09:53:06.900 [INFO]: provideInlineCompletionItems request succeeded (321.55ms)
2023-11-02 09:53:08.023 [INFO]: Completion request succeeded (381.58ms)
2023-11-02 09:53:08.024 [INFO]: Generated 1 completions
2023-11-02 09:53:08.026 [INFO]: provideInlineCompletionItems request succeeded (384.67ms)
2023-11-02 09:53:12.835 [INFO]: Completion request succeeded (536.42ms)
2023-11-02 09:53:12.835 [INFO]: No completions were generated
2023-11-02 09:53:12.835 [INFO]: provideInlineCompletionItems request succeeded (537.36ms)
2023-11-02 09:53:16.972 [INFO]: Skipping completions because autocomplete is open
2023-11-02 09:53:18.569 [INFO]: Completion request succeeded (503.33ms)
2023-11-02 09:53:18.570 [INFO]: No completions were generated
2023-11-02 09:53:18.570 [INFO]: provideInlineCompletionItems request succeeded (505.19ms)
2023-11-02 09:53:20.382 [INFO]: Completion request was cancelled by token (177.23ms)
2023-11-02 09:53:25.944 [INFO]: Completion request succeeded (870.6ms)
2023-11-02 09:53:25.945 [INFO]: Generated 2 completions
2023-11-02 09:53:25.947 [INFO]: provideInlineCompletionItems request succeeded (874.43ms)
2023-11-02 09:53:26.865 [INFO]: Completion request succeeded (600.23ms)
2023-11-02 09:53:26.866 [INFO]: Generated 1 completions
2023-11-02 09:53:26.867 [INFO]: provideInlineCompletionItems request succeeded (603.42ms)
2023-11-02 09:54:23.597 [INFO]: Completion request succeeded (1313.98ms)
2023-11-02 09:54:23.598 [INFO]: Generated 4 completions
2023-11-02 09:54:23.601 [INFO]: provideInlineCompletionItems request succeeded (1318.8ms)
2023-11-02 09:54:24.310 [INFO]: Completion request succeeded (506.89ms)
2023-11-02 09:54:24.311 [INFO]: Generated 3 completions
2023-11-02 09:54:24.311 [INFO]: provideInlineCompletionItems request succeeded (508.24ms)
2023-11-02 09:54:24.760 [INFO]: Skipping completions because autocomplete is open
2023-11-02 09:54:25.365 [INFO]: Completion request succeeded (43.28ms)
2023-11-02 09:54:25.365 [INFO]: Generated 3 completions
2023-11-02 09:54:25.366 [INFO]: provideInlineCompletionItems request succeeded (45.03ms)
2023-11-02 09:54:25.552 [INFO]: Completion request succeeded (18.19ms)
2023-11-02 09:54:25.552 [INFO]: Generated 3 completions
2023-11-02 09:54:25.553 [INFO]: provideInlineCompletionItems request succeeded (20.65ms)
2023-11-02 09:54:26.038 [INFO]: Skipping completions because autocomplete is open
2023-11-02 09:54:26.171 [INFO]: Skipping completions because autocomplete is open
2023-11-02 09:54:26.334 [INFO]: Skipping completions because autocomplete is open
2023-11-02 09:54:26.504 [INFO]: Skipping completions because autocomplete is open
2023-11-02 09:54:26.824 [INFO]: Skipping completions because autocomplete is open
2023-11-02 09:54:27.691 [INFO]: Completion request succeeded (324.38ms)
2023-11-02 09:54:27.691 [INFO]: Generated 3 completions
2023-11-02 09:54:27.693 [INFO]: provideInlineCompletionItems request succeeded (327.94ms)
2023-11-02 09:54:29.125 [INFO]: Completion request succeeded (17.93ms)
2023-11-02 09:54:29.125 [INFO]: No completions were generated
2023-11-02 09:54:29.126 [INFO]: provideInlineCompletionItems request succeeded (19.62ms)
2023-11-02 09:54:33.732 [INFO]: Completion request succeeded (893.2ms)
2023-11-02 09:54:33.733 [INFO]: Generated 4 completions
2023-11-02 09:54:33.735 [INFO]: provideInlineCompletionItems request succeeded (897.09ms)
2023-11-02 09:54:58.047 [INFO]: Completion request was cancelled by token (321.66ms)
2023-11-02 09:54:58.687 [INFO]: Completion request was cancelled by token (563.78ms)
2023-11-02 09:54:58.809 [INFO]: Skipping completions because autocomplete is open
2023-11-02 09:54:58.939 [INFO]: Skipping completions because autocomplete is open
2023-11-02 09:54:59.063 [INFO]: Skipping completions because autocomplete is open
2023-11-02 09:54:59.184 [INFO]: Skipping completions because autocomplete is open
2023-11-02 09:54:59.917 [INFO]: Completion request was cancelled by token (328.13ms)
2023-11-02 09:55:00.086 [INFO]: Skipping completions because autocomplete is open
2023-11-02 09:55:00.191 [INFO]: Skipping completions because autocomplete is open
2023-11-02 09:55:00.326 [INFO]: Skipping completions because autocomplete is open
2023-11-02 09:55:00.496 [INFO]: Skipping completions because autocomplete is open
2023-11-02 09:55:00.605 [INFO]: Skipping completions because autocomplete is open
2023-11-02 09:55:00.864 [INFO]: Skipping completions because autocomplete is open
2023-11-02 09:55:00.951 [INFO]: Skipping completions because autocomplete is open
2023-11-02 09:55:01.993 [INFO]: Completion request succeeded (646.07ms)
2023-11-02 09:55:01.993 [INFO]: Generated 1 completions
2023-11-02 09:55:01.994 [INFO]: provideInlineCompletionItems request succeeded (648.61ms)
2023-11-02 09:58:54.821 [INFO]: Completion request was cancelled by token (238.22ms)
2023-11-02 09:58:55.257 [INFO]: Completion request succeeded (361.99ms)
2023-11-02 09:58:55.259 [INFO]: Generated 2 completions
2023-11-02 09:58:55.261 [INFO]: provideInlineCompletionItems request succeeded (366.26ms)
2023-11-02 09:59:02.412 [INFO]: Skipping completions because autocomplete is open
2023-11-02 09:59:02.536 [INFO]: Skipping completions because autocomplete is open
2023-11-02 09:59:02.702 [INFO]: Skipping completions because autocomplete is open
2023-11-02 09:59:02.918 [INFO]: Skipping completions because autocomplete is open
2023-11-02 09:59:04.064 [INFO]: Completion request succeeded (500.29ms)
2023-11-02 09:59:04.065 [INFO]: No completions were generated
2023-11-02 09:59:04.065 [INFO]: provideInlineCompletionItems request succeeded (501.91ms)
2023-11-02 10:00:56.642 [INFO]: Skipping completions because autocomplete is open
2023-11-02 10:00:57.271 [INFO]: Skipping completions because autocomplete is open
2023-11-02 10:00:58.239 [INFO]: Completion request succeeded (456.18ms)
2023-11-02 10:00:58.240 [INFO]: No completions were generated
2023-11-02 10:00:58.240 [INFO]: provideInlineCompletionItems request succeeded (458.07ms)
2023-11-02 10:01:04.899 [INFO]: Completion request succeeded (597.45ms)
2023-11-02 10:01:04.899 [INFO]: Generated 2 completions
2023-11-02 10:01:04.900 [INFO]: provideInlineCompletionItems request succeeded (599.84ms)
2023-11-02 10:01:05.614 [INFO]: Completion request succeeded (597.81ms)
2023-11-02 10:01:05.615 [INFO]: Generated 3 completions
2023-11-02 10:01:05.617 [INFO]: provideInlineCompletionItems request succeeded (602.03ms)
2023-11-02 10:01:05.828 [INFO]: Skipping completions because autocomplete is open
2023-11-02 10:01:06.522 [INFO]: Completion request was cancelled by token (121.85ms)
2023-11-02 10:01:07.354 [INFO]: Completion request succeeded (760.25ms)
2023-11-02 10:01:07.355 [INFO]: Generated 1 completions
2023-11-02 10:01:07.355 [INFO]: provideInlineCompletionItems request succeeded (762.06ms)
2023-11-02 10:01:28.645 [INFO]: Completion request was cancelled by token (219ms)
2023-11-02 10:01:29.470 [INFO]: Completion request succeeded (750.17ms)
2023-11-02 10:01:29.471 [INFO]: No completions were generated
2023-11-02 10:01:29.471 [INFO]: provideInlineCompletionItems request succeeded (751.96ms)
2023-11-02 10:04:34.100 [INFO]: Completion request succeeded (769.87ms)
2023-11-02 10:04:34.101 [INFO]: No completions were generated
2023-11-02 10:04:34.101 [INFO]: provideInlineCompletionItems request succeeded (771.47ms)
2023-11-02 10:05:07.274 [INFO]: Completion request succeeded (474.12ms)
2023-11-02 10:05:07.274 [INFO]: No completions were generated
2023-11-02 10:05:07.274 [INFO]: provideInlineCompletionItems request succeeded (475.2ms)
2023-11-02 10:05:15.786 [INFO]: Completion request succeeded (680.67ms)
2023-11-02 10:05:15.786 [INFO]: No completions were generated
2023-11-02 10:05:15.787 [INFO]: provideInlineCompletionItems request succeeded (681.99ms)
2023-11-02 10:05:17.310 [INFO]: Completion request succeeded (507.31ms)
2023-11-02 10:05:17.311 [INFO]: No completions were generated
2023-11-02 10:05:17.311 [INFO]: provideInlineCompletionItems request succeeded (509.06ms)
2023-11-02 10:07:09.163 [INFO]: Completion request was cancelled by token (292.21ms)
2023-11-02 10:07:09.832 [INFO]: Completion request was cancelled by token (597.92ms)
2023-11-02 10:07:10.378 [INFO]: Completion request was cancelled by token (471.51ms)
2023-11-02 10:07:11.287 [INFO]: Completion request succeeded (832.22ms)
2023-11-02 10:07:11.288 [INFO]: Generated 1 completions
2023-11-02 10:07:11.289 [INFO]: provideInlineCompletionItems request succeeded (834.8ms)
2023-11-02 10:07:14.541 [INFO]: Completion request was cancelled by token (481.09ms)
2023-11-02 10:07:15.278 [INFO]: Completion request succeeded (663.64ms)
2023-11-02 10:07:15.278 [INFO]: No completions were generated
2023-11-02 10:07:15.279 [INFO]: provideInlineCompletionItems request succeeded (665.39ms)
2023-11-02 10:07:18.865 [INFO]: Completion request succeeded (643.2ms)
2023-11-02 10:07:18.866 [INFO]: Generated 1 completions
2023-11-02 10:07:18.867 [INFO]: provideInlineCompletionItems request succeeded (646.3ms)
2023-11-02 10:07:21.582 [INFO]: Completion request succeeded (558.41ms)
2023-11-02 10:07:21.583 [INFO]: Generated 1 completions
2023-11-02 10:07:21.585 [INFO]: provideInlineCompletionItems request succeeded (561.81ms)
2023-11-02 10:07:30.539 [INFO]: Completion request succeeded (284.61ms)
2023-11-02 10:07:30.540 [INFO]: No completions were generated
2023-11-02 10:07:30.540 [INFO]: provideInlineCompletionItems request succeeded (285.62ms)
2023-11-02 10:08:22.806 [INFO]: Completion request was cancelled by token (265.06ms)
2023-11-02 10:08:23.694 [INFO]: Completion request succeeded (813.51ms)
2023-11-02 10:08:23.694 [INFO]: Generated 4 completions
2023-11-02 10:08:23.694 [INFO]: provideInlineCompletionItems request succeeded (814.73ms)
2023-11-02 10:12:12.706 [INFO]: Completion request was cancelled by token (429.79ms)
2023-11-02 10:12:13.326 [INFO]: Completion request was cancelled by token (547.26ms)
2023-11-02 10:12:13.441 [INFO]: Skipping completions because autocomplete is open
2023-11-02 10:12:13.550 [INFO]: Skipping completions because autocomplete is open
2023-11-02 10:12:13.662 [INFO]: Skipping completions because autocomplete is open
2023-11-02 10:12:13.800 [INFO]: Skipping completions because autocomplete is open
2023-11-02 10:12:14.005 [INFO]: Completion request was cancelled by token (25.54ms)
2023-11-02 10:12:14.363 [INFO]: Completion request was cancelled by token (284.4ms)
2023-11-02 10:12:14.606 [INFO]: Completion request was cancelled by token (168.1ms)
2023-11-02 10:12:14.802 [INFO]: Completion request was cancelled by token (56.87ms)
2023-11-02 10:12:15.029 [INFO]: Completion request was cancelled by token (153.34ms)
2023-11-02 10:12:15.393 [INFO]: Completion request was cancelled by token (289.84ms)
2023-11-02 10:12:15.602 [INFO]: Completion request was cancelled by token (136.64ms)
2023-11-02 10:12:15.754 [INFO]: Completion request was cancelled by token (78.53ms)
2023-11-02 10:12:16.023 [INFO]: Completion request was cancelled by token (193.89ms)
2023-11-02 10:12:16.742 [INFO]: Completion request was cancelled by token (645.46ms)
2023-11-02 10:12:17.006 [INFO]: Completion request was cancelled by token (188.54ms)
2023-11-02 10:12:17.098 [INFO]: Completion request was cancelled by token (19.83ms)
2023-11-02 10:12:17.307 [INFO]: Completion request was cancelled by token (133.35ms)
2023-11-02 10:12:18.054 [INFO]: Completion request succeeded (671.35ms)
2023-11-02 10:12:18.054 [INFO]: Generated 2 completions
2023-11-02 10:12:18.055 [INFO]: provideInlineCompletionItems request succeeded (673.04ms)
2023-11-02 10:12:19.960 [INFO]: Completion request succeeded (528.88ms)
2023-11-02 10:12:19.960 [INFO]: No completions were generated
2023-11-02 10:12:19.961 [INFO]: provideInlineCompletionItems request succeeded (530.29ms)
2023-11-02 10:12:22.546 [INFO]: Completion request was cancelled by token (255.64ms)
2023-11-02 10:12:23.140 [INFO]: Completion request was cancelled by token (356.47ms)
2023-11-02 10:12:23.853 [INFO]: Completion request succeeded (639.09ms)
2023-11-02 10:12:23.853 [INFO]: Generated 1 completions
2023-11-02 10:12:23.854 [INFO]: provideInlineCompletionItems request succeeded (640.75ms)
2023-11-02 10:12:25.126 [INFO]: Completion request was cancelled by token (67.4ms)
2023-11-02 10:12:25.226 [INFO]: Skipping completions because autocomplete is open
2023-11-02 10:12:25.343 [INFO]: Skipping completions because autocomplete is open
2023-11-02 10:12:25.505 [INFO]: Skipping completions because autocomplete is open
2023-11-02 10:12:27.642 [INFO]: Completion request succeeded (486.67ms)
2023-11-02 10:12:27.643 [INFO]: Generated 1 completions
2023-11-02 10:12:27.644 [INFO]: provideInlineCompletionItems request succeeded (489.51ms)
2023-11-02 10:12:28.076 [INFO]: Skipping completions because autocomplete is open
2023-11-02 10:12:28.228 [INFO]: Skipping completions because autocomplete is open
2023-11-02 10:12:28.480 [INFO]: Skipping completions because autocomplete is open
2023-11-02 10:12:29.384 [INFO]: Completion request succeeded (579.91ms)
2023-11-02 10:12:29.386 [INFO]: Generated 6 completions
2023-11-02 10:12:29.390 [INFO]: provideInlineCompletionItems request succeeded (587ms)
2023-11-02 10:12:29.634 [INFO]: Skipping completions because autocomplete is open
2023-11-02 10:12:29.733 [INFO]: Skipping completions because autocomplete is open
2023-11-02 10:12:29.968 [INFO]: Skipping completions because autocomplete is open
2023-11-02 10:12:30.087 [INFO]: Skipping completions because autocomplete is open
2023-11-02 10:12:31.432 [INFO]: Completion request succeeded (363.63ms)
2023-11-02 10:12:31.433 [INFO]: Generated 1 completions
2023-11-02 10:12:31.433 [INFO]: provideInlineCompletionItems request succeeded (365.6ms)
2023-11-02 10:12:33.317 [INFO]: Skipping completions because autocomplete is open
2023-11-02 10:12:33.471 [INFO]: Skipping completions because autocomplete is open
2023-11-02 10:12:33.750 [INFO]: Skipping completions because autocomplete is open
2023-11-02 10:12:34.313 [INFO]: Skipping completions because autocomplete is open
2023-11-02 10:12:34.458 [INFO]: Skipping completions because autocomplete is open
2023-11-02 10:12:34.807 [INFO]: Skipping completions because autocomplete is open
2023-11-02 10:12:34.906 [INFO]: Skipping completions because autocomplete is open
2023-11-02 10:12:35.521 [INFO]: Completion request succeeded (48.95ms)
2023-11-02 10:12:35.521 [INFO]: No completions were generated
2023-11-02 10:12:35.521 [INFO]: provideInlineCompletionItems request succeeded (50.52ms)
2023-11-02 10:12:39.986 [INFO]: Completion request was cancelled by token (480.44ms)
2023-11-02 10:12:40.088 [INFO]: Skipping completions because autocomplete is open
2023-11-02 10:12:40.196 [INFO]: Skipping completions because autocomplete is open
2023-11-02 10:12:40.347 [INFO]: Skipping completions because autocomplete is open
2023-11-02 10:12:40.495 [INFO]: Skipping completions because autocomplete is open
2023-11-02 10:12:40.595 [INFO]: Skipping completions because autocomplete is open
2023-11-02 10:12:40.879 [INFO]: Completion request was cancelled by token (11.69ms)
2023-11-02 10:12:41.572 [INFO]: Completion request succeeded (617.71ms)
2023-11-02 10:12:41.572 [INFO]: No completions were generated
2023-11-02 10:12:41.573 [INFO]: provideInlineCompletionItems request succeeded (619.3ms)
2023-11-02 10:13:18.414 [INFO]: Completion request was cancelled by token (438.56ms)
2023-11-02 10:13:18.524 [INFO]: Skipping completions because autocomplete is open
2023-11-02 10:13:18.756 [INFO]: Skipping completions because autocomplete is open
2023-11-02 10:13:18.970 [INFO]: Skipping completions because autocomplete is open
2023-11-02 10:13:19.139 [INFO]: Skipping completions because autocomplete is open
2023-11-02 10:13:20.283 [INFO]: Completion request succeeded (761.08ms)
2023-11-02 10:13:20.284 [INFO]: Generated 5 completions
2023-11-02 10:13:20.288 [INFO]: provideInlineCompletionItems request succeeded (767.64ms)
2023-11-02 10:13:20.511 [INFO]: Skipping completions because autocomplete is open
2023-11-02 10:13:21.258 [INFO]: Completion request succeeded (21.65ms)
2023-11-02 10:13:21.258 [INFO]: Generated 5 completions
2023-11-02 10:13:21.261 [INFO]: provideInlineCompletionItems request succeeded (25.87ms)
2023-11-02 10:13:22.739 [INFO]: Completion request succeeded (512.2ms)
2023-11-02 10:13:22.740 [INFO]: Generated 1 completions
2023-11-02 10:13:22.742 [INFO]: provideInlineCompletionItems request succeeded (515.21ms)
2023-11-02 10:13:23.671 [INFO]: Skipping completions because autocomplete is open
2023-11-02 10:13:23.776 [INFO]: Skipping completions because autocomplete is open
2023-11-02 10:13:23.894 [INFO]: Skipping completions because autocomplete is open
2023-11-02 10:13:24.714 [INFO]: Completion request was cancelled by token (525.12ms)
2023-11-02 10:13:24.887 [INFO]: Skipping completions because autocomplete is open
2023-11-02 10:13:24.999 [INFO]: Skipping completions because autocomplete is open
2023-11-02 10:13:25.187 [INFO]: Skipping completions because autocomplete is open
2023-11-02 10:13:25.353 [INFO]: Skipping completions because autocomplete is open
2023-11-02 10:13:26.629 [INFO]: Completion request succeeded (741.27ms)
2023-11-02 10:13:26.629 [INFO]: No completions were generated
2023-11-02 10:13:26.629 [INFO]: provideInlineCompletionItems request succeeded (742.24ms)
2023-11-02 10:15:00.339 [INFO]: Completion request was cancelled by token (20.22ms)
2023-11-02 10:15:00.414 [INFO]: Skipping completions because autocomplete is open
2023-11-02 10:15:01.449 [INFO]: Skipping completions because autocomplete is open
2023-11-02 10:15:01.705 [INFO]: Skipping completions because autocomplete is open
2023-11-02 10:15:02.055 [INFO]: Skipping completions because autocomplete is open
2023-11-02 10:15:02.159 [INFO]: Skipping completions because autocomplete is open
2023-11-02 10:15:02.314 [INFO]: Skipping completions because autocomplete is open
2023-11-02 10:17:35.075 [INFO]: Completion request succeeded (612.74ms)
2023-11-02 10:17:35.077 [INFO]: Generated 5 completions
2023-11-02 10:17:35.080 [INFO]: provideInlineCompletionItems request succeeded (618.51ms)
2023-11-02 10:17:36.852 [INFO]: Completion request succeeded (429.32ms)
2023-11-02 10:17:36.853 [INFO]: No completions were generated
2023-11-02 10:17:36.853 [INFO]: provideInlineCompletionItems request succeeded (431.7ms)
2023-11-02 10:17:38.608 [INFO]: Completion request was cancelled by token (325.41ms)
2023-11-02 10:17:39.374 [INFO]: Completion request succeeded (692.96ms)
2023-11-02 10:17:39.374 [INFO]: No completions were generated
2023-11-02 10:17:39.375 [INFO]: provideInlineCompletionItems request succeeded (694.36ms)
2023-11-02 10:17:52.623 [INFO]: Completion request succeeded (379.75ms)
2023-11-02 10:17:52.624 [INFO]: Generated 4 completions
2023-11-02 10:17:52.630 [INFO]: provideInlineCompletionItems request succeeded (386.87ms)
2023-11-02 10:17:53.154 [INFO]: Skipping completions because autocomplete is open
2023-11-02 10:17:53.378 [INFO]: Skipping completions because autocomplete is open
2023-11-02 10:17:53.516 [INFO]: Completion request succeeded (21.58ms)
2023-11-02 10:17:53.518 [INFO]: Generated 4 completions
2023-11-02 10:17:53.520 [INFO]: provideInlineCompletionItems request succeeded (25.64ms)
2023-11-02 10:17:54.248 [INFO]: Completion request succeeded (460.46ms)
2023-11-02 10:17:54.248 [INFO]: No completions were generated
2023-11-02 10:17:54.249 [INFO]: provideInlineCompletionItems request succeeded (461.92ms)
2023-11-02 10:18:09.995 [INFO]: Completion request succeeded (459.49ms)
2023-11-02 10:18:09.996 [INFO]: Generated 2 completions
2023-11-02 10:18:09.998 [INFO]: provideInlineCompletionItems request succeeded (462.89ms)
2023-11-02 10:18:10.814 [INFO]: Completion request succeeded (491.94ms)
2023-11-02 10:18:10.814 [INFO]: No completions were generated
2023-11-02 10:18:10.815 [INFO]: provideInlineCompletionItems request succeeded (493.27ms)
2023-11-02 10:18:12.760 [INFO]: Completion request succeeded (651.49ms)
2023-11-02 10:18:12.760 [INFO]: Generated 2 completions
2023-11-02 10:18:12.762 [INFO]: provideInlineCompletionItems request succeeded (654.64ms)
2023-11-02 10:18:14.449 [INFO]: Completion request was cancelled by token (458.03ms)
2023-11-02 10:18:16.254 [INFO]: Completion request was cancelled by token (184.96ms)
2023-11-02 10:18:16.791 [INFO]: Completion request was cancelled by token (462.9ms)
2023-11-02 10:18:17.573 [INFO]: Completion request succeeded (706.48ms)
2023-11-02 10:18:17.573 [INFO]: Generated 2 completions
2023-11-02 10:18:17.574 [INFO]: provideInlineCompletionItems request succeeded (707.69ms)
2023-11-02 10:18:18.186 [INFO]: Completion request succeeded (537.1ms)
2023-11-02 10:18:18.186 [INFO]: No completions were generated
2023-11-02 10:18:18.186 [INFO]: provideInlineCompletionItems request succeeded (537.94ms)
2023-11-02 10:21:14.683 [INFO]: Completion request was cancelled by token (33.71ms)
2023-11-02 10:21:14.901 [INFO]: Completion request was cancelled by token (143.38ms)
2023-11-02 10:21:15.656 [INFO]: Completion request succeeded (677.92ms)
2023-11-02 10:21:15.656 [INFO]: No completions were generated
2023-11-02 10:21:15.656 [INFO]: provideInlineCompletionItems request succeeded (679.07ms)
2023-11-02 10:22:20.560 [INFO]: Completion request was cancelled by token (162.68ms)
2023-11-02 10:22:20.858 [INFO]: Completion request was cancelled by token (227.96ms)
2023-11-02 10:22:21.194 [INFO]: Completion request was cancelled by token (263.71ms)
2023-11-02 10:22:26.515 [INFO]: Completion request was cancelled by token (148.06ms)
2023-11-02 10:22:26.794 [INFO]: Completion request was cancelled by token (206ms)
2023-11-02 10:22:27.545 [INFO]: Completion request succeeded (675.57ms)
2023-11-02 10:22:27.546 [INFO]: No completions were generated
2023-11-02 10:22:27.547 [INFO]: provideInlineCompletionItems request succeeded (677.52ms)
2023-11-02 10:22:29.808 [INFO]: Completion request was cancelled by token (38.42ms)
2023-11-02 10:22:29.997 [INFO]: Completion request was cancelled by token (115.86ms)
2023-11-02 10:22:30.616 [INFO]: Completion request succeeded (541.98ms)
2023-11-02 10:22:30.616 [INFO]: No completions were generated
2023-11-02 10:22:30.617 [INFO]: provideInlineCompletionItems request succeeded (543.21ms)
2023-11-02 10:24:25.936 [INFO]: Completion request was cancelled by token (312.1ms)
2023-11-02 10:24:26.124 [INFO]: Completion request was cancelled by token (114.44ms)
2023-11-02 10:24:26.462 [INFO]: Completion request was cancelled by token (262.17ms)
2023-11-02 10:24:28.895 [INFO]: Completion request was cancelled by token (277.75ms)
2023-11-02 10:24:29.087 [INFO]: Completion request was cancelled by token (119.46ms)
2023-11-02 10:24:29.919 [INFO]: Completion request succeeded (756.4ms)
2023-11-02 10:24:29.920 [INFO]: No completions were generated
2023-11-02 10:24:29.921 [INFO]: provideInlineCompletionItems request succeeded (758.09ms)
2023-11-02 10:28:51.217 [INFO]: Completion request was cancelled by token (341.37ms)
2023-11-02 10:28:51.556 [INFO]: Completion request was cancelled by token (266.33ms)
2023-11-02 10:29:32.572 [INFO]: Completion request was cancelled by token (211.8ms)
2023-11-02 10:29:33.194 [INFO]: Completion request was cancelled by token (548.4ms)
2023-11-02 10:29:33.958 [INFO]: Completion request succeeded (690ms)
2023-11-02 10:29:33.959 [INFO]: Generated 1 completions
2023-11-02 10:29:33.961 [INFO]: provideInlineCompletionItems request succeeded (693.44ms)
2023-11-02 10:30:26.286 [INFO]: Completion request succeeded (509.81ms)
2023-11-02 10:30:26.287 [INFO]: No completions were generated
2023-11-02 10:30:26.288 [INFO]: provideInlineCompletionItems request succeeded (511.84ms)
2023-11-02 10:32:09.919 [INFO]: Completion request succeeded (509.88ms)
2023-11-02 10:32:09.920 [INFO]: No completions were generated
2023-11-02 10:32:09.920 [INFO]: provideInlineCompletionItems request succeeded (511.79ms)
2023-11-02 10:32:12.176 [INFO]: Completion request succeeded (341.19ms)
2023-11-02 10:32:12.176 [INFO]: No completions were generated
2023-11-02 10:32:12.177 [INFO]: provideInlineCompletionItems request succeeded (342.77ms)
2023-11-02 10:32:12.888 [INFO]: Completion request succeeded (491.27ms)
2023-11-02 10:32:12.888 [INFO]: No completions were generated
2023-11-02 10:32:12.889 [INFO]: provideInlineCompletionItems request succeeded (492.86ms)
2023-11-02 10:32:14.367 [INFO]: Completion request was cancelled by token (374.59ms)
2023-11-02 10:32:14.924 [INFO]: Completion request succeeded (483.33ms)
2023-11-02 10:32:14.924 [INFO]: No completions were generated
2023-11-02 10:32:14.925 [INFO]: provideInlineCompletionItems request succeeded (485.04ms)
2023-11-02 10:32:15.928 [INFO]: Skipping completions because autocomplete is open
2023-11-02 10:32:16.010 [INFO]: Skipping completions because autocomplete is open
2023-11-02 10:32:16.339 [INFO]: Completion request was cancelled by token (108.5ms)
2023-11-02 10:32:16.446 [INFO]: Completion request was cancelled by token (33.14ms)
2023-11-02 10:32:16.549 [INFO]: Completion request was cancelled by token (29.96ms)
2023-11-02 10:32:16.697 [INFO]: Completion request was cancelled by token (75.26ms)
2023-11-02 10:32:17.502 [INFO]: Completion request was cancelled by token (731.09ms)
2023-11-02 10:32:17.855 [INFO]: Completion request was cancelled by token (279.46ms)
2023-11-02 10:32:17.966 [INFO]: Completion request was cancelled by token (37.77ms)
2023-11-02 10:32:18.181 [INFO]: Completion request was cancelled by token (141.09ms)
2023-11-02 10:32:18.415 [INFO]: Completion request was cancelled by token (159.74ms)
2023-11-02 10:32:18.498 [INFO]: Completion request was cancelled by token (7.96ms)
2023-11-02 10:32:18.619 [INFO]: Completion request was cancelled by token (47.53ms)
2023-11-02 10:32:19.703 [INFO]: Completion request succeeded (1010.38ms)
2023-11-02 10:32:19.704 [INFO]: Generated 4 completions
2023-11-02 10:32:19.706 [INFO]: provideInlineCompletionItems request succeeded (1013.33ms)
2023-11-02 10:32:20.095 [INFO]: Completion request was cancelled by token (129.22ms)
2023-11-02 10:32:20.274 [INFO]: Completion request was cancelled by token (104.82ms)
2023-11-02 10:32:20.459 [INFO]: Completion request was cancelled by token (112.96ms)
2023-11-02 10:32:20.641 [INFO]: Completion request was cancelled by token (108.28ms)
2023-11-02 10:32:20.821 [INFO]: Completion request was cancelled by token (107.55ms)
2023-11-02 10:32:20.985 [INFO]: Completion request was cancelled by token (90.79ms)
2023-11-02 10:32:21.566 [INFO]: Completion request was cancelled by token (507.63ms)
2023-11-02 10:32:22.379 [INFO]: Completion request succeeded (738.11ms)
2023-11-02 10:32:22.380 [INFO]: Generated 3 completions
2023-11-02 10:32:22.381 [INFO]: provideInlineCompletionItems request succeeded (741.05ms)
2023-11-02 10:32:24.562 [INFO]: Completion request succeeded (492.09ms)
2023-11-02 10:32:24.563 [INFO]: No completions were generated
2023-11-02 10:32:24.563 [INFO]: provideInlineCompletionItems request succeeded (493.65ms)
2023-11-02 10:32:42.691 [INFO]: Completion request was cancelled by token (20.52ms)
2023-11-02 10:32:42.869 [INFO]: Completion request was cancelled by token (105.62ms)
2023-11-02 10:32:42.995 [INFO]: Completion request was cancelled by token (50.65ms)
2023-11-02 10:32:43.502 [INFO]: Completion request was cancelled by token (434.98ms)
2023-11-02 10:32:44.635 [INFO]: Completion request was cancelled by token (57.77ms)
2023-11-02 10:32:45.554 [INFO]: Completion request succeeded (846.35ms)
2023-11-02 10:32:45.555 [INFO]: Generated 1 completions
2023-11-02 10:32:45.555 [INFO]: provideInlineCompletionItems request succeeded (847.59ms)
2023-11-02 10:33:18.016 [INFO]: Completion request succeeded (528.63ms)
2023-11-02 10:33:18.017 [INFO]: Generated 1 completions
2023-11-02 10:33:18.018 [INFO]: provideInlineCompletionItems request succeeded (531.31ms)
2023-11-02 10:33:18.246 [INFO]: Skipping completions because autocomplete is open
2023-11-02 10:33:18.331 [INFO]: Skipping completions because autocomplete is open
2023-11-02 10:33:18.633 [INFO]: Skipping completions because autocomplete is open
2023-11-02 10:33:19.189 [INFO]: Completion request succeeded (48.91ms)
2023-11-02 10:33:19.190 [INFO]: Generated 1 completions
2023-11-02 10:33:19.191 [INFO]: provideInlineCompletionItems request succeeded (51.66ms)
2023-11-02 10:33:20.371 [INFO]: Completion request succeeded (539.92ms)
2023-11-02 10:33:20.372 [INFO]: No completions were generated
2023-11-02 10:33:20.373 [INFO]: provideInlineCompletionItems request succeeded (541.99ms)
2023-11-02 10:33:54.489 [INFO]: Skipping completions because autocomplete is open
2023-11-02 10:33:54.755 [INFO]: Skipping completions because autocomplete is open
2023-11-02 10:33:54.864 [INFO]: Skipping completions because autocomplete is open
2023-11-02 10:33:55.293 [INFO]: Completion request succeeded (310.03ms)
2023-11-02 10:33:55.293 [INFO]: Generated 1 completions
2023-11-02 10:33:55.294 [INFO]: provideInlineCompletionItems request succeeded (312.5ms)
2023-11-02 10:33:55.933 [INFO]: Completion request was cancelled by token (165.59ms)
2023-11-02 10:33:56.117 [INFO]: Skipping completions because autocomplete is open
2023-11-02 10:34:16.693 [INFO]: Completion request was cancelled by token (237.26ms)
2023-11-02 10:34:16.988 [INFO]: Completion request was cancelled by token (222.61ms)
2023-11-02 10:34:17.819 [INFO]: Completion request succeeded (694.22ms)
2023-11-02 10:34:17.819 [INFO]: No completions were generated
2023-11-02 10:34:17.820 [INFO]: provideInlineCompletionItems request succeeded (695.02ms)
2023-11-02 10:34:22.941 [INFO]: Completion request succeeded (394.7ms)
2023-11-02 10:34:22.942 [INFO]: Generated 1 completions
2023-11-02 10:34:22.943 [INFO]: provideInlineCompletionItems request succeeded (397.01ms)
2023-11-02 10:34:24.068 [INFO]: Completion request succeeded (373.32ms)
2023-11-02 10:34:24.068 [INFO]: No completions were generated
2023-11-02 10:34:24.069 [INFO]: provideInlineCompletionItems request succeeded (374.82ms)
2023-11-02 10:34:58.275 [INFO]: Completion request succeeded (332.21ms)
2023-11-02 10:34:58.275 [INFO]: No completions were generated
2023-11-02 10:34:58.275 [INFO]: provideInlineCompletionItems request succeeded (333.8ms)
2023-11-02 10:36:08.432 [INFO]: Completion request was cancelled by token (121.01ms)
2023-11-02 10:36:08.691 [INFO]: Completion request was cancelled by token (186.64ms)
2023-11-02 10:36:08.860 [INFO]: Completion request was cancelled by token (94.11ms)
2023-11-02 10:36:09.401 [INFO]: Completion request was cancelled by token (468.06ms)
2023-11-02 10:36:09.779 [INFO]: Completion request was cancelled by token (305.62ms)
2023-11-02 10:36:09.883 [INFO]: Skipping completions because autocomplete is open
2023-11-02 10:36:10.066 [INFO]: Skipping completions because autocomplete is open
2023-11-02 10:36:10.183 [INFO]: Skipping completions because autocomplete is open
2023-11-02 10:36:10.382 [INFO]: Skipping completions because autocomplete is open
2023-11-02 10:36:11.277 [INFO]: Completion request was cancelled by token (621.92ms)
2023-11-02 10:36:11.907 [INFO]: Completion request succeeded (557.47ms)
2023-11-02 10:36:11.908 [INFO]: Generated 2 completions
2023-11-02 10:36:11.909 [INFO]: provideInlineCompletionItems request succeeded (560.31ms)
2023-11-02 10:36:13.063 [INFO]: Completion request succeeded (438.27ms)
2023-11-02 10:36:13.064 [INFO]: No completions were generated
2023-11-02 10:36:13.064 [INFO]: provideInlineCompletionItems request succeeded (439.72ms)
2023-11-02 10:36:13.492 [INFO]: Completion request succeeded (307.11ms)
2023-11-02 10:36:13.492 [INFO]: No completions were generated
2023-11-02 10:36:13.492 [INFO]: provideInlineCompletionItems request succeeded (308.02ms)
2023-11-02 10:36:19.066 [INFO]: Completion request succeeded (342.93ms)
2023-11-02 10:36:19.066 [INFO]: No completions were generated
2023-11-02 10:36:19.066 [INFO]: provideInlineCompletionItems request succeeded (344.25ms)
2023-11-02 10:36:19.540 [INFO]: Skipping completions because autocomplete is open
2023-11-02 10:36:19.665 [INFO]: Skipping completions because autocomplete is open
2023-11-02 10:36:19.794 [INFO]: Skipping completions because autocomplete is open
2023-11-02 10:36:19.905 [INFO]: Skipping completions because autocomplete is open
2023-11-02 10:36:20.490 [INFO]: Skipping completions because autocomplete is open
2023-11-02 10:36:21.319 [INFO]: Completion request succeeded (362.3ms)
2023-11-02 10:36:21.319 [INFO]: No completions were generated
2023-11-02 10:36:21.320 [INFO]: provideInlineCompletionItems request succeeded (363.6ms)
2023-11-02 10:41:55.394 [INFO]: Disposing language server process
2023-11-02 10:41:55.395 [INFO]: Deleting manager directory: /tmp/ca9e3a73-a81b-475b-a0c0-04bc90baf0e3/codeium/manager
2023-11-02 10:41:55.397 [INFO]: Successfully disposed language server
2023-11-02 10:41:55.445 [INFO]: [Language Server (stderr)]:
W1102 10:41:55.395041 44381 main.go:110] Language server manager got signal terminated, shutting down
