2023-09-02 14:47:54.644 [info] Log level: Info
2023-09-02 14:47:54.644 [info] Validating found git in: "git"
2023-09-02 14:47:54.644 [info] Using git "2.42.0" from "git"
2023-09-02 14:47:54.644 [info] > git rev-parse --show-toplevel [4ms]
2023-09-02 14:47:54.644 [info] > git rev-parse --git-dir --git-common-dir [4ms]
2023-09-02 14:47:54.644 [info] Open repository: /home/owl/config-files
2023-09-02 14:47:54.659 [info] > git config --get commit.template [8ms]
2023-09-02 14:47:54.661 [info] > git rev-parse --show-toplevel [3ms]
2023-09-02 14:47:54.661 [info] fatal: not a git repository (or any of the parent directories): .git
2023-09-02 14:47:54.675 [info] > git for-each-ref --format=%(refname)%00%(upstream:short)%00%(objectname)%00%(upstream:track)%00%(upstream:remotename)%00%(upstream:remoteref) refs/heads/master refs/remotes/master [8ms]
2023-09-02 14:47:54.692 [info] > git rev-parse --show-toplevel [17ms]
2023-09-02 14:47:54.697 [info] > git status -z -uall [14ms]
2023-09-02 14:47:54.712 [info] > git config --get commit.template [1ms]
2023-09-02 14:47:54.723 [info] > git for-each-ref --format=%(refname)%00%(upstream:short)%00%(objectname)%00%(upstream:track)%00%(upstream:remotename)%00%(upstream:remoteref) refs/heads/master refs/remotes/master [2ms]
2023-09-02 14:47:54.744 [info] > git status -z -uall [16ms]
2023-09-02 14:47:55.174 [info] > git check-ignore -v -z --stdin [3ms]
2023-09-02 14:47:58.917 [info] > git show --textconv :restore [12ms]
2023-09-02 14:47:58.920 [info] > git ls-files --stage -- /home/owl/config-files/restore [3ms]
2023-09-02 14:47:58.931 [info] > git cat-file -s 00daae1e24060d8db108ec4c4e2d5cf63384117f [1ms]
2023-09-02 14:47:59.444 [info] > git rev-parse --show-toplevel [1ms]
2023-09-02 14:47:59.444 [info] fatal: not a git repository (or any of the parent directories): .git
2023-09-02 14:48:06.686 [info] > git show --textconv :post [6ms]
2023-09-02 14:48:06.686 [info] > git ls-files --stage -- /home/owl/config-files/post [1ms]
2023-09-02 14:48:06.692 [info] > git cat-file -s 1441451ffcd2facfc7c2fc0263c988cdbc8d0ddd [1ms]
2023-09-02 14:48:16.658 [info] > git config --get commit.template [1ms]
2023-09-02 14:48:16.664 [info] > git for-each-ref --format=%(refname)%00%(upstream:short)%00%(objectname)%00%(upstream:track)%00%(upstream:remotename)%00%(upstream:remoteref) refs/heads/master refs/remotes/master [1ms]
2023-09-02 14:48:16.680 [info] > git status -z -uall [12ms]
2023-09-02 15:03:18.002 [info] > git config --get commit.template [2ms]
2023-09-02 15:03:18.014 [info] > git for-each-ref --format=%(refname)%00%(upstream:short)%00%(objectname)%00%(upstream:track)%00%(upstream:remotename)%00%(upstream:remoteref) refs/heads/master refs/remotes/master [1ms]
2023-09-02 15:03:18.033 [info] > git status -z -uall [11ms]
2023-09-02 15:05:32.038 [info] > git config --get commit.template [2ms]
2023-09-02 15:05:32.046 [info] > git for-each-ref --format=%(refname)%00%(upstream:short)%00%(objectname)%00%(upstream:track)%00%(upstream:remotename)%00%(upstream:remoteref) refs/heads/master refs/remotes/master [1ms]
2023-09-02 15:05:32.061 [info] > git status -z -uall [10ms]
