2023-11-05 01:13:19.583 [INFO]: No proxy settings found
2023-11-05 01:13:20.247 [INFO]: Creating manager directory: /tmp/48acf887-1166-452b-80ee-9569e0b7029e/codeium/manager
2023-11-05 01:13:20.487 [INFO]: Using cached LS with valid crc32: /home/owl/.vscode-oss/extensions/codeium.codeium-1.2.97-universal/dist/f3bda5b3eb4dc7c7904cb8e9a3156e9f25f1ebb9/language_server_linux_x64
2023-11-05 01:13:20.498 [INFO]: Language server started
2023-11-05 01:13:20.605 [INFO]: [Language Server (stderr)]:
I1105 01:13:20.604332 63403 main.go:452] Starting language server manager with pid 63403
I1105 01:13:20.604501 63403 main.go:106] Manager acquired its lock file /tmp/48acf887-1166-452b-80ee-9569e0b7029e/codeium/manager/locks/manager.lock
2023-11-05 01:13:20.606 [INFO]: [Language Server (stderr)]:
I1105 01:13:20.604906 63403 main.go:228] Waiting for random port file in /tmp/48acf887-1166-452b-80ee-9569e0b7029e/codeium/manager/child_random_port_1699168400604581331_3371997491734221630 to be created
2023-11-05 01:13:20.703 [INFO]: [Language Server (stderr)]:
I1105 01:13:20.702651 63419 main.go:446] Starting language server process with pid 63419
2023-11-05 01:13:20.703 [INFO]: [Language Server (stderr)]:
I1105 01:13:20.703354 63419 proxy.go:93] proxyplease.proxy> No proxy provided. Attempting to infer from system.
I1105 01:13:20.703379 63419 proxy.go:93] proxyplease.proxy> No proxy could be determined. Assuming a direct connection.
2023-11-05 01:13:20.704 [INFO]: [Language Server (stderr)]:
I1105 01:13:20.703409 63419 client.go:589] [DEBUG] GET https://server.codeium.com/exa.api_server_pb.ApiServerService/GetCompletions
2023-11-05 01:13:21.017 [INFO]: [Language Server (stderr)]:
I1105 01:13:21.016941 63419 api_server_client.go:115] Successfully dialed proxy
2023-11-05 01:13:21.018 [INFO]: [Language Server (stderr)]:
I1105 01:13:21.017135 63419 server.go:387] Successfully created API server client
I1105 01:13:21.017148 63419 api_server_client.go:115] Successfully dialed proxy
I1105 01:13:21.017256 63419 server.go:393] Successfully created API streaming client
2023-11-05 01:13:21.049 [INFO]: [Language Server (stderr)]:
I1105 01:13:21.048760 63419 server.go:402] Successfully initialized tokenizer
I1105 01:13:21.048805 63419 unleash.go:57] Initializing Unleash with production environment
2023-11-05 01:13:21.368 [INFO]: [Language Server (stderr)]:
I1105 01:13:21.367972 63419 unleash.go:71] Successfully initialized unleash
2023-11-05 01:13:21.389 [INFO]: [Language Server (stderr)]:
I1105 01:13:21.388645 63419 server.go:481] Successfully created completion provider
I1105 01:13:21.388673 63419 server.go:513] Child process attempting to acquire lock file /tmp/48acf887-1166-452b-80ee-9569e0b7029e/codeium/manager/locks/child_lock_1699168400604616672_3179857475138687995
I1105 01:13:21.388717 63419 server.go:523] Child process acquired lock file /tmp/48acf887-1166-452b-80ee-9569e0b7029e/codeium/manager/locks/child_lock_1699168400604616672_3179857475138687995
2023-11-05 01:13:21.389 [INFO]: [Language Server (stderr)]:
I1105 01:13:21.389059 63419 server.go:186] Language server will attempt to listen on host 127.0.0.1
I1105 01:13:21.389193 63419 server.go:230] Language server listening on random port at 35863
I1105 01:13:21.389204 63419 server.go:232] LSP listening on random port at 43477
2023-11-05 01:13:21.392 [INFO]: [Language Server (stderr)]:
I1105 01:13:21.391745 63419 web_server.go:147] Chat Web Server listening at ws://127.0.0.1:42327
2023-11-05 01:13:21.408 [INFO]: [Language Server (stdout)]:
43477
2023-11-05 01:13:21.433 [INFO]: [Language Server (stderr)]:
I1105 01:13:21.407990 63403 main.go:264] Language server manager found random server port 35863
I1105 01:13:21.408018 63403 main.go:265] Language server manager found random lsp port 43477
I1105 01:13:21.408032 63403 main.go:272] Language server manager attempting to connect to language server at 127.0.0.1:35863
I1105 01:13:21.420007 63403 main.go:143] Fixing language server port at 35863
I1105 01:13:21.420033 63403 main.go:323] Language server manager successfully connected to new language server at 127.0.0.1:35863
2023-11-05 01:13:21.505 [INFO]: Found language server running on port 35863
2023-11-05 01:13:21.540 [INFO]: Successfully logged in
2023-11-05 01:13:38.493 [INFO]: Codeium is not enabled for the current document.
2023-11-05 01:13:38.715 [INFO]: Codeium is not enabled for the current document.
2023-11-05 01:13:38.901 [INFO]: Codeium is not enabled for the current document.
2023-11-05 01:13:39.085 [INFO]: Codeium is not enabled for the current document.
2023-11-05 01:13:39.994 [INFO]: Codeium is not enabled for the current document.
2023-11-05 01:13:40.933 [INFO]: Codeium is not enabled for the current document.
2023-11-05 01:13:41.275 [INFO]: Codeium is not enabled for the current document.
2023-11-05 01:13:41.521 [INFO]: Codeium is not enabled for the current document.
2023-11-05 01:13:42.035 [INFO]: Codeium is not enabled for the current document.
2023-11-05 01:13:42.532 [INFO]: Codeium is not enabled for the current document.
2023-11-05 01:13:42.746 [INFO]: Codeium is not enabled for the current document.
2023-11-05 01:13:42.877 [INFO]: Codeium is not enabled for the current document.
2023-11-05 01:13:43.092 [INFO]: Codeium is not enabled for the current document.
2023-11-05 01:13:43.232 [INFO]: Codeium is not enabled for the current document.
2023-11-05 01:14:42.243 [INFO]: Codeium is not enabled for the current document.
2023-11-05 01:14:42.496 [INFO]: Codeium is not enabled for the current document.
2023-11-05 01:14:43.647 [INFO]: Codeium is not enabled for the current document.
2023-11-05 01:14:44.462 [INFO]: Codeium is not enabled for the current document.
2023-11-05 01:14:45.184 [INFO]: Codeium is not enabled for the current document.
2023-11-05 01:14:45.283 [INFO]: Codeium is not enabled for the current document.
2023-11-05 01:14:45.662 [INFO]: Codeium is not enabled for the current document.
2023-11-05 01:14:45.998 [INFO]: Codeium is not enabled for the current document.
2023-11-05 01:14:46.117 [INFO]: Codeium is not enabled for the current document.
2023-11-05 01:14:46.278 [INFO]: Codeium is not enabled for the current document.
2023-11-05 01:14:46.401 [INFO]: Codeium is not enabled for the current document.
2023-11-05 01:14:50.825 [INFO]: Codeium is not enabled for the current document.
2023-11-05 01:14:51.062 [INFO]: Codeium is not enabled for the current document.
2023-11-05 01:14:51.273 [INFO]: Codeium is not enabled for the current document.
2023-11-05 01:14:51.409 [INFO]: Codeium is not enabled for the current document.
2023-11-05 01:14:51.606 [INFO]: Codeium is not enabled for the current document.
2023-11-05 01:14:51.692 [INFO]: Codeium is not enabled for the current document.
2023-11-05 01:14:51.904 [INFO]: Codeium is not enabled for the current document.
2023-11-05 01:14:52.072 [INFO]: Codeium is not enabled for the current document.
2023-11-05 01:14:52.970 [INFO]: Codeium is not enabled for the current document.
2023-11-05 01:15:54.805 [INFO]: Codeium is not enabled for the current document.
2023-11-05 01:15:55.059 [INFO]: Codeium is not enabled for the current document.
2023-11-05 01:15:55.318 [INFO]: Codeium is not enabled for the current document.
2023-11-05 01:15:55.564 [INFO]: Codeium is not enabled for the current document.
2023-11-05 01:15:56.767 [INFO]: Codeium is not enabled for the current document.
2023-11-05 01:15:57.086 [INFO]: Codeium is not enabled for the current document.
2023-11-05 01:15:57.568 [INFO]: Codeium is not enabled for the current document.
2023-11-05 01:15:58.182 [INFO]: Codeium is not enabled for the current document.
2023-11-05 01:21:02.341 [INFO]: Codeium is not enabled for the current document.
2023-11-05 01:21:02.995 [INFO]: Codeium is not enabled for the current document.
2023-11-05 01:21:03.100 [INFO]: Codeium is not enabled for the current document.
2023-11-05 01:21:03.239 [INFO]: Codeium is not enabled for the current document.
2023-11-05 01:21:03.397 [INFO]: Codeium is not enabled for the current document.
2023-11-05 01:21:04.230 [INFO]: Codeium is not enabled for the current document.
2023-11-05 01:21:11.759 [INFO]: Codeium is not enabled for the current document.
2023-11-05 01:21:11.914 [INFO]: Codeium is not enabled for the current document.
2023-11-05 01:21:12.031 [INFO]: Codeium is not enabled for the current document.
2023-11-05 01:21:12.219 [INFO]: Codeium is not enabled for the current document.
2023-11-05 01:21:12.475 [INFO]: Codeium is not enabled for the current document.
2023-11-05 01:21:12.836 [INFO]: Codeium is not enabled for the current document.
2023-11-05 01:21:13.573 [INFO]: Codeium is not enabled for the current document.
2023-11-05 01:21:17.706 [INFO]: Codeium is not enabled for the current document.
2023-11-05 01:21:37.334 [INFO]: Codeium is not enabled for the current document.
2023-11-05 01:21:37.460 [INFO]: Codeium is not enabled for the current document.
2023-11-05 01:21:37.587 [INFO]: Codeium is not enabled for the current document.
2023-11-05 01:21:37.723 [INFO]: Codeium is not enabled for the current document.
2023-11-05 01:21:37.942 [INFO]: Codeium is not enabled for the current document.
2023-11-05 01:21:39.270 [INFO]: Codeium is not enabled for the current document.
2023-11-05 01:21:39.635 [INFO]: Codeium is not enabled for the current document.
2023-11-05 01:21:39.883 [INFO]: Codeium is not enabled for the current document.
2023-11-05 01:21:40.007 [INFO]: Codeium is not enabled for the current document.
2023-11-05 01:21:40.152 [INFO]: Codeium is not enabled for the current document.
2023-11-05 01:21:40.349 [INFO]: Codeium is not enabled for the current document.
2023-11-05 01:21:41.408 [INFO]: Codeium is not enabled for the current document.
2023-11-05 01:21:41.665 [INFO]: Codeium is not enabled for the current document.
2023-11-05 01:21:41.794 [INFO]: Codeium is not enabled for the current document.
2023-11-05 01:21:41.908 [INFO]: Codeium is not enabled for the current document.
2023-11-05 01:21:42.053 [INFO]: Codeium is not enabled for the current document.
2023-11-05 01:21:42.236 [INFO]: Codeium is not enabled for the current document.
2023-11-05 01:21:47.452 [INFO]: Codeium is not enabled for the current document.
2023-11-05 01:21:47.558 [INFO]: Codeium is not enabled for the current document.
2023-11-05 01:21:47.744 [INFO]: Codeium is not enabled for the current document.
2023-11-05 01:21:47.870 [INFO]: Codeium is not enabled for the current document.
2023-11-05 01:21:48.091 [INFO]: Codeium is not enabled for the current document.
2023-11-05 01:21:48.235 [INFO]: Codeium is not enabled for the current document.
2023-11-05 01:22:03.069 [INFO]: Codeium is not enabled for the current document.
2023-11-05 01:23:36.000 [INFO]: Codeium is not enabled for the current document.
2023-11-05 01:23:38.218 [INFO]: Codeium is not enabled for the current document.
2023-11-05 01:23:39.989 [INFO]: Codeium is not enabled for the current document.
2023-11-05 01:23:40.819 [INFO]: Codeium is not enabled for the current document.
2023-11-05 01:24:10.583 [INFO]: Codeium is not enabled for the current document.
2023-11-05 01:24:11.426 [INFO]: Codeium is not enabled for the current document.
2023-11-05 01:24:12.488 [INFO]: Codeium is not enabled for the current document.
2023-11-05 01:24:13.047 [INFO]: Codeium is not enabled for the current document.
2023-11-05 01:24:57.894 [INFO]: Codeium is not enabled for the current document.
2023-11-05 01:25:00.517 [INFO]: Codeium is not enabled for the current document.
2023-11-05 01:29:08.062 [INFO]: Completion request succeeded (312.02ms)
2023-11-05 01:29:08.064 [INFO]: No completions were generated
2023-11-05 01:29:08.064 [INFO]: provideInlineCompletionItems request succeeded (317.66ms)
2023-11-05 01:29:09.198 [INFO]: Completion request succeeded (277.91ms)
2023-11-05 01:29:09.198 [INFO]: No completions were generated
2023-11-05 01:29:09.199 [INFO]: provideInlineCompletionItems request succeeded (280.07ms)
2023-11-05 01:29:16.437 [INFO]: Completion request succeeded (288.76ms)
2023-11-05 01:29:16.437 [INFO]: No completions were generated
2023-11-05 01:29:16.437 [INFO]: provideInlineCompletionItems request succeeded (289.79ms)
2023-11-05 01:29:17.812 [INFO]: Completion request succeeded (257.77ms)
2023-11-05 01:29:17.813 [INFO]: No completions were generated
2023-11-05 01:29:17.814 [INFO]: provideInlineCompletionItems request succeeded (260.07ms)
2023-11-05 01:29:22.040 [INFO]: Completion request was cancelled by token (472.73ms)
2023-11-05 01:29:23.317 [INFO]: Completion request succeeded (285.41ms)
2023-11-05 01:29:23.317 [INFO]: No completions were generated
2023-11-05 01:29:23.317 [INFO]: provideInlineCompletionItems request succeeded (286.2ms)
2023-11-05 01:29:29.214 [INFO]: Completion request was cancelled by token (211.83ms)
2023-11-05 01:29:30.793 [INFO]: Completion request succeeded (480.12ms)
2023-11-05 01:29:30.793 [INFO]: No completions were generated
2023-11-05 01:29:30.794 [INFO]: provideInlineCompletionItems request succeeded (481.64ms)
2023-11-05 01:47:28.823 [INFO]: Completion request was cancelled by token (89.51ms)
2023-11-05 01:47:29.170 [INFO]: Completion request was cancelled by token (274.01ms)
2023-11-05 01:47:29.996 [INFO]: Completion request succeeded (751.14ms)
2023-11-05 01:47:29.999 [INFO]: Generated 2 completions
2023-11-05 01:47:30.005 [INFO]: provideInlineCompletionItems request succeeded (760.55ms)
2023-11-05 01:47:39.088 [INFO]: Completion request was cancelled by token (228.12ms)
2023-11-05 01:47:39.810 [INFO]: Completion request succeeded (644.85ms)
2023-11-05 01:47:39.810 [INFO]: Generated 2 completions
2023-11-05 01:47:39.812 [INFO]: provideInlineCompletionItems request succeeded (647.74ms)
2023-11-05 01:47:42.414 [INFO]: Completion request was cancelled by token (173.8ms)
2023-11-05 01:47:42.795 [INFO]: Completion request was cancelled by token (305.15ms)
2023-11-05 01:47:43.565 [INFO]: Completion request succeeded (694.68ms)
2023-11-05 01:47:43.566 [INFO]: Generated 2 completions
2023-11-05 01:47:43.567 [INFO]: provideInlineCompletionItems request succeeded (697.79ms)
2023-11-05 01:47:44.329 [INFO]: Completion request succeeded (308.85ms)
2023-11-05 01:47:44.329 [INFO]: No completions were generated
2023-11-05 01:47:44.329 [INFO]: provideInlineCompletionItems request succeeded (310.36ms)
2023-11-05 01:47:48.353 [INFO]: Skipping completions because autocomplete is open
2023-11-05 01:47:48.560 [INFO]: Skipping completions because autocomplete is open
2023-11-05 01:47:48.717 [INFO]: Skipping completions because autocomplete is open
2023-11-05 01:47:48.847 [INFO]: Skipping completions because autocomplete is open
2023-11-05 01:47:49.073 [INFO]: Completion request was cancelled by token (117.47ms)
2023-11-05 01:47:49.219 [INFO]: Completion request was cancelled by token (69.71ms)
2023-11-05 01:47:49.721 [INFO]: Completion request succeeded (426.75ms)
2023-11-05 01:47:49.722 [INFO]: Generated 2 completions
2023-11-05 01:47:49.723 [INFO]: provideInlineCompletionItems request succeeded (428.69ms)
2023-11-05 01:48:53.813 [INFO]: Completion request succeeded (290.55ms)
2023-11-05 01:48:53.814 [INFO]: Generated 1 completions
2023-11-05 01:48:53.816 [INFO]: provideInlineCompletionItems request succeeded (295.26ms)
2023-11-05 01:48:54.353 [INFO]: Completion request succeeded (255.88ms)
2023-11-05 01:48:54.353 [INFO]: No completions were generated
2023-11-05 01:48:54.353 [INFO]: provideInlineCompletionItems request succeeded (257.29ms)
2023-11-05 01:48:56.522 [INFO]: Completion request succeeded (317.43ms)
2023-11-05 01:48:56.523 [INFO]: Generated 1 completions
2023-11-05 01:48:56.524 [INFO]: provideInlineCompletionItems request succeeded (319.59ms)
2023-11-05 01:48:57.037 [INFO]: Completion request succeeded (251.67ms)
2023-11-05 01:48:57.038 [INFO]: No completions were generated
2023-11-05 01:48:57.039 [INFO]: provideInlineCompletionItems request succeeded (253.32ms)
2023-11-05 01:49:13.623 [INFO]: Completion request succeeded (282.73ms)
2023-11-05 01:49:13.623 [INFO]: No completions were generated
2023-11-05 01:49:13.623 [INFO]: provideInlineCompletionItems request succeeded (283.92ms)
2023-11-05 01:49:15.217 [INFO]: Completion request succeeded (260.18ms)
2023-11-05 01:49:15.217 [INFO]: No completions were generated
2023-11-05 01:49:15.218 [INFO]: provideInlineCompletionItems request succeeded (261.66ms)
2023-11-05 01:49:31.537 [INFO]: Skipping completions because autocomplete is open
2023-11-05 01:49:31.617 [INFO]: Skipping completions because autocomplete is open
2023-11-05 01:49:31.810 [INFO]: Skipping completions because autocomplete is open
2023-11-05 01:49:31.981 [INFO]: Skipping completions because autocomplete is open
2023-11-05 01:49:32.276 [INFO]: Skipping completions because autocomplete is open
2023-11-05 01:49:32.389 [INFO]: Skipping completions because autocomplete is open
2023-11-05 01:49:33.368 [INFO]: Completion request succeeded (247.53ms)
2023-11-05 01:49:33.368 [INFO]: No completions were generated
2023-11-05 01:49:33.368 [INFO]: provideInlineCompletionItems request succeeded (248.8ms)
2023-11-05 01:49:35.407 [INFO]: Completion request succeeded (235.54ms)
2023-11-05 01:49:35.407 [INFO]: No completions were generated
2023-11-05 01:49:35.407 [INFO]: provideInlineCompletionItems request succeeded (236.74ms)
2023-11-05 01:59:24.853 [INFO]: Completion request succeeded (588.89ms)
2023-11-05 01:59:24.854 [INFO]: Generated 2 completions
2023-11-05 01:59:24.855 [INFO]: provideInlineCompletionItems request succeeded (591.58ms)
2023-11-05 01:59:32.328 [INFO]: Completion request succeeded (275.89ms)
2023-11-05 01:59:32.329 [INFO]: No completions were generated
2023-11-05 01:59:32.329 [INFO]: provideInlineCompletionItems request succeeded (276.97ms)
2023-11-05 01:59:35.193 [INFO]: Completion request was cancelled by token (233.07ms)
2023-11-05 01:59:36.937 [INFO]: Completion request succeeded (475.89ms)
2023-11-05 01:59:36.937 [INFO]: No completions were generated
2023-11-05 01:59:36.937 [INFO]: provideInlineCompletionItems request succeeded (477.33ms)
2023-11-05 01:59:58.747 [INFO]: Completion request succeeded (307.13ms)
2023-11-05 01:59:58.747 [INFO]: No completions were generated
2023-11-05 01:59:58.747 [INFO]: provideInlineCompletionItems request succeeded (308.1ms)
