2023-11-03 16:46:15.604 [INFO]: No proxy settings found
2023-11-03 16:46:16.172 [INFO]: Creating manager directory: /tmp/31f691d8-9911-4945-9e8d-6707e0a42208/codeium/manager
2023-11-03 16:46:16.493 [INFO]: Using cached LS with valid crc32: /home/owl/.vscode-oss/extensions/codeium.codeium-1.2.97-universal/dist/f3bda5b3eb4dc7c7904cb8e9a3156e9f25f1ebb9/language_server_linux_x64
2023-11-03 16:46:16.501 [INFO]: Language server started
2023-11-03 16:46:16.621 [INFO]: [Language Server (stderr)]:
I1103 16:46:16.611770  1852 main.go:452] Starting language server manager with pid 1852
I1103 16:46:16.611849  1852 main.go:106] Manager acquired its lock file /tmp/31f691d8-9911-4945-9e8d-6707e0a42208/codeium/manager/locks/manager.lock
I1103 16:46:16.612562  1852 main.go:228] Waiting for random port file in /tmp/31f691d8-9911-4945-9e8d-6707e0a42208/codeium/manager/child_random_port_1699051576611904588_4393452640214667509 to be created
2023-11-03 16:46:16.723 [INFO]: [Language Server (stderr)]:
I1103 16:46:16.722224  1866 main.go:446] Starting language server process with pid 1866
2023-11-03 16:46:16.723 [INFO]: [Language Server (stderr)]:
I1103 16:46:16.723240  1866 proxy.go:93] proxyplease.proxy> No proxy provided. Attempting to infer from system.
I1103 16:46:16.723277  1866 proxy.go:93] proxyplease.proxy> No proxy could be determined. Assuming a direct connection.
2023-11-03 16:46:16.723 [INFO]: [Language Server (stderr)]:
I1103 16:46:16.723303  1866 client.go:589] [DEBUG] GET https://server.codeium.com/exa.api_server_pb.ApiServerService/GetCompletions
2023-11-03 16:46:17.012 [INFO]: [Language Server (stderr)]:
I1103 16:46:17.012234  1866 api_server_client.go:115] Successfully dialed proxy
2023-11-03 16:46:17.013 [INFO]: [Language Server (stderr)]:
I1103 16:46:17.012464  1866 server.go:387] Successfully created API server client
I1103 16:46:17.012478  1866 api_server_client.go:115] Successfully dialed proxy
I1103 16:46:17.012594  1866 server.go:393] Successfully created API streaming client
2023-11-03 16:46:17.038 [INFO]: [Language Server (stderr)]:
I1103 16:46:17.037696  1866 server.go:402] Successfully initialized tokenizer
I1103 16:46:17.037736  1866 unleash.go:57] Initializing Unleash with production environment
2023-11-03 16:46:17.257 [INFO]: [Language Server (stderr)]:
I1103 16:46:17.257023  1866 unleash.go:71] Successfully initialized unleash
2023-11-03 16:46:17.271 [INFO]: [Language Server (stderr)]:
I1103 16:46:17.270716  1866 server.go:481] Successfully created completion provider
I1103 16:46:17.270738  1866 server.go:513] Child process attempting to acquire lock file /tmp/31f691d8-9911-4945-9e8d-6707e0a42208/codeium/manager/locks/child_lock_1699051576611935878_211391538914618343
I1103 16:46:17.270772  1866 server.go:523] Child process acquired lock file /tmp/31f691d8-9911-4945-9e8d-6707e0a42208/codeium/manager/locks/child_lock_1699051576611935878_211391538914618343
2023-11-03 16:46:17.271 [INFO]: [Language Server (stderr)]:
I1103 16:46:17.271122  1866 server.go:186] Language server will attempt to listen on host 127.0.0.1
I1103 16:46:17.271239  1866 server.go:230] Language server listening on random port at 44263
I1103 16:46:17.271245  1866 server.go:232] LSP listening on random port at 37009
2023-11-03 16:46:17.272 [INFO]: [Language Server (stderr)]:
I1103 16:46:17.271843  1866 web_server.go:147] Chat Web Server listening at ws://127.0.0.1:35151
2023-11-03 16:46:17.316 [INFO]: [Language Server (stdout)]:
37009
2023-11-03 16:46:17.325 [INFO]: [Language Server (stderr)]:
I1103 16:46:17.316089  1852 main.go:264] Language server manager found random server port 44263
I1103 16:46:17.316115  1852 main.go:265] Language server manager found random lsp port 37009
I1103 16:46:17.316126  1852 main.go:272] Language server manager attempting to connect to language server at 127.0.0.1:44263
2023-11-03 16:46:17.342 [INFO]: [Language Server (stderr)]:
I1103 16:46:17.341817  1852 main.go:143] Fixing language server port at 44263
I1103 16:46:17.341844  1852 main.go:323] Language server manager successfully connected to new language server at 127.0.0.1:44263
2023-11-03 16:46:17.407 [INFO]: Found language server running on port 44263
2023-11-03 16:46:17.456 [INFO]: Successfully logged in
2023-11-03 16:48:04.592 [INFO]: Completion request was cancelled by token (263.85ms)
2023-11-03 16:48:04.764 [INFO]: Completion request was cancelled by token (99.9ms)
2023-11-03 16:48:04.845 [INFO]: Completion request was cancelled by token (3.86ms)
2023-11-03 16:48:04.995 [INFO]: Completion request was cancelled by token (73.96ms)
2023-11-03 16:48:06.438 [INFO]: Completion request was cancelled by token (1365.29ms)
2023-11-03 16:48:07.905 [INFO]: Completion request was cancelled by token (891.64ms)
2023-11-03 16:49:07.021 [INFO]: Completion request was cancelled by token (102.82ms)
2023-11-03 16:49:08.597 [INFO]: Completion request succeeded (1497.08ms)
2023-11-03 16:49:08.599 [INFO]: Generated 1 completions
2023-11-03 16:49:08.601 [INFO]: provideInlineCompletionItems request succeeded (1505.06ms)
2023-11-03 16:49:55.191 [INFO]: Completion request was cancelled by token (233.19ms)
2023-11-03 16:49:55.274 [INFO]: Completion request was cancelled by token (9.61ms)
2023-11-03 16:49:55.482 [INFO]: Completion request was cancelled by token (82.44ms)
2023-11-03 16:49:55.735 [INFO]: Completion request was cancelled by token (178.94ms)
2023-11-03 16:49:57.216 [INFO]: Completion request succeeded (1405.8ms)
2023-11-03 16:49:57.216 [INFO]: No completions were generated
2023-11-03 16:49:57.217 [INFO]: provideInlineCompletionItems request succeeded (1408.2ms)
2023-11-03 16:52:21.420 [INFO]: Completion request succeeded (1609.17ms)
2023-11-03 16:52:21.420 [INFO]: No completions were generated
2023-11-03 16:52:21.420 [INFO]: provideInlineCompletionItems request succeeded (1617.9ms)
2023-11-03 16:52:28.057 [INFO]: Skipping completions because autocomplete is open
2023-11-03 16:52:47.627 [INFO]: Completion request was cancelled by token (793.28ms)
2023-11-03 16:52:47.760 [INFO]: Completion request was cancelled by token (2.66ms)
2023-11-03 16:52:47.822 [INFO]: Completion request was cancelled by token (12.71ms)
2023-11-03 16:52:47.896 [INFO]: Skipping completions because autocomplete is open
2023-11-03 16:52:48.020 [INFO]: Skipping completions because autocomplete is open
2023-11-03 16:52:48.260 [INFO]: Skipping completions because autocomplete is open
2023-11-03 16:52:48.676 [INFO]: Skipping completions because autocomplete is open
2023-11-03 16:52:49.373 [INFO]: Skipping completions because autocomplete is open
2023-11-03 16:52:49.597 [INFO]: Skipping completions because autocomplete is open
2023-11-03 16:52:49.770 [INFO]: Skipping completions because autocomplete is open
2023-11-03 16:52:51.039 [INFO]: Completion request was cancelled by token (270.49ms)
2023-11-03 16:52:51.172 [INFO]: Skipping completions because autocomplete is open
2023-11-03 16:52:51.322 [INFO]: Skipping completions because autocomplete is open
2023-11-03 16:52:51.525 [INFO]: Skipping completions because autocomplete is open
2023-11-03 16:52:51.634 [INFO]: Skipping completions because autocomplete is open
2023-11-03 16:52:51.744 [INFO]: Skipping completions because autocomplete is open
2023-11-03 16:52:51.870 [INFO]: Skipping completions because autocomplete is open
2023-11-03 16:52:52.158 [INFO]: Skipping completions because autocomplete is open
2023-11-03 16:52:55.417 [INFO]: Completion request succeeded (1336.4ms)
2023-11-03 16:52:55.418 [INFO]: No completions were generated
2023-11-03 16:52:55.418 [INFO]: provideInlineCompletionItems request succeeded (1339.93ms)
2023-11-03 16:55:09.995 [INFO]: Completion request was cancelled by token (637.9ms)
2023-11-03 16:55:10.125 [INFO]: Completion request was cancelled by token (12.68ms)
2023-11-03 16:55:10.200 [INFO]: Skipping completions because autocomplete is open
2023-11-03 16:55:10.350 [INFO]: Skipping completions because autocomplete is open
2023-11-03 16:55:10.552 [INFO]: Skipping completions because autocomplete is open
2023-11-03 16:55:10.930 [INFO]: Skipping completions because autocomplete is open
2023-11-03 16:55:11.734 [INFO]: Skipping completions because autocomplete is open
2023-11-03 16:55:11.845 [INFO]: Skipping completions because autocomplete is open
2023-11-03 16:55:12.012 [INFO]: Skipping completions because autocomplete is open
2023-11-03 16:55:13.367 [INFO]: Completion request was cancelled by token (174.51ms)
2023-11-03 16:55:13.461 [INFO]: Skipping completions because autocomplete is open
2023-11-03 16:55:13.623 [INFO]: Skipping completions because autocomplete is open
2023-11-03 16:55:13.835 [INFO]: Skipping completions because autocomplete is open
2023-11-03 16:55:13.999 [INFO]: Skipping completions because autocomplete is open
2023-11-03 16:55:14.097 [INFO]: Skipping completions because autocomplete is open
2023-11-03 16:55:15.782 [INFO]: Completion request was cancelled by token (1208.95ms)
2023-11-03 16:55:17.867 [INFO]: Completion request succeeded (1363.53ms)
2023-11-03 16:55:17.868 [INFO]: No completions were generated
2023-11-03 16:55:17.868 [INFO]: provideInlineCompletionItems request succeeded (1367.49ms)
2023-11-03 16:55:42.098 [INFO]: Completion request was cancelled by token (266.68ms)
2023-11-03 16:55:43.080 [INFO]: Completion request was cancelled by token (907.35ms)
2023-11-03 16:55:44.508 [INFO]: Completion request succeeded (1352.35ms)
2023-11-03 16:55:44.509 [INFO]: No completions were generated
2023-11-03 16:55:44.509 [INFO]: provideInlineCompletionItems request succeeded (1354.39ms)
2023-11-03 16:56:00.575 [INFO]: Completion request succeeded (1209.33ms)
2023-11-03 16:56:00.576 [INFO]: No completions were generated
2023-11-03 16:56:00.576 [INFO]: provideInlineCompletionItems request succeeded (1216.52ms)
2023-11-03 16:56:22.489 [INFO]: Completion request succeeded (1358.44ms)
2023-11-03 16:56:22.490 [INFO]: No completions were generated
2023-11-03 16:56:22.490 [INFO]: provideInlineCompletionItems request succeeded (1363.31ms)
2023-11-03 16:56:29.210 [INFO]: Completion request was cancelled by token (491.07ms)
2023-11-03 16:56:29.466 [INFO]: Skipping completions because autocomplete is open
2023-11-03 16:56:29.577 [INFO]: Skipping completions because autocomplete is open
2023-11-03 16:56:29.853 [INFO]: Skipping completions because autocomplete is open
2023-11-03 16:56:29.940 [INFO]: Skipping completions because autocomplete is open
2023-11-03 16:56:30.216 [INFO]: Skipping completions because autocomplete is open
2023-11-03 16:56:33.754 [INFO]: Skipping completions because autocomplete is open
2023-11-03 16:56:34.018 [INFO]: Skipping completions because autocomplete is open
2023-11-03 16:56:34.178 [INFO]: Skipping completions because autocomplete is open
2023-11-03 16:56:37.476 [INFO]: Completion request was cancelled by token (384.73ms)
2023-11-03 16:57:37.658 [INFO]: Completion request was cancelled by token (1386.33ms)
2023-11-03 16:58:32.424 [INFO]: Completion request was cancelled by token (95.35ms)
2023-11-03 16:58:33.838 [INFO]: Completion request succeeded (1336.53ms)
2023-11-03 16:58:33.839 [INFO]: No completions were generated
2023-11-03 16:58:33.839 [INFO]: provideInlineCompletionItems request succeeded (1339.12ms)
2023-11-03 16:59:08.673 [INFO]: Completion request was cancelled by token (187.38ms)
2023-11-03 16:59:09.796 [INFO]: Completion request was cancelled by token (1050.85ms)
2023-11-03 17:00:22.375 [INFO]: Completion request succeeded (1475.09ms)
2023-11-03 17:00:22.375 [INFO]: No completions were generated
2023-11-03 17:00:22.376 [INFO]: provideInlineCompletionItems request succeeded (1477.82ms)
2023-11-03 17:00:27.851 [INFO]: Completion request succeeded (1196.25ms)
2023-11-03 17:00:27.852 [INFO]: No completions were generated
2023-11-03 17:00:27.852 [INFO]: provideInlineCompletionItems request succeeded (1200.75ms)
2023-11-03 17:01:35.106 [INFO]: Completion request was cancelled by token (245.79ms)
2023-11-03 17:01:35.591 [INFO]: Completion request was cancelled by token (409.84ms)
2023-11-03 17:01:35.684 [INFO]: Skipping completions because autocomplete is open
2023-11-03 17:01:35.870 [INFO]: Skipping completions because autocomplete is open
2023-11-03 17:01:36.011 [INFO]: Skipping completions because autocomplete is open
2023-11-03 17:01:37.089 [INFO]: Completion request was cancelled by token (522.38ms)
2023-11-03 17:01:37.244 [INFO]: Skipping completions because autocomplete is open
2023-11-03 17:01:39.490 [INFO]: Completion request was cancelled by token (1540.94ms)
2023-11-03 17:01:40.512 [INFO]: Skipping completions because autocomplete is open
2023-11-03 17:01:41.006 [INFO]: Skipping completions because autocomplete is open
2023-11-03 17:01:41.729 [INFO]: Skipping completions because autocomplete is open
2023-11-03 17:05:29.528 [INFO]: Completion request succeeded (1721.17ms)
2023-11-03 17:05:29.529 [INFO]: Generated 1 completions
2023-11-03 17:05:29.530 [INFO]: provideInlineCompletionItems request succeeded (1728.13ms)
2023-11-03 17:05:32.448 [INFO]: Completion request was cancelled by token (308.03ms)
2023-11-03 17:05:32.715 [INFO]: Completion request was cancelled by token (192.14ms)
2023-11-03 17:05:32.913 [INFO]: Completion request was cancelled by token (121.12ms)
2023-11-03 17:05:33.449 [INFO]: Completion request was cancelled by token (461.49ms)
2023-11-03 17:05:35.002 [INFO]: Completion request succeeded (1477.91ms)
2023-11-03 17:05:35.003 [INFO]: No completions were generated
2023-11-03 17:05:35.003 [INFO]: provideInlineCompletionItems request succeeded (1479.54ms)
2023-11-03 17:19:13.414 [INFO]: Disposing language server process
2023-11-03 17:19:13.414 [INFO]: Deleting manager directory: /tmp/31f691d8-9911-4945-9e8d-6707e0a42208/codeium/manager
2023-11-03 17:19:13.415 [INFO]: Successfully disposed language server
2023-11-03 17:19:13.452 [INFO]: [Language Server (stderr)]:
W1103 17:19:13.414327  1852 main.go:110] Language server manager got signal terminated, shutting down
E1103 17:19:13.429770  1866 server.go:291] Error while locking manager lock file - open /tmp/31f691d8-9911-4945-9e8d-6707e0a42208/codeium/manager/locks/manager.lock: no such file or directory
I1103 17:19:13.429844  1866 server.go:600] Language server shutting down
2023-11-03 17:19:13.456 [ERROR]: Failed to send heartbeat:
s [ConnectError]: [unavailable] connect ECONNREFUSED 127.0.0.1:44263
    at t.connectErrorFromReason (/home/owl/.vscode-oss/extensions/codeium.codeium-1.2.97-universal/dist/extension.js:2:2250136)
    at t.connectErrorFromNodeReason (/home/owl/.vscode-oss/extensions/codeium.codeium-1.2.97-universal/dist/extension.js:2:2236120)
    at Promise.reject (/home/owl/.vscode-oss/extensions/codeium.codeium-1.2.97-universal/dist/extension.js:2:2237954)
    at ClientHttp2Session.d (/home/owl/.vscode-oss/extensions/codeium.codeium-1.2.97-universal/dist/extension.js:2:2239961)
    at ClientHttp2Session.emit (node:events:513:28)
    at emitClose (node:internal/http2/core:1079:10)
    at processTicksAndRejections (node:internal/process/task_queues:83:21) {
  rawMessage: 'connect ECONNREFUSED 127.0.0.1:44263',
  code: 14,
  metadata: [p],
  details: [],
  cause: [Error]
}
