2023-11-05 02:08:44.863 [INFO]: No proxy settings found
2023-11-05 02:08:45.374 [INFO]: Creating manager directory: /tmp/4a62c12e-b9ed-4726-895d-a30edc78d41b/codeium/manager
2023-11-05 02:08:45.677 [INFO]: Using cached LS with valid crc32: /home/owl/.vscode-oss/extensions/codeium.codeium-1.2.97-universal/dist/f3bda5b3eb4dc7c7904cb8e9a3156e9f25f1ebb9/language_server_linux_x64
2023-11-05 02:08:45.687 [INFO]: Language server started
2023-11-05 02:08:45.788 [INFO]: [Language Server (stderr)]:
I1105 02:08:45.787200 68515 main.go:452] Starting language server manager with pid 68515
2023-11-05 02:08:45.789 [INFO]: [Language Server (stderr)]:
I1105 02:08:45.787322 68515 main.go:106] Manager acquired its lock file /tmp/4a62c12e-b9ed-4726-895d-a30edc78d41b/codeium/manager/locks/manager.lock
I1105 02:08:45.787791 68515 main.go:228] Waiting for random port file in /tmp/4a62c12e-b9ed-4726-895d-a30edc78d41b/codeium/manager/child_random_port_1699171725787414844_1037692233044310580 to be created
2023-11-05 02:08:45.889 [INFO]: [Language Server (stderr)]:
I1105 02:08:45.887980 68535 main.go:446] Starting language server process with pid 68535
2023-11-05 02:08:45.889 [INFO]: [Language Server (stderr)]:
I1105 02:08:45.888932 68535 proxy.go:93] proxyplease.proxy> No proxy provided. Attempting to infer from system.
I1105 02:08:45.888970 68535 proxy.go:93] proxyplease.proxy> No proxy could be determined. Assuming a direct connection.
I1105 02:08:45.888998 68535 client.go:589] [DEBUG] GET https://server.codeium.com/exa.api_server_pb.ApiServerService/GetCompletions
2023-11-05 02:08:46.134 [INFO]: [Language Server (stderr)]:
I1105 02:08:46.133761 68535 api_server_client.go:115] Successfully dialed proxy
2023-11-05 02:08:46.135 [INFO]: [Language Server (stderr)]:
I1105 02:08:46.134015 68535 server.go:387] Successfully created API server client
I1105 02:08:46.134032 68535 api_server_client.go:115] Successfully dialed proxy
I1105 02:08:46.134183 68535 server.go:393] Successfully created API streaming client
2023-11-05 02:08:46.160 [INFO]: [Language Server (stderr)]:
I1105 02:08:46.159722 68535 server.go:402] Successfully initialized tokenizer
I1105 02:08:46.159767 68535 unleash.go:57] Initializing Unleash with production environment
2023-11-05 02:08:46.374 [INFO]: [Language Server (stderr)]:
I1105 02:08:46.373828 68535 unleash.go:71] Successfully initialized unleash
2023-11-05 02:08:46.385 [INFO]: [Language Server (stderr)]:
I1105 02:08:46.385346 68535 server.go:481] Successfully created completion provider
I1105 02:08:46.385366 68535 server.go:513] Child process attempting to acquire lock file /tmp/4a62c12e-b9ed-4726-895d-a30edc78d41b/codeium/manager/locks/child_lock_1699171725787443061_6287887769877853048
I1105 02:08:46.385403 68535 server.go:523] Child process acquired lock file /tmp/4a62c12e-b9ed-4726-895d-a30edc78d41b/codeium/manager/locks/child_lock_1699171725787443061_6287887769877853048
2023-11-05 02:08:46.386 [INFO]: [Language Server (stderr)]:
I1105 02:08:46.385749 68535 server.go:186] Language server will attempt to listen on host 127.0.0.1
I1105 02:08:46.385887 68535 server.go:230] Language server listening on random port at 46799
I1105 02:08:46.385897 68535 server.go:232] LSP listening on random port at 41165
2023-11-05 02:08:46.386 [INFO]: [Language Server (stderr)]:
I1105 02:08:46.386577 68535 web_server.go:147] Chat Web Server listening at ws://127.0.0.1:35545
2023-11-05 02:08:46.390 [INFO]: [Language Server (stdout)]:
41165
2023-11-05 02:08:46.403 [INFO]: [Language Server (stderr)]:
I1105 02:08:46.389836 68515 main.go:264] Language server manager found random server port 46799
I1105 02:08:46.389857 68515 main.go:265] Language server manager found random lsp port 41165
I1105 02:08:46.389869 68515 main.go:272] Language server manager attempting to connect to language server at 127.0.0.1:46799
I1105 02:08:46.401946 68515 main.go:143] Fixing language server port at 46799
I1105 02:08:46.402008 68515 main.go:323] Language server manager successfully connected to new language server at 127.0.0.1:46799
2023-11-05 02:08:46.404 [INFO]: Found language server running on port 46799
2023-11-05 02:08:46.446 [INFO]: Successfully logged in
2023-11-05 02:08:46.606 [INFO]: [Language Server (stderr)]:
E1105 02:08:46.578039 68535 lsp.go:402] Initialize: open /home/owl/config-files/backup_home/iwd: permission denied
2023-11-05 02:09:24.955 [INFO]: Completion request was cancelled by token (117.99ms)
2023-11-05 02:09:25.102 [INFO]: Completion request was cancelled by token (75.36ms)
2023-11-05 02:09:25.359 [INFO]: Completion request was cancelled by token (183.01ms)
2023-11-05 02:09:25.514 [INFO]: Completion request was cancelled by token (79.74ms)
2023-11-05 02:09:25.637 [INFO]: Completion request was cancelled by token (48.52ms)
2023-11-05 02:09:25.940 [INFO]: Completion request was cancelled by token (228.81ms)
2023-11-05 02:09:26.383 [INFO]: Completion request was cancelled by token (368.82ms)
2023-11-05 02:09:26.497 [INFO]: Completion request was cancelled by token (39.35ms)
2023-11-05 02:09:26.585 [INFO]: Completion request was cancelled by token (13.44ms)
2023-11-05 02:09:26.766 [INFO]: Completion request was cancelled by token (108.43ms)
2023-11-05 02:09:27.057 [INFO]: Completion request was cancelled by token (144.26ms)
2023-11-05 02:09:27.291 [INFO]: Completion request was cancelled by token (160.93ms)
2023-11-05 02:09:27.440 [INFO]: Completion request was cancelled by token (12.96ms)
2023-11-05 02:09:28.199 [INFO]: Completion request succeeded (614.03ms)
2023-11-05 02:09:28.201 [INFO]: Generated 1 completions
2023-11-05 02:09:28.202 [INFO]: provideInlineCompletionItems request succeeded (616.83ms)
2023-11-05 02:09:29.550 [INFO]: Completion request succeeded (265.78ms)
2023-11-05 02:09:29.550 [INFO]: No completions were generated
2023-11-05 02:09:29.550 [INFO]: provideInlineCompletionItems request succeeded (267.27ms)
2023-11-05 02:09:46.648 [INFO]: Completion request was cancelled by token (227.57ms)
2023-11-05 02:09:47.245 [INFO]: Completion request succeeded (521.94ms)
2023-11-05 02:09:47.245 [INFO]: No completions were generated
2023-11-05 02:09:47.245 [INFO]: provideInlineCompletionItems request succeeded (523.05ms)
2023-11-05 02:09:48.168 [INFO]: Completion request was cancelled by token (260.16ms)
2023-11-05 02:09:48.497 [INFO]: Completion request was cancelled by token (255.55ms)
2023-11-05 02:09:49.036 [INFO]: Completion request succeeded (465.32ms)
2023-11-05 02:09:49.037 [INFO]: Generated 1 completions
2023-11-05 02:09:49.038 [INFO]: provideInlineCompletionItems request succeeded (468.09ms)
2023-11-05 02:10:53.649 [INFO]: Disposing language server process
2023-11-05 02:10:53.649 [INFO]: Deleting manager directory: /tmp/4a62c12e-b9ed-4726-895d-a30edc78d41b/codeium/manager
2023-11-05 02:10:53.651 [INFO]: Successfully disposed language server
