2023-11-05 13:53:58.869 [info] Extension host with pid 84869 started
2023-11-05 13:53:58.938 [info] ExtensionService#_doActivateExtension Vue.volar, startup: false, activationEvent: 'onLanguage:plaintext'
2023-11-05 13:53:58.959 [info] ExtensionService#_doActivateExtension vscode.emmet, startup: false, activationEvent: 'onLanguage'
2023-11-05 13:53:59.007 [info] ExtensionService#_doActivateExtension vscode.git-base, startup: true, activationEvent: '*', root cause: vscode.git
2023-11-05 13:53:59.009 [info] ExtensionService#_doActivateExtension ecmel.vscode-html-css, startup: true, activationEvent: '*'
2023-11-05 13:53:59.025 [info] ExtensionService#_doActivateExtension mhutchie.git-graph, startup: true, activationEvent: '*'
2023-11-05 13:53:59.035 [info] ExtensionService#_doActivateExtension Zignd.html-css-class-completion, startup: true, activationEvent: '*'
2023-11-05 13:53:59.104 [info] ExtensionService#_doActivateExtension vscode.git, startup: true, activationEvent: '*'
2023-11-05 13:53:59.119 [info] ExtensionService#_doActivateExtension vscode.github, startup: true, activationEvent: '*'
2023-11-05 13:53:59.158 [info] Eager extensions activated
2023-11-05 13:53:59.177 [info] ExtensionService#_doActivateExtension vscode.debug-auto-launch, startup: false, activationEvent: 'onStartupFinished'
2023-11-05 13:53:59.179 [info] ExtensionService#_doActivateExtension vscode.merge-conflict, startup: false, activationEvent: 'onStartupFinished'
2023-11-05 13:53:59.185 [info] ExtensionService#_doActivateExtension Codeium.codeium, startup: false, activationEvent: 'onStartupFinished'
2023-11-05 13:53:59.435 [info] ExtensionService#_doActivateExtension eamodio.gitlens, startup: false, activationEvent: 'onStartupFinished'
2023-11-05 13:53:59.460 [info] ExtensionService#_doActivateExtension vscode-icons-team.vscode-icons, startup: false, activationEvent: 'onStartupFinished'
2023-11-05 13:54:09.145 [info] Extension host terminating: renderer closed the MessagePort
2023-11-05 13:54:09.175 [error] Canceled: Canceled
    at new h (/usr/lib/code/out/vs/workbench/api/node/extensionHostProcess.js:102:56634)
    at t.O (/usr/lib/code/out/vs/workbench/api/node/extensionHostProcess.js:114:8020)
    at Proxy.N.<computed>.T.charCodeAt.N.<computed> (/usr/lib/code/out/vs/workbench/api/node/extensionHostProcess.js:114:5459)
    at a.g (/usr/lib/code/out/vs/workbench/api/node/extensionHostProcess.js:102:77241)
    at a.executeCommand (/usr/lib/code/out/vs/workbench/api/node/extensionHostProcess.js:102:76679)
    at v.registerCommand.description (/usr/lib/code/out/vs/workbench/api/node/extensionHostProcess.js:102:76000)
    at a.h (/usr/lib/code/out/vs/workbench/api/node/extensionHostProcess.js:102:77777)
    at a.g (/usr/lib/code/out/vs/workbench/api/node/extensionHostProcess.js:102:76772)
    at a.executeCommand (/usr/lib/code/out/vs/workbench/api/node/extensionHostProcess.js:102:76679)
    at Object.executeCommand (/usr/lib/code/out/vs/workbench/api/node/extensionHostProcess.js:120:20977)
    at w (/home/owl/.vscode-oss/extensions/eamodio.gitlens-14.4.1-universal/dist/gitlens.js:1:1065521)
    at l (/home/owl/.vscode-oss/extensions/eamodio.gitlens-14.4.1-universal/dist/gitlens.js:1:1070149)
    at ActionRunners._updateContextKeys (/home/owl/.vscode-oss/extensions/eamodio.gitlens-14.4.1-universal/dist/gitlens.js:1:38884)
    at s (/home/owl/.vscode-oss/extensions/eamodio.gitlens-14.4.1-universal/dist/gitlens.js:1:37303)
    at RegisteredActionRunner.unregister (/home/owl/.vscode-oss/extensions/eamodio.gitlens-14.4.1-universal/dist/gitlens.js:1:37447)
    at RegisteredActionRunner.dispose (/home/owl/.vscode-oss/extensions/eamodio.gitlens-14.4.1-universal/dist/gitlens.js:1:36110)
    at ActionRunners.dispose (/home/owl/.vscode-oss/extensions/eamodio.gitlens-14.4.1-universal/dist/gitlens.js:1:36889)
    at /home/owl/.vscode-oss/extensions/eamodio.gitlens-14.4.1-universal/dist/gitlens.js:1:764036
    at Array.forEach (<anonymous>)
    at Object.dispose (/home/owl/.vscode-oss/extensions/eamodio.gitlens-14.4.1-universal/dist/gitlens.js:1:764021)
    at S (/usr/lib/code/out/vs/workbench/api/node/extensionHostProcess.js:13:11731)
    at r.Z (/usr/lib/code/out/vs/workbench/api/node/extensionHostProcess.js:116:9686)
    at /usr/lib/code/out/vs/workbench/api/node/extensionHostProcess.js:116:7582
    at Array.map (<anonymous>)
    at r.S (/usr/lib/code/out/vs/workbench/api/node/extensionHostProcess.js:116:7570)
    at r.terminate (/usr/lib/code/out/vs/workbench/api/node/extensionHostProcess.js:116:7842)
    at s.terminate (/usr/lib/code/out/vs/workbench/api/node/extensionHostProcess.js:120:1506)
    at C (/usr/lib/code/out/vs/workbench/api/node/extensionHostProcess.js:130:32254)
    at MessagePortMain.<anonymous> (/usr/lib/code/out/vs/workbench/api/node/extensionHostProcess.js:130:28679)
    at MessagePortMain.emit (node:events:513:28)
    at Object.MessagePortMain._internalPort.emit (node:electron/js2c/utility_init:2:367) setContext undefined
2023-11-05 13:54:09.176 [error] Canceled: Canceled
    at new h (/usr/lib/code/out/vs/workbench/api/node/extensionHostProcess.js:102:56634)
    at t.O (/usr/lib/code/out/vs/workbench/api/node/extensionHostProcess.js:114:8020)
    at Proxy.N.<computed>.T.charCodeAt.N.<computed> (/usr/lib/code/out/vs/workbench/api/node/extensionHostProcess.js:114:5459)
    at a.g (/usr/lib/code/out/vs/workbench/api/node/extensionHostProcess.js:102:77241)
    at a.executeCommand (/usr/lib/code/out/vs/workbench/api/node/extensionHostProcess.js:102:76679)
    at v.registerCommand.description (/usr/lib/code/out/vs/workbench/api/node/extensionHostProcess.js:102:76000)
    at a.h (/usr/lib/code/out/vs/workbench/api/node/extensionHostProcess.js:102:77777)
    at a.g (/usr/lib/code/out/vs/workbench/api/node/extensionHostProcess.js:102:76772)
    at a.executeCommand (/usr/lib/code/out/vs/workbench/api/node/extensionHostProcess.js:102:76679)
    at Object.executeCommand (/usr/lib/code/out/vs/workbench/api/node/extensionHostProcess.js:120:20977)
    at w (/home/owl/.vscode-oss/extensions/eamodio.gitlens-14.4.1-universal/dist/gitlens.js:1:1065521)
    at l (/home/owl/.vscode-oss/extensions/eamodio.gitlens-14.4.1-universal/dist/gitlens.js:1:1070149)
    at ActionRunners._updateContextKeys (/home/owl/.vscode-oss/extensions/eamodio.gitlens-14.4.1-universal/dist/gitlens.js:1:38884)
    at s (/home/owl/.vscode-oss/extensions/eamodio.gitlens-14.4.1-universal/dist/gitlens.js:1:37303)
    at RegisteredActionRunner.unregister (/home/owl/.vscode-oss/extensions/eamodio.gitlens-14.4.1-universal/dist/gitlens.js:1:37447)
    at RegisteredActionRunner.dispose (/home/owl/.vscode-oss/extensions/eamodio.gitlens-14.4.1-universal/dist/gitlens.js:1:36110)
    at ActionRunners.dispose (/home/owl/.vscode-oss/extensions/eamodio.gitlens-14.4.1-universal/dist/gitlens.js:1:36889)
    at /home/owl/.vscode-oss/extensions/eamodio.gitlens-14.4.1-universal/dist/gitlens.js:1:764036
    at Array.forEach (<anonymous>)
    at Object.dispose (/home/owl/.vscode-oss/extensions/eamodio.gitlens-14.4.1-universal/dist/gitlens.js:1:764021)
    at S (/usr/lib/code/out/vs/workbench/api/node/extensionHostProcess.js:13:11731)
    at r.Z (/usr/lib/code/out/vs/workbench/api/node/extensionHostProcess.js:116:9686)
    at /usr/lib/code/out/vs/workbench/api/node/extensionHostProcess.js:116:7582
    at Array.map (<anonymous>)
    at r.S (/usr/lib/code/out/vs/workbench/api/node/extensionHostProcess.js:116:7570)
    at r.terminate (/usr/lib/code/out/vs/workbench/api/node/extensionHostProcess.js:116:7842)
    at s.terminate (/usr/lib/code/out/vs/workbench/api/node/extensionHostProcess.js:120:1506)
    at C (/usr/lib/code/out/vs/workbench/api/node/extensionHostProcess.js:130:32254)
    at MessagePortMain.<anonymous> (/usr/lib/code/out/vs/workbench/api/node/extensionHostProcess.js:130:28679)
    at MessagePortMain.emit (node:events:513:28)
    at Object.MessagePortMain._internalPort.emit (node:electron/js2c/utility_init:2:367) setContext undefined
2023-11-05 13:54:09.177 [error] Canceled: Canceled
    at new h (/usr/lib/code/out/vs/workbench/api/node/extensionHostProcess.js:102:56634)
    at t.O (/usr/lib/code/out/vs/workbench/api/node/extensionHostProcess.js:114:8020)
    at Proxy.N.<computed>.T.charCodeAt.N.<computed> (/usr/lib/code/out/vs/workbench/api/node/extensionHostProcess.js:114:5459)
    at a.g (/usr/lib/code/out/vs/workbench/api/node/extensionHostProcess.js:102:77241)
    at a.executeCommand (/usr/lib/code/out/vs/workbench/api/node/extensionHostProcess.js:102:76679)
    at v.registerCommand.description (/usr/lib/code/out/vs/workbench/api/node/extensionHostProcess.js:102:76000)
    at a.h (/usr/lib/code/out/vs/workbench/api/node/extensionHostProcess.js:102:77777)
    at a.g (/usr/lib/code/out/vs/workbench/api/node/extensionHostProcess.js:102:76772)
    at a.executeCommand (/usr/lib/code/out/vs/workbench/api/node/extensionHostProcess.js:102:76679)
    at Object.executeCommand (/usr/lib/code/out/vs/workbench/api/node/extensionHostProcess.js:120:20977)
    at w (/home/owl/.vscode-oss/extensions/eamodio.gitlens-14.4.1-universal/dist/gitlens.js:1:1065521)
    at l (/home/owl/.vscode-oss/extensions/eamodio.gitlens-14.4.1-universal/dist/gitlens.js:1:1070149)
    at ActionRunners._updateContextKeys (/home/owl/.vscode-oss/extensions/eamodio.gitlens-14.4.1-universal/dist/gitlens.js:1:38884)
    at s (/home/owl/.vscode-oss/extensions/eamodio.gitlens-14.4.1-universal/dist/gitlens.js:1:37303)
    at RegisteredActionRunner.unregister (/home/owl/.vscode-oss/extensions/eamodio.gitlens-14.4.1-universal/dist/gitlens.js:1:37447)
    at RegisteredActionRunner.dispose (/home/owl/.vscode-oss/extensions/eamodio.gitlens-14.4.1-universal/dist/gitlens.js:1:36110)
    at ActionRunners.dispose (/home/owl/.vscode-oss/extensions/eamodio.gitlens-14.4.1-universal/dist/gitlens.js:1:36889)
    at /home/owl/.vscode-oss/extensions/eamodio.gitlens-14.4.1-universal/dist/gitlens.js:1:764036
    at Array.forEach (<anonymous>)
    at Object.dispose (/home/owl/.vscode-oss/extensions/eamodio.gitlens-14.4.1-universal/dist/gitlens.js:1:764021)
    at S (/usr/lib/code/out/vs/workbench/api/node/extensionHostProcess.js:13:11731)
    at r.Z (/usr/lib/code/out/vs/workbench/api/node/extensionHostProcess.js:116:9686)
    at /usr/lib/code/out/vs/workbench/api/node/extensionHostProcess.js:116:7582
    at Array.map (<anonymous>)
    at r.S (/usr/lib/code/out/vs/workbench/api/node/extensionHostProcess.js:116:7570)
    at r.terminate (/usr/lib/code/out/vs/workbench/api/node/extensionHostProcess.js:116:7842)
    at s.terminate (/usr/lib/code/out/vs/workbench/api/node/extensionHostProcess.js:120:1506)
    at C (/usr/lib/code/out/vs/workbench/api/node/extensionHostProcess.js:130:32254)
    at MessagePortMain.<anonymous> (/usr/lib/code/out/vs/workbench/api/node/extensionHostProcess.js:130:28679)
    at MessagePortMain.emit (node:events:513:28)
    at Object.MessagePortMain._internalPort.emit (node:electron/js2c/utility_init:2:367) setContext undefined
2023-11-05 13:54:09.177 [error] Canceled: Canceled
    at new h (/usr/lib/code/out/vs/workbench/api/node/extensionHostProcess.js:102:56634)
    at t.O (/usr/lib/code/out/vs/workbench/api/node/extensionHostProcess.js:114:8020)
    at Proxy.N.<computed>.T.charCodeAt.N.<computed> (/usr/lib/code/out/vs/workbench/api/node/extensionHostProcess.js:114:5459)
    at a.g (/usr/lib/code/out/vs/workbench/api/node/extensionHostProcess.js:102:77241)
    at a.executeCommand (/usr/lib/code/out/vs/workbench/api/node/extensionHostProcess.js:102:76679)
    at v.registerCommand.description (/usr/lib/code/out/vs/workbench/api/node/extensionHostProcess.js:102:76000)
    at a.h (/usr/lib/code/out/vs/workbench/api/node/extensionHostProcess.js:102:77777)
    at a.g (/usr/lib/code/out/vs/workbench/api/node/extensionHostProcess.js:102:76772)
    at a.executeCommand (/usr/lib/code/out/vs/workbench/api/node/extensionHostProcess.js:102:76679)
    at Object.executeCommand (/usr/lib/code/out/vs/workbench/api/node/extensionHostProcess.js:120:20977)
    at w (/home/owl/.vscode-oss/extensions/eamodio.gitlens-14.4.1-universal/dist/gitlens.js:1:1065521)
    at l (/home/owl/.vscode-oss/extensions/eamodio.gitlens-14.4.1-universal/dist/gitlens.js:1:1070149)
    at ActionRunners._updateContextKeys (/home/owl/.vscode-oss/extensions/eamodio.gitlens-14.4.1-universal/dist/gitlens.js:1:38884)
    at s (/home/owl/.vscode-oss/extensions/eamodio.gitlens-14.4.1-universal/dist/gitlens.js:1:37303)
    at RegisteredActionRunner.unregister (/home/owl/.vscode-oss/extensions/eamodio.gitlens-14.4.1-universal/dist/gitlens.js:1:37447)
    at RegisteredActionRunner.dispose (/home/owl/.vscode-oss/extensions/eamodio.gitlens-14.4.1-universal/dist/gitlens.js:1:36110)
    at Object.dispose (/home/owl/.vscode-oss/extensions/eamodio.gitlens-14.4.1-universal/dist/gitlens.js:1:37544)
    at S (/usr/lib/code/out/vs/workbench/api/node/extensionHostProcess.js:13:11731)
    at r.Z (/usr/lib/code/out/vs/workbench/api/node/extensionHostProcess.js:116:9686)
    at /usr/lib/code/out/vs/workbench/api/node/extensionHostProcess.js:116:7582
    at Array.map (<anonymous>)
    at r.S (/usr/lib/code/out/vs/workbench/api/node/extensionHostProcess.js:116:7570)
    at r.terminate (/usr/lib/code/out/vs/workbench/api/node/extensionHostProcess.js:116:7842)
    at s.terminate (/usr/lib/code/out/vs/workbench/api/node/extensionHostProcess.js:120:1506)
    at C (/usr/lib/code/out/vs/workbench/api/node/extensionHostProcess.js:130:32254)
    at MessagePortMain.<anonymous> (/usr/lib/code/out/vs/workbench/api/node/extensionHostProcess.js:130:28679)
    at MessagePortMain.emit (node:events:513:28)
    at Object.MessagePortMain._internalPort.emit (node:electron/js2c/utility_init:2:367) setContext undefined
2023-11-05 13:54:09.179 [error] Canceled: Canceled
    at new h (/usr/lib/code/out/vs/workbench/api/node/extensionHostProcess.js:102:56634)
    at t.O (/usr/lib/code/out/vs/workbench/api/node/extensionHostProcess.js:114:8020)
    at Proxy.N.<computed>.T.charCodeAt.N.<computed> (/usr/lib/code/out/vs/workbench/api/node/extensionHostProcess.js:114:5459)
    at a.g (/usr/lib/code/out/vs/workbench/api/node/extensionHostProcess.js:102:77241)
    at a.executeCommand (/usr/lib/code/out/vs/workbench/api/node/extensionHostProcess.js:102:76679)
    at v.registerCommand.description (/usr/lib/code/out/vs/workbench/api/node/extensionHostProcess.js:102:76000)
    at a.h (/usr/lib/code/out/vs/workbench/api/node/extensionHostProcess.js:102:77777)
    at a.g (/usr/lib/code/out/vs/workbench/api/node/extensionHostProcess.js:102:76772)
    at a.executeCommand (/usr/lib/code/out/vs/workbench/api/node/extensionHostProcess.js:102:76679)
    at Object.executeCommand (/usr/lib/code/out/vs/workbench/api/node/extensionHostProcess.js:120:20977)
    at w (/home/owl/.vscode-oss/extensions/eamodio.gitlens-14.4.1-universal/dist/gitlens.js:1:1065521)
    at l (/home/owl/.vscode-oss/extensions/eamodio.gitlens-14.4.1-universal/dist/gitlens.js:1:1070149)
    at ActionRunners._updateContextKeys (/home/owl/.vscode-oss/extensions/eamodio.gitlens-14.4.1-universal/dist/gitlens.js:1:38884)
    at s (/home/owl/.vscode-oss/extensions/eamodio.gitlens-14.4.1-universal/dist/gitlens.js:1:37303)
    at RegisteredActionRunner.unregister (/home/owl/.vscode-oss/extensions/eamodio.gitlens-14.4.1-universal/dist/gitlens.js:1:37447)
    at RegisteredActionRunner.dispose (/home/owl/.vscode-oss/extensions/eamodio.gitlens-14.4.1-universal/dist/gitlens.js:1:36110)
    at Object.dispose (/home/owl/.vscode-oss/extensions/eamodio.gitlens-14.4.1-universal/dist/gitlens.js:1:37544)
    at S (/usr/lib/code/out/vs/workbench/api/node/extensionHostProcess.js:13:11731)
    at r.Z (/usr/lib/code/out/vs/workbench/api/node/extensionHostProcess.js:116:9686)
    at /usr/lib/code/out/vs/workbench/api/node/extensionHostProcess.js:116:7582
    at Array.map (<anonymous>)
    at r.S (/usr/lib/code/out/vs/workbench/api/node/extensionHostProcess.js:116:7570)
    at r.terminate (/usr/lib/code/out/vs/workbench/api/node/extensionHostProcess.js:116:7842)
    at s.terminate (/usr/lib/code/out/vs/workbench/api/node/extensionHostProcess.js:120:1506)
    at C (/usr/lib/code/out/vs/workbench/api/node/extensionHostProcess.js:130:32254)
    at MessagePortMain.<anonymous> (/usr/lib/code/out/vs/workbench/api/node/extensionHostProcess.js:130:28679)
    at MessagePortMain.emit (node:events:513:28)
    at Object.MessagePortMain._internalPort.emit (node:electron/js2c/utility_init:2:367) setContext undefined
2023-11-05 13:54:09.180 [error] Canceled: Canceled
    at new h (/usr/lib/code/out/vs/workbench/api/node/extensionHostProcess.js:102:56634)
    at t.O (/usr/lib/code/out/vs/workbench/api/node/extensionHostProcess.js:114:8020)
    at Proxy.N.<computed>.T.charCodeAt.N.<computed> (/usr/lib/code/out/vs/workbench/api/node/extensionHostProcess.js:114:5459)
    at a.g (/usr/lib/code/out/vs/workbench/api/node/extensionHostProcess.js:102:77241)
    at a.executeCommand (/usr/lib/code/out/vs/workbench/api/node/extensionHostProcess.js:102:76679)
    at v.registerCommand.description (/usr/lib/code/out/vs/workbench/api/node/extensionHostProcess.js:102:76000)
    at a.h (/usr/lib/code/out/vs/workbench/api/node/extensionHostProcess.js:102:77777)
    at a.g (/usr/lib/code/out/vs/workbench/api/node/extensionHostProcess.js:102:76772)
    at a.executeCommand (/usr/lib/code/out/vs/workbench/api/node/extensionHostProcess.js:102:76679)
    at Object.executeCommand (/usr/lib/code/out/vs/workbench/api/node/extensionHostProcess.js:120:20977)
    at w (/home/owl/.vscode-oss/extensions/eamodio.gitlens-14.4.1-universal/dist/gitlens.js:1:1065521)
    at l (/home/owl/.vscode-oss/extensions/eamodio.gitlens-14.4.1-universal/dist/gitlens.js:1:1070149)
    at ActionRunners._updateContextKeys (/home/owl/.vscode-oss/extensions/eamodio.gitlens-14.4.1-universal/dist/gitlens.js:1:38884)
    at s (/home/owl/.vscode-oss/extensions/eamodio.gitlens-14.4.1-universal/dist/gitlens.js:1:37303)
    at RegisteredActionRunner.unregister (/home/owl/.vscode-oss/extensions/eamodio.gitlens-14.4.1-universal/dist/gitlens.js:1:37447)
    at RegisteredActionRunner.dispose (/home/owl/.vscode-oss/extensions/eamodio.gitlens-14.4.1-universal/dist/gitlens.js:1:36110)
    at Object.dispose (/home/owl/.vscode-oss/extensions/eamodio.gitlens-14.4.1-universal/dist/gitlens.js:1:37544)
    at S (/usr/lib/code/out/vs/workbench/api/node/extensionHostProcess.js:13:11731)
    at r.Z (/usr/lib/code/out/vs/workbench/api/node/extensionHostProcess.js:116:9686)
    at /usr/lib/code/out/vs/workbench/api/node/extensionHostProcess.js:116:7582
    at Array.map (<anonymous>)
    at r.S (/usr/lib/code/out/vs/workbench/api/node/extensionHostProcess.js:116:7570)
    at r.terminate (/usr/lib/code/out/vs/workbench/api/node/extensionHostProcess.js:116:7842)
    at s.terminate (/usr/lib/code/out/vs/workbench/api/node/extensionHostProcess.js:120:1506)
    at C (/usr/lib/code/out/vs/workbench/api/node/extensionHostProcess.js:130:32254)
    at MessagePortMain.<anonymous> (/usr/lib/code/out/vs/workbench/api/node/extensionHostProcess.js:130:28679)
    at MessagePortMain.emit (node:events:513:28)
    at Object.MessagePortMain._internalPort.emit (node:electron/js2c/utility_init:2:367) setContext undefined
2023-11-05 13:54:09.181 [error] Error: Client is not running and can't be stopped. It's current state is: starting
    at p.shutdown (/home/owl/.vscode-oss/extensions/vue.volar-1.8.17-universal/dist/client.js:39:8615)
    at p.stop (/home/owl/.vscode-oss/extensions/vue.volar-1.8.17-universal/dist/client.js:39:8194)
    at p.stop (/home/owl/.vscode-oss/extensions/vue.volar-1.8.17-universal/dist/client.js:39:51824)
    at WO (/home/owl/.vscode-oss/extensions/vue.volar-1.8.17-universal/dist/client.js:59:13491)
    at Object.e0 [as deactivate] (/home/owl/.vscode-oss/extensions/vue.volar-1.8.17-universal/dist/client.js:59:19348)
    at r.Z (/usr/lib/code/out/vs/workbench/api/node/extensionHostProcess.js:116:9494)
    at /usr/lib/code/out/vs/workbench/api/node/extensionHostProcess.js:116:7582
    at Array.map (<anonymous>)
    at r.S (/usr/lib/code/out/vs/workbench/api/node/extensionHostProcess.js:116:7570)
    at r.terminate (/usr/lib/code/out/vs/workbench/api/node/extensionHostProcess.js:116:7842)
    at s.terminate (/usr/lib/code/out/vs/workbench/api/node/extensionHostProcess.js:120:1506)
    at C (/usr/lib/code/out/vs/workbench/api/node/extensionHostProcess.js:130:32254)
    at MessagePortMain.<anonymous> (/usr/lib/code/out/vs/workbench/api/node/extensionHostProcess.js:130:28679)
    at MessagePortMain.emit (node:events:513:28)
    at Object.MessagePortMain._internalPort.emit (node:electron/js2c/utility_init:2:367)
2023-11-05 13:54:09.181 [info] Extension host with pid 84869 exiting with code 0
