2023-09-20 00:26:39.798 [info] Log level: Info
2023-09-20 00:26:39.798 [info] Validating found git in: "git"
2023-09-20 00:26:39.798 [info] Using git "2.42.0" from "git"
2023-09-20 00:26:39.798 [info] > git rev-parse --show-toplevel [494ms]
2023-09-20 00:26:39.798 [info] fatal: detected dubious ownership in repository at '/home/owl/interact'
To add an exception for this directory, call:

	git config --global --add safe.directory /home/owl/interact
2023-09-20 00:26:40.615 [info] > git rev-parse --show-toplevel [807ms]
2023-09-20 00:26:40.616 [info] fatal: detected dubious ownership in repository at '/home/owl/interact'
To add an exception for this directory, call:

	git config --global --add safe.directory /home/owl/interact
2023-09-20 00:26:41.144 [info] > git rev-parse --show-toplevel [452ms]
2023-09-20 00:26:41.144 [info] fatal: detected dubious ownership in repository at '/home/owl/interact'
To add an exception for this directory, call:

	git config --global --add safe.directory /home/owl/interact
2023-09-20 00:26:41.570 [info] > git rev-parse --show-toplevel [420ms]
2023-09-20 00:26:41.570 [info] fatal: detected dubious ownership in repository at '/home/owl/interact'
To add an exception for this directory, call:

	git config --global --add safe.directory /home/owl/interact
2023-09-20 00:26:41.989 [info] > git rev-parse --show-toplevel [411ms]
2023-09-20 00:26:41.989 [info] fatal: detected dubious ownership in repository at '/home/owl/interact'
To add an exception for this directory, call:

	git config --global --add safe.directory /home/owl/interact
2023-09-20 00:26:42.416 [info] > git rev-parse --show-toplevel [421ms]
2023-09-20 00:26:42.416 [info] fatal: detected dubious ownership in repository at '/home/owl/interact'
To add an exception for this directory, call:

	git config --global --add safe.directory /home/owl/interact
2023-09-20 00:26:42.836 [info] > git rev-parse --show-toplevel [413ms]
2023-09-20 00:26:42.836 [info] fatal: detected dubious ownership in repository at '/home/owl/interact'
To add an exception for this directory, call:

	git config --global --add safe.directory /home/owl/interact
2023-09-20 00:26:48.033 [info] > git rev-parse --show-toplevel [203ms]
2023-09-20 00:26:48.033 [info] fatal: detected dubious ownership in repository at '/home/owl/interact'
To add an exception for this directory, call:

	git config --global --add safe.directory /home/owl/interact
2023-09-20 00:27:12.507 [info] > git rev-parse --show-toplevel [775ms]
2023-09-20 00:27:12.507 [info] fatal: detected dubious ownership in repository at '/home/owl/interact'
To add an exception for this directory, call:

	git config --global --add safe.directory /home/owl/interact
2023-09-20 00:27:15.259 [info] > git rev-parse --show-toplevel [778ms]
2023-09-20 00:27:15.259 [info] fatal: detected dubious ownership in repository at '/home/owl/interact'
To add an exception for this directory, call:

	git config --global --add safe.directory /home/owl/interact
2023-09-20 00:27:17.336 [info] > git rev-parse --show-toplevel [1068ms]
2023-09-20 00:27:17.336 [info] fatal: detected dubious ownership in repository at '/home/owl/interact'
To add an exception for this directory, call:

	git config --global --add safe.directory /home/owl/interact
2023-09-20 00:27:18.165 [info] > git rev-parse --show-toplevel [821ms]
2023-09-20 00:27:18.165 [info] fatal: detected dubious ownership in repository at '/home/owl/interact'
To add an exception for this directory, call:

	git config --global --add safe.directory /home/owl/interact
2023-09-20 00:27:18.894 [info] > git rev-parse --show-toplevel [717ms]
2023-09-20 00:27:18.894 [info] fatal: detected dubious ownership in repository at '/home/owl/interact'
To add an exception for this directory, call:

	git config --global --add safe.directory /home/owl/interact
2023-09-20 00:27:19.568 [info] > git rev-parse --show-toplevel [667ms]
2023-09-20 00:27:19.568 [info] fatal: detected dubious ownership in repository at '/home/owl/interact'
To add an exception for this directory, call:

	git config --global --add safe.directory /home/owl/interact
2023-09-20 00:27:20.039 [info] > git rev-parse --show-toplevel [465ms]
2023-09-20 00:27:20.039 [info] fatal: detected dubious ownership in repository at '/home/owl/interact'
To add an exception for this directory, call:

	git config --global --add safe.directory /home/owl/interact
2023-09-20 00:27:24.998 [info] > git rev-parse --show-toplevel [1018ms]
2023-09-20 00:27:24.998 [info] fatal: detected dubious ownership in repository at '/home/owl/interact'
To add an exception for this directory, call:

	git config --global --add safe.directory /home/owl/interact
2023-09-20 00:30:19.183 [info] > git rev-parse --show-toplevel [828ms]
2023-09-20 00:30:19.183 [info] fatal: detected dubious ownership in repository at '/home/owl/interact'
To add an exception for this directory, call:

	git config --global --add safe.directory /home/owl/interact
2023-09-20 00:30:26.197 [info] > git rev-parse --show-toplevel [849ms]
2023-09-20 00:30:26.197 [info] fatal: detected dubious ownership in repository at '/home/owl/interact'
To add an exception for this directory, call:

	git config --global --add safe.directory /home/owl/interact
2023-09-20 00:32:53.989 [info] > git rev-parse --show-toplevel [1191ms]
2023-09-20 00:32:53.989 [info] fatal: detected dubious ownership in repository at '/home/owl/interact'
To add an exception for this directory, call:

	git config --global --add safe.directory /home/owl/interact
2023-09-20 00:32:55.412 [info] > git rev-parse --show-toplevel [776ms]
2023-09-20 00:32:55.412 [info] fatal: detected dubious ownership in repository at '/home/owl/interact'
To add an exception for this directory, call:

	git config --global --add safe.directory /home/owl/interact
2023-09-20 00:42:46.743 [info] > git rev-parse --show-toplevel [2063ms]
2023-09-20 00:42:46.743 [info] fatal: detected dubious ownership in repository at '/home/owl/interact'
To add an exception for this directory, call:

	git config --global --add safe.directory /home/owl/interact
2023-09-20 00:42:58.856 [info] > git rev-parse --show-toplevel [2191ms]
2023-09-20 00:42:58.856 [info] fatal: detected dubious ownership in repository at '/home/owl/interact'
To add an exception for this directory, call:

	git config --global --add safe.directory /home/owl/interact
2023-09-20 00:43:30.175 [info] > git rev-parse --show-toplevel [1920ms]
2023-09-20 00:43:30.175 [info] fatal: detected dubious ownership in repository at '/home/owl/interact'
To add an exception for this directory, call:

	git config --global --add safe.directory /home/owl/interact
2023-09-20 00:44:29.029 [info] > git rev-parse --show-toplevel [1604ms]
2023-09-20 00:44:29.029 [info] fatal: detected dubious ownership in repository at '/home/owl/interact'
To add an exception for this directory, call:

	git config --global --add safe.directory /home/owl/interact
2023-09-20 00:44:33.662 [info] > git rev-parse --show-toplevel [1477ms]
2023-09-20 00:44:33.662 [info] fatal: detected dubious ownership in repository at '/home/owl/interact'
To add an exception for this directory, call:

	git config --global --add safe.directory /home/owl/interact
2023-09-20 00:44:38.879 [info] > git rev-parse --show-toplevel [780ms]
2023-09-20 00:44:38.879 [info] fatal: detected dubious ownership in repository at '/home/owl/interact'
To add an exception for this directory, call:

	git config --global --add safe.directory /home/owl/interact
2023-09-20 00:57:38.714 [info] > git rev-parse --show-toplevel [2248ms]
2023-09-20 00:57:38.714 [info] fatal: detected dubious ownership in repository at '/home/owl/interact'
To add an exception for this directory, call:

	git config --global --add safe.directory /home/owl/interact
2023-09-20 00:57:39.494 [info] > git rev-parse --show-toplevel [772ms]
2023-09-20 00:57:39.494 [info] fatal: detected dubious ownership in repository at '/home/owl/interact'
To add an exception for this directory, call:

	git config --global --add safe.directory /home/owl/interact
