2023-09-02 00:40:19.307 [info] Extension host with pid 2161 started
2023-09-02 00:40:19.307 [info] Skipping acquiring lock for /home/owl/.config/Code - OSS/User/workspaceStorage/83bd03d646827734c203b213262f88dc.
2023-09-02 00:40:19.407 [info] ExtensionService#_doActivateExtension vscode.emmet, startup: false, activationEvent: 'onLanguage'
2023-09-02 00:40:19.433 [info] ExtensionService#_doActivateExtension vscode.git-base, startup: true, activationEvent: '*', root cause: vscode.git
2023-09-02 00:40:19.437 [info] ExtensionService#_doActivateExtension vscode.git, startup: true, activationEvent: '*'
2023-09-02 00:40:19.459 [info] ExtensionService#_doActivateExtension vscode.github, startup: true, activationEvent: '*'
2023-09-02 00:40:19.498 [info] Eager extensions activated
2023-09-02 00:40:19.551 [info] ExtensionService#_doActivateExtension vscode.debug-auto-launch, startup: false, activationEvent: 'onStartupFinished'
2023-09-02 00:40:19.555 [info] ExtensionService#_doActivateExtension vscode.merge-conflict, startup: false, activationEvent: 'onStartupFinished'
2023-09-02 00:40:19.724 [warning] [Decorations] CAPPING events from decorations provider vscode.git 2028
2023-09-02 00:40:19.764 [info] ExtensionService#_doActivateExtension vscode.github-authentication, startup: false, activationEvent: 'onAuthenticationRequest:github'
2023-09-02 00:40:19.956 [warning] [Decorations] CAPPING events from decorations provider vscode.git 2028
2023-09-02 00:44:15.986 [warning] [Decorations] CAPPING events from decorations provider vscode.git 2028
2023-09-02 00:44:46.097 [warning] [Decorations] CAPPING events from decorations provider vscode.git 2028
2023-09-02 00:44:51.209 [warning] [Decorations] CAPPING events from decorations provider vscode.git 2028
2023-09-02 00:45:02.488 [warning] [Decorations] CAPPING events from decorations provider vscode.git 2028
2023-09-02 00:45:30.971 [warning] [Decorations] CAPPING events from decorations provider vscode.git 2028
2023-09-02 00:50:56.855 [warning] [Decorations] CAPPING events from decorations provider vscode.git 2028
2023-09-02 00:51:01.955 [warning] [Decorations] CAPPING events from decorations provider vscode.git 2028
2023-09-02 00:51:11.926 [warning] [Decorations] CAPPING events from decorations provider vscode.git 2028
2023-09-02 00:51:23.124 [warning] [Decorations] CAPPING events from decorations provider vscode.git 2028
2023-09-02 00:51:46.046 [warning] [Decorations] CAPPING events from decorations provider vscode.git 2028
2023-09-02 00:51:58.393 [warning] [Decorations] CAPPING events from decorations provider vscode.git 2028
2023-09-02 00:52:03.498 [warning] [Decorations] CAPPING events from decorations provider vscode.git 2028
2023-09-02 00:52:26.706 [warning] [Decorations] CAPPING events from decorations provider vscode.git 2028
2023-09-02 00:53:01.449 [warning] [Decorations] CAPPING events from decorations provider vscode.git 2028
2023-09-02 00:53:27.273 [warning] [Decorations] CAPPING events from decorations provider vscode.git 2028
2023-09-02 00:53:49.212 [warning] [Decorations] CAPPING events from decorations provider vscode.git 2028
2023-09-02 00:54:12.204 [warning] [Decorations] CAPPING events from decorations provider vscode.git 2028
2023-09-02 00:54:33.587 [warning] [Decorations] CAPPING events from decorations provider vscode.git 2028
2023-09-02 00:54:45.863 [warning] [Decorations] CAPPING events from decorations provider vscode.git 2028
2023-09-02 00:54:50.924 [warning] [Decorations] CAPPING events from decorations provider vscode.git 2028
2023-09-02 00:55:56.705 [warning] [Decorations] CAPPING events from decorations provider vscode.git 2126
2023-09-02 00:57:38.337 [warning] [Decorations] CAPPING events from decorations provider vscode.git 2120
2023-09-02 02:10:11.578 [info] Extension host terminating: renderer closed the MessagePort
2023-09-02 02:10:11.590 [error] Canceled: Canceled
	at new h (/usr/lib/code/out/vs/workbench/api/node/extensionHostProcess.js:102:56634)
	at t.O (/usr/lib/code/out/vs/workbench/api/node/extensionHostProcess.js:114:8020)
	at N.<computed>.T.charCodeAt.N.<computed> (/usr/lib/code/out/vs/workbench/api/node/extensionHostProcess.js:114:5459)
	at a.g (/usr/lib/code/out/vs/workbench/api/node/extensionHostProcess.js:102:77241)
	at a.executeCommand (/usr/lib/code/out/vs/workbench/api/node/extensionHostProcess.js:102:76679)
	at v.registerCommand.description (/usr/lib/code/out/vs/workbench/api/node/extensionHostProcess.js:102:76000)
	at a.h (/usr/lib/code/out/vs/workbench/api/node/extensionHostProcess.js:102:77777)
	at a.g (/usr/lib/code/out/vs/workbench/api/node/extensionHostProcess.js:102:76772)
	at a.executeCommand (/usr/lib/code/out/vs/workbench/api/node/extensionHostProcess.js:102:76679)
	at Object.executeCommand (/usr/lib/code/out/vs/workbench/api/node/extensionHostProcess.js:120:20977)
	at r.D [as value] (/usr/lib/code/extensions/git/dist/main.js:2:1261893)
	at f.w (/usr/lib/code/out/vs/workbench/api/node/extensionHostProcess.js:63:1902)
	at f.x (/usr/lib/code/out/vs/workbench/api/node/extensionHostProcess.js:63:1972)
	at f.fire (/usr/lib/code/out/vs/workbench/api/node/extensionHostProcess.js:63:2188)
	at Object.m [as dispose] (/usr/lib/code/extensions/git/dist/main.js:2:1277529)
	at /usr/lib/code/extensions/git/dist/main.js:2:1282272
	at Array.forEach (<anonymous>)
	at g.dispose (/usr/lib/code/extensions/git/dist/main.js:2:1282258)
	at p.<anonymous> (/usr/lib/code/out/vs/workbench/api/node/extensionHostProcess.js:98:3381)
	at p.dispose (/usr/lib/code/out/vs/workbench/api/node/extensionHostProcess.js:98:3478)
	at p.<anonymous> (/usr/lib/code/extensions/git/dist/main.js:2:1263913)
	at p.dispose (/usr/lib/code/out/vs/workbench/api/node/extensionHostProcess.js:98:3478)
	at S (/usr/lib/code/out/vs/workbench/api/node/extensionHostProcess.js:13:11731)
	at r.Z (/usr/lib/code/out/vs/workbench/api/node/extensionHostProcess.js:116:9686)
	at /usr/lib/code/out/vs/workbench/api/node/extensionHostProcess.js:116:7582
	at Array.map (<anonymous>)
	at r.S (/usr/lib/code/out/vs/workbench/api/node/extensionHostProcess.js:116:7570)
	at r.terminate (/usr/lib/code/out/vs/workbench/api/node/extensionHostProcess.js:116:7842)
	at s.terminate (/usr/lib/code/out/vs/workbench/api/node/extensionHostProcess.js:120:1506)
	at C (/usr/lib/code/out/vs/workbench/api/node/extensionHostProcess.js:130:32254)
	at MessagePortMain.<anonymous> (/usr/lib/code/out/vs/workbench/api/node/extensionHostProcess.js:130:28679)
	at MessagePortMain.emit (node:events:513:28)
	at MessagePortMain._internalPort.emit (node:electron/js2c/utility_init:2:367) setContext undefined
2023-09-02 02:10:11.591 [error] Canceled: Canceled
	at new h (/usr/lib/code/out/vs/workbench/api/node/extensionHostProcess.js:102:56634)
	at t.O (/usr/lib/code/out/vs/workbench/api/node/extensionHostProcess.js:114:8020)
	at N.<computed>.T.charCodeAt.N.<computed> (/usr/lib/code/out/vs/workbench/api/node/extensionHostProcess.js:114:5459)
	at a.g (/usr/lib/code/out/vs/workbench/api/node/extensionHostProcess.js:102:77241)
	at a.executeCommand (/usr/lib/code/out/vs/workbench/api/node/extensionHostProcess.js:102:76679)
	at v.registerCommand.description (/usr/lib/code/out/vs/workbench/api/node/extensionHostProcess.js:102:76000)
	at a.h (/usr/lib/code/out/vs/workbench/api/node/extensionHostProcess.js:102:77777)
	at a.g (/usr/lib/code/out/vs/workbench/api/node/extensionHostProcess.js:102:76772)
	at a.executeCommand (/usr/lib/code/out/vs/workbench/api/node/extensionHostProcess.js:102:76679)
	at Object.executeCommand (/usr/lib/code/out/vs/workbench/api/node/extensionHostProcess.js:120:20977)
	at set b [as b] (/usr/lib/code/extensions/github/dist/extension.js:2:676264)
	at /usr/lib/code/extensions/github/dist/extension.js:2:676911
	at r.value (/usr/lib/code/extensions/git/dist/main.js:2:1349682)
	at f.w (/usr/lib/code/out/vs/workbench/api/node/extensionHostProcess.js:63:1902)
	at f.x (/usr/lib/code/out/vs/workbench/api/node/extensionHostProcess.js:63:1972)
	at f.fire (/usr/lib/code/out/vs/workbench/api/node/extensionHostProcess.js:63:2188)
	at Object.m [as dispose] (/usr/lib/code/extensions/git/dist/main.js:2:1277529)
	at /usr/lib/code/extensions/git/dist/main.js:2:1282272
	at Array.forEach (<anonymous>)
	at g.dispose (/usr/lib/code/extensions/git/dist/main.js:2:1282258)
	at p.<anonymous> (/usr/lib/code/out/vs/workbench/api/node/extensionHostProcess.js:98:3381)
	at p.dispose (/usr/lib/code/out/vs/workbench/api/node/extensionHostProcess.js:98:3478)
	at p.<anonymous> (/usr/lib/code/extensions/git/dist/main.js:2:1263913)
	at p.dispose (/usr/lib/code/out/vs/workbench/api/node/extensionHostProcess.js:98:3478)
	at S (/usr/lib/code/out/vs/workbench/api/node/extensionHostProcess.js:13:11731)
	at r.Z (/usr/lib/code/out/vs/workbench/api/node/extensionHostProcess.js:116:9686)
	at /usr/lib/code/out/vs/workbench/api/node/extensionHostProcess.js:116:7582
	at Array.map (<anonymous>)
	at r.S (/usr/lib/code/out/vs/workbench/api/node/extensionHostProcess.js:116:7570)
	at r.terminate (/usr/lib/code/out/vs/workbench/api/node/extensionHostProcess.js:116:7842)
	at s.terminate (/usr/lib/code/out/vs/workbench/api/node/extensionHostProcess.js:120:1506)
	at C (/usr/lib/code/out/vs/workbench/api/node/extensionHostProcess.js:130:32254)
	at MessagePortMain.<anonymous> (/usr/lib/code/out/vs/workbench/api/node/extensionHostProcess.js:130:28679)
	at MessagePortMain.emit (node:events:513:28)
	at MessagePortMain._internalPort.emit (node:electron/js2c/utility_init:2:367) setContext undefined
2023-09-02 02:10:11.591 [info] Extension host with pid 2161 exiting with code 0
