2023-09-29 17:27:38.290 [info] Log level: Info
2023-09-29 17:27:38.290 [info] Validating found git in: "git"
2023-09-29 17:27:38.290 [info] Using git "2.42.0" from "git"
2023-09-29 17:27:39.939 [info] > git rev-parse --show-toplevel [1651ms]
2023-09-29 17:27:39.939 [info] fatal: not a git repository (or any parent up to mount point /home/owl)
Stopping at filesystem boundary (GIT_DISCOVERY_ACROSS_FILESYSTEM not set).
2023-09-29 17:27:40.737 [info] > git rev-parse --show-toplevel [788ms]
2023-09-29 17:27:40.737 [info] fatal: not a git repository (or any parent up to mount point /home/owl)
Stopping at filesystem boundary (GIT_DISCOVERY_ACROSS_FILESYSTEM not set).
2023-09-29 17:27:41.352 [info] > git rev-parse --show-toplevel [606ms]
2023-09-29 17:27:41.353 [info] fatal: not a git repository (or any parent up to mount point /home/owl)
Stopping at filesystem boundary (GIT_DISCOVERY_ACROSS_FILESYSTEM not set).
2023-09-29 17:27:42.069 [info] > git rev-parse --show-toplevel [706ms]
2023-09-29 17:27:42.069 [info] fatal: not a git repository (or any parent up to mount point /home/owl)
Stopping at filesystem boundary (GIT_DISCOVERY_ACROSS_FILESYSTEM not set).
2023-09-29 17:27:42.785 [info] > git rev-parse --show-toplevel [705ms]
2023-09-29 17:27:42.785 [info] fatal: not a git repository (or any parent up to mount point /home/owl)
Stopping at filesystem boundary (GIT_DISCOVERY_ACROSS_FILESYSTEM not set).
2023-09-29 17:27:43.401 [info] > git rev-parse --show-toplevel [604ms]
2023-09-29 17:27:43.401 [info] fatal: not a git repository (or any parent up to mount point /home/owl)
Stopping at filesystem boundary (GIT_DISCOVERY_ACROSS_FILESYSTEM not set).
2023-09-29 17:27:44.029 [info] > git rev-parse --show-toplevel [617ms]
2023-09-29 17:27:44.029 [info] fatal: not a git repository (or any parent up to mount point /home/owl)
Stopping at filesystem boundary (GIT_DISCOVERY_ACROSS_FILESYSTEM not set).
