2023-09-02 15:19:52.231 [info] Log level: Info
2023-09-02 15:19:52.231 [info] Validating found git in: "git"
2023-09-02 15:19:52.231 [info] Using git "2.42.0" from "git"
2023-09-02 15:19:52.231 [info] > git rev-parse --show-toplevel [2ms]
2023-09-02 15:19:52.231 [info] fatal: not a git repository (or any of the parent directories): .git
2023-09-02 15:19:52.231 [info] > git rev-parse --show-toplevel [2ms]
2023-09-02 15:19:52.231 [info] fatal: not a git repository (or any of the parent directories): .git
2023-09-02 15:19:52.232 [info] > git rev-parse --show-toplevel [1ms]
2023-09-02 15:19:52.232 [info] fatal: not a git repository (or any of the parent directories): .git
2023-09-02 15:19:52.237 [info] > git rev-parse --show-toplevel [1ms]
2023-09-02 15:19:52.237 [info] fatal: not a git repository (or any of the parent directories): .git
2023-09-02 15:19:52.242 [info] > git rev-parse --show-toplevel [1ms]
2023-09-02 15:19:52.242 [info] fatal: not a git repository (or any of the parent directories): .git
2023-09-02 15:19:52.247 [info] > git rev-parse --show-toplevel [0ms]
2023-09-02 15:19:52.247 [info] fatal: not a git repository (or any of the parent directories): .git
2023-09-02 15:19:52.252 [info] > git rev-parse --show-toplevel [1ms]
2023-09-02 15:19:52.252 [info] fatal: not a git repository (or any of the parent directories): .git
2023-09-02 15:19:52.257 [info] > git rev-parse --show-toplevel [1ms]
2023-09-02 15:19:52.257 [info] fatal: not a git repository (or any of the parent directories): .git
2023-09-02 15:19:52.262 [info] > git rev-parse --show-toplevel [1ms]
2023-09-02 15:19:52.262 [info] fatal: not a git repository (or any of the parent directories): .git
2023-09-02 15:19:52.267 [info] > git rev-parse --show-toplevel [1ms]
2023-09-02 15:19:52.267 [info] fatal: not a git repository (or any of the parent directories): .git
2023-09-02 15:19:52.273 [info] > git rev-parse --show-toplevel [1ms]
2023-09-02 15:19:52.273 [info] fatal: not a git repository (or any of the parent directories): .git
2023-09-02 15:19:52.278 [info] > git rev-parse --show-toplevel [1ms]
2023-09-02 15:19:52.278 [info] fatal: not a git repository (or any of the parent directories): .git
