2023-09-04 19:26:16.466 [info] Getting Manifest... vue.volar
2023-09-04 19:26:16.605 [info] Installing extension: vue.volar
2023-09-04 19:26:23.146 [info] Extension signature verification is not done: vue.volar
2023-09-04 19:26:23.243 [info] Extracted extension to file:///home/owl/.vscode-oss/extensions/vue.volar-1.8.8-universal: vue.volar
2023-09-04 19:26:23.248 [info] Renamed to /home/owl/.vscode-oss/extensions/vue.volar-1.8.8-universal
2023-09-04 19:26:23.250 [info] Extracting extension completed. vue.volar
2023-09-04 19:26:23.258 [info] Extension installed successfully: vue.volar
2023-09-04 19:26:31.287 [info] Getting Manifest... batisteo.vscode-django
2023-09-04 19:26:31.596 [info] Installing extension: batisteo.vscode-django
2023-09-04 19:26:33.575 [info] Extension signature verification is not done: batisteo.vscode-django
2023-09-04 19:26:33.691 [info] Extracted extension to file:///home/owl/.vscode-oss/extensions/batisteo.vscode-django-1.8.0-universal: batisteo.vscode-django
2023-09-04 19:26:33.697 [info] Renamed to /home/owl/.vscode-oss/extensions/batisteo.vscode-django-1.8.0-universal
2023-09-04 19:26:33.698 [info] Extracting extension completed. batisteo.vscode-django
2023-09-04 19:26:33.706 [info] Extension installed successfully: batisteo.vscode-django
2023-09-04 19:26:54.514 [info] Getting Manifest... ms-python.python
2023-09-04 19:26:55.024 [info] Installing extension: ms-python.python
2023-09-04 19:28:16.417 [info] Extension signature verification is not done: ms-python.python
2023-09-04 19:28:18.231 [info] Extracted extension to file:///home/owl/.vscode-oss/extensions/ms-python.python-2023.14.0-universal: ms-python.python
2023-09-04 19:28:18.245 [info] Renamed to /home/owl/.vscode-oss/extensions/ms-python.python-2023.14.0-universal
2023-09-04 19:28:18.249 [info] Extracting extension completed. ms-python.python
2023-09-04 19:28:18.258 [info] Extension installed successfully: ms-python.python
