2023-09-04 19:11:00.766 [info] Added views:workbench.panel.markers.view in workbench.panel.markers
2023-09-04 19:11:00.767 [info] Added views:workbench.panel.output in workbench.panel.output
2023-09-04 19:11:00.767 [info] Added views:terminal in terminal
2023-09-04 19:11:00.767 [info] Added views:outline in workbench.view.explorer
2023-09-04 19:11:00.767 [info] Added views:workbench.scm in workbench.view.scm
2023-09-04 19:11:00.767 [info] Added views:workbench.view.search in workbench.view.search
2023-09-04 19:11:00.767 [info] Added views:timeline in workbench.view.explorer
2023-09-04 19:11:00.767 [info] Added views:workbench.explorer.fileView in workbench.view.explorer
2023-09-04 19:11:01.129 [info] Added views:workbench.debug.welcome in workbench.view.debug
2023-09-04 19:11:01.146 [info] Added views:workbench.panel.repl.view in workbench.panel.repl
2023-09-04 19:25:57.812 [info] Added views:workbench.views.extensions.installed,workbench.views.extensions.popular,extensions.recommendedList in workbench.view.extensions
2023-09-04 19:25:57.815 [info] Removed views:workbench.views.extensions.popular from workbench.view.extensions
2023-09-04 19:25:58.029 [info] Added views:workbench.views.extensions.popular in workbench.view.extensions
2023-09-04 19:26:04.077 [info] Removed views:extensions.recommendedList,workbench.views.extensions.popular,workbench.views.extensions.installed from workbench.view.extensions
2023-09-04 19:26:04.103 [info] Added views:workbench.views.extensions.marketplace in workbench.view.extensions
2023-09-04 19:26:21.625 [info] Removed views:workbench.views.extensions.marketplace from workbench.view.extensions
2023-09-04 19:26:21.646 [info] Added views:workbench.views.extensions.installed,workbench.views.extensions.popular,extensions.recommendedList in workbench.view.extensions
2023-09-04 19:26:23.342 [info] Removed views:extensions.recommendedList,workbench.views.extensions.popular,workbench.views.extensions.installed from workbench.view.extensions
2023-09-04 19:26:23.353 [info] Added views:workbench.views.extensions.marketplace in workbench.view.extensions
2023-09-04 19:26:38.784 [info] Removed views:workbench.views.extensions.marketplace from workbench.view.extensions
2023-09-04 19:26:38.803 [info] Added views:workbench.views.extensions.installed,workbench.views.extensions.popular,extensions.recommendedList in workbench.view.extensions
2023-09-04 19:26:40.488 [info] Removed views:extensions.recommendedList,workbench.views.extensions.popular,workbench.views.extensions.installed from workbench.view.extensions
2023-09-04 19:26:40.515 [info] Added views:workbench.views.extensions.marketplace in workbench.view.extensions
