2023-09-26 21:00:14.524 [info] Log level: Info
2023-09-26 21:00:14.524 [info] Validating found git in: "git"
2023-09-26 21:00:14.524 [info] Using git "2.42.0" from "git"
2023-09-26 21:00:15.985 [info] > git rev-parse --show-toplevel [1530ms]
2023-09-26 21:00:15.985 [info] fatal: not a git repository (or any parent up to mount point /home/owl)
Stopping at filesystem boundary (GIT_DISCOVERY_ACROSS_FILESYSTEM not set).
2023-09-26 21:00:17.624 [info] > git rev-parse --show-toplevel [808ms]
2023-09-26 21:00:17.624 [info] fatal: not a git repository (or any parent up to mount point /home/owl)
Stopping at filesystem boundary (GIT_DISCOVERY_ACROSS_FILESYSTEM not set).
2023-09-26 21:00:18.239 [info] > git rev-parse --show-toplevel [601ms]
2023-09-26 21:00:18.239 [info] fatal: not a git repository (or any parent up to mount point /home/owl)
Stopping at filesystem boundary (GIT_DISCOVERY_ACROSS_FILESYSTEM not set).
2023-09-26 21:00:18.853 [info] > git rev-parse --show-toplevel [603ms]
2023-09-26 21:00:18.853 [info] fatal: not a git repository (or any parent up to mount point /home/owl)
Stopping at filesystem boundary (GIT_DISCOVERY_ACROSS_FILESYSTEM not set).
2023-09-26 21:00:19.310 [info] > git rev-parse --show-toplevel [445ms]
2023-09-26 21:00:19.310 [info] fatal: not a git repository (or any parent up to mount point /home/owl)
Stopping at filesystem boundary (GIT_DISCOVERY_ACROSS_FILESYSTEM not set).
2023-09-26 21:00:19.728 [info] > git rev-parse --show-toplevel [406ms]
2023-09-26 21:00:19.728 [info] fatal: not a git repository (or any parent up to mount point /home/owl)
Stopping at filesystem boundary (GIT_DISCOVERY_ACROSS_FILESYSTEM not set).
2023-09-26 21:00:20.144 [info] > git rev-parse --show-toplevel [405ms]
2023-09-26 21:00:20.144 [info] fatal: not a git repository (or any parent up to mount point /home/owl)
Stopping at filesystem boundary (GIT_DISCOVERY_ACROSS_FILESYSTEM not set).
2023-09-26 21:22:41.742 [info] > git rev-parse --show-toplevel [408ms]
2023-09-26 21:22:41.742 [info] fatal: not a git repository (or any parent up to mount point /home/owl)
Stopping at filesystem boundary (GIT_DISCOVERY_ACROSS_FILESYSTEM not set).
2023-09-26 21:25:29.367 [info] > git rev-parse --show-toplevel [289ms]
2023-09-26 21:25:29.367 [info] fatal: not a git repository (or any parent up to mount point /home/owl)
Stopping at filesystem boundary (GIT_DISCOVERY_ACROSS_FILESYSTEM not set).
2023-09-26 21:26:24.901 [info] > git rev-parse --show-toplevel [276ms]
2023-09-26 21:26:24.901 [info] fatal: not a git repository (or any parent up to mount point /home/owl)
Stopping at filesystem boundary (GIT_DISCOVERY_ACROSS_FILESYSTEM not set).
2023-09-26 21:27:39.252 [info] > git rev-parse --show-toplevel [279ms]
2023-09-26 21:27:39.252 [info] fatal: not a git repository (or any parent up to mount point /home/owl)
Stopping at filesystem boundary (GIT_DISCOVERY_ACROSS_FILESYSTEM not set).
2023-09-26 21:37:47.585 [info] > git rev-parse --show-toplevel [304ms]
2023-09-26 21:37:47.585 [info] fatal: not a git repository (or any parent up to mount point /home/owl)
Stopping at filesystem boundary (GIT_DISCOVERY_ACROSS_FILESYSTEM not set).
2023-09-26 21:38:32.743 [info] > git rev-parse --show-toplevel [305ms]
2023-09-26 21:38:32.743 [info] fatal: not a git repository (or any parent up to mount point /home/owl)
Stopping at filesystem boundary (GIT_DISCOVERY_ACROSS_FILESYSTEM not set).
2023-09-26 21:38:34.586 [info] > git rev-parse --show-toplevel [343ms]
2023-09-26 21:38:34.587 [info] fatal: not a git repository (or any parent up to mount point /home/owl)
Stopping at filesystem boundary (GIT_DISCOVERY_ACROSS_FILESYSTEM not set).
2023-09-26 21:58:34.391 [info] > git rev-parse --show-toplevel [306ms]
2023-09-26 21:58:34.391 [info] fatal: not a git repository (or any parent up to mount point /home/owl)
Stopping at filesystem boundary (GIT_DISCOVERY_ACROSS_FILESYSTEM not set).
