2023-09-30 01:37:13.732 [info] Log level: Info
2023-09-30 01:37:13.732 [info] Validating found git in: "git"
2023-09-30 01:37:13.732 [info] Using git "2.42.0" from "git"
2023-09-30 01:37:14.960 [info] > git rev-parse --show-toplevel [1258ms]
2023-09-30 01:37:14.960 [info] fatal: not a git repository (or any parent up to mount point /home/owl)
Stopping at filesystem boundary (GIT_DISCOVERY_ACROSS_FILESYSTEM not set).
2023-09-30 01:37:15.674 [info] > git rev-parse --show-toplevel [703ms]
2023-09-30 01:37:15.675 [info] fatal: not a git repository (or any parent up to mount point /home/owl)
Stopping at filesystem boundary (GIT_DISCOVERY_ACROSS_FILESYSTEM not set).
2023-09-30 01:37:16.605 [info] > git rev-parse --show-toplevel [919ms]
2023-09-30 01:37:16.605 [info] fatal: not a git repository (or any parent up to mount point /home/owl)
Stopping at filesystem boundary (GIT_DISCOVERY_ACROSS_FILESYSTEM not set).
2023-09-30 01:37:17.039 [info] > git rev-parse --show-toplevel [425ms]
2023-09-30 01:37:17.039 [info] fatal: not a git repository (or any parent up to mount point /home/owl)
Stopping at filesystem boundary (GIT_DISCOVERY_ACROSS_FILESYSTEM not set).
2023-09-30 01:37:17.472 [info] > git rev-parse --show-toplevel [425ms]
2023-09-30 01:37:17.472 [info] fatal: not a git repository (or any parent up to mount point /home/owl)
Stopping at filesystem boundary (GIT_DISCOVERY_ACROSS_FILESYSTEM not set).
2023-09-30 01:37:17.903 [info] > git rev-parse --show-toplevel [420ms]
2023-09-30 01:37:17.903 [info] fatal: not a git repository (or any parent up to mount point /home/owl)
Stopping at filesystem boundary (GIT_DISCOVERY_ACROSS_FILESYSTEM not set).
2023-09-30 01:37:18.338 [info] > git rev-parse --show-toplevel [427ms]
2023-09-30 01:37:18.338 [info] fatal: not a git repository (or any parent up to mount point /home/owl)
Stopping at filesystem boundary (GIT_DISCOVERY_ACROSS_FILESYSTEM not set).
2023-09-30 01:37:26.016 [info] > git rev-parse --show-toplevel [304ms]
2023-09-30 01:37:26.016 [info] fatal: not a git repository (or any parent up to mount point /home/owl)
Stopping at filesystem boundary (GIT_DISCOVERY_ACROSS_FILESYSTEM not set).
