Extension "Export to PDF via Scribus" failed to load because a dependency was not met.
Dependency:
	type: executable
	location: path
	string: scribus

Extension "Plot" failed to load because a dependency was not met.
Dependency:
	type: file
	location: inx
	string: hpgl_decoder.py

Extension "Formula (pdflatex)" failed to load because a dependency was not met.
Dependency:
	type: executable
	location: path
	string: pdflatex

Extension "EPS Input" failed to load because a dependency was not met.
Dependency:
	type: executable
	location: path
	string: ps2pdf

Extension "XFIG Input" failed to load because a dependency was not met.
Dependency:
	type: executable
	location: path
	string: fig2dev

Extension "GIMP XCF" failed to load because a dependency was not met.
Dependency:
	type: executable
	location: path
	string: gimp

Extension "PostScript Input" failed to load because a dependency was not met.
Dependency:
	type: executable
	location: path
	string: ps2pdf

Extension "Optimized PNG" failed to load because a dependency was not met.
Dependency:
	type: executable
	location: path
	string: optipng

