2023-09-30 01:13:50.206 [info] Log level: Info
2023-09-30 01:13:50.207 [info] Validating found git in: "git"
2023-09-30 01:13:50.207 [info] Using git "2.42.0" from "git"
2023-09-30 01:13:50.207 [info] > git rev-parse --show-toplevel [5ms]
2023-09-30 01:13:50.207 [info] > git rev-parse --git-dir --git-common-dir [2ms]
2023-09-30 01:13:50.218 [info] Open repository: /home/owl/config-files
2023-09-30 01:13:50.237 [info] > git config --get commit.template [2ms]
2023-09-30 01:13:50.254 [info] > git for-each-ref --format=%(refname)%00%(upstream:short)%00%(objectname)%00%(upstream:track)%00%(upstream:remotename)%00%(upstream:remoteref) refs/heads/master refs/remotes/master [7ms]
2023-09-30 01:13:50.263 [info] > git rev-parse --show-toplevel [10ms]
2023-09-30 01:13:50.436 [info] > git status -z -uall [174ms]
2023-09-30 01:13:50.454 [info] > git config --get commit.template [2ms]
2023-09-30 01:13:50.462 [info] > git for-each-ref --format=%(refname)%00%(upstream:short)%00%(objectname)%00%(upstream:track)%00%(upstream:remotename)%00%(upstream:remoteref) refs/heads/master refs/remotes/master [1ms]
2023-09-30 01:13:50.502 [info] > git status -z -uall [33ms]
2023-09-30 01:13:50.746 [info] > git check-ignore -v -z --stdin [3ms]
2023-09-30 01:13:50.825 [info] > git show --textconv :post [10ms]
2023-09-30 01:13:50.826 [info] > git ls-files --stage -- /home/owl/config-files/post [4ms]
2023-09-30 01:13:50.834 [info] > git cat-file -s 9e53eeae9ce7fa05f50944f16f0c6ecd7eb5b14a [1ms]
2023-09-30 01:14:31.501 [info] > git config --get commit.template [1ms]
2023-09-30 01:14:31.514 [info] > git for-each-ref --format=%(refname)%00%(upstream:short)%00%(objectname)%00%(upstream:track)%00%(upstream:remotename)%00%(upstream:remoteref) refs/heads/master refs/remotes/master [2ms]
2023-09-30 01:14:31.554 [info] > git status -z -uall [31ms]
2023-09-30 01:14:41.054 [info] > git config --get commit.template [1ms]
2023-09-30 01:14:41.064 [info] > git for-each-ref --format=%(refname)%00%(upstream:short)%00%(objectname)%00%(upstream:track)%00%(upstream:remotename)%00%(upstream:remoteref) refs/heads/master refs/remotes/master [1ms]
2023-09-30 01:14:41.104 [info] > git status -z -uall [31ms]
2023-09-30 01:15:06.921 [info] > git config --get commit.template [1ms]
2023-09-30 01:15:06.934 [info] > git for-each-ref --format=%(refname)%00%(upstream:short)%00%(objectname)%00%(upstream:track)%00%(upstream:remotename)%00%(upstream:remoteref) refs/heads/master refs/remotes/master [1ms]
2023-09-30 01:15:06.973 [info] > git status -z -uall [31ms]
2023-09-30 01:15:26.725 [info] > git config --get commit.template [1ms]
2023-09-30 01:15:26.737 [info] > git for-each-ref --format=%(refname)%00%(upstream:short)%00%(objectname)%00%(upstream:track)%00%(upstream:remotename)%00%(upstream:remoteref) refs/heads/master refs/remotes/master [1ms]
2023-09-30 01:15:26.780 [info] > git status -z -uall [31ms]
2023-09-30 01:15:40.327 [info] > git config --get commit.template [1ms]
2023-09-30 01:15:40.337 [info] > git for-each-ref --format=%(refname)%00%(upstream:short)%00%(objectname)%00%(upstream:track)%00%(upstream:remotename)%00%(upstream:remoteref) refs/heads/master refs/remotes/master [1ms]
2023-09-30 01:15:40.378 [info] > git status -z -uall [32ms]
2023-09-30 01:15:45.395 [info] > git config --get commit.template [1ms]
2023-09-30 01:15:45.407 [info] > git for-each-ref --format=%(refname)%00%(upstream:short)%00%(objectname)%00%(upstream:track)%00%(upstream:remotename)%00%(upstream:remoteref) refs/heads/master refs/remotes/master [1ms]
2023-09-30 01:15:45.446 [info] > git status -z -uall [31ms]
2023-09-30 01:15:54.641 [info] > git config --get commit.template [1ms]
2023-09-30 01:15:54.652 [info] > git for-each-ref --format=%(refname)%00%(upstream:short)%00%(objectname)%00%(upstream:track)%00%(upstream:remotename)%00%(upstream:remoteref) refs/heads/master refs/remotes/master [1ms]
2023-09-30 01:15:54.693 [info] > git status -z -uall [32ms]
2023-09-30 01:16:13.671 [info] > git config --get commit.template [1ms]
2023-09-30 01:16:13.683 [info] > git for-each-ref --format=%(refname)%00%(upstream:short)%00%(objectname)%00%(upstream:track)%00%(upstream:remotename)%00%(upstream:remoteref) refs/heads/master refs/remotes/master [1ms]
2023-09-30 01:16:13.723 [info] > git status -z -uall [31ms]
2023-09-30 01:16:25.987 [info] > git config --get commit.template [1ms]
2023-09-30 01:16:25.997 [info] > git for-each-ref --format=%(refname)%00%(upstream:short)%00%(objectname)%00%(upstream:track)%00%(upstream:remotename)%00%(upstream:remoteref) refs/heads/master refs/remotes/master [1ms]
2023-09-30 01:16:26.037 [info] > git status -z -uall [33ms]
2023-09-30 01:16:49.549 [info] > git config --get commit.template [2ms]
2023-09-30 01:16:49.558 [info] > git for-each-ref --format=%(refname)%00%(upstream:short)%00%(objectname)%00%(upstream:track)%00%(upstream:remotename)%00%(upstream:remoteref) refs/heads/master refs/remotes/master [1ms]
2023-09-30 01:16:49.600 [info] > git status -z -uall [31ms]
2023-09-30 01:16:57.921 [info] > git config --get commit.template [1ms]
2023-09-30 01:16:57.930 [info] > git for-each-ref --format=%(refname)%00%(upstream:short)%00%(objectname)%00%(upstream:track)%00%(upstream:remotename)%00%(upstream:remoteref) refs/heads/master refs/remotes/master [1ms]
2023-09-30 01:16:57.971 [info] > git status -z -uall [32ms]
2023-09-30 01:17:13.401 [info] > git config --get commit.template [1ms]
2023-09-30 01:17:13.414 [info] > git for-each-ref --format=%(refname)%00%(upstream:short)%00%(objectname)%00%(upstream:track)%00%(upstream:remotename)%00%(upstream:remoteref) refs/heads/master refs/remotes/master [1ms]
2023-09-30 01:17:13.453 [info] > git status -z -uall [31ms]
2023-09-30 01:17:26.955 [info] > git config --get commit.template [1ms]
2023-09-30 01:17:26.965 [info] > git for-each-ref --format=%(refname)%00%(upstream:short)%00%(objectname)%00%(upstream:track)%00%(upstream:remotename)%00%(upstream:remoteref) refs/heads/master refs/remotes/master [1ms]
2023-09-30 01:17:27.004 [info] > git status -z -uall [31ms]
2023-09-30 01:17:43.005 [info] > git config --get commit.template [1ms]
2023-09-30 01:17:43.017 [info] > git for-each-ref --format=%(refname)%00%(upstream:short)%00%(objectname)%00%(upstream:track)%00%(upstream:remotename)%00%(upstream:remoteref) refs/heads/master refs/remotes/master [2ms]
2023-09-30 01:17:43.057 [info] > git status -z -uall [32ms]
2023-09-30 01:17:48.070 [info] > git config --get commit.template [1ms]
2023-09-30 01:17:48.080 [info] > git for-each-ref --format=%(refname)%00%(upstream:short)%00%(objectname)%00%(upstream:track)%00%(upstream:remotename)%00%(upstream:remoteref) refs/heads/master refs/remotes/master [2ms]
2023-09-30 01:17:48.120 [info] > git status -z -uall [32ms]
2023-09-30 01:17:54.426 [info] > git config --get commit.template [9ms]
2023-09-30 01:17:54.427 [info] > git for-each-ref --format=%(refname)%00%(upstream:short)%00%(objectname)%00%(upstream:track)%00%(upstream:remotename)%00%(upstream:remoteref) refs/heads/master refs/remotes/master [1ms]
2023-09-30 01:17:54.468 [info] > git status -z -uall [32ms]
2023-09-30 01:18:47.956 [info] > git config --get commit.template [1ms]
2023-09-30 01:18:47.965 [info] > git for-each-ref --format=%(refname)%00%(upstream:short)%00%(objectname)%00%(upstream:track)%00%(upstream:remotename)%00%(upstream:remoteref) refs/heads/master refs/remotes/master [1ms]
2023-09-30 01:18:48.010 [info] > git status -z -uall [33ms]
2023-09-30 01:18:53.027 [info] > git config --get commit.template [1ms]
2023-09-30 01:18:53.037 [info] > git for-each-ref --format=%(refname)%00%(upstream:short)%00%(objectname)%00%(upstream:track)%00%(upstream:remotename)%00%(upstream:remoteref) refs/heads/master refs/remotes/master [1ms]
2023-09-30 01:18:53.078 [info] > git status -z -uall [32ms]
2023-09-30 01:18:58.094 [info] > git config --get commit.template [1ms]
2023-09-30 01:18:58.104 [info] > git for-each-ref --format=%(refname)%00%(upstream:short)%00%(objectname)%00%(upstream:track)%00%(upstream:remotename)%00%(upstream:remoteref) refs/heads/master refs/remotes/master [1ms]
2023-09-30 01:18:58.141 [info] > git status -z -uall [32ms]
2023-09-30 01:19:12.778 [info] > git config --get commit.template [1ms]
2023-09-30 01:19:12.787 [info] > git for-each-ref --format=%(refname)%00%(upstream:short)%00%(objectname)%00%(upstream:track)%00%(upstream:remotename)%00%(upstream:remoteref) refs/heads/master refs/remotes/master [1ms]
2023-09-30 01:19:12.827 [info] > git status -z -uall [31ms]
2023-09-30 01:19:19.025 [info] > git config --get commit.template [1ms]
2023-09-30 01:19:19.034 [info] > git for-each-ref --format=%(refname)%00%(upstream:short)%00%(objectname)%00%(upstream:track)%00%(upstream:remotename)%00%(upstream:remoteref) refs/heads/master refs/remotes/master [1ms]
2023-09-30 01:19:19.073 [info] > git status -z -uall [31ms]
2023-09-30 01:19:26.088 [info] > git config --get commit.template [8ms]
2023-09-30 01:19:26.088 [info] > git for-each-ref --format=%(refname)%00%(upstream:short)%00%(objectname)%00%(upstream:track)%00%(upstream:remotename)%00%(upstream:remoteref) refs/heads/master refs/remotes/master [1ms]
2023-09-30 01:19:26.128 [info] > git status -z -uall [33ms]
2023-09-30 01:19:33.874 [info] > git config --get commit.template [1ms]
2023-09-30 01:19:33.884 [info] > git for-each-ref --format=%(refname)%00%(upstream:short)%00%(objectname)%00%(upstream:track)%00%(upstream:remotename)%00%(upstream:remoteref) refs/heads/master refs/remotes/master [1ms]
2023-09-30 01:19:33.924 [info] > git status -z -uall [32ms]
2023-09-30 01:19:42.720 [info] > git config --get commit.template [1ms]
2023-09-30 01:19:42.730 [info] > git for-each-ref --format=%(refname)%00%(upstream:short)%00%(objectname)%00%(upstream:track)%00%(upstream:remotename)%00%(upstream:remoteref) refs/heads/master refs/remotes/master [1ms]
2023-09-30 01:19:42.770 [info] > git status -z -uall [31ms]
2023-09-30 01:20:04.361 [info] > git config --get commit.template [8ms]
2023-09-30 01:20:04.361 [info] > git for-each-ref --format=%(refname)%00%(upstream:short)%00%(objectname)%00%(upstream:track)%00%(upstream:remotename)%00%(upstream:remoteref) refs/heads/master refs/remotes/master [1ms]
2023-09-30 01:20:04.399 [info] > git status -z -uall [33ms]
2023-09-30 01:20:19.385 [info] > git config --get commit.template [1ms]
2023-09-30 01:20:19.395 [info] > git for-each-ref --format=%(refname)%00%(upstream:short)%00%(objectname)%00%(upstream:track)%00%(upstream:remotename)%00%(upstream:remoteref) refs/heads/master refs/remotes/master [1ms]
2023-09-30 01:20:19.433 [info] > git status -z -uall [32ms]
2023-09-30 01:20:24.448 [info] > git config --get commit.template [1ms]
2023-09-30 01:20:24.456 [info] > git for-each-ref --format=%(refname)%00%(upstream:short)%00%(objectname)%00%(upstream:track)%00%(upstream:remotename)%00%(upstream:remoteref) refs/heads/master refs/remotes/master [1ms]
2023-09-30 01:20:24.491 [info] > git status -z -uall [31ms]
2023-09-30 01:20:35.117 [info] > git config --get commit.template [1ms]
2023-09-30 01:20:35.127 [info] > git for-each-ref --format=%(refname)%00%(upstream:short)%00%(objectname)%00%(upstream:track)%00%(upstream:remotename)%00%(upstream:remoteref) refs/heads/master refs/remotes/master [1ms]
2023-09-30 01:20:35.166 [info] > git status -z -uall [31ms]
2023-09-30 01:20:57.884 [info] > git config --get commit.template [9ms]
2023-09-30 01:20:57.885 [info] > git for-each-ref --format=%(refname)%00%(upstream:short)%00%(objectname)%00%(upstream:track)%00%(upstream:remotename)%00%(upstream:remoteref) refs/heads/master refs/remotes/master [2ms]
2023-09-30 01:20:57.925 [info] > git status -z -uall [31ms]
2023-09-30 01:21:04.604 [info] > git config --get commit.template [1ms]
2023-09-30 01:21:04.617 [info] > git for-each-ref --format=%(refname)%00%(upstream:short)%00%(objectname)%00%(upstream:track)%00%(upstream:remotename)%00%(upstream:remoteref) refs/heads/master refs/remotes/master [1ms]
2023-09-30 01:21:04.661 [info] > git status -z -uall [33ms]
2023-09-30 01:21:10.656 [info] > git config --get commit.template [9ms]
2023-09-30 01:21:10.656 [info] > git for-each-ref --format=%(refname)%00%(upstream:short)%00%(objectname)%00%(upstream:track)%00%(upstream:remotename)%00%(upstream:remoteref) refs/heads/master refs/remotes/master [1ms]
2023-09-30 01:21:10.692 [info] > git status -z -uall [31ms]
2023-09-30 01:21:37.150 [info] > git show --textconv :restore [10ms]
2023-09-30 01:21:37.152 [info] > git ls-files --stage -- /home/owl/config-files/restore [2ms]
2023-09-30 01:21:37.164 [info] > git cat-file -s 8b1dfcd84abedd08460ccf70e5df028debdab1bd [2ms]
2023-09-30 01:22:08.245 [info] > git show --textconv :backup [12ms]
2023-09-30 01:22:08.247 [info] > git ls-files --stage -- /home/owl/config-files/backup [3ms]
2023-09-30 01:22:08.256 [info] > git cat-file -s ce3736d715bb71ab40dc0c7575da985b570efed0 [1ms]
2023-09-30 01:22:43.140 [info] > git config --get commit.template [1ms]
2023-09-30 01:22:43.149 [info] > git for-each-ref --format=%(refname)%00%(upstream:short)%00%(objectname)%00%(upstream:track)%00%(upstream:remotename)%00%(upstream:remoteref) refs/heads/master refs/remotes/master [1ms]
2023-09-30 01:22:43.189 [info] > git status -z -uall [32ms]
2023-09-30 01:23:27.911 [info] > git config --get commit.template [1ms]
2023-09-30 01:23:27.920 [info] > git for-each-ref --format=%(refname)%00%(upstream:short)%00%(objectname)%00%(upstream:track)%00%(upstream:remotename)%00%(upstream:remoteref) refs/heads/master refs/remotes/master [1ms]
2023-09-30 01:23:27.962 [info] > git status -z -uall [33ms]
2023-09-30 01:23:57.940 [info] > git config --get commit.template [1ms]
2023-09-30 01:23:57.953 [info] > git for-each-ref --format=%(refname)%00%(upstream:short)%00%(objectname)%00%(upstream:track)%00%(upstream:remotename)%00%(upstream:remoteref) refs/heads/master refs/remotes/master [1ms]
2023-09-30 01:23:57.994 [info] > git status -z -uall [32ms]
2023-09-30 01:24:10.197 [info] > git config --get commit.template [1ms]
2023-09-30 01:24:10.207 [info] > git for-each-ref --format=%(refname)%00%(upstream:short)%00%(objectname)%00%(upstream:track)%00%(upstream:remotename)%00%(upstream:remoteref) refs/heads/master refs/remotes/master [1ms]
2023-09-30 01:24:10.248 [info] > git status -z -uall [31ms]
2023-09-30 01:24:27.281 [info] > git config --get commit.template [1ms]
2023-09-30 01:24:27.290 [info] > git for-each-ref --format=%(refname)%00%(upstream:short)%00%(objectname)%00%(upstream:track)%00%(upstream:remotename)%00%(upstream:remoteref) refs/heads/master refs/remotes/master [1ms]
2023-09-30 01:24:27.329 [info] > git status -z -uall [31ms]
2023-09-30 01:24:41.803 [info] > git config --get commit.template [1ms]
2023-09-30 01:24:41.813 [info] > git for-each-ref --format=%(refname)%00%(upstream:short)%00%(objectname)%00%(upstream:track)%00%(upstream:remotename)%00%(upstream:remoteref) refs/heads/master refs/remotes/master [1ms]
2023-09-30 01:24:41.853 [info] > git status -z -uall [31ms]
2023-09-30 01:25:08.242 [info] > git config --get commit.template [1ms]
2023-09-30 01:25:08.252 [info] > git for-each-ref --format=%(refname)%00%(upstream:short)%00%(objectname)%00%(upstream:track)%00%(upstream:remotename)%00%(upstream:remoteref) refs/heads/master refs/remotes/master [2ms]
2023-09-30 01:25:08.292 [info] > git status -z -uall [32ms]
2023-09-30 01:25:31.200 [info] > git config --get commit.template [1ms]
2023-09-30 01:25:31.211 [info] > git for-each-ref --format=%(refname)%00%(upstream:short)%00%(objectname)%00%(upstream:track)%00%(upstream:remotename)%00%(upstream:remoteref) refs/heads/master refs/remotes/master [1ms]
2023-09-30 01:25:31.252 [info] > git status -z -uall [32ms]
2023-09-30 01:25:53.520 [info] > git config --get commit.template [7ms]
2023-09-30 01:25:53.521 [info] > git for-each-ref --format=%(refname)%00%(upstream:short)%00%(objectname)%00%(upstream:track)%00%(upstream:remotename)%00%(upstream:remoteref) refs/heads/master refs/remotes/master [0ms]
2023-09-30 01:25:53.557 [info] > git status -z -uall [32ms]
2023-09-30 01:26:25.705 [info] > git config --get commit.template [1ms]
2023-09-30 01:26:25.714 [info] > git for-each-ref --format=%(refname)%00%(upstream:short)%00%(objectname)%00%(upstream:track)%00%(upstream:remotename)%00%(upstream:remoteref) refs/heads/master refs/remotes/master [1ms]
2023-09-30 01:26:25.754 [info] > git status -z -uall [32ms]
2023-09-30 01:26:40.550 [info] > git config --get commit.template [11ms]
2023-09-30 01:26:40.550 [info] > git for-each-ref --format=%(refname)%00%(upstream:short)%00%(objectname)%00%(upstream:track)%00%(upstream:remotename)%00%(upstream:remoteref) refs/heads/master refs/remotes/master [1ms]
2023-09-30 01:26:40.587 [info] > git status -z -uall [32ms]
2023-09-30 01:26:56.951 [info] > git config --get commit.template [6ms]
2023-09-30 01:26:56.952 [info] > git for-each-ref --format=%(refname)%00%(upstream:short)%00%(objectname)%00%(upstream:track)%00%(upstream:remotename)%00%(upstream:remoteref) refs/heads/master refs/remotes/master [0ms]
2023-09-30 01:26:56.988 [info] > git status -z -uall [32ms]
2023-09-30 01:27:16.361 [info] > git config --get commit.template [6ms]
2023-09-30 01:27:16.361 [info] > git for-each-ref --format=%(refname)%00%(upstream:short)%00%(objectname)%00%(upstream:track)%00%(upstream:remotename)%00%(upstream:remoteref) refs/heads/master refs/remotes/master [1ms]
2023-09-30 01:27:16.400 [info] > git status -z -uall [32ms]
2023-09-30 01:27:26.605 [info] > git config --get commit.template [1ms]
2023-09-30 01:27:26.615 [info] > git for-each-ref --format=%(refname)%00%(upstream:short)%00%(objectname)%00%(upstream:track)%00%(upstream:remotename)%00%(upstream:remoteref) refs/heads/master refs/remotes/master [1ms]
2023-09-30 01:27:26.655 [info] > git status -z -uall [32ms]
2023-09-30 01:27:47.198 [info] > git config --get commit.template [2ms]
2023-09-30 01:27:47.207 [info] > git for-each-ref --format=%(refname)%00%(upstream:short)%00%(objectname)%00%(upstream:track)%00%(upstream:remotename)%00%(upstream:remoteref) refs/heads/master refs/remotes/master [1ms]
2023-09-30 01:27:47.250 [info] > git status -z -uall [34ms]
2023-09-30 01:28:00.954 [info] > git config --get commit.template [1ms]
2023-09-30 01:28:00.967 [info] > git for-each-ref --format=%(refname)%00%(upstream:short)%00%(objectname)%00%(upstream:track)%00%(upstream:remotename)%00%(upstream:remoteref) refs/heads/master refs/remotes/master [2ms]
2023-09-30 01:28:01.008 [info] > git status -z -uall [33ms]
2023-09-30 01:28:16.978 [info] > git config --get commit.template [1ms]
2023-09-30 01:28:16.987 [info] > git for-each-ref --format=%(refname)%00%(upstream:short)%00%(objectname)%00%(upstream:track)%00%(upstream:remotename)%00%(upstream:remoteref) refs/heads/master refs/remotes/master [1ms]
2023-09-30 01:28:17.026 [info] > git status -z -uall [31ms]
2023-09-30 01:28:22.041 [info] > git config --get commit.template [1ms]
2023-09-30 01:28:22.051 [info] > git for-each-ref --format=%(refname)%00%(upstream:short)%00%(objectname)%00%(upstream:track)%00%(upstream:remotename)%00%(upstream:remoteref) refs/heads/master refs/remotes/master [1ms]
2023-09-30 01:28:22.091 [info] > git status -z -uall [32ms]
2023-09-30 01:28:27.116 [info] > git config --get commit.template [9ms]
2023-09-30 01:28:27.117 [info] > git for-each-ref --format=%(refname)%00%(upstream:short)%00%(objectname)%00%(upstream:track)%00%(upstream:remotename)%00%(upstream:remoteref) refs/heads/master refs/remotes/master [1ms]
2023-09-30 01:28:27.157 [info] > git status -z -uall [31ms]
2023-09-30 01:29:10.292 [info] > git config --get commit.template [9ms]
2023-09-30 01:29:10.293 [info] > git for-each-ref --format=%(refname)%00%(upstream:short)%00%(objectname)%00%(upstream:track)%00%(upstream:remotename)%00%(upstream:remoteref) refs/heads/master refs/remotes/master [2ms]
2023-09-30 01:29:10.335 [info] > git status -z -uall [33ms]
2023-09-30 01:29:22.843 [info] > git config --get commit.template [13ms]
2023-09-30 01:29:22.843 [info] > git for-each-ref --format=%(refname)%00%(upstream:short)%00%(objectname)%00%(upstream:track)%00%(upstream:remotename)%00%(upstream:remoteref) refs/heads/master refs/remotes/master [1ms]
2023-09-30 01:29:22.885 [info] > git status -z -uall [32ms]
2023-09-30 01:30:13.059 [info] > git config --get commit.template [7ms]
2023-09-30 01:30:13.060 [info] > git for-each-ref --format=%(refname)%00%(upstream:short)%00%(objectname)%00%(upstream:track)%00%(upstream:remotename)%00%(upstream:remoteref) refs/heads/master refs/remotes/master [1ms]
2023-09-30 01:30:13.096 [info] > git status -z -uall [32ms]
2023-09-30 01:30:36.224 [info] > git config --get commit.template [1ms]
2023-09-30 01:30:36.234 [info] > git for-each-ref --format=%(refname)%00%(upstream:short)%00%(objectname)%00%(upstream:track)%00%(upstream:remotename)%00%(upstream:remoteref) refs/heads/master refs/remotes/master [1ms]
2023-09-30 01:30:36.274 [info] > git status -z -uall [32ms]
2023-09-30 01:30:45.135 [info] > git config --get commit.template [1ms]
2023-09-30 01:30:45.145 [info] > git for-each-ref --format=%(refname)%00%(upstream:short)%00%(objectname)%00%(upstream:track)%00%(upstream:remotename)%00%(upstream:remoteref) refs/heads/master refs/remotes/master [1ms]
2023-09-30 01:30:45.187 [info] > git status -z -uall [33ms]
2023-09-30 01:30:54.328 [info] > git config --get commit.template [1ms]
2023-09-30 01:30:54.337 [info] > git for-each-ref --format=%(refname)%00%(upstream:short)%00%(objectname)%00%(upstream:track)%00%(upstream:remotename)%00%(upstream:remoteref) refs/heads/master refs/remotes/master [1ms]
2023-09-30 01:30:54.377 [info] > git status -z -uall [32ms]
2023-09-30 01:37:54.672 [info] > git check-ignore -v -z --stdin [2ms]
2023-09-30 01:38:03.519 [info] > git show --textconv :menu [9ms]
2023-09-30 01:38:03.520 [info] > git ls-files --stage -- /home/owl/config-files/menu [2ms]
2023-09-30 01:38:03.791 [info] > git check-ignore -v -z --stdin [2ms]
2023-09-30 01:38:04.330 [info] > git config --get commit.template [5ms]
2023-09-30 01:38:04.331 [info] > git for-each-ref --format=%(refname)%00%(upstream:short)%00%(objectname)%00%(upstream:track)%00%(upstream:remotename)%00%(upstream:remoteref) refs/heads/master refs/remotes/master [1ms]
2023-09-30 01:38:04.369 [info] > git status -z -uall [32ms]
2023-09-30 01:38:17.027 [info] > git config --get commit.template [1ms]
2023-09-30 01:38:17.037 [info] > git for-each-ref --format=%(refname)%00%(upstream:short)%00%(objectname)%00%(upstream:track)%00%(upstream:remotename)%00%(upstream:remoteref) refs/heads/master refs/remotes/master [1ms]
2023-09-30 01:38:17.073 [info] > git status -z -uall [32ms]
2023-09-30 01:38:31.752 [info] > git config --get commit.template [1ms]
2023-09-30 01:38:31.757 [info] > git for-each-ref --format=%(refname)%00%(upstream:short)%00%(objectname)%00%(upstream:track)%00%(upstream:remotename)%00%(upstream:remoteref) refs/heads/master refs/remotes/master [1ms]
2023-09-30 01:38:31.795 [info] > git status -z -uall [32ms]
2023-09-30 01:39:03.627 [info] > git config --get commit.template [1ms]
2023-09-30 01:39:03.637 [info] > git for-each-ref --format=%(refname)%00%(upstream:short)%00%(objectname)%00%(upstream:track)%00%(upstream:remotename)%00%(upstream:remoteref) refs/heads/master refs/remotes/master [1ms]
2023-09-30 01:39:03.677 [info] > git status -z -uall [31ms]
2023-09-30 01:39:14.847 [info] > git config --get commit.template [1ms]
2023-09-30 01:39:14.857 [info] > git for-each-ref --format=%(refname)%00%(upstream:short)%00%(objectname)%00%(upstream:track)%00%(upstream:remotename)%00%(upstream:remoteref) refs/heads/master refs/remotes/master [1ms]
2023-09-30 01:39:14.897 [info] > git status -z -uall [32ms]
2023-09-30 01:40:48.534 [info] > git config --get commit.template [1ms]
2023-09-30 01:40:48.543 [info] > git for-each-ref --format=%(refname)%00%(upstream:short)%00%(objectname)%00%(upstream:track)%00%(upstream:remotename)%00%(upstream:remoteref) refs/heads/master refs/remotes/master [1ms]
2023-09-30 01:40:48.583 [info] > git status -z -uall [31ms]
2023-09-30 01:40:54.245 [info] > git config --get commit.template [5ms]
2023-09-30 01:40:54.246 [info] > git for-each-ref --format=%(refname)%00%(upstream:short)%00%(objectname)%00%(upstream:track)%00%(upstream:remotename)%00%(upstream:remoteref) refs/heads/master refs/remotes/master [1ms]
2023-09-30 01:40:54.281 [info] > git status -z -uall [31ms]
2023-09-30 01:41:40.355 [info] > git config --get commit.template [1ms]
2023-09-30 01:41:40.365 [info] > git for-each-ref --format=%(refname)%00%(upstream:short)%00%(objectname)%00%(upstream:track)%00%(upstream:remotename)%00%(upstream:remoteref) refs/heads/master refs/remotes/master [1ms]
2023-09-30 01:41:40.412 [info] > git status -z -uall [39ms]
2023-09-30 01:43:54.765 [info] > git config --get commit.template [1ms]
2023-09-30 01:43:54.802 [info] > git ls-files --stage -- /home/owl/config-files/backup [9ms]
2023-09-30 01:43:54.810 [info] > git ls-files --stage -- /home/owl/config-files/restore [26ms]
2023-09-30 01:43:54.818 [info] > git ls-files --stage -- /home/owl/config-files/post [42ms]
2023-09-30 01:43:54.835 [info] > git cat-file -s 51cba70505ff823b0448899196edf6919c881157 [9ms]
2023-09-30 01:43:54.836 [info] > git cat-file -s 8b1dfcd84abedd08460ccf70e5df028debdab1bd [18ms]
2023-09-30 01:43:54.836 [info] > git cat-file -s a68e15e9154c5a29c1c130a81bcbb8ba8de1d38c [26ms]
2023-09-30 01:43:54.837 [info] > git ls-files --stage -- /home/owl/config-files/menu [36ms]
2023-09-30 01:43:54.846 [info] > git for-each-ref --format=%(refname)%00%(upstream:short)%00%(objectname)%00%(upstream:track)%00%(upstream:remotename)%00%(upstream:remoteref) refs/heads/master refs/remotes/master [11ms]
2023-09-30 01:43:54.875 [info] > git show --textconv :post [13ms]
2023-09-30 01:43:54.875 [info] > git show --textconv :restore [7ms]
2023-09-30 01:43:54.875 [info] > git cat-file -s 5290502ecb0a42041ff728535b9db28cd24eae33 [30ms]
2023-09-30 01:43:54.876 [info] > git show --textconv :backup [3ms]
2023-09-30 01:43:54.887 [info] > git show --textconv :menu [2ms]
2023-09-30 01:43:54.893 [info] > git status -z -uall [39ms]
2023-09-30 01:43:59.914 [info] > git config --get commit.template [1ms]
2023-09-30 01:43:59.923 [info] > git for-each-ref --format=%(refname)%00%(upstream:short)%00%(objectname)%00%(upstream:track)%00%(upstream:remotename)%00%(upstream:remoteref) refs/heads/master refs/remotes/master [1ms]
2023-09-30 01:43:59.965 [info] > git status -z -uall [34ms]
