2023-11-05 02:06:09.427 [info] Added views:workbench.panel.markers.view in workbench.panel.markers
2023-11-05 02:06:09.427 [info] Added views:workbench.panel.output in workbench.panel.output
2023-11-05 02:06:09.427 [info] Added views:terminal in terminal
2023-11-05 02:06:09.427 [info] Added views:outline in workbench.view.explorer
2023-11-05 02:06:09.427 [info] Added views:workbench.scm in workbench.view.scm
2023-11-05 02:06:09.427 [info] Added views:workbench.view.search in workbench.view.search
2023-11-05 02:06:09.427 [info] Added views:timeline in workbench.view.explorer
2023-11-05 02:06:09.427 [info] Added views:workbench.explorer.emptyView in workbench.view.explorer
2023-11-05 02:06:09.529 [info] Added views:workbench.debug.variablesView,workbench.debug.watchExpressionsView,workbench.debug.callStackView,workbench.debug.breakPointsView in workbench.view.debug
2023-11-05 02:06:09.708 [info] Added views:codeium.chatPanelView,codeium.searchPanelView in workbench.view.extension.codeium
2023-11-05 02:06:09.708 [info] Added views:gitlens.views.home,gitlens.views.workspaces,gitlens.views.account in workbench.view.extension.gitlens
2023-11-05 02:06:09.708 [info] Added views:gitlens.views.commitDetails,gitlens.views.lineHistory,gitlens.views.fileHistory,gitlens.views.searchAndCompare in workbench.view.extension.gitlensInspect
2023-11-05 02:06:09.709 [info] Added views:gitlens.views.commits,gitlens.views.branches,gitlens.views.remotes,gitlens.views.stashes,gitlens.views.tags,gitlens.views.contributors in workbench.view.scm
2023-11-05 02:06:10.021 [info] Added views:workbench.panel.repl.view in workbench.panel.repl
2023-11-05 02:06:10.023 [info] Removed views:workbench.debug.breakPointsView,workbench.debug.callStackView,workbench.debug.watchExpressionsView,workbench.debug.variablesView from workbench.view.debug
2023-11-05 02:06:10.024 [info] Added views:workbench.debug.welcome in workbench.view.debug
2023-11-05 02:06:10.766 [info] Removed views:gitlens.views.searchAndCompare,gitlens.views.fileHistory,gitlens.views.lineHistory,gitlens.views.commitDetails from workbench.view.extension.gitlensInspect
2023-11-05 02:06:10.767 [info] Removed views:gitlens.views.contributors,gitlens.views.tags,gitlens.views.stashes,gitlens.views.remotes,gitlens.views.branches,gitlens.views.commits from workbench.view.scm
2023-11-05 02:06:10.962 [info] Added views:gitlens.views.commitDetails,gitlens.views.lineHistory,gitlens.views.fileHistory,gitlens.views.searchAndCompare in workbench.view.extension.gitlensInspect
2023-11-05 02:06:10.963 [info] Added views:gitlens.views.commits,gitlens.views.branches,gitlens.views.remotes,gitlens.views.stashes,gitlens.views.tags,gitlens.views.contributors in workbench.view.scm
2023-11-05 02:06:11.906 [info] Added views:gitlens.views.graph,gitlens.views.graphDetails in workbench.view.extension.gitlensPanel
2023-11-05 02:06:11.907 [info] Added views:gitlens.views.timeline in workbench.view.extension.gitlensInspect
2023-11-05 02:06:11.909 [info] Added views:gitlens.views.worktrees in workbench.view.scm
2023-11-05 02:08:43.864 [info] Added views:workbench.panel.markers.view in workbench.panel.markers
2023-11-05 02:08:43.864 [info] Added views:workbench.panel.output in workbench.panel.output
2023-11-05 02:08:43.864 [info] Added views:terminal in terminal
2023-11-05 02:08:43.864 [info] Added views:outline in workbench.view.explorer
2023-11-05 02:08:43.864 [info] Added views:workbench.scm in workbench.view.scm
2023-11-05 02:08:43.864 [info] Added views:workbench.view.search in workbench.view.search
2023-11-05 02:08:43.864 [info] Added views:timeline in workbench.view.explorer
2023-11-05 02:08:43.864 [info] Added views:workbench.explorer.fileView in workbench.view.explorer
2023-11-05 02:08:44.035 [info] Added views:codeium.chatPanelView,codeium.searchPanelView in workbench.view.extension.codeium
2023-11-05 02:08:44.036 [info] Added views:gitlens.views.home,gitlens.views.workspaces,gitlens.views.account in workbench.view.extension.gitlens
2023-11-05 02:08:44.037 [info] Added views:gitlens.views.commitDetails,gitlens.views.lineHistory,gitlens.views.fileHistory,gitlens.views.searchAndCompare in workbench.view.extension.gitlensInspect
2023-11-05 02:08:44.038 [info] Added views:gitlens.views.commits,gitlens.views.branches,gitlens.views.remotes,gitlens.views.stashes,gitlens.views.tags,gitlens.views.contributors in workbench.view.scm
2023-11-05 02:08:44.159 [info] Added views:workbench.debug.variablesView,workbench.debug.watchExpressionsView,workbench.debug.callStackView,workbench.debug.breakPointsView in workbench.view.debug
2023-11-05 02:08:44.245 [info] Added views:workbench.panel.repl.view in workbench.panel.repl
2023-11-05 02:08:44.246 [info] Removed views:workbench.debug.breakPointsView,workbench.debug.callStackView,workbench.debug.watchExpressionsView,workbench.debug.variablesView from workbench.view.debug
2023-11-05 02:08:44.247 [info] Added views:workbench.debug.welcome in workbench.view.debug
2023-11-05 02:08:44.880 [info] Removed views:gitlens.views.searchAndCompare,gitlens.views.fileHistory,gitlens.views.lineHistory,gitlens.views.commitDetails from workbench.view.extension.gitlensInspect
2023-11-05 02:08:44.882 [info] Removed views:gitlens.views.contributors,gitlens.views.tags,gitlens.views.stashes,gitlens.views.remotes,gitlens.views.branches,gitlens.views.commits from workbench.view.scm
2023-11-05 02:08:45.044 [info] Added views:gitlens.views.commitDetails,gitlens.views.lineHistory,gitlens.views.fileHistory,gitlens.views.searchAndCompare in workbench.view.extension.gitlensInspect
2023-11-05 02:08:45.045 [info] Added views:gitlens.views.commits,gitlens.views.branches,gitlens.views.remotes,gitlens.views.stashes,gitlens.views.tags,gitlens.views.contributors in workbench.view.scm
2023-11-05 02:08:45.547 [info] Added views:gitlens.views.graph,gitlens.views.graphDetails in workbench.view.extension.gitlensPanel
2023-11-05 02:08:45.548 [info] Added views:gitlens.views.timeline in workbench.view.extension.gitlensInspect
2023-11-05 02:08:45.549 [info] Added views:gitlens.views.worktrees in workbench.view.scm
2023-11-05 02:10:54.621 [info] Added views:workbench.panel.markers.view in workbench.panel.markers
2023-11-05 02:10:54.621 [info] Added views:workbench.panel.output in workbench.panel.output
2023-11-05 02:10:54.621 [info] Added views:terminal in terminal
2023-11-05 02:10:54.621 [info] Added views:outline in workbench.view.explorer
2023-11-05 02:10:54.621 [info] Added views:workbench.scm in workbench.view.scm
2023-11-05 02:10:54.621 [info] Added views:workbench.view.search in workbench.view.search
2023-11-05 02:10:54.621 [info] Added views:timeline in workbench.view.explorer
2023-11-05 02:10:54.621 [info] Added views:workbench.explorer.fileView in workbench.view.explorer
2023-11-05 02:10:54.728 [info] Added views:workbench.debug.welcome in workbench.view.debug
2023-11-05 02:10:54.884 [info] Added views:codeium.chatPanelView,codeium.searchPanelView in workbench.view.extension.codeium
2023-11-05 02:10:54.885 [info] Added views:gitlens.views.home,gitlens.views.workspaces,gitlens.views.account in workbench.view.extension.gitlens
2023-11-05 02:10:54.885 [info] Added views:gitlens.views.commitDetails,gitlens.views.lineHistory,gitlens.views.fileHistory,gitlens.views.searchAndCompare in workbench.view.extension.gitlensInspect
2023-11-05 02:10:54.886 [info] Added views:gitlens.views.commits,gitlens.views.branches,gitlens.views.remotes,gitlens.views.stashes,gitlens.views.tags,gitlens.views.contributors in workbench.view.scm
2023-11-05 02:10:55.106 [info] Added views:workbench.panel.repl.view in workbench.panel.repl
2023-11-05 02:10:56.590 [info] Added views:gitlens.views.graph,gitlens.views.graphDetails in workbench.view.extension.gitlensPanel
2023-11-05 02:10:56.591 [info] Added views:gitlens.views.timeline in workbench.view.extension.gitlensInspect
2023-11-05 02:10:56.594 [info] Added views:gitlens.views.worktrees in workbench.view.scm
