2023-09-02 14:08:44.102 [info] Log level: Info
2023-09-02 14:08:44.102 [info] Validating found git in: "git"
2023-09-02 14:08:44.102 [info] Using git "2.42.0" from "git"
2023-09-02 14:08:44.102 [info] > git rev-parse --show-toplevel [2ms]
2023-09-02 14:08:44.102 [info] > git rev-parse --git-dir --git-common-dir [2ms]
2023-09-02 14:08:44.102 [info] Open repository: /home/owl/config-files
2023-09-02 14:08:44.103 [info] > git config --get commit.template [9ms]
2023-09-02 14:08:44.122 [info] > git for-each-ref --format=%(refname)%00%(upstream:short)%00%(objectname)%00%(upstream:track)%00%(upstream:remotename)%00%(upstream:remoteref) refs/heads/master refs/remotes/master [9ms]
2023-09-02 14:08:44.132 [info] > git rev-parse --show-toplevel [13ms]
2023-09-02 14:08:44.140 [info] > git status -z -uall [10ms]
2023-09-02 14:08:44.151 [info] > git config --get commit.template [1ms]
2023-09-02 14:08:44.167 [info] > git for-each-ref --format=%(refname)%00%(upstream:short)%00%(objectname)%00%(upstream:track)%00%(upstream:remotename)%00%(upstream:remoteref) refs/heads/master refs/remotes/master [10ms]
2023-09-02 14:08:44.183 [info] > git status -z -uall [10ms]
2023-09-02 14:08:44.476 [info] > git show --textconv :post [6ms]
2023-09-02 14:08:44.477 [info] > git ls-files --stage -- /home/owl/config-files/post [2ms]
2023-09-02 14:08:44.483 [info] > git cat-file -s 1441451ffcd2facfc7c2fc0263c988cdbc8d0ddd [1ms]
2023-09-02 14:08:44.610 [info] > git check-ignore -v -z --stdin [2ms]
2023-09-02 14:09:27.899 [info] > git show --textconv :restore [5ms]
2023-09-02 14:09:27.900 [info] > git ls-files --stage -- /home/owl/config-files/restore [2ms]
2023-09-02 14:09:27.905 [info] > git cat-file -s 00daae1e24060d8db108ec4c4e2d5cf63384117f [1ms]
2023-09-02 14:09:27.993 [info] > git config --get commit.template [5ms]
2023-09-02 14:09:27.993 [info] > git for-each-ref --format=%(refname)%00%(upstream:short)%00%(objectname)%00%(upstream:track)%00%(upstream:remotename)%00%(upstream:remoteref) refs/heads/master refs/remotes/master [1ms]
2023-09-02 14:09:28.007 [info] > git status -z -uall [10ms]
2023-09-02 14:09:42.889 [info] > git config --get commit.template [10ms]
2023-09-02 14:09:42.889 [info] > git for-each-ref --format=%(refname)%00%(upstream:short)%00%(objectname)%00%(upstream:track)%00%(upstream:remotename)%00%(upstream:remoteref) refs/heads/master refs/remotes/master [2ms]
2023-09-02 14:09:42.908 [info] > git status -z -uall [10ms]
2023-09-02 14:10:22.305 [info] > git config --get commit.template [2ms]
2023-09-02 14:10:22.314 [info] > git for-each-ref --format=%(refname)%00%(upstream:short)%00%(objectname)%00%(upstream:track)%00%(upstream:remotename)%00%(upstream:remoteref) refs/heads/master refs/remotes/master [1ms]
2023-09-02 14:10:22.334 [info] > git status -z -uall [11ms]
2023-09-02 14:10:31.522 [info] > git config --get commit.template [1ms]
2023-09-02 14:10:31.534 [info] > git for-each-ref --format=%(refname)%00%(upstream:short)%00%(objectname)%00%(upstream:track)%00%(upstream:remotename)%00%(upstream:remoteref) refs/heads/master refs/remotes/master [3ms]
2023-09-02 14:10:31.553 [info] > git status -z -uall [11ms]
2023-09-02 14:10:38.830 [info] > git show --textconv :backup [8ms]
2023-09-02 14:10:38.831 [info] > git ls-files --stage -- /home/owl/config-files/backup [2ms]
2023-09-02 14:10:38.840 [info] > git cat-file -s 00d7fe4d278c4e470ec8365a4694cd82020497d2 [1ms]
2023-09-02 14:10:52.021 [info] > git config --get commit.template [4ms]
2023-09-02 14:10:52.031 [info] > git for-each-ref --format=%(refname)%00%(upstream:short)%00%(objectname)%00%(upstream:track)%00%(upstream:remotename)%00%(upstream:remoteref) refs/heads/master refs/remotes/master [1ms]
2023-09-02 14:10:52.050 [info] > git status -z -uall [11ms]
2023-09-02 14:10:57.068 [info] > git config --get commit.template [1ms]
2023-09-02 14:10:57.079 [info] > git for-each-ref --format=%(refname)%00%(upstream:short)%00%(objectname)%00%(upstream:track)%00%(upstream:remotename)%00%(upstream:remoteref) refs/heads/master refs/remotes/master [1ms]
2023-09-02 14:10:57.097 [info] > git status -z -uall [9ms]
2023-09-02 14:12:30.625 [info] > git config --get commit.template [1ms]
2023-09-02 14:12:30.635 [info] > git for-each-ref --format=%(refname)%00%(upstream:short)%00%(objectname)%00%(upstream:track)%00%(upstream:remotename)%00%(upstream:remoteref) refs/heads/master refs/remotes/master [1ms]
2023-09-02 14:12:30.653 [info] > git status -z -uall [10ms]
2023-09-02 14:12:45.703 [info] > git config --get commit.template [1ms]
2023-09-02 14:12:45.715 [info] > git for-each-ref --format=%(refname)%00%(upstream:short)%00%(objectname)%00%(upstream:track)%00%(upstream:remotename)%00%(upstream:remoteref) refs/heads/master refs/remotes/master [1ms]
2023-09-02 14:12:45.733 [info] > git status -z -uall [10ms]
2023-09-02 14:12:55.182 [info] > git config --get commit.template [1ms]
2023-09-02 14:12:55.194 [info] > git for-each-ref --format=%(refname)%00%(upstream:short)%00%(objectname)%00%(upstream:track)%00%(upstream:remotename)%00%(upstream:remoteref) refs/heads/master refs/remotes/master [1ms]
2023-09-02 14:12:55.213 [info] > git status -z -uall [11ms]
2023-09-02 14:23:09.976 [info] > git rev-parse --show-toplevel [0ms]
2023-09-02 14:23:09.976 [info] fatal: not a git repository (or any of the parent directories): .git
2023-09-02 14:33:22.250 [info] > git rev-parse --show-toplevel [0ms]
2023-09-02 14:33:22.250 [info] fatal: not a git repository (or any of the parent directories): .git
