2023-11-05 01:13:18.395 [info] Added views:workbench.panel.markers.view in workbench.panel.markers
2023-11-05 01:13:18.395 [info] Added views:workbench.panel.output in workbench.panel.output
2023-11-05 01:13:18.395 [info] Added views:terminal in terminal
2023-11-05 01:13:18.395 [info] Added views:outline in workbench.view.explorer
2023-11-05 01:13:18.395 [info] Added views:workbench.scm in workbench.view.scm
2023-11-05 01:13:18.395 [info] Added views:workbench.view.search in workbench.view.search
2023-11-05 01:13:18.395 [info] Added views:timeline in workbench.view.explorer
2023-11-05 01:13:18.395 [info] Added views:workbench.explorer.emptyView in workbench.view.explorer
2023-11-05 01:13:18.529 [info] Added views:workbench.debug.variablesView,workbench.debug.watchExpressionsView,workbench.debug.callStackView,workbench.debug.breakPointsView in workbench.view.debug
2023-11-05 01:13:18.697 [info] Added views:codeium.chatPanelView,codeium.searchPanelView in workbench.view.extension.codeium
2023-11-05 01:13:18.697 [info] Added views:gitlens.views.home,gitlens.views.workspaces,gitlens.views.account in workbench.view.extension.gitlens
2023-11-05 01:13:18.698 [info] Added views:gitlens.views.commitDetails,gitlens.views.lineHistory,gitlens.views.fileHistory,gitlens.views.searchAndCompare in workbench.view.extension.gitlensInspect
2023-11-05 01:13:18.698 [info] Added views:gitlens.views.commits,gitlens.views.branches,gitlens.views.remotes,gitlens.views.stashes,gitlens.views.tags,gitlens.views.contributors in workbench.view.scm
2023-11-05 01:13:18.876 [info] Added views:workbench.panel.repl.view in workbench.panel.repl
2023-11-05 01:13:18.878 [info] Removed views:workbench.debug.breakPointsView,workbench.debug.callStackView,workbench.debug.watchExpressionsView,workbench.debug.variablesView from workbench.view.debug
2023-11-05 01:13:18.878 [info] Added views:workbench.debug.welcome in workbench.view.debug
2023-11-05 01:13:19.612 [info] Removed views:gitlens.views.searchAndCompare,gitlens.views.fileHistory,gitlens.views.lineHistory,gitlens.views.commitDetails from workbench.view.extension.gitlensInspect
2023-11-05 01:13:19.614 [info] Removed views:gitlens.views.contributors,gitlens.views.tags,gitlens.views.stashes,gitlens.views.remotes,gitlens.views.branches,gitlens.views.commits from workbench.view.scm
2023-11-05 01:26:42.894 [info] Removed views:codeium.chatPanelView from workbench.view.extension.codeium
2023-11-05 01:26:44.785 [info] Showing view codeium.chatPanelView in the container workbench.view.extension.codeium
2023-11-05 01:26:44.802 [info] Added views:codeium.chatPanelView in workbench.view.extension.codeium
