2023-11-05 12:35:17.108 [INFO]: No proxy settings found
2023-11-05 12:35:17.696 [INFO]: Creating manager directory: /tmp/f25caac3-e415-45f9-8f22-3b279fa37847/codeium/manager
2023-11-05 12:35:17.986 [INFO]: Using cached LS with valid crc32: /home/owl/.vscode-oss/extensions/codeium.codeium-1.2.97-universal/dist/f3bda5b3eb4dc7c7904cb8e9a3156e9f25f1ebb9/language_server_linux_x64
2023-11-05 12:35:17.997 [INFO]: Language server started
2023-11-05 12:35:18.099 [INFO]: [Language Server (stderr)]:
I1105 12:35:18.098544 73545 main.go:452] Starting language server manager with pid 73545
2023-11-05 12:35:18.099 [INFO]: [Language Server (stderr)]:
I1105 12:35:18.098643 73545 main.go:106] Manager acquired its lock file /tmp/f25caac3-e415-45f9-8f22-3b279fa37847/codeium/manager/locks/manager.lock
I1105 12:35:18.098992 73545 main.go:228] Waiting for random port file in /tmp/f25caac3-e415-45f9-8f22-3b279fa37847/codeium/manager/child_random_port_1699209318098721073_8688466442577037850 to be created
2023-11-05 12:35:18.200 [INFO]: [Language Server (stderr)]:
I1105 12:35:18.199824 73573 main.go:446] Starting language server process with pid 73573
2023-11-05 12:35:18.201 [INFO]: [Language Server (stderr)]:
I1105 12:35:18.200885 73573 proxy.go:93] proxyplease.proxy> No proxy provided. Attempting to infer from system.
I1105 12:35:18.200904 73573 proxy.go:93] proxyplease.proxy> No proxy could be determined. Assuming a direct connection.
2023-11-05 12:35:18.201 [INFO]: [Language Server (stderr)]:
I1105 12:35:18.200929 73573 client.go:589] [DEBUG] GET https://server.codeium.com/exa.api_server_pb.ApiServerService/GetCompletions
2023-11-05 12:35:18.427 [INFO]: [Language Server (stderr)]:
I1105 12:35:18.426838 73573 api_server_client.go:115] Successfully dialed proxy
2023-11-05 12:35:18.427 [INFO]: [Language Server (stderr)]:
I1105 12:35:18.427073 73573 server.go:387] Successfully created API server client
I1105 12:35:18.427088 73573 api_server_client.go:115] Successfully dialed proxy
I1105 12:35:18.427235 73573 server.go:393] Successfully created API streaming client
2023-11-05 12:35:18.454 [INFO]: [Language Server (stderr)]:
I1105 12:35:18.453159 73573 server.go:402] Successfully initialized tokenizer
I1105 12:35:18.453192 73573 unleash.go:57] Initializing Unleash with production environment
