2023-11-05 02:06:11.291 [info] Reading sessions from keychain...
2023-11-05 02:06:11.291 [info] Getting sessions for all scopes...
2023-11-05 02:06:11.291 [info] Got 0 sessions for ...
2023-11-05 02:06:11.291 [info] Getting sessions for read:user,repo,user:email...
2023-11-05 02:06:11.291 [info] Got 0 sessions for read:user,repo,user:email...
2023-11-05 02:06:11.310 [info] Getting sessions for all scopes...
2023-11-05 02:06:11.310 [info] Got 0 sessions for ...
2023-11-05 02:08:47.021 [info] Reading sessions from keychain...
2023-11-05 02:08:47.032 [info] Getting sessions for all scopes...
2023-11-05 02:08:47.034 [info] Getting sessions for read:user,repo,user:email...
2023-11-05 02:08:47.055 [info] Got 0 sessions for ...
2023-11-05 02:08:47.055 [info] Got 0 sessions for read:user,repo,user:email...
2023-11-05 02:08:47.190 [info] Getting sessions for all scopes...
2023-11-05 02:08:47.190 [info] Got 0 sessions for ...
2023-11-05 02:10:56.062 [info] Reading sessions from keychain...
2023-11-05 02:10:56.062 [info] Getting sessions for all scopes...
2023-11-05 02:10:56.062 [info] Got 0 sessions for ...
2023-11-05 02:10:56.062 [info] Getting sessions for all scopes...
2023-11-05 02:10:56.062 [info] Got 0 sessions for ...
2023-11-05 02:10:56.062 [info] Getting sessions for read:user,repo,user:email,workflow...
2023-11-05 02:10:56.062 [info] Got 0 sessions for read:user,repo,user:email,workflow...
2023-11-05 02:10:56.319 [info] Getting sessions for read:user,repo,user:email...
2023-11-05 02:10:56.319 [info] Got 0 sessions for read:user,repo,user:email...
