2023-10-02 14:15:46.145 [info] Log level: Info
2023-10-02 14:15:46.145 [info] Validating found git in: "git"
2023-10-02 14:15:46.145 [info] Using git "2.42.0" from "git"
2023-10-02 14:15:47.932 [info] > git rev-parse --show-toplevel [1840ms]
2023-10-02 14:15:47.932 [info] fatal: not a git repository (or any parent up to mount point /home/owl)
Stopping at filesystem boundary (GIT_DISCOVERY_ACROSS_FILESYSTEM not set).
2023-10-02 14:15:48.953 [info] > git rev-parse --show-toplevel [1012ms]
2023-10-02 14:15:48.953 [info] fatal: not a git repository (or any parent up to mount point /home/owl)
Stopping at filesystem boundary (GIT_DISCOVERY_ACROSS_FILESYSTEM not set).
2023-10-02 14:15:49.567 [info] > git rev-parse --show-toplevel [604ms]
2023-10-02 14:15:49.567 [info] fatal: not a git repository (or any parent up to mount point /home/owl)
Stopping at filesystem boundary (GIT_DISCOVERY_ACROSS_FILESYSTEM not set).
2023-10-02 14:15:50.284 [info] > git rev-parse --show-toplevel [707ms]
2023-10-02 14:15:50.284 [info] fatal: not a git repository (or any parent up to mount point /home/owl)
Stopping at filesystem boundary (GIT_DISCOVERY_ACROSS_FILESYSTEM not set).
2023-10-02 14:15:50.897 [info] > git rev-parse --show-toplevel [601ms]
2023-10-02 14:15:50.898 [info] fatal: not a git repository (or any parent up to mount point /home/owl)
Stopping at filesystem boundary (GIT_DISCOVERY_ACROSS_FILESYSTEM not set).
2023-10-02 14:15:51.512 [info] > git rev-parse --show-toplevel [605ms]
2023-10-02 14:15:51.513 [info] fatal: not a git repository (or any parent up to mount point /home/owl)
Stopping at filesystem boundary (GIT_DISCOVERY_ACROSS_FILESYSTEM not set).
2023-10-02 14:15:52.107 [info] > git rev-parse --show-toplevel [583ms]
2023-10-02 14:15:52.107 [info] fatal: not a git repository (or any parent up to mount point /home/owl)
Stopping at filesystem boundary (GIT_DISCOVERY_ACROSS_FILESYSTEM not set).
2023-10-02 14:16:26.021 [info] > git rev-parse --show-toplevel [306ms]
2023-10-02 14:16:26.021 [info] fatal: not a git repository (or any parent up to mount point /home/owl)
Stopping at filesystem boundary (GIT_DISCOVERY_ACROSS_FILESYSTEM not set).
2023-10-02 14:19:39.512 [info] > git rev-parse --show-toplevel [276ms]
2023-10-02 14:19:39.512 [info] fatal: not a git repository (or any parent up to mount point /home/owl)
Stopping at filesystem boundary (GIT_DISCOVERY_ACROSS_FILESYSTEM not set).
2023-10-02 14:20:13.189 [info] > git rev-parse --show-toplevel [215ms]
2023-10-02 14:20:13.189 [info] fatal: not a git repository (or any parent up to mount point /home/owl)
Stopping at filesystem boundary (GIT_DISCOVERY_ACROSS_FILESYSTEM not set).
2023-10-02 14:22:35.871 [info] > git rev-parse --show-toplevel [302ms]
2023-10-02 14:22:35.871 [info] fatal: not a git repository (or any parent up to mount point /home/owl)
Stopping at filesystem boundary (GIT_DISCOVERY_ACROSS_FILESYSTEM not set).
2023-10-02 14:24:25.658 [info] > git rev-parse --show-toplevel [302ms]
2023-10-02 14:24:25.658 [info] fatal: not a git repository (or any parent up to mount point /home/owl)
Stopping at filesystem boundary (GIT_DISCOVERY_ACROSS_FILESYSTEM not set).
2023-10-02 14:26:23.928 [info] > git rev-parse --show-toplevel [303ms]
2023-10-02 14:26:23.929 [info] fatal: not a git repository (or any parent up to mount point /home/owl)
Stopping at filesystem boundary (GIT_DISCOVERY_ACROSS_FILESYSTEM not set).
2023-10-02 14:31:16.586 [info] > git rev-parse --show-toplevel [304ms]
2023-10-02 14:31:16.586 [info] fatal: not a git repository (or any parent up to mount point /home/owl)
Stopping at filesystem boundary (GIT_DISCOVERY_ACROSS_FILESYSTEM not set).
2023-10-02 14:35:21.934 [info] > git rev-parse --show-toplevel [306ms]
2023-10-02 14:35:21.934 [info] fatal: not a git repository (or any parent up to mount point /home/owl)
Stopping at filesystem boundary (GIT_DISCOVERY_ACROSS_FILESYSTEM not set).
2023-10-02 14:35:48.966 [info] > git rev-parse --show-toplevel [302ms]
2023-10-02 14:35:48.966 [info] fatal: not a git repository (or any parent up to mount point /home/owl)
Stopping at filesystem boundary (GIT_DISCOVERY_ACROSS_FILESYSTEM not set).
2023-10-02 14:36:22.963 [info] > git rev-parse --show-toplevel [305ms]
2023-10-02 14:36:22.963 [info] fatal: not a git repository (or any parent up to mount point /home/owl)
Stopping at filesystem boundary (GIT_DISCOVERY_ACROSS_FILESYSTEM not set).
2023-10-02 14:36:23.271 [info] > git rev-parse --show-toplevel [299ms]
2023-10-02 14:36:23.271 [info] fatal: not a git repository (or any parent up to mount point /home/owl)
Stopping at filesystem boundary (GIT_DISCOVERY_ACROSS_FILESYSTEM not set).
2023-10-02 14:37:35.871 [info] > git rev-parse --show-toplevel [328ms]
2023-10-02 14:37:35.871 [info] fatal: not a git repository (or any parent up to mount point /home/owl)
Stopping at filesystem boundary (GIT_DISCOVERY_ACROSS_FILESYSTEM not set).
2023-10-02 14:40:02.814 [info] > git rev-parse --show-toplevel [305ms]
2023-10-02 14:40:02.814 [info] fatal: not a git repository (or any parent up to mount point /home/owl)
Stopping at filesystem boundary (GIT_DISCOVERY_ACROSS_FILESYSTEM not set).
2023-10-02 14:42:53.718 [info] > git rev-parse --show-toplevel [304ms]
2023-10-02 14:42:53.718 [info] fatal: not a git repository (or any parent up to mount point /home/owl)
Stopping at filesystem boundary (GIT_DISCOVERY_ACROSS_FILESYSTEM not set).
2023-10-02 14:50:34.820 [info] > git rev-parse --show-toplevel [303ms]
2023-10-02 14:50:34.820 [info] fatal: not a git repository (or any parent up to mount point /home/owl)
Stopping at filesystem boundary (GIT_DISCOVERY_ACROSS_FILESYSTEM not set).
2023-10-02 14:54:45.801 [info] > git rev-parse --show-toplevel [305ms]
2023-10-02 14:54:45.801 [info] fatal: not a git repository (or any parent up to mount point /home/owl)
Stopping at filesystem boundary (GIT_DISCOVERY_ACROSS_FILESYSTEM not set).
