2023-09-02 00:40:19.477 [info] Log level: Info
2023-09-02 00:40:19.477 [info] Validating found git in: "git"
2023-09-02 00:40:19.496 [info] Using git "2.42.0" from "git"
2023-09-02 00:40:19.509 [info] > git rev-parse --show-toplevel [3ms]
2023-09-02 00:40:19.525 [info] > git rev-parse --git-dir --git-common-dir [3ms]
2023-09-02 00:40:19.540 [info] Open repository: /home/owl/config-files
2023-09-02 00:40:19.565 [info] > git config --get commit.template [15ms]
2023-09-02 00:40:19.581 [info] > git rev-parse --show-toplevel [3ms]
2023-09-02 00:40:19.581 [info] > git for-each-ref --format=%(refname)%00%(upstream:short)%00%(objectname)%00%(upstream:track)%00%(upstream:remotename)%00%(upstream:remoteref) refs/heads/master refs/remotes/master [9ms]
2023-09-02 00:40:19.665 [info] > git status -z -uall [76ms]
2023-09-02 00:40:19.744 [info] > git config --get commit.template [1ms]
2023-09-02 00:40:19.753 [info] > git for-each-ref --format=%(refname)%00%(upstream:short)%00%(objectname)%00%(upstream:track)%00%(upstream:remotename)%00%(upstream:remoteref) refs/heads/master refs/remotes/master [3ms]
2023-09-02 00:40:19.924 [info] > git status -z -uall [165ms]
2023-09-02 00:40:19.987 [info] > git show --textconv :post [6ms]
2023-09-02 00:40:19.988 [info] > git ls-files --stage -- /home/owl/config-files/post [2ms]
2023-09-02 00:40:19.994 [info] > git cat-file -s f11a4d6832c029e6234a1c6f5256189a1b1f716c [1ms]
2023-09-02 00:40:20.176 [info] > git check-ignore -v -z --stdin [2ms]
2023-09-02 00:44:15.866 [info] > git config --get commit.template [2ms]
2023-09-02 00:44:15.878 [info] > git for-each-ref --format=%(refname)%00%(upstream:short)%00%(objectname)%00%(upstream:track)%00%(upstream:remotename)%00%(upstream:remoteref) refs/heads/master refs/remotes/master [1ms]
2023-09-02 00:44:15.900 [info] > git status -z -uall [12ms]
2023-09-02 00:44:46.016 [info] > git config --get commit.template [1ms]
2023-09-02 00:44:46.028 [info] > git for-each-ref --format=%(refname)%00%(upstream:short)%00%(objectname)%00%(upstream:track)%00%(upstream:remotename)%00%(upstream:remoteref) refs/heads/master refs/remotes/master [1ms]
2023-09-02 00:44:46.047 [info] > git status -z -uall [10ms]
2023-09-02 00:44:51.121 [info] > git config --get commit.template [1ms]
2023-09-02 00:44:51.132 [info] > git for-each-ref --format=%(refname)%00%(upstream:short)%00%(objectname)%00%(upstream:track)%00%(upstream:remotename)%00%(upstream:remoteref) refs/heads/master refs/remotes/master [1ms]
2023-09-02 00:44:51.150 [info] > git status -z -uall [10ms]
2023-09-02 00:45:02.359 [info] > git config --get commit.template [1ms]
2023-09-02 00:45:02.369 [info] > git for-each-ref --format=%(refname)%00%(upstream:short)%00%(objectname)%00%(upstream:track)%00%(upstream:remotename)%00%(upstream:remoteref) refs/heads/master refs/remotes/master [1ms]
2023-09-02 00:45:02.387 [info] > git status -z -uall [9ms]
2023-09-02 00:45:30.922 [info] > git config --get commit.template [1ms]
2023-09-02 00:45:30.931 [info] > git for-each-ref --format=%(refname)%00%(upstream:short)%00%(objectname)%00%(upstream:track)%00%(upstream:remotename)%00%(upstream:remoteref) refs/heads/master refs/remotes/master [1ms]
2023-09-02 00:45:30.945 [info] > git status -z -uall [10ms]
2023-09-02 00:50:56.779 [info] > git config --get commit.template [2ms]
2023-09-02 00:50:56.790 [info] > git for-each-ref --format=%(refname)%00%(upstream:short)%00%(objectname)%00%(upstream:track)%00%(upstream:remotename)%00%(upstream:remoteref) refs/heads/master refs/remotes/master [1ms]
2023-09-02 00:50:56.809 [info] > git status -z -uall [9ms]
2023-09-02 00:51:01.879 [info] > git config --get commit.template [1ms]
2023-09-02 00:51:01.891 [info] > git for-each-ref --format=%(refname)%00%(upstream:short)%00%(objectname)%00%(upstream:track)%00%(upstream:remotename)%00%(upstream:remoteref) refs/heads/master refs/remotes/master [1ms]
2023-09-02 00:51:01.910 [info] > git status -z -uall [9ms]
2023-09-02 00:51:11.832 [info] > git config --get commit.template [1ms]
2023-09-02 00:51:11.843 [info] > git for-each-ref --format=%(refname)%00%(upstream:short)%00%(objectname)%00%(upstream:track)%00%(upstream:remotename)%00%(upstream:remoteref) refs/heads/master refs/remotes/master [1ms]
2023-09-02 00:51:11.864 [info] > git status -z -uall [10ms]
2023-09-02 00:51:23.019 [info] > git config --get commit.template [0ms]
2023-09-02 00:51:23.030 [info] > git for-each-ref --format=%(refname)%00%(upstream:short)%00%(objectname)%00%(upstream:track)%00%(upstream:remotename)%00%(upstream:remoteref) refs/heads/master refs/remotes/master [2ms]
2023-09-02 00:51:23.065 [info] > git status -z -uall [23ms]
2023-09-02 00:51:45.956 [info] > git config --get commit.template [1ms]
2023-09-02 00:51:45.966 [info] > git for-each-ref --format=%(refname)%00%(upstream:short)%00%(objectname)%00%(upstream:track)%00%(upstream:remotename)%00%(upstream:remoteref) refs/heads/master refs/remotes/master [1ms]
2023-09-02 00:51:45.987 [info] > git status -z -uall [9ms]
2023-09-02 00:51:58.312 [info] > git config --get commit.template [1ms]
2023-09-02 00:51:58.323 [info] > git for-each-ref --format=%(refname)%00%(upstream:short)%00%(objectname)%00%(upstream:track)%00%(upstream:remotename)%00%(upstream:remoteref) refs/heads/master refs/remotes/master [2ms]
2023-09-02 00:51:58.342 [info] > git status -z -uall [9ms]
2023-09-02 00:52:03.412 [info] > git config --get commit.template [2ms]
2023-09-02 00:52:03.424 [info] > git for-each-ref --format=%(refname)%00%(upstream:short)%00%(objectname)%00%(upstream:track)%00%(upstream:remotename)%00%(upstream:remoteref) refs/heads/master refs/remotes/master [1ms]
2023-09-02 00:52:03.442 [info] > git status -z -uall [9ms]
2023-09-02 00:52:26.605 [info] > git config --get commit.template [1ms]
2023-09-02 00:52:26.616 [info] > git for-each-ref --format=%(refname)%00%(upstream:short)%00%(objectname)%00%(upstream:track)%00%(upstream:remotename)%00%(upstream:remoteref) refs/heads/master refs/remotes/master [1ms]
2023-09-02 00:52:26.636 [info] > git status -z -uall [9ms]
2023-09-02 00:53:01.357 [info] > git config --get commit.template [1ms]
2023-09-02 00:53:01.368 [info] > git for-each-ref --format=%(refname)%00%(upstream:short)%00%(objectname)%00%(upstream:track)%00%(upstream:remotename)%00%(upstream:remoteref) refs/heads/master refs/remotes/master [1ms]
2023-09-02 00:53:01.388 [info] > git status -z -uall [11ms]
2023-09-02 00:53:27.186 [info] > git config --get commit.template [2ms]
2023-09-02 00:53:27.196 [info] > git for-each-ref --format=%(refname)%00%(upstream:short)%00%(objectname)%00%(upstream:track)%00%(upstream:remotename)%00%(upstream:remoteref) refs/heads/master refs/remotes/master [2ms]
2023-09-02 00:53:27.214 [info] > git status -z -uall [10ms]
2023-09-02 00:53:49.122 [info] > git config --get commit.template [2ms]
2023-09-02 00:53:49.132 [info] > git for-each-ref --format=%(refname)%00%(upstream:short)%00%(objectname)%00%(upstream:track)%00%(upstream:remotename)%00%(upstream:remoteref) refs/heads/master refs/remotes/master [1ms]
2023-09-02 00:53:49.152 [info] > git status -z -uall [12ms]
2023-09-02 00:54:12.129 [info] > git config --get commit.template [2ms]
2023-09-02 00:54:12.139 [info] > git for-each-ref --format=%(refname)%00%(upstream:short)%00%(objectname)%00%(upstream:track)%00%(upstream:remotename)%00%(upstream:remoteref) refs/heads/master refs/remotes/master [1ms]
2023-09-02 00:54:12.159 [info] > git status -z -uall [9ms]
2023-09-02 00:54:33.512 [info] > git config --get commit.template [2ms]
2023-09-02 00:54:33.522 [info] > git for-each-ref --format=%(refname)%00%(upstream:short)%00%(objectname)%00%(upstream:track)%00%(upstream:remotename)%00%(upstream:remoteref) refs/heads/master refs/remotes/master [1ms]
2023-09-02 00:54:33.540 [info] > git status -z -uall [10ms]
2023-09-02 00:54:45.789 [info] > git config --get commit.template [1ms]
2023-09-02 00:54:45.799 [info] > git for-each-ref --format=%(refname)%00%(upstream:short)%00%(objectname)%00%(upstream:track)%00%(upstream:remotename)%00%(upstream:remoteref) refs/heads/master refs/remotes/master [1ms]
2023-09-02 00:54:45.817 [info] > git status -z -uall [9ms]
2023-09-02 00:54:50.884 [info] > git config --get commit.template [8ms]
2023-09-02 00:54:50.884 [info] > git for-each-ref --format=%(refname)%00%(upstream:short)%00%(objectname)%00%(upstream:track)%00%(upstream:remotename)%00%(upstream:remoteref) refs/heads/master refs/remotes/master [1ms]
2023-09-02 00:54:50.898 [info] > git status -z -uall [9ms]
2023-09-02 00:55:56.648 [info] > git config --get commit.template [7ms]
2023-09-02 00:55:56.648 [info] > git for-each-ref --format=%(refname)%00%(upstream:short)%00%(objectname)%00%(upstream:track)%00%(upstream:remotename)%00%(upstream:remoteref) refs/heads/master refs/remotes/master [1ms]
2023-09-02 00:55:56.665 [info] > git status -z -uall [11ms]
2023-09-02 00:57:37.996 [info] > git config --get commit.template [6ms]
2023-09-02 00:57:37.996 [info] > git for-each-ref --format=%(refname)%00%(upstream:short)%00%(objectname)%00%(upstream:track)%00%(upstream:remotename)%00%(upstream:remoteref) refs/heads/master refs/remotes/master [1ms]
2023-09-02 00:57:38.037 [info] > git ls-files --stage -- /home/owl/config-files/post [1ms]
2023-09-02 00:57:38.043 [info] > git cat-file -s 7314bdb625276c21b81e821195d53d9ea806fcd3 [1ms]
2023-09-02 00:57:38.051 [info] > git show --textconv :post [1ms]
2023-09-02 00:57:38.316 [info] > git status -z -uall [315ms]
2023-09-02 00:57:39.687 [info] > git show --textconv :backup [7ms]
2023-09-02 00:57:39.688 [info] > git ls-files --stage -- /home/owl/config-files/backup [1ms]
2023-09-02 00:57:39.694 [info] > git cat-file -s d7aea92934c72d60e4b26f97ee4527fcac2f5121 [1ms]
2023-09-02 00:57:43.358 [info] > git config --get commit.template [1ms]
2023-09-02 00:57:43.371 [info] > git for-each-ref --format=%(refname)%00%(upstream:short)%00%(objectname)%00%(upstream:track)%00%(upstream:remotename)%00%(upstream:remoteref) refs/heads/master refs/remotes/master [1ms]
2023-09-02 00:57:43.692 [info] > git status -z -uall [313ms]
2023-09-02 01:00:26.385 [info] > git config --get commit.template [1ms]
2023-09-02 01:00:26.397 [info] > git for-each-ref --format=%(refname)%00%(upstream:short)%00%(objectname)%00%(upstream:track)%00%(upstream:remotename)%00%(upstream:remoteref) refs/heads/master refs/remotes/master [1ms]
2023-09-02 01:00:26.722 [info] > git status -z -uall [315ms]
2023-09-02 01:00:44.788 [info] > git config --get commit.template [1ms]
2023-09-02 01:00:44.794 [info] > git for-each-ref --format=%(refname)%00%(upstream:short)%00%(objectname)%00%(upstream:track)%00%(upstream:remotename)%00%(upstream:remoteref) refs/heads/master refs/remotes/master [1ms]
2023-09-02 01:00:45.120 [info] > git status -z -uall [322ms]
2023-09-02 01:07:07.258 [info] > git config --get commit.template [1ms]
2023-09-02 01:07:07.268 [info] > git for-each-ref --format=%(refname)%00%(upstream:short)%00%(objectname)%00%(upstream:track)%00%(upstream:remotename)%00%(upstream:remoteref) refs/heads/master refs/remotes/master [1ms]
2023-09-02 01:07:07.592 [info] > git status -z -uall [316ms]
2023-09-02 01:10:22.581 [info] > git config --get commit.template [1ms]
2023-09-02 01:10:22.590 [info] > git for-each-ref --format=%(refname)%00%(upstream:short)%00%(objectname)%00%(upstream:track)%00%(upstream:remotename)%00%(upstream:remoteref) refs/heads/master refs/remotes/master [1ms]
2023-09-02 01:10:22.912 [info] > git status -z -uall [314ms]
2023-09-02 01:10:31.089 [info] > git config --get commit.template [1ms]
2023-09-02 01:10:31.098 [info] > git for-each-ref --format=%(refname)%00%(upstream:short)%00%(objectname)%00%(upstream:track)%00%(upstream:remotename)%00%(upstream:remoteref) refs/heads/master refs/remotes/master [1ms]
2023-09-02 01:10:31.423 [info] > git status -z -uall [314ms]
2023-09-02 01:10:59.307 [info] > git config --get commit.template [9ms]
2023-09-02 01:10:59.307 [info] > git for-each-ref --format=%(refname)%00%(upstream:short)%00%(objectname)%00%(upstream:track)%00%(upstream:remotename)%00%(upstream:remoteref) refs/heads/master refs/remotes/master [1ms]
2023-09-02 01:10:59.632 [info] > git status -z -uall [316ms]
2023-09-02 01:12:11.463 [info] > git config --get commit.template [1ms]
2023-09-02 01:12:11.475 [info] > git for-each-ref --format=%(refname)%00%(upstream:short)%00%(objectname)%00%(upstream:track)%00%(upstream:remotename)%00%(upstream:remoteref) refs/heads/master refs/remotes/master [1ms]
2023-09-02 01:12:11.805 [info] > git status -z -uall [322ms]
2023-09-02 01:12:31.815 [info] > git config --get commit.template [2ms]
2023-09-02 01:12:31.825 [info] > git for-each-ref --format=%(refname)%00%(upstream:short)%00%(objectname)%00%(upstream:track)%00%(upstream:remotename)%00%(upstream:remoteref) refs/heads/master refs/remotes/master [1ms]
2023-09-02 01:12:32.148 [info] > git status -z -uall [315ms]
2023-09-02 01:12:44.142 [info] > git config --get commit.template [6ms]
2023-09-02 01:12:44.142 [info] > git for-each-ref --format=%(refname)%00%(upstream:short)%00%(objectname)%00%(upstream:track)%00%(upstream:remotename)%00%(upstream:remoteref) refs/heads/master refs/remotes/master [1ms]
2023-09-02 01:12:44.463 [info] > git status -z -uall [317ms]
2023-09-02 01:13:44.708 [info] > git config --get commit.template [1ms]
2023-09-02 01:13:44.718 [info] > git for-each-ref --format=%(refname)%00%(upstream:short)%00%(objectname)%00%(upstream:track)%00%(upstream:remotename)%00%(upstream:remoteref) refs/heads/master refs/remotes/master [1ms]
2023-09-02 01:13:45.040 [info] > git status -z -uall [315ms]
2023-09-02 01:13:58.638 [info] > git config --get commit.template [1ms]
2023-09-02 01:13:58.647 [info] > git for-each-ref --format=%(refname)%00%(upstream:short)%00%(objectname)%00%(upstream:track)%00%(upstream:remotename)%00%(upstream:remoteref) refs/heads/master refs/remotes/master [1ms]
2023-09-02 01:13:58.979 [info] > git status -z -uall [323ms]
2023-09-02 01:14:18.850 [info] > git config --get commit.template [1ms]
2023-09-02 01:14:18.861 [info] > git for-each-ref --format=%(refname)%00%(upstream:short)%00%(objectname)%00%(upstream:track)%00%(upstream:remotename)%00%(upstream:remoteref) refs/heads/master refs/remotes/master [1ms]
2023-09-02 01:14:19.186 [info] > git status -z -uall [317ms]
2023-09-02 01:14:24.210 [info] > git config --get commit.template [8ms]
2023-09-02 01:14:24.211 [info] > git for-each-ref --format=%(refname)%00%(upstream:short)%00%(objectname)%00%(upstream:track)%00%(upstream:remotename)%00%(upstream:remoteref) refs/heads/master refs/remotes/master [2ms]
2023-09-02 01:14:24.532 [info] > git status -z -uall [316ms]
2023-09-02 01:15:05.804 [info] > git config --get commit.template [1ms]
2023-09-02 01:15:05.813 [info] > git for-each-ref --format=%(refname)%00%(upstream:short)%00%(objectname)%00%(upstream:track)%00%(upstream:remotename)%00%(upstream:remoteref) refs/heads/master refs/remotes/master [1ms]
2023-09-02 01:15:06.141 [info] > git status -z -uall [320ms]
2023-09-02 01:15:50.544 [info] > git config --get commit.template [1ms]
2023-09-02 01:15:50.557 [info] > git for-each-ref --format=%(refname)%00%(upstream:short)%00%(objectname)%00%(upstream:track)%00%(upstream:remotename)%00%(upstream:remoteref) refs/heads/master refs/remotes/master [1ms]
2023-09-02 01:15:50.880 [info] > git status -z -uall [315ms]
2023-09-02 01:16:10.625 [info] > git config --get commit.template [2ms]
2023-09-02 01:16:10.638 [info] > git for-each-ref --format=%(refname)%00%(upstream:short)%00%(objectname)%00%(upstream:track)%00%(upstream:remotename)%00%(upstream:remoteref) refs/heads/master refs/remotes/master [0ms]
2023-09-02 01:16:10.961 [info] > git status -z -uall [315ms]
2023-09-02 01:16:20.789 [info] > git config --get commit.template [6ms]
2023-09-02 01:16:20.789 [info] > git for-each-ref --format=%(refname)%00%(upstream:short)%00%(objectname)%00%(upstream:track)%00%(upstream:remotename)%00%(upstream:remoteref) refs/heads/master refs/remotes/master [0ms]
2023-09-02 01:16:21.110 [info] > git status -z -uall [316ms]
2023-09-02 01:16:29.878 [info] > git config --get commit.template [1ms]
2023-09-02 01:16:29.888 [info] > git for-each-ref --format=%(refname)%00%(upstream:short)%00%(objectname)%00%(upstream:track)%00%(upstream:remotename)%00%(upstream:remoteref) refs/heads/master refs/remotes/master [1ms]
2023-09-02 01:16:30.213 [info] > git status -z -uall [317ms]
2023-09-02 01:16:46.626 [info] > git config --get commit.template [1ms]
2023-09-02 01:16:46.636 [info] > git for-each-ref --format=%(refname)%00%(upstream:short)%00%(objectname)%00%(upstream:track)%00%(upstream:remotename)%00%(upstream:remoteref) refs/heads/master refs/remotes/master [1ms]
2023-09-02 01:16:46.960 [info] > git status -z -uall [316ms]
2023-09-02 01:16:51.981 [info] > git config --get commit.template [1ms]
2023-09-02 01:16:51.991 [info] > git for-each-ref --format=%(refname)%00%(upstream:short)%00%(objectname)%00%(upstream:track)%00%(upstream:remotename)%00%(upstream:remoteref) refs/heads/master refs/remotes/master [1ms]
2023-09-02 01:16:52.314 [info] > git status -z -uall [315ms]
2023-09-02 01:17:15.632 [info] > git config --get commit.template [1ms]
2023-09-02 01:17:15.642 [info] > git for-each-ref --format=%(refname)%00%(upstream:short)%00%(objectname)%00%(upstream:track)%00%(upstream:remotename)%00%(upstream:remoteref) refs/heads/master refs/remotes/master [1ms]
2023-09-02 01:17:15.967 [info] > git status -z -uall [317ms]
2023-09-02 01:17:20.991 [info] > git config --get commit.template [1ms]
2023-09-02 01:17:21.002 [info] > git for-each-ref --format=%(refname)%00%(upstream:short)%00%(objectname)%00%(upstream:track)%00%(upstream:remotename)%00%(upstream:remoteref) refs/heads/master refs/remotes/master [1ms]
2023-09-02 01:17:21.326 [info] > git status -z -uall [315ms]
2023-09-02 01:17:49.636 [info] > git config --get commit.template [7ms]
2023-09-02 01:17:49.637 [info] > git for-each-ref --format=%(refname)%00%(upstream:short)%00%(objectname)%00%(upstream:track)%00%(upstream:remotename)%00%(upstream:remoteref) refs/heads/master refs/remotes/master [1ms]
2023-09-02 01:17:49.958 [info] > git status -z -uall [317ms]
2023-09-02 01:17:54.983 [info] > git config --get commit.template [8ms]
2023-09-02 01:17:54.984 [info] > git for-each-ref --format=%(refname)%00%(upstream:short)%00%(objectname)%00%(upstream:track)%00%(upstream:remotename)%00%(upstream:remoteref) refs/heads/master refs/remotes/master [2ms]
2023-09-02 01:17:55.303 [info] > git status -z -uall [315ms]
2023-09-02 01:18:09.544 [info] > git config --get commit.template [1ms]
2023-09-02 01:18:09.553 [info] > git for-each-ref --format=%(refname)%00%(upstream:short)%00%(objectname)%00%(upstream:track)%00%(upstream:remotename)%00%(upstream:remoteref) refs/heads/master refs/remotes/master [1ms]
2023-09-02 01:18:09.878 [info] > git status -z -uall [317ms]
2023-09-02 01:18:26.128 [info] > git config --get commit.template [1ms]
2023-09-02 01:18:26.141 [info] > git for-each-ref --format=%(refname)%00%(upstream:short)%00%(objectname)%00%(upstream:track)%00%(upstream:remotename)%00%(upstream:remoteref) refs/heads/master refs/remotes/master [1ms]
2023-09-02 01:18:26.470 [info] > git status -z -uall [321ms]
2023-09-02 01:18:36.710 [info] > git config --get commit.template [5ms]
2023-09-02 01:18:36.710 [info] > git for-each-ref --format=%(refname)%00%(upstream:short)%00%(objectname)%00%(upstream:track)%00%(upstream:remotename)%00%(upstream:remoteref) refs/heads/master refs/remotes/master [1ms]
2023-09-02 01:18:37.030 [info] > git status -z -uall [315ms]
2023-09-02 01:18:42.051 [info] > git config --get commit.template [1ms]
2023-09-02 01:18:42.060 [info] > git for-each-ref --format=%(refname)%00%(upstream:short)%00%(objectname)%00%(upstream:track)%00%(upstream:remotename)%00%(upstream:remoteref) refs/heads/master refs/remotes/master [1ms]
2023-09-02 01:18:42.388 [info] > git status -z -uall [316ms]
2023-09-02 01:18:55.554 [info] > git config --get commit.template [1ms]
2023-09-02 01:18:55.564 [info] > git for-each-ref --format=%(refname)%00%(upstream:short)%00%(objectname)%00%(upstream:track)%00%(upstream:remotename)%00%(upstream:remoteref) refs/heads/master refs/remotes/master [1ms]
2023-09-02 01:18:55.891 [info] > git status -z -uall [318ms]
2023-09-02 01:19:11.862 [info] > git config --get commit.template [1ms]
2023-09-02 01:19:11.874 [info] > git for-each-ref --format=%(refname)%00%(upstream:short)%00%(objectname)%00%(upstream:track)%00%(upstream:remotename)%00%(upstream:remoteref) refs/heads/master refs/remotes/master [1ms]
2023-09-02 01:19:12.198 [info] > git status -z -uall [316ms]
2023-09-02 01:19:48.350 [info] > git config --get commit.template [12ms]
2023-09-02 01:19:48.351 [info] > git for-each-ref --format=%(refname)%00%(upstream:short)%00%(objectname)%00%(upstream:track)%00%(upstream:remotename)%00%(upstream:remoteref) refs/heads/master refs/remotes/master [1ms]
2023-09-02 01:19:48.369 [info] > git status -z -uall [10ms]
2023-09-02 01:19:48.395 [info] > git ls-files --stage -- /home/owl/config-files/post [10ms]
2023-09-02 01:19:48.405 [info] > git cat-file -s 7314bdb625276c21b81e821195d53d9ea806fcd3 [2ms]
2023-09-02 01:19:48.406 [info] > git ls-files --stage -- /home/owl/config-files/backup [12ms]
2023-09-02 01:19:48.415 [info] > git cat-file -s d7aea92934c72d60e4b26f97ee4527fcac2f5121 [2ms]
2023-09-02 01:19:48.433 [info] > git show --textconv :post [9ms]
2023-09-02 01:19:48.434 [info] > git show --textconv :backup [2ms]
2023-09-02 01:20:36.858 [info] > git config --get commit.template [1ms]
2023-09-02 01:20:36.877 [info] > git ls-files --stage -- /home/owl/config-files/post [10ms]
2023-09-02 01:20:36.894 [info] > git ls-files --stage -- /home/owl/config-files/backup [18ms]
2023-09-02 01:20:36.903 [info] > git for-each-ref --format=%(refname)%00%(upstream:short)%00%(objectname)%00%(upstream:track)%00%(upstream:remotename)%00%(upstream:remoteref) refs/heads/master refs/remotes/master [10ms]
2023-09-02 01:20:36.912 [info] > git cat-file -s 7314bdb625276c21b81e821195d53d9ea806fcd3 [25ms]
2023-09-02 01:20:36.913 [info] > git cat-file -s d7aea92934c72d60e4b26f97ee4527fcac2f5121 [11ms]
2023-09-02 01:20:36.930 [info] > git status -z -uall [19ms]
2023-09-02 01:20:36.943 [info] > git show --textconv :post [14ms]
2023-09-02 01:20:36.945 [info] > git show --textconv :backup [3ms]
2023-09-02 01:20:43.748 [info] > git config --get commit.template [1ms]
2023-09-02 01:20:43.758 [info] > git for-each-ref --format=%(refname)%00%(upstream:short)%00%(objectname)%00%(upstream:track)%00%(upstream:remotename)%00%(upstream:remoteref) refs/heads/master refs/remotes/master [1ms]
2023-09-02 01:20:43.776 [info] > git status -z -uall [9ms]
2023-09-02 01:21:50.512 [info] > git config --get commit.template [1ms]
2023-09-02 01:21:50.518 [info] > git for-each-ref --format=%(refname)%00%(upstream:short)%00%(objectname)%00%(upstream:track)%00%(upstream:remotename)%00%(upstream:remoteref) refs/heads/master refs/remotes/master [1ms]
2023-09-02 01:21:50.532 [info] > git status -z -uall [10ms]
2023-09-02 01:22:11.931 [info] > git config --get commit.template [1ms]
2023-09-02 01:22:11.949 [info] > git ls-files --stage -- /home/owl/config-files/post [9ms]
2023-09-02 01:22:11.967 [info] > git ls-files --stage -- /home/owl/config-files/backup [19ms]
2023-09-02 01:22:11.976 [info] > git for-each-ref --format=%(refname)%00%(upstream:short)%00%(objectname)%00%(upstream:track)%00%(upstream:remotename)%00%(upstream:remoteref) refs/heads/master refs/remotes/master [9ms]
2023-09-02 01:22:11.984 [info] > git cat-file -s 7314bdb625276c21b81e821195d53d9ea806fcd3 [27ms]
2023-09-02 01:22:11.985 [info] > git cat-file -s d7aea92934c72d60e4b26f97ee4527fcac2f5121 [10ms]
2023-09-02 01:22:12.002 [info] > git show --textconv :post [9ms]
2023-09-02 01:22:12.003 [info] > git show --textconv :backup [2ms]
2023-09-02 01:22:12.015 [info] > git status -z -uall [31ms]
2023-09-02 01:22:49.802 [info] > git config --get commit.template [2ms]
2023-09-02 01:22:49.811 [info] > git for-each-ref --format=%(refname)%00%(upstream:short)%00%(objectname)%00%(upstream:track)%00%(upstream:remotename)%00%(upstream:remoteref) refs/heads/master refs/remotes/master [1ms]
2023-09-02 01:22:49.851 [info] > git status -z -uall [31ms]
2023-09-02 01:23:15.326 [info] > git config --get commit.template [1ms]
2023-09-02 01:23:15.342 [info] > git ls-files --stage -- /home/owl/config-files/post [8ms]
2023-09-02 01:23:15.354 [info] > git ls-files --stage -- /home/owl/config-files/backup [13ms]
2023-09-02 01:23:15.359 [info] > git for-each-ref --format=%(refname)%00%(upstream:short)%00%(objectname)%00%(upstream:track)%00%(upstream:remotename)%00%(upstream:remoteref) refs/heads/master refs/remotes/master [6ms]
2023-09-02 01:23:15.363 [info] > git cat-file -s 7314bdb625276c21b81e821195d53d9ea806fcd3 [14ms]
2023-09-02 01:23:15.364 [info] > git cat-file -s d7aea92934c72d60e4b26f97ee4527fcac2f5121 [6ms]
2023-09-02 01:23:15.377 [info] > git status -z -uall [14ms]
2023-09-02 01:23:15.377 [info] > git show --textconv :post [7ms]
2023-09-02 01:23:15.379 [info] > git show --textconv :backup [3ms]
2023-09-02 01:23:20.399 [info] > git config --get commit.template [6ms]
2023-09-02 01:23:20.399 [info] > git for-each-ref --format=%(refname)%00%(upstream:short)%00%(objectname)%00%(upstream:track)%00%(upstream:remotename)%00%(upstream:remoteref) refs/heads/master refs/remotes/master [2ms]
2023-09-02 01:23:20.413 [info] > git status -z -uall [10ms]
2023-09-02 01:26:04.498 [info] > git config --get commit.template [1ms]
2023-09-02 01:26:04.521 [info] > git ls-files --stage -- /home/owl/config-files/post [12ms]
2023-09-02 01:26:04.538 [info] > git ls-files --stage -- /home/owl/config-files/backup [18ms]
2023-09-02 01:26:04.547 [info] > git for-each-ref --format=%(refname)%00%(upstream:short)%00%(objectname)%00%(upstream:track)%00%(upstream:remotename)%00%(upstream:remoteref) refs/heads/master refs/remotes/master [9ms]
2023-09-02 01:26:04.555 [info] > git cat-file -s 7314bdb625276c21b81e821195d53d9ea806fcd3 [26ms]
2023-09-02 01:26:04.557 [info] > git cat-file -s 14abe487082aa849ca6e25405b611fc42d1adbc9 [11ms]
2023-09-02 01:26:04.575 [info] > git status -z -uall [20ms]
2023-09-02 01:26:04.575 [info] > git show --textconv :post [9ms]
2023-09-02 01:26:04.581 [info] > git show --textconv :backup [7ms]
2023-09-02 01:26:15.538 [info] > git config --get commit.template [1ms]
2023-09-02 01:26:15.548 [info] > git for-each-ref --format=%(refname)%00%(upstream:short)%00%(objectname)%00%(upstream:track)%00%(upstream:remotename)%00%(upstream:remoteref) refs/heads/master refs/remotes/master [1ms]
2023-09-02 01:26:15.565 [info] > git status -z -uall [8ms]
2023-09-02 01:26:39.785 [info] > git config --get commit.template [1ms]
2023-09-02 01:26:39.803 [info] > git ls-files --stage -- /home/owl/config-files/post [9ms]
2023-09-02 01:26:39.819 [info] > git ls-files --stage -- /home/owl/config-files/backup [17ms]
2023-09-02 01:26:39.830 [info] > git for-each-ref --format=%(refname)%00%(upstream:short)%00%(objectname)%00%(upstream:track)%00%(upstream:remotename)%00%(upstream:remoteref) refs/heads/master refs/remotes/master [11ms]
2023-09-02 01:26:39.838 [info] > git cat-file -s 7314bdb625276c21b81e821195d53d9ea806fcd3 [27ms]
2023-09-02 01:26:39.839 [info] > git cat-file -s 14abe487082aa849ca6e25405b611fc42d1adbc9 [10ms]
2023-09-02 01:26:39.848 [info] > git status -z -uall [10ms]
2023-09-02 01:26:39.860 [info] > git show --textconv :post [13ms]
2023-09-02 01:26:39.861 [info] > git show --textconv :backup [2ms]
2023-09-02 01:27:16.491 [info] > git ls-files --stage -- /home/owl/config-files/post [6ms]
2023-09-02 01:27:16.495 [info] > git config --get commit.template [17ms]
2023-09-02 01:27:16.501 [info] > git ls-files --stage -- /home/owl/config-files/backup [11ms]
2023-09-02 01:27:16.506 [info] > git for-each-ref --format=%(refname)%00%(upstream:short)%00%(objectname)%00%(upstream:track)%00%(upstream:remotename)%00%(upstream:remoteref) refs/heads/master refs/remotes/master [5ms]
2023-09-02 01:27:16.511 [info] > git cat-file -s 7314bdb625276c21b81e821195d53d9ea806fcd3 [16ms]
2023-09-02 01:27:16.512 [info] > git cat-file -s f6493c2866d091188e829061433316f19bef0e3e [6ms]
2023-09-02 01:27:16.519 [info] > git status -z -uall [9ms]
2023-09-02 01:27:16.528 [info] > git show --textconv :post [9ms]
2023-09-02 01:27:16.529 [info] > git show --textconv :backup [2ms]
2023-09-02 01:27:21.538 [info] > git config --get commit.template [2ms]
2023-09-02 01:27:21.548 [info] > git for-each-ref --format=%(refname)%00%(upstream:short)%00%(objectname)%00%(upstream:track)%00%(upstream:remotename)%00%(upstream:remoteref) refs/heads/master refs/remotes/master [1ms]
2023-09-02 01:27:21.565 [info] > git status -z -uall [8ms]
2023-09-02 01:27:43.195 [info] > git config --get commit.template [1ms]
2023-09-02 01:27:43.214 [info] > git ls-files --stage -- /home/owl/config-files/post [10ms]
2023-09-02 01:27:43.231 [info] > git ls-files --stage -- /home/owl/config-files/backup [18ms]
2023-09-02 01:27:43.240 [info] > git for-each-ref --format=%(refname)%00%(upstream:short)%00%(objectname)%00%(upstream:track)%00%(upstream:remotename)%00%(upstream:remoteref) refs/heads/master refs/remotes/master [10ms]
2023-09-02 01:27:43.249 [info] > git cat-file -s 7314bdb625276c21b81e821195d53d9ea806fcd3 [27ms]
2023-09-02 01:27:43.250 [info] > git cat-file -s f6493c2866d091188e829061433316f19bef0e3e [11ms]
2023-09-02 01:27:43.260 [info] > git status -z -uall [10ms]
2023-09-02 01:27:43.273 [info] > git show --textconv :post [14ms]
2023-09-02 01:27:43.275 [info] > git show --textconv :backup [2ms]
2023-09-02 01:27:48.281 [info] > git config --get commit.template [1ms]
2023-09-02 01:27:48.291 [info] > git for-each-ref --format=%(refname)%00%(upstream:short)%00%(objectname)%00%(upstream:track)%00%(upstream:remotename)%00%(upstream:remoteref) refs/heads/master refs/remotes/master [1ms]
2023-09-02 01:27:48.309 [info] > git status -z -uall [9ms]
2023-09-02 01:27:53.518 [info] > git config --get commit.template [1ms]
2023-09-02 01:27:53.529 [info] > git for-each-ref --format=%(refname)%00%(upstream:short)%00%(objectname)%00%(upstream:track)%00%(upstream:remotename)%00%(upstream:remoteref) refs/heads/master refs/remotes/master [1ms]
2023-09-02 01:27:53.547 [info] > git status -z -uall [10ms]
2023-09-02 01:29:29.558 [info] > git config --get commit.template [2ms]
2023-09-02 01:29:29.577 [info] > git ls-files --stage -- /home/owl/config-files/post [10ms]
2023-09-02 01:29:29.595 [info] > git cat-file -s 7314bdb625276c21b81e821195d53d9ea806fcd3 [9ms]
2023-09-02 01:29:29.596 [info] > git ls-files --stage -- /home/owl/config-files/backup [20ms]
2023-09-02 01:29:29.605 [info] > git for-each-ref --format=%(refname)%00%(upstream:short)%00%(objectname)%00%(upstream:track)%00%(upstream:remotename)%00%(upstream:remoteref) refs/heads/master refs/remotes/master [11ms]
2023-09-02 01:29:29.623 [info] > git cat-file -s f6493c2866d091188e829061433316f19bef0e3e [19ms]
2023-09-02 01:29:29.624 [info] > git status -z -uall [10ms]
2023-09-02 01:29:29.624 [info] > git show --textconv :post [2ms]
2023-09-02 01:29:29.637 [info] > git show --textconv :backup [1ms]
2023-09-02 01:31:31.363 [info] > git ls-files --stage -- /home/owl/config-files/post [8ms]
2023-09-02 01:31:31.368 [info] > git config --get commit.template [21ms]
2023-09-02 01:31:31.373 [info] > git ls-files --stage -- /home/owl/config-files/backup [11ms]
2023-09-02 01:31:31.378 [info] > git for-each-ref --format=%(refname)%00%(upstream:short)%00%(objectname)%00%(upstream:track)%00%(upstream:remotename)%00%(upstream:remoteref) refs/heads/master refs/remotes/master [5ms]
2023-09-02 01:31:31.382 [info] > git cat-file -s 7314bdb625276c21b81e821195d53d9ea806fcd3 [15ms]
2023-09-02 01:31:31.383 [info] > git cat-file -s ea59732d57d227e3163c4f70f795a8d8c071193a [6ms]
2023-09-02 01:31:31.395 [info] > git status -z -uall [13ms]
2023-09-02 01:31:31.395 [info] > git show --textconv :post [6ms]
2023-09-02 01:31:31.397 [info] > git show --textconv :backup [3ms]
2023-09-02 01:31:36.412 [info] > git config --get commit.template [1ms]
2023-09-02 01:31:36.424 [info] > git for-each-ref --format=%(refname)%00%(upstream:short)%00%(objectname)%00%(upstream:track)%00%(upstream:remotename)%00%(upstream:remoteref) refs/heads/master refs/remotes/master [1ms]
2023-09-02 01:31:36.444 [info] > git status -z -uall [10ms]
2023-09-02 01:32:18.694 [info] > git config --get commit.template [1ms]
2023-09-02 01:32:18.705 [info] > git ls-files --stage -- /home/owl/config-files/post [6ms]
2023-09-02 01:32:18.714 [info] > git ls-files --stage -- /home/owl/config-files/backup [10ms]
2023-09-02 01:32:18.719 [info] > git for-each-ref --format=%(refname)%00%(upstream:short)%00%(objectname)%00%(upstream:track)%00%(upstream:remotename)%00%(upstream:remoteref) refs/heads/master refs/remotes/master [5ms]
2023-09-02 01:32:18.724 [info] > git cat-file -s 7314bdb625276c21b81e821195d53d9ea806fcd3 [15ms]
2023-09-02 01:32:18.725 [info] > git cat-file -s ea59732d57d227e3163c4f70f795a8d8c071193a [6ms]
2023-09-02 01:32:18.736 [info] > git status -z -uall [12ms]
2023-09-02 01:32:18.736 [info] > git show --textconv :post [6ms]
2023-09-02 01:32:18.738 [info] > git show --textconv :backup [3ms]
2023-09-02 01:32:23.752 [info] > git config --get commit.template [5ms]
2023-09-02 01:32:23.753 [info] > git for-each-ref --format=%(refname)%00%(upstream:short)%00%(objectname)%00%(upstream:track)%00%(upstream:remotename)%00%(upstream:remoteref) refs/heads/master refs/remotes/master [1ms]
2023-09-02 01:32:23.768 [info] > git status -z -uall [11ms]
2023-09-02 01:32:28.789 [info] > git config --get commit.template [1ms]
2023-09-02 01:32:28.798 [info] > git for-each-ref --format=%(refname)%00%(upstream:short)%00%(objectname)%00%(upstream:track)%00%(upstream:remotename)%00%(upstream:remoteref) refs/heads/master refs/remotes/master [1ms]
2023-09-02 01:32:28.816 [info] > git status -z -uall [9ms]
2023-09-02 01:33:24.284 [info] > git config --get commit.template [1ms]
2023-09-02 01:33:24.304 [info] > git ls-files --stage -- /home/owl/config-files/post [10ms]
2023-09-02 01:33:24.321 [info] > git ls-files --stage -- /home/owl/config-files/backup [18ms]
2023-09-02 01:33:24.330 [info] > git for-each-ref --format=%(refname)%00%(upstream:short)%00%(objectname)%00%(upstream:track)%00%(upstream:remotename)%00%(upstream:remoteref) refs/heads/master refs/remotes/master [9ms]
2023-09-02 01:33:24.338 [info] > git cat-file -s 7314bdb625276c21b81e821195d53d9ea806fcd3 [26ms]
2023-09-02 01:33:24.339 [info] > git cat-file -s ea59732d57d227e3163c4f70f795a8d8c071193a [10ms]
2023-09-02 01:33:24.349 [info] > git status -z -uall [11ms]
2023-09-02 01:33:24.364 [info] > git show --textconv :post [16ms]
2023-09-02 01:33:24.365 [info] > git show --textconv :backup [2ms]
2023-09-02 01:33:29.368 [info] > git config --get commit.template [1ms]
2023-09-02 01:33:29.378 [info] > git for-each-ref --format=%(refname)%00%(upstream:short)%00%(objectname)%00%(upstream:track)%00%(upstream:remotename)%00%(upstream:remoteref) refs/heads/master refs/remotes/master [1ms]
2023-09-02 01:33:29.396 [info] > git status -z -uall [10ms]
2023-09-02 01:33:51.322 [info] > git config --get commit.template [1ms]
2023-09-02 01:33:51.342 [info] > git ls-files --stage -- /home/owl/config-files/post [10ms]
2023-09-02 01:33:51.358 [info] > git ls-files --stage -- /home/owl/config-files/backup [18ms]
2023-09-02 01:33:51.367 [info] > git for-each-ref --format=%(refname)%00%(upstream:short)%00%(objectname)%00%(upstream:track)%00%(upstream:remotename)%00%(upstream:remoteref) refs/heads/master refs/remotes/master [9ms]
2023-09-02 01:33:51.376 [info] > git cat-file -s 7314bdb625276c21b81e821195d53d9ea806fcd3 [26ms]
2023-09-02 01:33:51.377 [info] > git cat-file -s ea59732d57d227e3163c4f70f795a8d8c071193a [11ms]
2023-09-02 01:33:51.386 [info] > git status -z -uall [11ms]
2023-09-02 01:33:51.399 [info] > git show --textconv :post [14ms]
2023-09-02 01:33:51.401 [info] > git show --textconv :backup [3ms]
2023-09-02 01:33:56.401 [info] > git config --get commit.template [1ms]
2023-09-02 01:33:56.410 [info] > git for-each-ref --format=%(refname)%00%(upstream:short)%00%(objectname)%00%(upstream:track)%00%(upstream:remotename)%00%(upstream:remoteref) refs/heads/master refs/remotes/master [1ms]
2023-09-02 01:33:56.429 [info] > git status -z -uall [10ms]
2023-09-02 01:34:01.445 [info] > git config --get commit.template [2ms]
2023-09-02 01:34:01.455 [info] > git for-each-ref --format=%(refname)%00%(upstream:short)%00%(objectname)%00%(upstream:track)%00%(upstream:remotename)%00%(upstream:remoteref) refs/heads/master refs/remotes/master [1ms]
2023-09-02 01:34:01.472 [info] > git status -z -uall [9ms]
2023-09-02 01:34:06.500 [info] > git config --get commit.template [10ms]
2023-09-02 01:34:06.500 [info] > git for-each-ref --format=%(refname)%00%(upstream:short)%00%(objectname)%00%(upstream:track)%00%(upstream:remotename)%00%(upstream:remoteref) refs/heads/master refs/remotes/master [1ms]
2023-09-02 01:34:06.519 [info] > git status -z -uall [11ms]
2023-09-02 01:34:11.544 [info] > git config --get commit.template [11ms]
2023-09-02 01:34:11.544 [info] > git for-each-ref --format=%(refname)%00%(upstream:short)%00%(objectname)%00%(upstream:track)%00%(upstream:remotename)%00%(upstream:remoteref) refs/heads/master refs/remotes/master [1ms]
2023-09-02 01:34:11.563 [info] > git status -z -uall [10ms]
2023-09-02 01:35:05.908 [info] > git config --get commit.template [1ms]
2023-09-02 01:35:05.928 [info] > git ls-files --stage -- /home/owl/config-files/post [10ms]
2023-09-02 01:35:05.945 [info] > git ls-files --stage -- /home/owl/config-files/backup [17ms]
2023-09-02 01:35:05.954 [info] > git for-each-ref --format=%(refname)%00%(upstream:short)%00%(objectname)%00%(upstream:track)%00%(upstream:remotename)%00%(upstream:remoteref) refs/heads/master refs/remotes/master [10ms]
2023-09-02 01:35:05.963 [info] > git cat-file -s 7314bdb625276c21b81e821195d53d9ea806fcd3 [27ms]
2023-09-02 01:35:05.964 [info] > git cat-file -s ea59732d57d227e3163c4f70f795a8d8c071193a [11ms]
2023-09-02 01:35:05.974 [info] > git status -z -uall [12ms]
2023-09-02 01:35:05.986 [info] > git show --textconv :post [13ms]
2023-09-02 01:35:05.987 [info] > git show --textconv :backup [2ms]
2023-09-02 01:35:12.730 [info] > git config --get commit.template [6ms]
2023-09-02 01:35:12.731 [info] > git for-each-ref --format=%(refname)%00%(upstream:short)%00%(objectname)%00%(upstream:track)%00%(upstream:remotename)%00%(upstream:remoteref) refs/heads/master refs/remotes/master [1ms]
2023-09-02 01:35:12.744 [info] > git status -z -uall [9ms]
2023-09-02 01:35:21.914 [info] > git config --get commit.template [1ms]
2023-09-02 01:35:21.925 [info] > git for-each-ref --format=%(refname)%00%(upstream:short)%00%(objectname)%00%(upstream:track)%00%(upstream:remotename)%00%(upstream:remoteref) refs/heads/master refs/remotes/master [1ms]
2023-09-02 01:35:21.943 [info] > git status -z -uall [9ms]
2023-09-02 01:35:26.960 [info] > git config --get commit.template [1ms]
2023-09-02 01:35:26.971 [info] > git for-each-ref --format=%(refname)%00%(upstream:short)%00%(objectname)%00%(upstream:track)%00%(upstream:remotename)%00%(upstream:remoteref) refs/heads/master refs/remotes/master [1ms]
2023-09-02 01:35:26.988 [info] > git status -z -uall [9ms]
2023-09-02 01:35:43.132 [info] > git ls-files --stage -- /home/owl/config-files/post [9ms]
2023-09-02 01:35:43.140 [info] > git config --get commit.template [26ms]
2023-09-02 01:35:43.149 [info] > git cat-file -s 7314bdb625276c21b81e821195d53d9ea806fcd3 [9ms]
2023-09-02 01:35:43.150 [info] > git ls-files --stage -- /home/owl/config-files/backup [19ms]
2023-09-02 01:35:43.157 [info] > git for-each-ref --format=%(refname)%00%(upstream:short)%00%(objectname)%00%(upstream:track)%00%(upstream:remotename)%00%(upstream:remoteref) refs/heads/master refs/remotes/master [8ms]
2023-09-02 01:35:43.167 [info] > git cat-file -s ea59732d57d227e3163c4f70f795a8d8c071193a [10ms]
2023-09-02 01:35:43.167 [info] > git show --textconv :post [1ms]
2023-09-02 01:35:43.173 [info] > git status -z -uall [12ms]
2023-09-02 01:35:43.175 [info] > git show --textconv :backup [2ms]
2023-09-02 01:35:53.434 [info] > git config --get commit.template [1ms]
2023-09-02 01:35:53.443 [info] > git for-each-ref --format=%(refname)%00%(upstream:short)%00%(objectname)%00%(upstream:track)%00%(upstream:remotename)%00%(upstream:remoteref) refs/heads/master refs/remotes/master [1ms]
2023-09-02 01:35:53.460 [info] > git status -z -uall [8ms]
2023-09-02 01:36:22.748 [info] > git config --get commit.template [1ms]
2023-09-02 01:36:22.765 [info] > git ls-files --stage -- /home/owl/config-files/post [7ms]
2023-09-02 01:36:22.779 [info] > git ls-files --stage -- /home/owl/config-files/backup [15ms]
2023-09-02 01:36:22.786 [info] > git for-each-ref --format=%(refname)%00%(upstream:short)%00%(objectname)%00%(upstream:track)%00%(upstream:remotename)%00%(upstream:remoteref) refs/heads/master refs/remotes/master [6ms]
2023-09-02 01:36:22.790 [info] > git cat-file -s 7314bdb625276c21b81e821195d53d9ea806fcd3 [20ms]
2023-09-02 01:36:22.791 [info] > git cat-file -s acfddda3c8d4239031dc737468a928c44ac9275f [6ms]
2023-09-02 01:36:22.803 [info] > git status -z -uall [13ms]
2023-09-02 01:36:22.803 [info] > git show --textconv :post [6ms]
2023-09-02 01:36:22.803 [info] > git show --textconv :backup [1ms]
2023-09-02 01:36:27.818 [info] > git config --get commit.template [1ms]
2023-09-02 01:36:27.828 [info] > git for-each-ref --format=%(refname)%00%(upstream:short)%00%(objectname)%00%(upstream:track)%00%(upstream:remotename)%00%(upstream:remoteref) refs/heads/master refs/remotes/master [1ms]
2023-09-02 01:36:27.845 [info] > git status -z -uall [8ms]
2023-09-02 01:38:32.598 [info] > git ls-files --stage -- /home/owl/config-files/post [6ms]
2023-09-02 01:38:32.605 [info] > git config --get commit.template [19ms]
2023-09-02 01:38:32.615 [info] > git cat-file -s 7314bdb625276c21b81e821195d53d9ea806fcd3 [10ms]
2023-09-02 01:38:32.615 [info] > git ls-files --stage -- /home/owl/config-files/backup [18ms]
2023-09-02 01:38:32.632 [info] > git cat-file -s acfddda3c8d4239031dc737468a928c44ac9275f [9ms]
2023-09-02 01:38:32.632 [info] > git for-each-ref --format=%(refname)%00%(upstream:short)%00%(objectname)%00%(upstream:track)%00%(upstream:remotename)%00%(upstream:remoteref) refs/heads/master refs/remotes/master [18ms]
2023-09-02 01:38:32.649 [info] > git show --textconv :post [18ms]
2023-09-02 01:38:32.649 [info] > git status -z -uall [9ms]
2023-09-02 01:38:32.651 [info] > git show --textconv :backup [3ms]
2023-09-02 01:39:39.583 [info] > git config --get commit.template [1ms]
2023-09-02 01:39:39.603 [info] > git ls-files --stage -- /home/owl/config-files/backup [2ms]
2023-09-02 01:39:39.611 [info] > git ls-files --stage -- /home/owl/config-files/post [19ms]
2023-09-02 01:39:39.628 [info] > git cat-file -s 8116b92910a468dbaa064e98398d4ef65fbd8036 [17ms]
2023-09-02 01:39:39.629 [info] > git for-each-ref --format=%(refname)%00%(upstream:short)%00%(objectname)%00%(upstream:track)%00%(upstream:remotename)%00%(upstream:remoteref) refs/heads/master refs/remotes/master [2ms]
2023-09-02 01:39:39.637 [info] > git cat-file -s 7314bdb625276c21b81e821195d53d9ea806fcd3 [18ms]
2023-09-02 01:39:39.655 [info] > git status -z -uall [18ms]
2023-09-02 01:39:39.655 [info] > git show --textconv :backup [10ms]
2023-09-02 01:39:39.655 [info] > git show --textconv :post [0ms]
2023-09-02 01:39:44.687 [info] > git config --get commit.template [10ms]
2023-09-02 01:39:44.688 [info] > git for-each-ref --format=%(refname)%00%(upstream:short)%00%(objectname)%00%(upstream:track)%00%(upstream:remotename)%00%(upstream:remoteref) refs/heads/master refs/remotes/master [1ms]
2023-09-02 01:39:44.708 [info] > git status -z -uall [8ms]
2023-09-02 01:40:09.313 [info] > git config --get commit.template [1ms]
2023-09-02 01:40:09.332 [info] > git ls-files --stage -- /home/owl/config-files/post [10ms]
2023-09-02 01:40:09.349 [info] > git ls-files --stage -- /home/owl/config-files/backup [18ms]
2023-09-02 01:40:09.357 [info] > git for-each-ref --format=%(refname)%00%(upstream:short)%00%(objectname)%00%(upstream:track)%00%(upstream:remotename)%00%(upstream:remoteref) refs/heads/master refs/remotes/master [9ms]
2023-09-02 01:40:09.366 [info] > git cat-file -s 7314bdb625276c21b81e821195d53d9ea806fcd3 [26ms]
2023-09-02 01:40:09.367 [info] > git cat-file -s 429276a9cf80ef7de821a404c3139e49a9e32a73 [10ms]
2023-09-02 01:40:09.375 [info] > git status -z -uall [9ms]
2023-09-02 01:40:09.396 [info] > git show --textconv :post [10ms]
2023-09-02 01:40:09.398 [info] > git show --textconv :backup [3ms]
2023-09-02 01:40:10.929 [info] > git ls-files --stage -- /home/owl/config-files/post [8ms]
2023-09-02 01:40:10.937 [info] > git ls-files --stage -- /home/owl/config-files/backup [9ms]
2023-09-02 01:40:10.946 [info] > git cat-file -s 7314bdb625276c21b81e821195d53d9ea806fcd3 [10ms]
2023-09-02 01:40:10.947 [info] > git cat-file -s 429276a9cf80ef7de821a404c3139e49a9e32a73 [2ms]
2023-09-02 01:40:10.967 [info] > git show --textconv :post [10ms]
2023-09-02 01:40:10.968 [info] > git show --textconv :backup [2ms]
2023-09-02 01:40:17.223 [info] > git config --get commit.template [1ms]
2023-09-02 01:40:17.235 [info] > git for-each-ref --format=%(refname)%00%(upstream:short)%00%(objectname)%00%(upstream:track)%00%(upstream:remotename)%00%(upstream:remoteref) refs/heads/master refs/remotes/master [2ms]
2023-09-02 01:40:17.252 [info] > git status -z -uall [9ms]
2023-09-02 01:40:39.422 [info] > git config --get commit.template [2ms]
2023-09-02 01:40:39.431 [info] > git for-each-ref --format=%(refname)%00%(upstream:short)%00%(objectname)%00%(upstream:track)%00%(upstream:remotename)%00%(upstream:remoteref) refs/heads/master refs/remotes/master [1ms]
2023-09-02 01:40:39.451 [info] > git status -z -uall [9ms]
2023-09-02 01:40:57.395 [info] > git config --get commit.template [10ms]
2023-09-02 01:40:57.396 [info] > git for-each-ref --format=%(refname)%00%(upstream:short)%00%(objectname)%00%(upstream:track)%00%(upstream:remotename)%00%(upstream:remoteref) refs/heads/master refs/remotes/master [1ms]
2023-09-02 01:40:57.415 [info] > git status -z -uall [10ms]
2023-09-02 01:41:07.238 [info] > git config --get commit.template [1ms]
2023-09-02 01:41:07.251 [info] > git for-each-ref --format=%(refname)%00%(upstream:short)%00%(objectname)%00%(upstream:track)%00%(upstream:remotename)%00%(upstream:remoteref) refs/heads/master refs/remotes/master [1ms]
2023-09-02 01:41:07.267 [info] > git status -z -uall [8ms]
2023-09-02 01:41:17.704 [info] > git config --get commit.template [1ms]
2023-09-02 01:41:17.714 [info] > git for-each-ref --format=%(refname)%00%(upstream:short)%00%(objectname)%00%(upstream:track)%00%(upstream:remotename)%00%(upstream:remoteref) refs/heads/master refs/remotes/master [1ms]
2023-09-02 01:41:17.731 [info] > git status -z -uall [9ms]
2023-09-02 01:41:34.081 [info] > git config --get commit.template [1ms]
2023-09-02 01:41:34.094 [info] > git for-each-ref --format=%(refname)%00%(upstream:short)%00%(objectname)%00%(upstream:track)%00%(upstream:remotename)%00%(upstream:remoteref) refs/heads/master refs/remotes/master [1ms]
2023-09-02 01:41:34.111 [info] > git status -z -uall [9ms]
2023-09-02 01:43:19.263 [info] > git config --get commit.template [1ms]
2023-09-02 01:43:19.273 [info] > git for-each-ref --format=%(refname)%00%(upstream:short)%00%(objectname)%00%(upstream:track)%00%(upstream:remotename)%00%(upstream:remoteref) refs/heads/master refs/remotes/master [2ms]
2023-09-02 01:43:19.290 [info] > git status -z -uall [9ms]
2023-09-02 02:04:03.893 [info] > git config --get commit.template [1ms]
2023-09-02 02:04:03.903 [info] > git for-each-ref --format=%(refname)%00%(upstream:short)%00%(objectname)%00%(upstream:track)%00%(upstream:remotename)%00%(upstream:remoteref) refs/heads/master refs/remotes/master [1ms]
2023-09-02 02:04:03.920 [info] > git status -z -uall [9ms]
2023-09-02 02:04:08.949 [info] > git config --get commit.template [11ms]
2023-09-02 02:04:08.950 [info] > git for-each-ref --format=%(refname)%00%(upstream:short)%00%(objectname)%00%(upstream:track)%00%(upstream:remotename)%00%(upstream:remoteref) refs/heads/master refs/remotes/master [2ms]
2023-09-02 02:04:08.968 [info] > git status -z -uall [9ms]
2023-09-02 02:04:13.983 [info] > git config --get commit.template [1ms]
2023-09-02 02:04:13.993 [info] > git for-each-ref --format=%(refname)%00%(upstream:short)%00%(objectname)%00%(upstream:track)%00%(upstream:remotename)%00%(upstream:remoteref) refs/heads/master refs/remotes/master [1ms]
2023-09-02 02:04:14.011 [info] > git status -z -uall [9ms]
2023-09-02 02:04:36.339 [info] > git config --get commit.template [1ms]
2023-09-02 02:04:36.348 [info] > git for-each-ref --format=%(refname)%00%(upstream:short)%00%(objectname)%00%(upstream:track)%00%(upstream:remotename)%00%(upstream:remoteref) refs/heads/master refs/remotes/master [1ms]
2023-09-02 02:04:36.365 [info] > git status -z -uall [8ms]
2023-09-02 02:04:51.017 [info] > git config --get commit.template [1ms]
2023-09-02 02:04:51.030 [info] > git for-each-ref --format=%(refname)%00%(upstream:short)%00%(objectname)%00%(upstream:track)%00%(upstream:remotename)%00%(upstream:remoteref) refs/heads/master refs/remotes/master [1ms]
2023-09-02 02:04:51.048 [info] > git status -z -uall [10ms]
2023-09-02 02:05:04.502 [info] > git config --get commit.template [9ms]
2023-09-02 02:05:04.502 [info] > git for-each-ref --format=%(refname)%00%(upstream:short)%00%(objectname)%00%(upstream:track)%00%(upstream:remotename)%00%(upstream:remoteref) refs/heads/master refs/remotes/master [1ms]
2023-09-02 02:05:04.520 [info] > git status -z -uall [8ms]
2023-09-02 02:10:06.183 [info] > git ls-files --stage -- /home/owl/config-files/post [6ms]
2023-09-02 02:10:06.188 [info] > git config --get commit.template [18ms]
2023-09-02 02:10:06.194 [info] > git ls-files --stage -- /home/owl/config-files/backup [12ms]
2023-09-02 02:10:06.201 [info] > git for-each-ref --format=%(refname)%00%(upstream:short)%00%(objectname)%00%(upstream:track)%00%(upstream:remotename)%00%(upstream:remoteref) refs/heads/master refs/remotes/master [7ms]
2023-09-02 02:10:06.206 [info] > git cat-file -s 7314bdb625276c21b81e821195d53d9ea806fcd3 [18ms]
2023-09-02 02:10:06.207 [info] > git cat-file -s 429276a9cf80ef7de821a404c3139e49a9e32a73 [6ms]
2023-09-02 02:10:06.219 [info] > git status -z -uall [13ms]
2023-09-02 02:10:06.219 [info] > git show --textconv :post [5ms]
2023-09-02 02:10:06.221 [info] > git show --textconv :backup [3ms]
2023-09-02 02:10:11.238 [info] > git for-each-ref --format=%(refname)%00%(upstream:short)%00%(objectname)%00%(upstream:track)%00%(upstream:remotename)%00%(upstream:remoteref) refs/heads/master refs/remotes/master [1ms]
2023-09-02 02:10:11.238 [info] > git config --get commit.template [8ms]
2023-09-02 02:10:11.255 [info] > git status -z -uall [9ms]
