2023-11-05 13:53:59.579 [error] Extension 'ms-python.python CANNOT USE these API proposals 'contribEditorContentMenu, quickPickSortByLabel, envShellEvent, testObserver, quickPickItemTooltip, envCollectionWorkspace, saveEditor, envCollectionOptions'. You MUST start in extension development mode or use the --enable-proposed-api command line flag
2023-11-05 13:53:59.598 [warning] [Vue.volar]: Cannot register 'typescript.tsdk'. This property is already registered.
2023-11-05 13:53:59.640 [error] [ms-python.python]: editor/content is a proposed menu identifier. It requires 'package.json#enabledApiProposals: ["contribEditorContentMenu"]' and is only available when running out of dev or with the following command line switch: --enable-proposed-api ms-python.python
2023-11-05 13:54:03.426 [info] [perf] Render performance baseline is 151ms
2023-11-05 15:23:30.204 [error] [Extension Host] FetchError: Unleash Repository error: request to https://unleash.codeium.com/api/client/features failed, reason: getaddrinfo EAI_AGAIN unleash.codeium.com
    at ClientRequest.<anonymous> (/home/owl/.vscode-oss/extensions/codeium.codeium-1.2.97-universal/dist/extension.js:2:1202635)
    at ClientRequest.emit (node:events:525:35)
    at TLSSocket.socketErrorListener (node:_http_client:481:9)
    at TLSSocket.emit (node:events:513:28)
    at emitErrorNT (node:internal/streams/destroy:157:8)
    at emitErrorCloseNT (node:internal/streams/destroy:122:3)
    at processTicksAndRejections (node:internal/process/task_queues:83:21)
2023-11-05 18:04:27.982 [error] [Extension Host] FetchError: Unleash Repository error: request to https://unleash.codeium.com/api/client/features failed, reason: getaddrinfo EAI_AGAIN unleash.codeium.com
    at ClientRequest.<anonymous> (/home/owl/.vscode-oss/extensions/codeium.codeium-1.2.97-universal/dist/extension.js:2:1202635)
    at ClientRequest.emit (node:events:525:35)
    at TLSSocket.socketErrorListener (node:_http_client:481:9)
    at TLSSocket.emit (node:events:513:28)
    at emitErrorNT (node:internal/streams/destroy:157:8)
    at emitErrorCloseNT (node:internal/streams/destroy:122:3)
    at processTicksAndRejections (node:internal/process/task_queues:83:21)
2023-11-05 22:44:09.265 [error] [Extension Host] FetchError: Unleash Repository error: request to https://unleash.codeium.com/api/client/features failed, reason: getaddrinfo EAI_AGAIN unleash.codeium.com
    at ClientRequest.<anonymous> (/home/owl/.vscode-oss/extensions/codeium.codeium-1.2.97-universal/dist/extension.js:2:1202635)
    at ClientRequest.emit (node:events:525:35)
    at TLSSocket.socketErrorListener (node:_http_client:481:9)
    at TLSSocket.emit (node:events:513:28)
    at emitErrorNT (node:internal/streams/destroy:157:8)
    at emitErrorCloseNT (node:internal/streams/destroy:122:3)
    at processTicksAndRejections (node:internal/process/task_queues:83:21)
2023-11-05 22:45:12.265 [error] [Extension Host] FetchError: Unleash Repository error: request to https://unleash.codeium.com/api/client/features failed, reason: getaddrinfo EAI_AGAIN unleash.codeium.com
    at ClientRequest.<anonymous> (/home/owl/.vscode-oss/extensions/codeium.codeium-1.2.97-universal/dist/extension.js:2:1202635)
    at ClientRequest.emit (node:events:525:35)
    at TLSSocket.socketErrorListener (node:_http_client:481:9)
    at TLSSocket.emit (node:events:513:28)
    at emitErrorNT (node:internal/streams/destroy:157:8)
    at emitErrorCloseNT (node:internal/streams/destroy:122:3)
    at processTicksAndRejections (node:internal/process/task_queues:83:21)
2023-11-05 23:14:29.197 [error] [Extension Host] FetchError: Unleash Repository error: request to https://unleash.codeium.com/api/client/features failed, reason: getaddrinfo EAI_AGAIN unleash.codeium.com
    at ClientRequest.<anonymous> (/home/owl/.vscode-oss/extensions/codeium.codeium-1.2.97-universal/dist/extension.js:2:1202635)
    at ClientRequest.emit (node:events:525:35)
    at TLSSocket.socketErrorListener (node:_http_client:481:9)
    at TLSSocket.emit (node:events:513:28)
    at emitErrorNT (node:internal/streams/destroy:157:8)
    at emitErrorCloseNT (node:internal/streams/destroy:122:3)
    at processTicksAndRejections (node:internal/process/task_queues:83:21)
2023-11-06 01:56:44.960 [error] [Extension Host] FetchError: Unleash Repository error: request to https://unleash.codeium.com/api/client/features failed, reason: getaddrinfo EAI_AGAIN unleash.codeium.com
    at ClientRequest.<anonymous> (/home/owl/.vscode-oss/extensions/codeium.codeium-1.2.97-universal/dist/extension.js:2:1202635)
    at ClientRequest.emit (node:events:525:35)
    at TLSSocket.socketErrorListener (node:_http_client:481:9)
    at TLSSocket.emit (node:events:513:28)
    at emitErrorNT (node:internal/streams/destroy:157:8)
    at emitErrorCloseNT (node:internal/streams/destroy:122:3)
    at processTicksAndRejections (node:internal/process/task_queues:83:21)
2023-11-06 01:57:47.975 [error] [Extension Host] FetchError: Unleash Repository error: request to https://unleash.codeium.com/api/client/features failed, reason: getaddrinfo EAI_AGAIN unleash.codeium.com
    at ClientRequest.<anonymous> (/home/owl/.vscode-oss/extensions/codeium.codeium-1.2.97-universal/dist/extension.js:2:1202635)
    at ClientRequest.emit (node:events:525:35)
    at TLSSocket.socketErrorListener (node:_http_client:481:9)
    at TLSSocket.emit (node:events:513:28)
    at emitErrorNT (node:internal/streams/destroy:157:8)
    at emitErrorCloseNT (node:internal/streams/destroy:122:3)
    at processTicksAndRejections (node:internal/process/task_queues:83:21)
2023-11-06 07:23:47.891 [error] [Extension Host] FetchError: Unleash Repository error: request to https://unleash.codeium.com/api/client/features failed, reason: getaddrinfo EAI_AGAIN unleash.codeium.com
    at ClientRequest.<anonymous> (/home/owl/.vscode-oss/extensions/codeium.codeium-1.2.97-universal/dist/extension.js:2:1202635)
    at ClientRequest.emit (node:events:525:35)
    at TLSSocket.socketErrorListener (node:_http_client:481:9)
    at TLSSocket.emit (node:events:513:28)
    at emitErrorNT (node:internal/streams/destroy:157:8)
    at emitErrorCloseNT (node:internal/streams/destroy:122:3)
    at processTicksAndRejections (node:internal/process/task_queues:83:21)
2023-11-06 07:24:50.888 [error] [Extension Host] FetchError: Unleash Repository error: request to https://unleash.codeium.com/api/client/features failed, reason: getaddrinfo EAI_AGAIN unleash.codeium.com
    at ClientRequest.<anonymous> (/home/owl/.vscode-oss/extensions/codeium.codeium-1.2.97-universal/dist/extension.js:2:1202635)
    at ClientRequest.emit (node:events:525:35)
    at TLSSocket.socketErrorListener (node:_http_client:481:9)
    at TLSSocket.emit (node:events:513:28)
    at emitErrorNT (node:internal/streams/destroy:157:8)
    at emitErrorCloseNT (node:internal/streams/destroy:122:3)
    at processTicksAndRejections (node:internal/process/task_queues:83:21)
