2023-11-05 02:06:10.348 [info] Log level: Info
2023-11-05 02:06:10.348 [info] Validating found git in: "git"
2023-11-05 02:06:10.348 [info] Using git "2.42.0" from "git"
2023-11-05 02:06:10.348 [info] > git rev-parse --show-toplevel [2ms]
2023-11-05 02:06:11.014 [info] > git rev-parse --show-toplevel [6ms]
2023-11-05 02:08:44.505 [info] Log level: Info
2023-11-05 02:08:44.505 [info] Validating found git in: "git"
2023-11-05 02:08:44.505 [info] Using git "2.42.0" from "git"
2023-11-05 02:08:44.508 [info] > git rev-parse --show-toplevel [4ms]
2023-11-05 02:08:45.061 [info] > git rev-parse --show-toplevel [2ms]
2023-11-05 02:08:45.112 [info] > git rev-parse --show-toplevel [25ms]
2023-11-05 02:08:46.611 [info] > git rev-parse --show-toplevel [6ms]
2023-11-05 02:08:59.456 [info] > git rev-parse --show-toplevel [9ms]
2023-11-05 02:09:14.251 [info] > git rev-parse --show-toplevel [3ms]
2023-11-05 02:09:32.088 [info] > git rev-parse --show-toplevel [3ms]
2023-11-05 02:09:40.019 [info] > git rev-parse --show-toplevel [3ms]
2023-11-05 02:10:03.921 [info] > git rev-parse --show-toplevel [5ms]
2023-11-05 02:10:06.293 [info] > git rev-parse --show-toplevel [2ms]
2023-11-05 02:10:16.643 [info] > git rev-parse --show-toplevel [4ms]
2023-11-05 02:10:19.168 [info] > git rev-parse --show-toplevel [4ms]
2023-11-05 02:10:55.400 [info] Log level: Info
2023-11-05 02:10:55.400 [info] Validating found git in: "git"
2023-11-05 02:10:55.400 [info] Using git "2.42.0" from "git"
2023-11-05 02:10:55.402 [info] > git rev-parse --show-toplevel [4ms]
2023-11-05 02:10:55.414 [info] > git rev-parse --git-dir --git-common-dir [1ms]
2023-11-05 02:10:55.426 [info] Open repository: /home/owl/config-files
2023-11-05 02:10:55.448 [info] > git config --get commit.template [11ms]
2023-11-05 02:10:55.454 [info] > git rev-parse --show-toplevel [6ms]
2023-11-05 02:10:55.468 [info] > git for-each-ref --format=%(refname)%00%(upstream:short)%00%(objectname)%00%(upstream:track)%00%(upstream:remotename)%00%(upstream:remoteref) refs/heads/master refs/remotes/master [1ms]
2023-11-05 02:10:55.799 [info] > git status -z -uall [322ms]
2023-11-05 02:10:55.982 [info] > git config --get commit.template [52ms]
2023-11-05 02:10:55.982 [info] > git rev-parse --show-toplevel [61ms]
2023-11-05 02:10:55.991 [info] > git check-ignore -v -z --stdin [12ms]
2023-11-05 02:10:56.020 [info] > git for-each-ref --format=%(refname)%00%(upstream:short)%00%(objectname)%00%(upstream:track)%00%(upstream:remotename)%00%(upstream:remoteref) refs/heads/master refs/remotes/master [20ms]
2023-11-05 02:10:56.055 [info] > git rev-parse --show-toplevel [18ms]
2023-11-05 02:10:56.103 [info] > git status -z -uall [76ms]
2023-11-05 02:10:56.105 [info] > git rev-parse --show-toplevel [23ms]
2023-11-05 02:10:56.152 [info] > git rev-parse --show-toplevel [1ms]
2023-11-05 02:10:56.233 [info] > git rev-parse --show-toplevel [62ms]
2023-11-05 02:10:56.265 [info] > git show --textconv :system/post [11ms]
2023-11-05 02:10:56.278 [info] > git ls-files --stage -- /home/owl/config-files/system/post [14ms]
2023-11-05 02:10:56.312 [info] > git cat-file -s 7ab61aaf538b8d82560f729a1113b4e4bc47a2f6 [26ms]
2023-11-05 02:10:59.000 [info] > git show --textconv :system/restore [12ms]
2023-11-05 02:10:59.002 [info] > git ls-files --stage -- /home/owl/config-files/system/restore [3ms]
2023-11-05 02:10:59.013 [info] > git cat-file -s 8b1dfcd84abedd08460ccf70e5df028debdab1bd [1ms]
2023-11-05 02:11:00.874 [info] > git show --textconv :system/backup [10ms]
2023-11-05 02:11:00.876 [info] > git ls-files --stage -- /home/owl/config-files/system/backup [3ms]
2023-11-05 02:11:00.886 [info] > git cat-file -s a890a0a82a8947f5d6d158c2ed4657cf0bb700f9 [2ms]
2023-11-05 02:11:00.958 [info] > git rev-parse --show-toplevel [3ms]
2023-11-05 02:11:00.958 [info] fatal: not a git repository (or any of the parent directories): .git
2023-11-05 02:11:16.595 [info] > git show --textconv :system/post [13ms]
2023-11-05 02:11:16.597 [info] > git ls-files --stage -- /home/owl/config-files/system/post [2ms]
2023-11-05 02:11:16.628 [info] > git cat-file -s 7ab61aaf538b8d82560f729a1113b4e4bc47a2f6 [18ms]
2023-11-05 02:11:57.002 [info] > git config --get commit.template [8ms]
2023-11-05 02:11:57.002 [info] > git for-each-ref --format=%(refname)%00%(upstream:short)%00%(objectname)%00%(upstream:track)%00%(upstream:remotename)%00%(upstream:remoteref) refs/heads/master refs/remotes/master [2ms]
2023-11-05 02:11:57.057 [info] > git status -z -uall [49ms]
2023-11-05 02:12:35.475 [info] > git config --get commit.template [1ms]
2023-11-05 02:12:35.485 [info] > git for-each-ref --format=%(refname)%00%(upstream:short)%00%(objectname)%00%(upstream:track)%00%(upstream:remotename)%00%(upstream:remoteref) refs/heads/master refs/remotes/master [1ms]
2023-11-05 02:12:35.542 [info] > git status -z -uall [49ms]
2023-11-05 02:12:42.255 [info] > git config --get commit.template [11ms]
2023-11-05 02:12:42.255 [info] > git for-each-ref --format=%(refname)%00%(upstream:short)%00%(objectname)%00%(upstream:track)%00%(upstream:remotename)%00%(upstream:remoteref) refs/heads/master refs/remotes/master [1ms]
2023-11-05 02:12:42.317 [info] > git status -z -uall [54ms]
2023-11-05 02:17:22.642 [info] > git show --textconv :system/backup [16ms]
2023-11-05 02:17:22.645 [info] > git ls-files --stage -- /home/owl/config-files/system/backup [3ms]
2023-11-05 02:17:22.679 [info] > git cat-file -s a890a0a82a8947f5d6d158c2ed4657cf0bb700f9 [21ms]
2023-11-05 02:17:33.144 [info] > git show --textconv :system/restore [10ms]
2023-11-05 02:17:33.146 [info] > git ls-files --stage -- /home/owl/config-files/system/restore [2ms]
2023-11-05 02:17:33.156 [info] > git cat-file -s 8b1dfcd84abedd08460ccf70e5df028debdab1bd [1ms]
2023-11-05 02:17:57.611 [info] > git show --textconv :system/backup [10ms]
2023-11-05 02:17:57.613 [info] > git ls-files --stage -- /home/owl/config-files/system/backup [2ms]
2023-11-05 02:17:57.624 [info] > git cat-file -s a890a0a82a8947f5d6d158c2ed4657cf0bb700f9 [1ms]
2023-11-05 02:18:04.629 [info] > git show --textconv :system/restore [16ms]
2023-11-05 02:18:04.631 [info] > git ls-files --stage -- /home/owl/config-files/system/restore [2ms]
2023-11-05 02:18:04.650 [info] > git cat-file -s 8b1dfcd84abedd08460ccf70e5df028debdab1bd [11ms]
2023-11-05 02:19:22.052 [info] > git config --get commit.template [1ms]
2023-11-05 02:19:22.062 [info] > git for-each-ref --format=%(refname)%00%(upstream:short)%00%(objectname)%00%(upstream:track)%00%(upstream:remotename)%00%(upstream:remoteref) refs/heads/master refs/remotes/master [1ms]
2023-11-05 02:19:22.119 [info] > git status -z -uall [49ms]
2023-11-05 02:20:10.573 [info] > git show --textconv :manage [16ms]
2023-11-05 02:20:10.575 [info] > git ls-files --stage -- /home/owl/config-files/manage [5ms]
2023-11-05 02:20:10.590 [info] > git cat-file -s b6479c4db5ba901177a0f6618c96f80a36aa9574 [2ms]
2023-11-05 02:20:13.589 [info] > git show --textconv :system/backup [13ms]
2023-11-05 02:20:13.590 [info] > git ls-files --stage -- /home/owl/config-files/system/backup [3ms]
2023-11-05 02:20:13.603 [info] > git cat-file -s a890a0a82a8947f5d6d158c2ed4657cf0bb700f9 [1ms]
2023-11-05 02:21:13.893 [info] > git show --textconv :manage [13ms]
2023-11-05 02:21:13.895 [info] > git ls-files --stage -- /home/owl/config-files/manage [3ms]
2023-11-05 02:21:13.910 [info] > git cat-file -s b6479c4db5ba901177a0f6618c96f80a36aa9574 [1ms]
2023-11-05 02:21:28.155 [info] > git config --get commit.template [2ms]
2023-11-05 02:21:28.167 [info] > git for-each-ref --format=%(refname)%00%(upstream:short)%00%(objectname)%00%(upstream:track)%00%(upstream:remotename)%00%(upstream:remoteref) refs/heads/master refs/remotes/master [1ms]
2023-11-05 02:21:28.224 [info] > git status -z -uall [50ms]
2023-11-05 02:21:40.942 [info] > git config --get commit.template [2ms]
2023-11-05 02:21:40.959 [info] > git for-each-ref --format=%(refname)%00%(upstream:short)%00%(objectname)%00%(upstream:track)%00%(upstream:remotename)%00%(upstream:remoteref) refs/heads/master refs/remotes/master [2ms]
2023-11-05 02:21:41.023 [info] > git status -z -uall [51ms]
2023-11-05 02:21:41.982 [info] > git show --textconv :system/backup [14ms]
2023-11-05 02:21:41.984 [info] > git ls-files --stage -- /home/owl/config-files/system/backup [2ms]
2023-11-05 02:21:42.012 [info] > git cat-file -s a890a0a82a8947f5d6d158c2ed4657cf0bb700f9 [11ms]
2023-11-05 02:21:49.100 [info] > git config --get commit.template [11ms]
2023-11-05 02:21:49.101 [info] > git for-each-ref --format=%(refname)%00%(upstream:short)%00%(objectname)%00%(upstream:track)%00%(upstream:remotename)%00%(upstream:remoteref) refs/heads/master refs/remotes/master [2ms]
2023-11-05 02:21:49.161 [info] > git status -z -uall [50ms]
2023-11-05 02:22:09.826 [info] > git config --get commit.template [2ms]
2023-11-05 02:22:09.845 [info] > git for-each-ref --format=%(refname)%00%(upstream:short)%00%(objectname)%00%(upstream:track)%00%(upstream:remotename)%00%(upstream:remoteref) refs/heads/master refs/remotes/master [1ms]
2023-11-05 02:22:09.907 [info] > git status -z -uall [49ms]
2023-11-05 02:22:14.926 [info] > git config --get commit.template [2ms]
2023-11-05 02:22:14.942 [info] > git for-each-ref --format=%(refname)%00%(upstream:short)%00%(objectname)%00%(upstream:track)%00%(upstream:remotename)%00%(upstream:remoteref) refs/heads/master refs/remotes/master [2ms]
2023-11-05 02:22:15.008 [info] > git status -z -uall [52ms]
2023-11-05 02:22:28.019 [info] > git config --get commit.template [9ms]
2023-11-05 02:22:28.020 [info] > git for-each-ref --format=%(refname)%00%(upstream:short)%00%(objectname)%00%(upstream:track)%00%(upstream:remotename)%00%(upstream:remoteref) refs/heads/master refs/remotes/master [2ms]
2023-11-05 02:22:28.077 [info] > git status -z -uall [50ms]
2023-11-05 02:22:50.971 [info] > git config --get commit.template [3ms]
2023-11-05 02:22:50.990 [info] > git for-each-ref --format=%(refname)%00%(upstream:short)%00%(objectname)%00%(upstream:track)%00%(upstream:remotename)%00%(upstream:remoteref) refs/heads/master refs/remotes/master [4ms]
2023-11-05 02:22:51.058 [info] > git status -z -uall [53ms]
2023-11-05 02:22:58.766 [info] > git config --get commit.template [8ms]
2023-11-05 02:22:58.766 [info] > git for-each-ref --format=%(refname)%00%(upstream:short)%00%(objectname)%00%(upstream:track)%00%(upstream:remotename)%00%(upstream:remoteref) refs/heads/master refs/remotes/master [1ms]
2023-11-05 02:22:58.825 [info] > git status -z -uall [50ms]
2023-11-05 02:23:19.548 [info] > git config --get commit.template [3ms]
2023-11-05 02:23:19.559 [info] > git for-each-ref --format=%(refname)%00%(upstream:short)%00%(objectname)%00%(upstream:track)%00%(upstream:remotename)%00%(upstream:remoteref) refs/heads/master refs/remotes/master [2ms]
2023-11-05 02:23:19.623 [info] > git status -z -uall [54ms]
2023-11-05 02:23:29.130 [info] > git config --get commit.template [1ms]
2023-11-05 02:23:29.145 [info] > git for-each-ref --format=%(refname)%00%(upstream:short)%00%(objectname)%00%(upstream:track)%00%(upstream:remotename)%00%(upstream:remoteref) refs/heads/master refs/remotes/master [2ms]
2023-11-05 02:23:29.208 [info] > git status -z -uall [50ms]
2023-11-05 02:23:46.377 [info] > git config --get commit.template [1ms]
2023-11-05 02:23:46.392 [info] > git for-each-ref --format=%(refname)%00%(upstream:short)%00%(objectname)%00%(upstream:track)%00%(upstream:remotename)%00%(upstream:remoteref) refs/heads/master refs/remotes/master [1ms]
2023-11-05 02:23:46.454 [info] > git status -z -uall [50ms]
2023-11-05 02:24:02.849 [info] > git config --get commit.template [9ms]
2023-11-05 02:24:02.849 [info] > git for-each-ref --format=%(refname)%00%(upstream:short)%00%(objectname)%00%(upstream:track)%00%(upstream:remotename)%00%(upstream:remoteref) refs/heads/master refs/remotes/master [1ms]
2023-11-05 02:24:02.906 [info] > git status -z -uall [50ms]
2023-11-05 02:24:18.040 [info] > git config --get commit.template [2ms]
2023-11-05 02:24:18.056 [info] > git for-each-ref --format=%(refname)%00%(upstream:short)%00%(objectname)%00%(upstream:track)%00%(upstream:remotename)%00%(upstream:remoteref) refs/heads/master refs/remotes/master [2ms]
2023-11-05 02:24:18.120 [info] > git status -z -uall [50ms]
2023-11-05 02:24:31.410 [info] > git config --get commit.template [3ms]
2023-11-05 02:24:31.427 [info] > git for-each-ref --format=%(refname)%00%(upstream:short)%00%(objectname)%00%(upstream:track)%00%(upstream:remotename)%00%(upstream:remoteref) refs/heads/master refs/remotes/master [1ms]
2023-11-05 02:24:31.492 [info] > git status -z -uall [51ms]
2023-11-05 02:24:43.646 [info] > git config --get commit.template [1ms]
2023-11-05 02:24:43.661 [info] > git for-each-ref --format=%(refname)%00%(upstream:short)%00%(objectname)%00%(upstream:track)%00%(upstream:remotename)%00%(upstream:remoteref) refs/heads/master refs/remotes/master [1ms]
2023-11-05 02:24:43.728 [info] > git status -z -uall [52ms]
2023-11-05 02:25:11.682 [info] > git config --get commit.template [2ms]
2023-11-05 02:25:11.698 [info] > git for-each-ref --format=%(refname)%00%(upstream:short)%00%(objectname)%00%(upstream:track)%00%(upstream:remotename)%00%(upstream:remoteref) refs/heads/master refs/remotes/master [2ms]
2023-11-05 02:25:11.761 [info] > git status -z -uall [50ms]
2023-11-05 02:25:35.684 [info] > git config --get commit.template [9ms]
2023-11-05 02:25:35.684 [info] > git for-each-ref --format=%(refname)%00%(upstream:short)%00%(objectname)%00%(upstream:track)%00%(upstream:remotename)%00%(upstream:remoteref) refs/heads/master refs/remotes/master [1ms]
2023-11-05 02:25:35.741 [info] > git status -z -uall [49ms]
2023-11-05 02:25:48.721 [info] > git config --get commit.template [1ms]
2023-11-05 02:25:48.734 [info] > git for-each-ref --format=%(refname)%00%(upstream:short)%00%(objectname)%00%(upstream:track)%00%(upstream:remotename)%00%(upstream:remoteref) refs/heads/master refs/remotes/master [1ms]
2023-11-05 02:25:48.801 [info] > git status -z -uall [51ms]
2023-11-05 02:25:54.848 [info] > git config --get commit.template [4ms]
2023-11-05 02:25:54.859 [info] > git for-each-ref --format=%(refname)%00%(upstream:short)%00%(objectname)%00%(upstream:track)%00%(upstream:remotename)%00%(upstream:remoteref) refs/heads/master refs/remotes/master [1ms]
2023-11-05 02:25:54.919 [info] > git status -z -uall [52ms]
2023-11-05 02:26:17.019 [info] > git config --get commit.template [2ms]
2023-11-05 02:26:17.036 [info] > git for-each-ref --format=%(refname)%00%(upstream:short)%00%(objectname)%00%(upstream:track)%00%(upstream:remotename)%00%(upstream:remoteref) refs/heads/master refs/remotes/master [2ms]
2023-11-05 02:26:17.098 [info] > git status -z -uall [50ms]
2023-11-05 02:26:42.409 [info] > git config --get commit.template [1ms]
2023-11-05 02:26:42.423 [info] > git for-each-ref --format=%(refname)%00%(upstream:short)%00%(objectname)%00%(upstream:track)%00%(upstream:remotename)%00%(upstream:remoteref) refs/heads/master refs/remotes/master [1ms]
2023-11-05 02:26:42.490 [info] > git status -z -uall [53ms]
2023-11-05 02:26:47.507 [info] > git config --get commit.template [1ms]
2023-11-05 02:26:47.521 [info] > git for-each-ref --format=%(refname)%00%(upstream:short)%00%(objectname)%00%(upstream:track)%00%(upstream:remotename)%00%(upstream:remoteref) refs/heads/master refs/remotes/master [1ms]
2023-11-05 02:26:47.584 [info] > git status -z -uall [50ms]
2023-11-05 02:26:52.902 [info] > git config --get commit.template [2ms]
2023-11-05 02:26:52.918 [info] > git for-each-ref --format=%(refname)%00%(upstream:short)%00%(objectname)%00%(upstream:track)%00%(upstream:remotename)%00%(upstream:remoteref) refs/heads/master refs/remotes/master [2ms]
2023-11-05 02:26:52.980 [info] > git status -z -uall [49ms]
