2023-10-01 15:36:38.294 [info] Log level: Info
2023-10-01 15:36:38.294 [info] Validating found git in: "git"
2023-10-01 15:36:38.294 [info] Using git "2.42.0" from "git"
2023-10-01 15:36:38.294 [info] > git rev-parse --show-toplevel [4ms]
2023-10-01 15:36:38.294 [info] > git rev-parse --git-dir --git-common-dir [4ms]
2023-10-01 15:36:38.294 [info] Open repository: /home/owl/config-files
2023-10-01 15:36:38.306 [info] > git config --get commit.template [2ms]
2023-10-01 15:36:38.324 [info] > git for-each-ref --format=%(refname)%00%(upstream:short)%00%(objectname)%00%(upstream:track)%00%(upstream:remotename)%00%(upstream:remoteref) refs/heads/master refs/remotes/master [8ms]
2023-10-01 15:36:38.333 [info] > git rev-parse --show-toplevel [10ms]
2023-10-01 15:36:38.388 [info] > git status -z -uall [56ms]
2023-10-01 15:36:38.402 [info] > git config --get commit.template [2ms]
2023-10-01 15:36:38.412 [info] > git for-each-ref --format=%(refname)%00%(upstream:short)%00%(objectname)%00%(upstream:track)%00%(upstream:remotename)%00%(upstream:remoteref) refs/heads/master refs/remotes/master [2ms]
2023-10-01 15:36:38.460 [info] > git status -z -uall [40ms]
2023-10-01 15:36:38.698 [info] > git show --textconv :backup [8ms]
2023-10-01 15:36:38.700 [info] > git ls-files --stage -- /home/owl/config-files/backup [2ms]
2023-10-01 15:36:38.708 [info] > git cat-file -s a68e15e9154c5a29c1c130a81bcbb8ba8de1d38c [1ms]
2023-10-01 15:36:38.821 [info] > git check-ignore -v -z --stdin [3ms]
2023-10-01 15:37:12.688 [info] > git config --get commit.template [6ms]
2023-10-01 15:37:12.689 [info] > git for-each-ref --format=%(refname)%00%(upstream:short)%00%(objectname)%00%(upstream:track)%00%(upstream:remotename)%00%(upstream:remoteref) refs/heads/master refs/remotes/master [2ms]
2023-10-01 15:37:12.729 [info] > git status -z -uall [36ms]
2023-10-01 15:38:45.176 [info] > git config --get commit.template [6ms]
2023-10-01 15:38:45.176 [info] > git for-each-ref --format=%(refname)%00%(upstream:short)%00%(objectname)%00%(upstream:track)%00%(upstream:remotename)%00%(upstream:remoteref) refs/heads/master refs/remotes/master [1ms]
2023-10-01 15:38:45.220 [info] > git status -z -uall [40ms]
