2023-11-03 11:54:04.566 [info] Test server listening.
2023-11-03 11:54:04.566 [info] Python interpreter path: ./venv/bin/python
2023-11-03 11:54:04.680 [error] [
  'Failed to activate a workspace, Class name = g, completed in 204ms, has a falsy return value, Arg 1: <Uri:/home/owl/Desktop/craigslist/main.py>, Return Value: undefined',
  Error: Extension 'ms-python.python' CANNOT use API proposal: testObserver.
  Its package.json#enabledApiProposals-property declares:  but NOT testObserver.
   The missing proposal MUST be added and you must start in extension development mode or use the following command line switch: --enable-proposed-api ms-python.python
      at S (/usr/lib/code/out/vs/workbench/api/node/extensionHostProcess.js:100:67708)
      at Object.get testResults [as testResults] (/usr/lib/code/out/vs/workbench/api/node/extensionHostProcess.js:120:23379)
      at w.activate (/home/owl/.vscode-oss/extensions/ms-python.python-2023.14.0-universal/out/client/extension.js:2:808237)
      at /home/owl/.vscode-oss/extensions/ms-python.python-2023.14.0-universal/out/client/extension.js:2:2386
      at Array.map (<anonymous>)
      at g.activateWorkspace (/home/owl/.vscode-oss/extensions/ms-python.python-2023.14.0-universal/out/client/extension.js:2:2376)
]
2023-11-03 11:54:04.680 [error] Failure during activation. Error: Extension 'ms-python.python' CANNOT use API proposal: testObserver.
Its package.json#enabledApiProposals-property declares:  but NOT testObserver.
 The missing proposal MUST be added and you must start in extension development mode or use the following command line switch: --enable-proposed-api ms-python.python
    at S (/usr/lib/code/out/vs/workbench/api/node/extensionHostProcess.js:100:67708)
    at Object.get testResults [as testResults] (/usr/lib/code/out/vs/workbench/api/node/extensionHostProcess.js:120:23379)
    at w.activate (/home/owl/.vscode-oss/extensions/ms-python.python-2023.14.0-universal/out/client/extension.js:2:808237)
    at /home/owl/.vscode-oss/extensions/ms-python.python-2023.14.0-universal/out/client/extension.js:2:2386
    at Array.map (<anonymous>)
    at g.activateWorkspace (/home/owl/.vscode-oss/extensions/ms-python.python-2023.14.0-universal/out/client/extension.js:2:2376)
2023-11-03 11:54:04.680 [error] sendStartupTelemetry() failed. Error: Extension 'ms-python.python' CANNOT use API proposal: testObserver.
Its package.json#enabledApiProposals-property declares:  but NOT testObserver.
 The missing proposal MUST be added and you must start in extension development mode or use the following command line switch: --enable-proposed-api ms-python.python
    at S (/usr/lib/code/out/vs/workbench/api/node/extensionHostProcess.js:100:67708)
    at Object.get testResults [as testResults] (/usr/lib/code/out/vs/workbench/api/node/extensionHostProcess.js:120:23379)
    at w.activate (/home/owl/.vscode-oss/extensions/ms-python.python-2023.14.0-universal/out/client/extension.js:2:808237)
    at /home/owl/.vscode-oss/extensions/ms-python.python-2023.14.0-universal/out/client/extension.js:2:2386
    at Array.map (<anonymous>)
    at g.activateWorkspace (/home/owl/.vscode-oss/extensions/ms-python.python-2023.14.0-universal/out/client/extension.js:2:2376)
2023-11-03 11:54:05.239 [info] Starting Jedi language server for craigslist.
