2023-09-02 13:01:03.068 [info] Log level: Info
2023-09-02 13:01:03.068 [info] Validating found git in: "git"
2023-09-02 13:01:03.068 [info] Using git "2.42.0" from "git"
2023-09-02 13:01:03.068 [info] > git rev-parse --show-toplevel [3ms]
2023-09-02 13:01:03.068 [info] > git rev-parse --git-dir --git-common-dir [7ms]
2023-09-02 13:01:03.077 [info] Open repository: /home/owl/config-files
2023-09-02 13:01:03.088 [info] > git config --get commit.template [3ms]
2023-09-02 13:01:03.102 [info] > git for-each-ref --format=%(refname)%00%(upstream:short)%00%(objectname)%00%(upstream:track)%00%(upstream:remotename)%00%(upstream:remoteref) refs/heads/master refs/remotes/master [7ms]
2023-09-02 13:01:03.109 [info] > git rev-parse --show-toplevel [8ms]
2023-09-02 13:01:03.117 [info] > git status -z -uall [9ms]
2023-09-02 13:01:03.136 [info] > git config --get commit.template [8ms]
2023-09-02 13:01:03.136 [info] > git for-each-ref --format=%(refname)%00%(upstream:short)%00%(objectname)%00%(upstream:track)%00%(upstream:remotename)%00%(upstream:remoteref) refs/heads/master refs/remotes/master [2ms]
2023-09-02 13:01:03.162 [info] > git status -z -uall [21ms]
2023-09-02 13:01:03.599 [info] > git check-ignore -v -z --stdin [2ms]
2023-09-02 13:01:03.678 [info] > git show --textconv :post [5ms]
2023-09-02 13:01:03.679 [info] > git ls-files --stage -- /home/owl/config-files/post [2ms]
2023-09-02 13:01:03.685 [info] > git cat-file -s cf8697e82ca93c4a29bf47c214ae66af0293ec85 [2ms]
2023-09-02 13:01:26.810 [info] > git show --textconv :restore [10ms]
2023-09-02 13:01:26.812 [info] > git ls-files --stage -- /home/owl/config-files/restore [2ms]
2023-09-02 13:01:26.821 [info] > git cat-file -s 1415953b62b82330f09edea0aea9b24e6abbb77d [1ms]
2023-09-02 13:01:46.444 [info] > git show --textconv :backup [10ms]
2023-09-02 13:01:46.446 [info] > git ls-files --stage -- /home/owl/config-files/backup [3ms]
2023-09-02 13:01:46.456 [info] > git cat-file -s 00d7fe4d278c4e470ec8365a4694cd82020497d2 [1ms]
2023-09-02 13:02:35.823 [info] > git config --get commit.template [1ms]
2023-09-02 13:02:35.833 [info] > git for-each-ref --format=%(refname)%00%(upstream:short)%00%(objectname)%00%(upstream:track)%00%(upstream:remotename)%00%(upstream:remoteref) refs/heads/master refs/remotes/master [1ms]
2023-09-02 13:02:35.853 [info] > git status -z -uall [9ms]
2023-09-02 13:02:40.988 [info] > git config --get commit.template [1ms]
2023-09-02 13:02:41.002 [info] > git for-each-ref --format=%(refname)%00%(upstream:short)%00%(objectname)%00%(upstream:track)%00%(upstream:remotename)%00%(upstream:remoteref) refs/heads/master refs/remotes/master [2ms]
2023-09-02 13:02:41.021 [info] > git status -z -uall [10ms]
2023-09-02 13:03:49.220 [info] > git config --get commit.template [1ms]
2023-09-02 13:03:49.229 [info] > git for-each-ref --format=%(refname)%00%(upstream:short)%00%(objectname)%00%(upstream:track)%00%(upstream:remotename)%00%(upstream:remoteref) refs/heads/master refs/remotes/master [2ms]
2023-09-02 13:03:49.247 [info] > git status -z -uall [10ms]
2023-09-02 13:04:01.140 [info] > git config --get commit.template [2ms]
2023-09-02 13:04:01.149 [info] > git for-each-ref --format=%(refname)%00%(upstream:short)%00%(objectname)%00%(upstream:track)%00%(upstream:remotename)%00%(upstream:remoteref) refs/heads/master refs/remotes/master [1ms]
2023-09-02 13:04:01.167 [info] > git status -z -uall [9ms]
2023-09-02 13:07:03.279 [info] > git config --get commit.template [5ms]
2023-09-02 13:07:03.280 [info] > git for-each-ref --format=%(refname)%00%(upstream:short)%00%(objectname)%00%(upstream:track)%00%(upstream:remotename)%00%(upstream:remoteref) refs/heads/master refs/remotes/master [1ms]
2023-09-02 13:07:03.294 [info] > git status -z -uall [9ms]
2023-09-02 13:08:03.104 [info] > git config --get commit.template [1ms]
2023-09-02 13:08:03.115 [info] > git for-each-ref --format=%(refname)%00%(upstream:short)%00%(objectname)%00%(upstream:track)%00%(upstream:remotename)%00%(upstream:remoteref) refs/heads/master refs/remotes/master [1ms]
2023-09-02 13:08:03.135 [info] > git status -z -uall [11ms]
2023-09-02 13:08:42.719 [info] > git config --get commit.template [2ms]
2023-09-02 13:08:42.730 [info] > git for-each-ref --format=%(refname)%00%(upstream:short)%00%(objectname)%00%(upstream:track)%00%(upstream:remotename)%00%(upstream:remoteref) refs/heads/master refs/remotes/master [1ms]
2023-09-02 13:08:42.747 [info] > git status -z -uall [10ms]
2023-09-02 13:08:47.948 [info] > git config --get commit.template [6ms]
2023-09-02 13:08:47.948 [info] > git for-each-ref --format=%(refname)%00%(upstream:short)%00%(objectname)%00%(upstream:track)%00%(upstream:remotename)%00%(upstream:remoteref) refs/heads/master refs/remotes/master [1ms]
2023-09-02 13:08:47.963 [info] > git status -z -uall [10ms]
2023-09-02 13:08:59.683 [info] > git config --get commit.template [1ms]
2023-09-02 13:08:59.692 [info] > git for-each-ref --format=%(refname)%00%(upstream:short)%00%(objectname)%00%(upstream:track)%00%(upstream:remotename)%00%(upstream:remoteref) refs/heads/master refs/remotes/master [1ms]
2023-09-02 13:08:59.711 [info] > git status -z -uall [10ms]
2023-09-02 13:09:05.422 [info] > git config --get commit.template [1ms]
2023-09-02 13:09:05.432 [info] > git for-each-ref --format=%(refname)%00%(upstream:short)%00%(objectname)%00%(upstream:track)%00%(upstream:remotename)%00%(upstream:remoteref) refs/heads/master refs/remotes/master [1ms]
2023-09-02 13:09:05.452 [info] > git status -z -uall [11ms]
2023-09-02 13:11:22.619 [info] > git config --get commit.template [1ms]
2023-09-02 13:11:22.629 [info] > git for-each-ref --format=%(refname)%00%(upstream:short)%00%(objectname)%00%(upstream:track)%00%(upstream:remotename)%00%(upstream:remoteref) refs/heads/master refs/remotes/master [1ms]
2023-09-02 13:11:22.648 [info] > git status -z -uall [10ms]
2023-09-02 13:12:24.030 [info] > git config --get commit.template [5ms]
2023-09-02 13:12:24.030 [info] > git for-each-ref --format=%(refname)%00%(upstream:short)%00%(objectname)%00%(upstream:track)%00%(upstream:remotename)%00%(upstream:remoteref) refs/heads/master refs/remotes/master [1ms]
2023-09-02 13:12:24.044 [info] > git status -z -uall [9ms]
2023-09-02 13:24:14.292 [info] > git config --get commit.template [1ms]
2023-09-02 13:24:14.301 [info] > git for-each-ref --format=%(refname)%00%(upstream:short)%00%(objectname)%00%(upstream:track)%00%(upstream:remotename)%00%(upstream:remoteref) refs/heads/master refs/remotes/master [1ms]
2023-09-02 13:24:14.320 [info] > git status -z -uall [10ms]
2023-09-02 13:24:19.339 [info] > git config --get commit.template [1ms]
2023-09-02 13:24:19.349 [info] > git for-each-ref --format=%(refname)%00%(upstream:short)%00%(objectname)%00%(upstream:track)%00%(upstream:remotename)%00%(upstream:remoteref) refs/heads/master refs/remotes/master [1ms]
2023-09-02 13:24:19.367 [info] > git status -z -uall [9ms]
2023-09-02 13:24:24.390 [info] > git config --get commit.template [2ms]
2023-09-02 13:24:24.400 [info] > git for-each-ref --format=%(refname)%00%(upstream:short)%00%(objectname)%00%(upstream:track)%00%(upstream:remotename)%00%(upstream:remoteref) refs/heads/master refs/remotes/master [1ms]
2023-09-02 13:24:24.421 [info] > git status -z -uall [10ms]
2023-09-02 13:26:49.898 [info] > git config --get commit.template [12ms]
2023-09-02 13:26:49.898 [info] > git for-each-ref --format=%(refname)%00%(upstream:short)%00%(objectname)%00%(upstream:track)%00%(upstream:remotename)%00%(upstream:remoteref) refs/heads/master refs/remotes/master [1ms]
2023-09-02 13:26:49.917 [info] > git status -z -uall [10ms]
2023-09-02 13:31:55.241 [info] > git config --get commit.template [1ms]
2023-09-02 13:31:55.252 [info] > git for-each-ref --format=%(refname)%00%(upstream:short)%00%(objectname)%00%(upstream:track)%00%(upstream:remotename)%00%(upstream:remoteref) refs/heads/master refs/remotes/master [1ms]
2023-09-02 13:31:55.273 [info] > git status -z -uall [10ms]
2023-09-02 13:32:28.633 [info] > git config --get commit.template [2ms]
2023-09-02 13:32:28.643 [info] > git for-each-ref --format=%(refname)%00%(upstream:short)%00%(objectname)%00%(upstream:track)%00%(upstream:remotename)%00%(upstream:remoteref) refs/heads/master refs/remotes/master [1ms]
2023-09-02 13:32:28.660 [info] > git status -z -uall [9ms]
2023-09-02 13:32:43.987 [info] > git config --get commit.template [1ms]
2023-09-02 13:32:43.995 [info] > git for-each-ref --format=%(refname)%00%(upstream:short)%00%(objectname)%00%(upstream:track)%00%(upstream:remotename)%00%(upstream:remoteref) refs/heads/master refs/remotes/master [1ms]
2023-09-02 13:32:44.013 [info] > git status -z -uall [10ms]
2023-09-02 13:33:57.069 [info] > git config --get commit.template [2ms]
2023-09-02 13:33:57.081 [info] > git for-each-ref --format=%(refname)%00%(upstream:short)%00%(objectname)%00%(upstream:track)%00%(upstream:remotename)%00%(upstream:remoteref) refs/heads/master refs/remotes/master [1ms]
2023-09-02 13:33:57.099 [info] > git status -z -uall [10ms]
2023-09-02 13:34:02.116 [info] > git config --get commit.template [1ms]
2023-09-02 13:34:02.125 [info] > git for-each-ref --format=%(refname)%00%(upstream:short)%00%(objectname)%00%(upstream:track)%00%(upstream:remotename)%00%(upstream:remoteref) refs/heads/master refs/remotes/master [1ms]
2023-09-02 13:34:02.144 [info] > git status -z -uall [9ms]
2023-09-02 13:40:29.983 [info] > git config --get commit.template [1ms]
2023-09-02 13:40:29.992 [info] > git for-each-ref --format=%(refname)%00%(upstream:short)%00%(objectname)%00%(upstream:track)%00%(upstream:remotename)%00%(upstream:remoteref) refs/heads/master refs/remotes/master [0ms]
2023-09-02 13:40:30.010 [info] > git status -z -uall [11ms]
2023-09-02 13:40:35.034 [info] > git config --get commit.template [7ms]
2023-09-02 13:40:35.035 [info] > git for-each-ref --format=%(refname)%00%(upstream:short)%00%(objectname)%00%(upstream:track)%00%(upstream:remotename)%00%(upstream:remoteref) refs/heads/master refs/remotes/master [0ms]
2023-09-02 13:40:35.050 [info] > git status -z -uall [9ms]
2023-09-02 13:42:26.269 [info] > git config --get commit.template [1ms]
2023-09-02 13:42:26.282 [info] > git for-each-ref --format=%(refname)%00%(upstream:short)%00%(objectname)%00%(upstream:track)%00%(upstream:remotename)%00%(upstream:remoteref) refs/heads/master refs/remotes/master [1ms]
2023-09-02 13:42:26.299 [info] > git status -z -uall [10ms]
2023-09-02 13:44:12.905 [info] > git config --get commit.template [1ms]
2023-09-02 13:44:12.918 [info] > git for-each-ref --format=%(refname)%00%(upstream:short)%00%(objectname)%00%(upstream:track)%00%(upstream:remotename)%00%(upstream:remoteref) refs/heads/master refs/remotes/master [1ms]
2023-09-02 13:44:12.936 [info] > git status -z -uall [11ms]
