2023-11-05 02:06:10.725 [INFO]: No proxy settings found
2023-11-05 02:06:11.485 [INFO]: Creating manager directory: /tmp/6cfc2a66-9de6-4aea-8415-943858c96870/codeium/manager
2023-11-05 02:06:11.815 [INFO]: Using cached LS with valid crc32: /home/owl/.vscode-oss/extensions/codeium.codeium-1.2.97-universal/dist/f3bda5b3eb4dc7c7904cb8e9a3156e9f25f1ebb9/language_server_linux_x64
2023-11-05 02:06:11.825 [INFO]: Language server started
2023-11-05 02:06:11.930 [INFO]: [Language Server (stderr)]:
I1105 02:06:11.929803 67827 main.go:452] Starting language server manager with pid 67827
I1105 02:06:11.929919 67827 main.go:106] Manager acquired its lock file /tmp/6cfc2a66-9de6-4aea-8415-943858c96870/codeium/manager/locks/manager.lock
2023-11-05 02:06:11.931 [INFO]: [Language Server (stderr)]:
I1105 02:06:11.930332 67827 main.go:228] Waiting for random port file in /tmp/6cfc2a66-9de6-4aea-8415-943858c96870/codeium/manager/child_random_port_1699171571929988560_3743415871401057399 to be created
2023-11-05 02:06:12.028 [INFO]: [Language Server (stderr)]:
I1105 02:06:12.027384 67841 main.go:446] Starting language server process with pid 67841
2023-11-05 02:06:12.029 [INFO]: [Language Server (stderr)]:
I1105 02:06:12.029186 67841 proxy.go:93] proxyplease.proxy> No proxy provided. Attempting to infer from system.
I1105 02:06:12.029212 67841 proxy.go:93] proxyplease.proxy> No proxy could be determined. Assuming a direct connection.
I1105 02:06:12.029242 67841 client.go:589] [DEBUG] GET https://server.codeium.com/exa.api_server_pb.ApiServerService/GetCompletions
2023-11-05 02:06:12.291 [INFO]: [Language Server (stderr)]:
I1105 02:06:12.290539 67841 api_server_client.go:115] Successfully dialed proxy
2023-11-05 02:06:12.291 [INFO]: [Language Server (stderr)]:
I1105 02:06:12.290803 67841 server.go:387] Successfully created API server client
I1105 02:06:12.290818 67841 api_server_client.go:115] Successfully dialed proxy
I1105 02:06:12.290931 67841 server.go:393] Successfully created API streaming client
2023-11-05 02:06:12.317 [INFO]: [Language Server (stderr)]:
I1105 02:06:12.317088 67841 server.go:402] Successfully initialized tokenizer
I1105 02:06:12.317132 67841 unleash.go:57] Initializing Unleash with production environment
2023-11-05 02:06:12.614 [INFO]: [Language Server (stderr)]:
I1105 02:06:12.613222 67841 unleash.go:71] Successfully initialized unleash
2023-11-05 02:06:12.638 [INFO]: [Language Server (stderr)]:
I1105 02:06:12.637436 67841 server.go:481] Successfully created completion provider
I1105 02:06:12.637485 67841 server.go:513] Child process attempting to acquire lock file /tmp/6cfc2a66-9de6-4aea-8415-943858c96870/codeium/manager/locks/child_lock_1699171571930021457_483036113324082522
I1105 02:06:12.637550 67841 server.go:523] Child process acquired lock file /tmp/6cfc2a66-9de6-4aea-8415-943858c96870/codeium/manager/locks/child_lock_1699171571930021457_483036113324082522
2023-11-05 02:06:12.638 [INFO]: [Language Server (stderr)]:
I1105 02:06:12.638004 67841 server.go:186] Language server will attempt to listen on host 127.0.0.1
I1105 02:06:12.638182 67841 server.go:230] Language server listening on random port at 40703
I1105 02:06:12.638194 67841 server.go:232] LSP listening on random port at 45379
2023-11-05 02:06:12.639 [INFO]: [Language Server (stderr)]:
I1105 02:06:12.639412 67841 web_server.go:147] Chat Web Server listening at ws://127.0.0.1:46851
2023-11-05 02:06:12.734 [INFO]: [Language Server (stdout)]:
45379
2023-11-05 02:06:12.749 [INFO]: [Language Server (stderr)]:
I1105 02:06:12.733634 67827 main.go:264] Language server manager found random server port 40703
I1105 02:06:12.733679 67827 main.go:265] Language server manager found random lsp port 45379
I1105 02:06:12.733693 67827 main.go:272] Language server manager attempting to connect to language server at 127.0.0.1:40703
I1105 02:06:12.745403 67827 main.go:143] Fixing language server port at 40703
I1105 02:06:12.745422 67827 main.go:323] Language server manager successfully connected to new language server at 127.0.0.1:40703
2023-11-05 02:06:12.833 [INFO]: Found language server running on port 40703
2023-11-05 02:06:12.855 [INFO]: [Language Server (stderr)]:
E1105 02:06:12.852802 67841 open_document_context_provider.go:72] could not find workspace for /home/owl/config-files/system/backup: absolutePath /home/owl/config-files/system/backup and relativePath /home/owl/config-files/system/backup do not share a base directory
2023-11-05 02:06:12.869 [INFO]: Successfully logged in
2023-11-05 02:08:15.121 [INFO]: Completion request was cancelled by token (211.36ms)
2023-11-05 02:08:15.615 [INFO]: Completion request succeeded (419.34ms)
2023-11-05 02:08:15.616 [INFO]: No completions were generated
2023-11-05 02:08:15.616 [INFO]: provideInlineCompletionItems request succeeded (421.03ms)
2023-11-05 02:08:23.957 [INFO]: [Language Server (stderr)]:
E1105 02:08:23.955645 67841 open_document_context_provider.go:72] could not find workspace for /home/owl/config-files/system/backup: absolutePath /home/owl/config-files/system/backup and relativePath /home/owl/config-files/system/backup do not share a base directory
2023-11-05 02:08:42.906 [INFO]: Disposing language server process
2023-11-05 02:08:42.906 [INFO]: Deleting manager directory: /tmp/6cfc2a66-9de6-4aea-8415-943858c96870/codeium/manager
2023-11-05 02:08:42.907 [INFO]: Successfully disposed language server
