2023-09-07 14:20:54.284 [info] Log level: Info
2023-09-07 14:20:54.284 [info] Validating found git in: "git"
2023-09-07 14:20:54.284 [info] Using git "2.42.0" from "git"
2023-09-07 14:20:56.875 [info] > git rev-parse --show-toplevel [2607ms]
2023-09-07 14:20:56.875 [info] fatal: not a git repository (or any parent up to mount point /home/owl)
Stopping at filesystem boundary (GIT_DISCOVERY_ACROSS_FILESYSTEM not set).
2023-09-07 14:21:00.361 [info] > git rev-parse --show-toplevel [3475ms]
2023-09-07 14:21:00.361 [info] fatal: detected dubious ownership in repository at '/home/owl/server/frontend'
To add an exception for this directory, call:

	git config --global --add safe.directory /home/owl/server/frontend
2023-09-07 14:21:00.893 [info] > git rev-parse --show-toplevel [512ms]
2023-09-07 14:21:00.893 [info] fatal: detected dubious ownership in repository at '/home/owl/server/frontend'
To add an exception for this directory, call:

	git config --global --add safe.directory /home/owl/server/frontend
2023-09-07 14:21:04.193 [info] > git rev-parse --show-toplevel [3292ms]
2023-09-07 14:21:04.193 [info] fatal: not a git repository (or any parent up to mount point /home/owl)
Stopping at filesystem boundary (GIT_DISCOVERY_ACROSS_FILESYSTEM not set).
2023-09-07 14:21:04.817 [info] > git rev-parse --show-toplevel [615ms]
2023-09-07 14:21:04.817 [info] fatal: not a git repository (or any parent up to mount point /home/owl)
Stopping at filesystem boundary (GIT_DISCOVERY_ACROSS_FILESYSTEM not set).
2023-09-07 14:21:05.345 [info] > git rev-parse --show-toplevel [518ms]
2023-09-07 14:21:05.345 [info] fatal: detected dubious ownership in repository at '/home/owl/server/frontend'
To add an exception for this directory, call:

	git config --global --add safe.directory /home/owl/server/frontend
2023-09-07 14:21:06.456 [info] > git rev-parse --show-toplevel [1099ms]
2023-09-07 14:21:06.456 [info] fatal: not a git repository (or any parent up to mount point /home/owl)
Stopping at filesystem boundary (GIT_DISCOVERY_ACROSS_FILESYSTEM not set).
2023-09-07 14:21:07.577 [info] > git rev-parse --show-toplevel [1112ms]
2023-09-07 14:21:07.577 [info] fatal: not a git repository (or any parent up to mount point /home/owl)
Stopping at filesystem boundary (GIT_DISCOVERY_ACROSS_FILESYSTEM not set).
2023-09-07 16:23:48.179 [info] > git rev-parse --show-toplevel [1190ms]
2023-09-07 16:23:48.179 [info] fatal: detected dubious ownership in repository at '/home/owl/server/frontend'
To add an exception for this directory, call:

	git config --global --add safe.directory /home/owl/server/frontend
2023-09-07 16:23:49.100 [info] > git rev-parse --show-toplevel [909ms]
2023-09-07 16:23:49.101 [info] fatal: detected dubious ownership in repository at '/home/owl/server/frontend'
To add an exception for this directory, call:

	git config --global --add safe.directory /home/owl/server/frontend
2023-09-07 16:23:49.407 [info] > git rev-parse --show-toplevel [294ms]
2023-09-07 16:23:49.407 [info] fatal: not a git repository (or any parent up to mount point /home/owl)
Stopping at filesystem boundary (GIT_DISCOVERY_ACROSS_FILESYSTEM not set).
2023-09-07 18:39:30.238 [info] > git rev-parse --show-toplevel [2192ms]
2023-09-07 18:39:30.239 [info] fatal: detected dubious ownership in repository at '/home/owl/server/frontend'
To add an exception for this directory, call:

	git config --global --add safe.directory /home/owl/server/frontend
2023-09-07 18:39:31.776 [info] > git rev-parse --show-toplevel [1455ms]
2023-09-07 18:39:31.776 [info] fatal: detected dubious ownership in repository at '/home/owl/server/frontend'
To add an exception for this directory, call:

	git config --global --add safe.directory /home/owl/server/frontend
2023-09-07 18:39:32.330 [info] > git rev-parse --show-toplevel [538ms]
2023-09-07 18:39:32.330 [info] fatal: not a git repository (or any parent up to mount point /home/owl)
Stopping at filesystem boundary (GIT_DISCOVERY_ACROSS_FILESYSTEM not set).
2023-09-07 18:42:59.123 [info] > git rev-parse --show-toplevel [2078ms]
2023-09-07 18:42:59.123 [info] fatal: detected dubious ownership in repository at '/home/owl/server/frontend'
To add an exception for this directory, call:

	git config --global --add safe.directory /home/owl/server/frontend
2023-09-07 18:43:00.942 [info] > git rev-parse --show-toplevel [1664ms]
2023-09-07 18:43:00.942 [info] fatal: detected dubious ownership in repository at '/home/owl/server/frontend'
To add an exception for this directory, call:

	git config --global --add safe.directory /home/owl/server/frontend
2023-09-07 18:43:01.865 [info] > git rev-parse --show-toplevel [844ms]
2023-09-07 18:43:01.865 [info] fatal: not a git repository (or any parent up to mount point /home/owl)
Stopping at filesystem boundary (GIT_DISCOVERY_ACROSS_FILESYSTEM not set).
2023-09-07 18:48:53.630 [info] > git rev-parse --show-toplevel [1671ms]
2023-09-07 18:48:53.630 [info] fatal: detected dubious ownership in repository at '/home/owl/server/frontend'
To add an exception for this directory, call:

	git config --global --add safe.directory /home/owl/server/frontend
2023-09-07 18:48:57.469 [info] > git rev-parse --show-toplevel [3293ms]
2023-09-07 18:48:57.469 [info] fatal: detected dubious ownership in repository at '/home/owl/server/frontend'
To add an exception for this directory, call:

	git config --global --add safe.directory /home/owl/server/frontend
2023-09-07 18:48:58.225 [info] > git rev-parse --show-toplevel [663ms]
2023-09-07 18:48:58.225 [info] fatal: not a git repository (or any parent up to mount point /home/owl)
Stopping at filesystem boundary (GIT_DISCOVERY_ACROSS_FILESYSTEM not set).
2023-09-07 18:49:03.444 [info] > git rev-parse --show-toplevel [1319ms]
2023-09-07 18:49:03.444 [info] fatal: detected dubious ownership in repository at '/home/owl/server/frontend'
To add an exception for this directory, call:

	git config --global --add safe.directory /home/owl/server/frontend
2023-09-07 18:49:06.157 [info] > git rev-parse --show-toplevel [1989ms]
2023-09-07 18:49:06.157 [info] fatal: detected dubious ownership in repository at '/home/owl/server/frontend'
To add an exception for this directory, call:

	git config --global --add safe.directory /home/owl/server/frontend
2023-09-07 18:49:06.858 [info] > git rev-parse --show-toplevel [620ms]
2023-09-07 18:49:06.858 [info] fatal: not a git repository (or any parent up to mount point /home/owl)
Stopping at filesystem boundary (GIT_DISCOVERY_ACROSS_FILESYSTEM not set).
2023-09-07 18:49:58.066 [info] > git rev-parse --show-toplevel [2328ms]
2023-09-07 18:49:58.066 [info] fatal: detected dubious ownership in repository at '/home/owl/server/frontend'
To add an exception for this directory, call:

	git config --global --add safe.directory /home/owl/server/frontend
2023-09-07 18:49:59.798 [info] > git rev-parse --show-toplevel [1571ms]
2023-09-07 18:49:59.798 [info] fatal: detected dubious ownership in repository at '/home/owl/server/frontend'
To add an exception for this directory, call:

	git config --global --add safe.directory /home/owl/server/frontend
2023-09-07 18:50:00.354 [info] > git rev-parse --show-toplevel [370ms]
2023-09-07 18:50:00.354 [info] fatal: not a git repository (or any parent up to mount point /home/owl)
Stopping at filesystem boundary (GIT_DISCOVERY_ACROSS_FILESYSTEM not set).
2023-09-07 18:50:18.937 [info] > git rev-parse --show-toplevel [2229ms]
2023-09-07 18:50:18.937 [info] fatal: detected dubious ownership in repository at '/home/owl/server/frontend'
To add an exception for this directory, call:

	git config --global --add safe.directory /home/owl/server/frontend
2023-09-07 18:50:21.143 [info] > git rev-parse --show-toplevel [1953ms]
2023-09-07 18:50:21.143 [info] fatal: detected dubious ownership in repository at '/home/owl/server/frontend'
To add an exception for this directory, call:

	git config --global --add safe.directory /home/owl/server/frontend
2023-09-07 18:50:22.343 [info] > git rev-parse --show-toplevel [883ms]
2023-09-07 18:50:22.343 [info] fatal: not a git repository (or any parent up to mount point /home/owl)
Stopping at filesystem boundary (GIT_DISCOVERY_ACROSS_FILESYSTEM not set).
2023-09-07 18:50:25.508 [info] > git rev-parse --show-toplevel [2921ms]
2023-09-07 18:50:25.508 [info] fatal: detected dubious ownership in repository at '/home/owl/server/frontend'
To add an exception for this directory, call:

	git config --global --add safe.directory /home/owl/server/frontend
2023-09-07 18:50:28.332 [info] > git rev-parse --show-toplevel [2173ms]
2023-09-07 18:50:28.332 [info] fatal: detected dubious ownership in repository at '/home/owl/server/frontend'
To add an exception for this directory, call:

	git config --global --add safe.directory /home/owl/server/frontend
2023-09-07 18:50:30.271 [info] > git rev-parse --show-toplevel [1141ms]
2023-09-07 18:50:30.271 [info] fatal: not a git repository (or any parent up to mount point /home/owl)
Stopping at filesystem boundary (GIT_DISCOVERY_ACROSS_FILESYSTEM not set).
2023-09-07 18:50:42.419 [info] > git rev-parse --show-toplevel [4263ms]
2023-09-07 18:50:42.419 [info] fatal: detected dubious ownership in repository at '/home/owl/server/frontend'
To add an exception for this directory, call:

	git config --global --add safe.directory /home/owl/server/frontend
2023-09-07 18:50:44.677 [info] > git rev-parse --show-toplevel [1945ms]
2023-09-07 18:50:44.677 [info] fatal: detected dubious ownership in repository at '/home/owl/server/frontend'
To add an exception for this directory, call:

	git config --global --add safe.directory /home/owl/server/frontend
2023-09-07 18:50:45.958 [info] > git rev-parse --show-toplevel [1141ms]
2023-09-07 18:50:45.959 [info] fatal: not a git repository (or any parent up to mount point /home/owl)
Stopping at filesystem boundary (GIT_DISCOVERY_ACROSS_FILESYSTEM not set).
2023-09-07 18:50:48.942 [info] > git rev-parse --show-toplevel [1786ms]
2023-09-07 18:50:48.942 [info] fatal: detected dubious ownership in repository at '/home/owl/server/frontend'
To add an exception for this directory, call:

	git config --global --add safe.directory /home/owl/server/frontend
2023-09-07 18:50:51.398 [info] > git rev-parse --show-toplevel [2147ms]
2023-09-07 18:50:51.398 [info] fatal: detected dubious ownership in repository at '/home/owl/server/frontend'
To add an exception for this directory, call:

	git config --global --add safe.directory /home/owl/server/frontend
2023-09-07 18:50:52.642 [info] > git rev-parse --show-toplevel [1086ms]
2023-09-07 18:50:52.642 [info] fatal: not a git repository (or any parent up to mount point /home/owl)
Stopping at filesystem boundary (GIT_DISCOVERY_ACROSS_FILESYSTEM not set).
2023-09-07 18:50:55.161 [info] > git rev-parse --show-toplevel [1937ms]
2023-09-07 18:50:55.161 [info] fatal: detected dubious ownership in repository at '/home/owl/server/frontend'
To add an exception for this directory, call:

	git config --global --add safe.directory /home/owl/server/frontend
2023-09-07 18:50:58.032 [info] > git rev-parse --show-toplevel [1480ms]
2023-09-07 18:50:58.032 [info] fatal: detected dubious ownership in repository at '/home/owl/server/frontend'
To add an exception for this directory, call:

	git config --global --add safe.directory /home/owl/server/frontend
2023-09-07 18:50:59.168 [info] > git rev-parse --show-toplevel [1095ms]
2023-09-07 18:50:59.168 [info] fatal: not a git repository (or any parent up to mount point /home/owl)
Stopping at filesystem boundary (GIT_DISCOVERY_ACROSS_FILESYSTEM not set).
2023-09-07 18:51:03.428 [info] > git rev-parse --show-toplevel [3517ms]
2023-09-07 18:51:03.428 [info] fatal: detected dubious ownership in repository at '/home/owl/server/frontend'
To add an exception for this directory, call:

	git config --global --add safe.directory /home/owl/server/frontend
2023-09-07 18:51:07.304 [info] > git rev-parse --show-toplevel [3603ms]
2023-09-07 18:51:07.304 [info] fatal: detected dubious ownership in repository at '/home/owl/server/frontend'
To add an exception for this directory, call:

	git config --global --add safe.directory /home/owl/server/frontend
2023-09-07 18:51:08.078 [info] > git rev-parse --show-toplevel [623ms]
2023-09-07 18:51:08.078 [info] fatal: not a git repository (or any parent up to mount point /home/owl)
Stopping at filesystem boundary (GIT_DISCOVERY_ACROSS_FILESYSTEM not set).
2023-09-07 18:51:10.112 [info] > git rev-parse --show-toplevel [1882ms]
2023-09-07 18:51:10.113 [info] fatal: detected dubious ownership in repository at '/home/owl/server/frontend'
To add an exception for this directory, call:

	git config --global --add safe.directory /home/owl/server/frontend
2023-09-07 18:51:12.877 [info] > git rev-parse --show-toplevel [2613ms]
2023-09-07 18:51:12.877 [info] fatal: detected dubious ownership in repository at '/home/owl/server/frontend'
To add an exception for this directory, call:

	git config --global --add safe.directory /home/owl/server/frontend
2023-09-07 18:51:15.232 [info] > git rev-parse --show-toplevel [1841ms]
2023-09-07 18:51:15.232 [info] fatal: not a git repository (or any parent up to mount point /home/owl)
Stopping at filesystem boundary (GIT_DISCOVERY_ACROSS_FILESYSTEM not set).
2023-09-07 18:52:40.577 [info] > git rev-parse --show-toplevel [2648ms]
2023-09-07 18:52:40.577 [info] fatal: detected dubious ownership in repository at '/home/owl/server/frontend'
To add an exception for this directory, call:

	git config --global --add safe.directory /home/owl/server/frontend
2023-09-07 18:52:42.742 [info] > git rev-parse --show-toplevel [1994ms]
2023-09-07 18:52:42.742 [info] fatal: detected dubious ownership in repository at '/home/owl/server/frontend'
To add an exception for this directory, call:

	git config --global --add safe.directory /home/owl/server/frontend
2023-09-07 18:52:43.956 [info] > git rev-parse --show-toplevel [1121ms]
2023-09-07 18:52:43.956 [info] fatal: not a git repository (or any parent up to mount point /home/owl)
Stopping at filesystem boundary (GIT_DISCOVERY_ACROSS_FILESYSTEM not set).
2023-09-07 18:57:57.823 [info] > git rev-parse --show-toplevel [1318ms]
2023-09-07 18:57:57.823 [info] fatal: detected dubious ownership in repository at '/home/owl/server/frontend'
To add an exception for this directory, call:

	git config --global --add safe.directory /home/owl/server/frontend
2023-09-07 18:57:58.173 [info] > git rev-parse --show-toplevel [307ms]
2023-09-07 18:57:58.173 [info] fatal: not a git repository (or any parent up to mount point /home/owl)
Stopping at filesystem boundary (GIT_DISCOVERY_ACROSS_FILESYSTEM not set).
2023-09-07 18:57:58.489 [info] > git rev-parse --show-toplevel [267ms]
2023-09-07 18:57:58.490 [info] fatal: not a git repository (or any parent up to mount point /home/owl)
Stopping at filesystem boundary (GIT_DISCOVERY_ACROSS_FILESYSTEM not set).
2023-09-07 18:58:00.719 [info] > git rev-parse --show-toplevel [2159ms]
2023-09-07 18:58:00.719 [info] fatal: detected dubious ownership in repository at '/home/owl/server/frontend'
To add an exception for this directory, call:

	git config --global --add safe.directory /home/owl/server/frontend
2023-09-07 18:58:01.199 [info] > git rev-parse --show-toplevel [401ms]
2023-09-07 18:58:01.199 [info] fatal: not a git repository (or any parent up to mount point /home/owl)
Stopping at filesystem boundary (GIT_DISCOVERY_ACROSS_FILESYSTEM not set).
2023-09-07 19:04:17.296 [info] > git rev-parse --show-toplevel [1476ms]
2023-09-07 19:04:17.296 [info] fatal: detected dubious ownership in repository at '/home/owl/server/frontend'
To add an exception for this directory, call:

	git config --global --add safe.directory /home/owl/server/frontend
2023-09-07 19:04:18.671 [info] > git rev-parse --show-toplevel [1365ms]
2023-09-07 19:04:18.671 [info] fatal: detected dubious ownership in repository at '/home/owl/server/frontend'
To add an exception for this directory, call:

	git config --global --add safe.directory /home/owl/server/frontend
2023-09-07 19:04:19.071 [info] > git rev-parse --show-toplevel [391ms]
2023-09-07 19:04:19.071 [info] fatal: not a git repository (or any parent up to mount point /home/owl)
Stopping at filesystem boundary (GIT_DISCOVERY_ACROSS_FILESYSTEM not set).
2023-09-07 19:04:44.193 [info] > git rev-parse --show-toplevel [1906ms]
2023-09-07 19:04:44.193 [info] fatal: detected dubious ownership in repository at '/home/owl/server/frontend'
To add an exception for this directory, call:

	git config --global --add safe.directory /home/owl/server/frontend
2023-09-07 19:04:46.918 [info] > git rev-parse --show-toplevel [2444ms]
2023-09-07 19:04:46.919 [info] fatal: detected dubious ownership in repository at '/home/owl/server/frontend'
To add an exception for this directory, call:

	git config --global --add safe.directory /home/owl/server/frontend
2023-09-07 19:04:47.520 [info] > git rev-parse --show-toplevel [456ms]
2023-09-07 19:04:47.521 [info] fatal: not a git repository (or any parent up to mount point /home/owl)
Stopping at filesystem boundary (GIT_DISCOVERY_ACROSS_FILESYSTEM not set).
2023-09-07 19:04:58.410 [info] > git rev-parse --show-toplevel [1275ms]
2023-09-07 19:04:58.410 [info] fatal: detected dubious ownership in repository at '/home/owl/server/frontend'
To add an exception for this directory, call:

	git config --global --add safe.directory /home/owl/server/frontend
2023-09-07 19:04:59.892 [info] > git rev-parse --show-toplevel [1402ms]
2023-09-07 19:04:59.892 [info] fatal: detected dubious ownership in repository at '/home/owl/server/frontend'
To add an exception for this directory, call:

	git config --global --add safe.directory /home/owl/server/frontend
2023-09-07 19:05:00.561 [info] > git rev-parse --show-toplevel [431ms]
2023-09-07 19:05:00.561 [info] fatal: not a git repository (or any parent up to mount point /home/owl)
Stopping at filesystem boundary (GIT_DISCOVERY_ACROSS_FILESYSTEM not set).
2023-09-07 19:05:02.904 [info] > git rev-parse --show-toplevel [2166ms]
2023-09-07 19:05:02.904 [info] fatal: detected dubious ownership in repository at '/home/owl/server/frontend'
To add an exception for this directory, call:

	git config --global --add safe.directory /home/owl/server/frontend
2023-09-07 19:05:06.071 [info] > git rev-parse --show-toplevel [2654ms]
2023-09-07 19:05:06.071 [info] fatal: detected dubious ownership in repository at '/home/owl/server/frontend'
To add an exception for this directory, call:

	git config --global --add safe.directory /home/owl/server/frontend
2023-09-07 19:05:06.715 [info] > git rev-parse --show-toplevel [559ms]
2023-09-07 19:05:06.715 [info] fatal: not a git repository (or any parent up to mount point /home/owl)
Stopping at filesystem boundary (GIT_DISCOVERY_ACROSS_FILESYSTEM not set).
2023-09-07 19:05:08.090 [info] > git rev-parse --show-toplevel [1130ms]
2023-09-07 19:05:08.090 [info] fatal: detected dubious ownership in repository at '/home/owl/server/frontend'
To add an exception for this directory, call:

	git config --global --add safe.directory /home/owl/server/frontend
2023-09-07 19:05:09.322 [info] > git rev-parse --show-toplevel [1081ms]
2023-09-07 19:05:09.322 [info] fatal: detected dubious ownership in repository at '/home/owl/server/frontend'
To add an exception for this directory, call:

	git config --global --add safe.directory /home/owl/server/frontend
2023-09-07 19:05:09.720 [info] > git rev-parse --show-toplevel [303ms]
2023-09-07 19:05:09.720 [info] fatal: not a git repository (or any parent up to mount point /home/owl)
Stopping at filesystem boundary (GIT_DISCOVERY_ACROSS_FILESYSTEM not set).
2023-09-07 19:05:46.505 [info] > git rev-parse --show-toplevel [1434ms]
2023-09-07 19:05:46.506 [info] fatal: detected dubious ownership in repository at '/home/owl/server/frontend'
To add an exception for this directory, call:

	git config --global --add safe.directory /home/owl/server/frontend
2023-09-07 19:05:47.363 [info] > git rev-parse --show-toplevel [773ms]
2023-09-07 19:05:47.363 [info] fatal: not a git repository (or any parent up to mount point /home/owl)
Stopping at filesystem boundary (GIT_DISCOVERY_ACROSS_FILESYSTEM not set).
2023-09-07 19:05:47.674 [info] > git rev-parse --show-toplevel [240ms]
2023-09-07 19:05:47.674 [info] fatal: not a git repository (or any parent up to mount point /home/owl)
Stopping at filesystem boundary (GIT_DISCOVERY_ACROSS_FILESYSTEM not set).
2023-09-07 19:05:49.022 [info] > git rev-parse --show-toplevel [1189ms]
2023-09-07 19:05:49.022 [info] fatal: detected dubious ownership in repository at '/home/owl/server/frontend'
To add an exception for this directory, call:

	git config --global --add safe.directory /home/owl/server/frontend
2023-09-07 19:05:49.402 [info] > git rev-parse --show-toplevel [301ms]
2023-09-07 19:05:49.402 [info] fatal: not a git repository (or any parent up to mount point /home/owl)
Stopping at filesystem boundary (GIT_DISCOVERY_ACROSS_FILESYSTEM not set).
2023-09-07 19:06:00.744 [info] > git rev-parse --show-toplevel [1341ms]
2023-09-07 19:06:00.744 [info] fatal: detected dubious ownership in repository at '/home/owl/server/frontend'
To add an exception for this directory, call:

	git config --global --add safe.directory /home/owl/server/frontend
2023-09-07 19:06:02.295 [info] > git rev-parse --show-toplevel [1403ms]
2023-09-07 19:06:02.295 [info] fatal: detected dubious ownership in repository at '/home/owl/server/frontend'
To add an exception for this directory, call:

	git config --global --add safe.directory /home/owl/server/frontend
2023-09-07 19:06:04.467 [info] > git rev-parse --show-toplevel [1471ms]
2023-09-07 19:06:04.467 [info] fatal: not a git repository (or any parent up to mount point /home/owl)
Stopping at filesystem boundary (GIT_DISCOVERY_ACROSS_FILESYSTEM not set).
2023-09-07 19:06:08.523 [info] > git rev-parse --show-toplevel [3933ms]
2023-09-07 19:06:08.523 [info] fatal: detected dubious ownership in repository at '/home/owl/server/frontend'
To add an exception for this directory, call:

	git config --global --add safe.directory /home/owl/server/frontend
2023-09-07 19:06:10.197 [info] > git rev-parse --show-toplevel [1426ms]
2023-09-07 19:06:10.197 [info] fatal: detected dubious ownership in repository at '/home/owl/server/frontend'
To add an exception for this directory, call:

	git config --global --add safe.directory /home/owl/server/frontend
2023-09-07 19:06:11.213 [info] > git rev-parse --show-toplevel [932ms]
2023-09-07 19:06:11.213 [info] fatal: not a git repository (or any parent up to mount point /home/owl)
Stopping at filesystem boundary (GIT_DISCOVERY_ACROSS_FILESYSTEM not set).
2023-09-07 19:06:18.279 [info] > git rev-parse --show-toplevel [1996ms]
2023-09-07 19:06:18.279 [info] fatal: detected dubious ownership in repository at '/home/owl/server/frontend'
To add an exception for this directory, call:

	git config --global --add safe.directory /home/owl/server/frontend
2023-09-07 19:06:20.646 [info] > git rev-parse --show-toplevel [2293ms]
2023-09-07 19:06:20.646 [info] fatal: detected dubious ownership in repository at '/home/owl/server/frontend'
To add an exception for this directory, call:

	git config --global --add safe.directory /home/owl/server/frontend
2023-09-07 19:06:21.588 [info] > git rev-parse --show-toplevel [861ms]
2023-09-07 19:06:21.588 [info] fatal: not a git repository (or any parent up to mount point /home/owl)
Stopping at filesystem boundary (GIT_DISCOVERY_ACROSS_FILESYSTEM not set).
2023-09-07 19:06:22.962 [info] > git rev-parse --show-toplevel [1211ms]
2023-09-07 19:06:22.962 [info] fatal: detected dubious ownership in repository at '/home/owl/server/frontend'
To add an exception for this directory, call:

	git config --global --add safe.directory /home/owl/server/frontend
2023-09-07 19:06:24.586 [info] > git rev-parse --show-toplevel [1476ms]
2023-09-07 19:06:24.586 [info] fatal: detected dubious ownership in repository at '/home/owl/server/frontend'
To add an exception for this directory, call:

	git config --global --add safe.directory /home/owl/server/frontend
2023-09-07 19:06:25.759 [info] > git rev-parse --show-toplevel [997ms]
2023-09-07 19:06:25.759 [info] fatal: not a git repository (or any parent up to mount point /home/owl)
Stopping at filesystem boundary (GIT_DISCOVERY_ACROSS_FILESYSTEM not set).
2023-09-07 19:10:16.751 [info] > git rev-parse --show-toplevel [3943ms]
2023-09-07 19:10:16.751 [info] fatal: detected dubious ownership in repository at '/home/owl/server/frontend'
To add an exception for this directory, call:

	git config --global --add safe.directory /home/owl/server/frontend
2023-09-07 19:10:18.997 [info] > git rev-parse --show-toplevel [2070ms]
2023-09-07 19:10:18.997 [info] fatal: detected dubious ownership in repository at '/home/owl/server/frontend'
To add an exception for this directory, call:

	git config --global --add safe.directory /home/owl/server/frontend
2023-09-07 19:10:20.004 [info] > git rev-parse --show-toplevel [596ms]
2023-09-07 19:10:20.004 [info] fatal: not a git repository (or any parent up to mount point /home/owl)
Stopping at filesystem boundary (GIT_DISCOVERY_ACROSS_FILESYSTEM not set).
2023-09-07 19:10:21.904 [info] > git rev-parse --show-toplevel [1728ms]
2023-09-07 19:10:21.904 [info] fatal: detected dubious ownership in repository at '/home/owl/server/frontend'
To add an exception for this directory, call:

	git config --global --add safe.directory /home/owl/server/frontend
2023-09-07 19:10:24.282 [info] > git rev-parse --show-toplevel [1965ms]
2023-09-07 19:10:24.282 [info] fatal: detected dubious ownership in repository at '/home/owl/server/frontend'
To add an exception for this directory, call:

	git config --global --add safe.directory /home/owl/server/frontend
2023-09-07 19:10:25.452 [info] > git rev-parse --show-toplevel [1078ms]
2023-09-07 19:10:25.452 [info] fatal: not a git repository (or any parent up to mount point /home/owl)
Stopping at filesystem boundary (GIT_DISCOVERY_ACROSS_FILESYSTEM not set).
2023-09-07 19:10:31.435 [info] > git rev-parse --show-toplevel [1380ms]
2023-09-07 19:10:31.435 [info] fatal: detected dubious ownership in repository at '/home/owl/server/frontend'
To add an exception for this directory, call:

	git config --global --add safe.directory /home/owl/server/frontend
2023-09-07 19:10:32.895 [info] > git rev-parse --show-toplevel [1303ms]
2023-09-07 19:10:32.895 [info] fatal: detected dubious ownership in repository at '/home/owl/server/frontend'
To add an exception for this directory, call:

	git config --global --add safe.directory /home/owl/server/frontend
2023-09-07 19:10:33.554 [info] > git rev-parse --show-toplevel [626ms]
2023-09-07 19:10:33.554 [info] fatal: not a git repository (or any parent up to mount point /home/owl)
Stopping at filesystem boundary (GIT_DISCOVERY_ACROSS_FILESYSTEM not set).
2023-09-07 19:10:36.222 [info] > git rev-parse --show-toplevel [2211ms]
2023-09-07 19:10:36.222 [info] fatal: detected dubious ownership in repository at '/home/owl/server/frontend'
To add an exception for this directory, call:

	git config --global --add safe.directory /home/owl/server/frontend
2023-09-07 19:10:39.282 [info] > git rev-parse --show-toplevel [2890ms]
2023-09-07 19:10:39.282 [info] fatal: detected dubious ownership in repository at '/home/owl/server/frontend'
To add an exception for this directory, call:

	git config --global --add safe.directory /home/owl/server/frontend
2023-09-07 19:10:42.240 [info] > git rev-parse --show-toplevel [2813ms]
2023-09-07 19:10:42.240 [info] fatal: not a git repository (or any parent up to mount point /home/owl)
Stopping at filesystem boundary (GIT_DISCOVERY_ACROSS_FILESYSTEM not set).
2023-09-07 19:12:40.482 [info] > git rev-parse --show-toplevel [1401ms]
2023-09-07 19:12:40.482 [info] fatal: detected dubious ownership in repository at '/home/owl/server/frontend'
To add an exception for this directory, call:

	git config --global --add safe.directory /home/owl/server/frontend
2023-09-07 19:12:43.353 [info] > git rev-parse --show-toplevel [2735ms]
2023-09-07 19:12:43.353 [info] fatal: detected dubious ownership in repository at '/home/owl/server/frontend'
To add an exception for this directory, call:

	git config --global --add safe.directory /home/owl/server/frontend
2023-09-07 19:12:43.957 [info] > git rev-parse --show-toplevel [549ms]
2023-09-07 19:12:43.957 [info] fatal: not a git repository (or any parent up to mount point /home/owl)
Stopping at filesystem boundary (GIT_DISCOVERY_ACROSS_FILESYSTEM not set).
2023-09-07 19:21:09.319 [info] > git rev-parse --show-toplevel [3333ms]
2023-09-07 19:21:09.319 [info] fatal: detected dubious ownership in repository at '/home/owl/server/frontend'
To add an exception for this directory, call:

	git config --global --add safe.directory /home/owl/server/frontend
2023-09-07 19:21:11.292 [info] > git rev-parse --show-toplevel [1645ms]
2023-09-07 19:21:11.292 [info] fatal: detected dubious ownership in repository at '/home/owl/server/frontend'
To add an exception for this directory, call:

	git config --global --add safe.directory /home/owl/server/frontend
2023-09-07 19:21:12.518 [info] > git rev-parse --show-toplevel [1055ms]
2023-09-07 19:21:12.519 [info] fatal: not a git repository (or any parent up to mount point /home/owl)
Stopping at filesystem boundary (GIT_DISCOVERY_ACROSS_FILESYSTEM not set).
2023-09-07 19:45:21.821 [info] > git rev-parse --show-toplevel [849ms]
2023-09-07 19:45:21.821 [info] fatal: detected dubious ownership in repository at '/home/owl/server/frontend'
To add an exception for this directory, call:

	git config --global --add safe.directory /home/owl/server/frontend
2023-09-07 19:45:22.469 [info] > git rev-parse --show-toplevel [637ms]
2023-09-07 19:45:22.470 [info] fatal: detected dubious ownership in repository at '/home/owl/server/frontend'
To add an exception for this directory, call:

	git config --global --add safe.directory /home/owl/server/frontend
2023-09-07 19:45:22.696 [info] > git rev-parse --show-toplevel [214ms]
2023-09-07 19:45:22.696 [info] fatal: not a git repository (or any parent up to mount point /home/owl)
Stopping at filesystem boundary (GIT_DISCOVERY_ACROSS_FILESYSTEM not set).
2023-09-07 19:45:42.983 [info] > git rev-parse --show-toplevel [885ms]
2023-09-07 19:45:42.983 [info] fatal: detected dubious ownership in repository at '/home/owl/server/frontend'
To add an exception for this directory, call:

	git config --global --add safe.directory /home/owl/server/frontend
2023-09-07 19:45:43.630 [info] > git rev-parse --show-toplevel [637ms]
2023-09-07 19:45:43.630 [info] fatal: detected dubious ownership in repository at '/home/owl/server/frontend'
To add an exception for this directory, call:

	git config --global --add safe.directory /home/owl/server/frontend
2023-09-07 19:45:43.932 [info] > git rev-parse --show-toplevel [218ms]
2023-09-07 19:45:43.932 [info] fatal: not a git repository (or any parent up to mount point /home/owl)
Stopping at filesystem boundary (GIT_DISCOVERY_ACROSS_FILESYSTEM not set).
2023-09-07 19:45:48.468 [info] > git rev-parse --show-toplevel [748ms]
2023-09-07 19:45:48.468 [info] fatal: detected dubious ownership in repository at '/home/owl/server/frontend'
To add an exception for this directory, call:

	git config --global --add safe.directory /home/owl/server/frontend
2023-09-07 19:45:49.469 [info] > git rev-parse --show-toplevel [990ms]
2023-09-07 19:45:49.469 [info] fatal: detected dubious ownership in repository at '/home/owl/server/frontend'
To add an exception for this directory, call:

	git config --global --add safe.directory /home/owl/server/frontend
2023-09-07 19:45:49.696 [info] > git rev-parse --show-toplevel [216ms]
2023-09-07 19:45:49.696 [info] fatal: not a git repository (or any parent up to mount point /home/owl)
Stopping at filesystem boundary (GIT_DISCOVERY_ACROSS_FILESYSTEM not set).
2023-09-07 19:46:25.737 [info] > git rev-parse --show-toplevel [2235ms]
2023-09-07 19:46:25.737 [info] fatal: detected dubious ownership in repository at '/home/owl/server/frontend'
To add an exception for this directory, call:

	git config --global --add safe.directory /home/owl/server/frontend
2023-09-07 19:46:26.774 [info] > git rev-parse --show-toplevel [1024ms]
2023-09-07 19:46:26.774 [info] fatal: detected dubious ownership in repository at '/home/owl/server/frontend'
To add an exception for this directory, call:

	git config --global --add safe.directory /home/owl/server/frontend
2023-09-07 19:46:27.323 [info] > git rev-parse --show-toplevel [537ms]
2023-09-07 19:46:27.324 [info] fatal: not a git repository (or any parent up to mount point /home/owl)
Stopping at filesystem boundary (GIT_DISCOVERY_ACROSS_FILESYSTEM not set).
2023-09-07 19:46:32.046 [info] > git rev-parse --show-toplevel [674ms]
2023-09-07 19:46:32.047 [info] fatal: detected dubious ownership in repository at '/home/owl/server/frontend'
To add an exception for this directory, call:

	git config --global --add safe.directory /home/owl/server/frontend
2023-09-07 19:46:33.315 [info] > git rev-parse --show-toplevel [1258ms]
2023-09-07 19:46:33.315 [info] fatal: detected dubious ownership in repository at '/home/owl/server/frontend'
To add an exception for this directory, call:

	git config --global --add safe.directory /home/owl/server/frontend
2023-09-07 19:46:33.571 [info] > git rev-parse --show-toplevel [243ms]
2023-09-07 19:46:33.571 [info] fatal: not a git repository (or any parent up to mount point /home/owl)
Stopping at filesystem boundary (GIT_DISCOVERY_ACROSS_FILESYSTEM not set).
2023-09-07 19:46:39.762 [info] > git rev-parse --show-toplevel [640ms]
2023-09-07 19:46:39.762 [info] fatal: detected dubious ownership in repository at '/home/owl/server/frontend'
To add an exception for this directory, call:

	git config --global --add safe.directory /home/owl/server/frontend
2023-09-07 19:46:40.424 [info] > git rev-parse --show-toplevel [649ms]
2023-09-07 19:46:40.424 [info] fatal: detected dubious ownership in repository at '/home/owl/server/frontend'
To add an exception for this directory, call:

	git config --global --add safe.directory /home/owl/server/frontend
2023-09-07 19:46:40.652 [info] > git rev-parse --show-toplevel [218ms]
2023-09-07 19:46:40.652 [info] fatal: not a git repository (or any parent up to mount point /home/owl)
Stopping at filesystem boundary (GIT_DISCOVERY_ACROSS_FILESYSTEM not set).
2023-09-07 19:46:41.786 [info] > git rev-parse --show-toplevel [646ms]
2023-09-07 19:46:41.786 [info] fatal: detected dubious ownership in repository at '/home/owl/server/frontend'
To add an exception for this directory, call:

	git config --global --add safe.directory /home/owl/server/frontend
2023-09-07 19:46:42.560 [info] > git rev-parse --show-toplevel [763ms]
2023-09-07 19:46:42.560 [info] fatal: detected dubious ownership in repository at '/home/owl/server/frontend'
To add an exception for this directory, call:

	git config --global --add safe.directory /home/owl/server/frontend
2023-09-07 19:46:42.873 [info] > git rev-parse --show-toplevel [229ms]
2023-09-07 19:46:42.873 [info] fatal: not a git repository (or any parent up to mount point /home/owl)
Stopping at filesystem boundary (GIT_DISCOVERY_ACROSS_FILESYSTEM not set).
2023-09-07 19:47:14.529 [info] > git rev-parse --show-toplevel [1238ms]
2023-09-07 19:47:14.529 [info] fatal: detected dubious ownership in repository at '/home/owl/server/frontend'
To add an exception for this directory, call:

	git config --global --add safe.directory /home/owl/server/frontend
2023-09-07 19:47:15.974 [info] > git rev-parse --show-toplevel [1434ms]
2023-09-07 19:47:15.974 [info] fatal: detected dubious ownership in repository at '/home/owl/server/frontend'
To add an exception for this directory, call:

	git config --global --add safe.directory /home/owl/server/frontend
2023-09-07 19:47:16.217 [info] > git rev-parse --show-toplevel [234ms]
2023-09-07 19:47:16.217 [info] fatal: not a git repository (or any parent up to mount point /home/owl)
Stopping at filesystem boundary (GIT_DISCOVERY_ACROSS_FILESYSTEM not set).
2023-09-07 19:47:17.015 [info] > git rev-parse --show-toplevel [638ms]
2023-09-07 19:47:17.015 [info] fatal: detected dubious ownership in repository at '/home/owl/server/frontend'
To add an exception for this directory, call:

	git config --global --add safe.directory /home/owl/server/frontend
2023-09-07 19:47:17.662 [info] > git rev-parse --show-toplevel [640ms]
2023-09-07 19:47:17.663 [info] fatal: detected dubious ownership in repository at '/home/owl/server/frontend'
To add an exception for this directory, call:

	git config --global --add safe.directory /home/owl/server/frontend
2023-09-07 19:47:17.921 [info] > git rev-parse --show-toplevel [244ms]
2023-09-07 19:47:17.921 [info] fatal: not a git repository (or any parent up to mount point /home/owl)
Stopping at filesystem boundary (GIT_DISCOVERY_ACROSS_FILESYSTEM not set).
2023-09-07 19:47:28.787 [info] > git rev-parse --show-toplevel [642ms]
2023-09-07 19:47:28.787 [info] fatal: detected dubious ownership in repository at '/home/owl/server/frontend'
To add an exception for this directory, call:

	git config --global --add safe.directory /home/owl/server/frontend
2023-09-07 19:47:29.434 [info] > git rev-parse --show-toplevel [638ms]
2023-09-07 19:47:29.434 [info] fatal: detected dubious ownership in repository at '/home/owl/server/frontend'
To add an exception for this directory, call:

	git config --global --add safe.directory /home/owl/server/frontend
2023-09-07 19:47:29.654 [info] > git rev-parse --show-toplevel [212ms]
2023-09-07 19:47:29.654 [info] fatal: not a git repository (or any parent up to mount point /home/owl)
Stopping at filesystem boundary (GIT_DISCOVERY_ACROSS_FILESYSTEM not set).
2023-09-07 19:48:04.021 [info] > git rev-parse --show-toplevel [922ms]
2023-09-07 19:48:04.021 [info] fatal: detected dubious ownership in repository at '/home/owl/server/frontend'
To add an exception for this directory, call:

	git config --global --add safe.directory /home/owl/server/frontend
2023-09-07 19:48:04.684 [info] > git rev-parse --show-toplevel [652ms]
2023-09-07 19:48:04.684 [info] fatal: detected dubious ownership in repository at '/home/owl/server/frontend'
To add an exception for this directory, call:

	git config --global --add safe.directory /home/owl/server/frontend
2023-09-07 19:48:04.974 [info] > git rev-parse --show-toplevel [211ms]
2023-09-07 19:48:04.974 [info] fatal: not a git repository (or any parent up to mount point /home/owl)
Stopping at filesystem boundary (GIT_DISCOVERY_ACROSS_FILESYSTEM not set).
