2023-09-19 12:58:54.142 [info] Log level: Info
2023-09-19 12:58:54.142 [info] Validating found git in: "git"
2023-09-19 12:58:54.142 [info] Using git "2.42.0" from "git"
2023-09-19 12:58:54.142 [info] > git rev-parse --show-toplevel [3ms]
2023-09-19 12:58:54.143 [info] > git rev-parse --git-dir --git-common-dir [3ms]
2023-09-19 12:58:54.152 [info] Open repository: /home/owl/config-files
2023-09-19 12:58:54.177 [info] > git for-each-ref --format=%(refname)%00%(upstream:short)%00%(objectname)%00%(upstream:track)%00%(upstream:remotename)%00%(upstream:remoteref) refs/heads/master refs/remotes/master [9ms]
2023-09-19 12:58:54.178 [info] > git config --get commit.template [16ms]
2023-09-19 12:58:54.187 [info] > git rev-parse --show-toplevel [11ms]
2023-09-19 12:58:54.319 [info] > git status -z -uall [135ms]
2023-09-19 12:58:54.333 [info] > git config --get commit.template [2ms]
2023-09-19 12:58:54.355 [info] > git for-each-ref --format=%(refname)%00%(upstream:short)%00%(objectname)%00%(upstream:track)%00%(upstream:remotename)%00%(upstream:remoteref) refs/heads/master refs/remotes/master [3ms]
2023-09-19 12:58:54.385 [info] > git status -z -uall [24ms]
2023-09-19 12:58:54.699 [info] > git check-ignore -v -z --stdin [2ms]
2023-09-19 12:58:54.716 [info] > git show --textconv :restore [9ms]
2023-09-19 12:58:54.717 [info] > git ls-files --stage -- /home/owl/config-files/restore [4ms]
2023-09-19 12:58:54.725 [info] > git cat-file -s b5fda5eed92d1f4a6eec1d11ee4e43f15830a460 [2ms]
2023-09-19 12:59:23.028 [info] > git show --textconv :backup [7ms]
2023-09-19 12:59:23.030 [info] > git ls-files --stage -- /home/owl/config-files/backup [2ms]
2023-09-19 12:59:23.037 [info] > git cat-file -s 697c800b4120b15e1810a171322cc18bf3d96368 [1ms]
2023-09-19 13:00:09.425 [info] > git config --get commit.template [6ms]
2023-09-19 13:00:09.425 [info] > git for-each-ref --format=%(refname)%00%(upstream:short)%00%(objectname)%00%(upstream:track)%00%(upstream:remotename)%00%(upstream:remoteref) refs/heads/master refs/remotes/master [1ms]
2023-09-19 13:00:09.452 [info] > git status -z -uall [23ms]
2023-09-19 13:00:33.209 [info] > git config --get commit.template [1ms]
2023-09-19 13:00:33.219 [info] > git for-each-ref --format=%(refname)%00%(upstream:short)%00%(objectname)%00%(upstream:track)%00%(upstream:remotename)%00%(upstream:remoteref) refs/heads/master refs/remotes/master [1ms]
2023-09-19 13:00:33.256 [info] > git status -z -uall [25ms]
2023-09-19 13:00:38.275 [info] > git config --get commit.template [1ms]
2023-09-19 13:00:38.285 [info] > git for-each-ref --format=%(refname)%00%(upstream:short)%00%(objectname)%00%(upstream:track)%00%(upstream:remotename)%00%(upstream:remoteref) refs/heads/master refs/remotes/master [1ms]
2023-09-19 13:00:38.316 [info] > git status -z -uall [23ms]
2023-09-19 14:54:12.118 [info] > git config --get commit.template [2ms]
2023-09-19 14:54:12.124 [info] > git for-each-ref --format=%(refname)%00%(upstream:short)%00%(objectname)%00%(upstream:track)%00%(upstream:remotename)%00%(upstream:remoteref) refs/heads/master refs/remotes/master [1ms]
2023-09-19 14:54:12.153 [info] > git status -z -uall [24ms]
2023-09-19 14:54:19.639 [info] > git config --get commit.template [2ms]
2023-09-19 14:54:19.648 [info] > git for-each-ref --format=%(refname)%00%(upstream:short)%00%(objectname)%00%(upstream:track)%00%(upstream:remotename)%00%(upstream:remoteref) refs/heads/master refs/remotes/master [1ms]
2023-09-19 14:54:19.681 [info] > git status -z -uall [24ms]
