2023-09-02 03:52:47.456 [info] Log level: Info
2023-09-02 03:52:47.456 [info] Validating found git in: "git"
2023-09-02 03:52:47.456 [info] Using git "2.42.0" from "git"
2023-09-02 03:52:47.456 [info] > git rev-parse --show-toplevel [2ms]
2023-09-02 03:52:47.456 [info] > git rev-parse --git-dir --git-common-dir [1ms]
2023-09-02 03:52:47.456 [info] Open repository: /home/owl/config-files
2023-09-02 03:52:47.467 [info] > git config --get commit.template [5ms]
2023-09-02 03:52:47.481 [info] > git for-each-ref --format=%(refname)%00%(upstream:short)%00%(objectname)%00%(upstream:track)%00%(upstream:remotename)%00%(upstream:remoteref) refs/heads/master refs/remotes/master [6ms]
2023-09-02 03:52:47.489 [info] > git rev-parse --show-toplevel [10ms]
2023-09-02 03:52:47.520 [info] > git status -z -uall [33ms]
2023-09-02 03:52:47.535 [info] > git config --get commit.template [1ms]
2023-09-02 03:52:47.575 [info] > git for-each-ref --format=%(refname)%00%(upstream:short)%00%(objectname)%00%(upstream:track)%00%(upstream:remotename)%00%(upstream:remoteref) refs/heads/master refs/remotes/master [36ms]
2023-09-02 03:52:47.618 [info] > git status -z -uall [35ms]
2023-09-02 03:52:47.985 [info] > git show --textconv :restore [23ms]
2023-09-02 03:52:47.986 [info] > git check-ignore -v -z --stdin [4ms]
2023-09-02 03:52:47.987 [info] > git ls-files --stage -- /home/owl/config-files/restore [15ms]
2023-09-02 03:52:48.000 [info] > git cat-file -s 1415953b62b82330f09edea0aea9b24e6abbb77d [3ms]
2023-09-02 03:53:00.802 [info] > git show --textconv :backup [10ms]
2023-09-02 03:53:00.805 [info] > git ls-files --stage -- /home/owl/config-files/backup [2ms]
2023-09-02 03:53:00.815 [info] > git cat-file -s d2f2805dc4f370c7b72ce3a2cc37952a234bb0ac [1ms]
2023-09-02 03:53:01.711 [info] > git show --textconv :post [13ms]
2023-09-02 03:53:01.714 [info] > git ls-files --stage -- /home/owl/config-files/post [2ms]
2023-09-02 03:53:01.724 [info] > git cat-file -s cf8697e82ca93c4a29bf47c214ae66af0293ec85 [1ms]
2023-09-02 03:53:13.410 [info] > git show --textconv :backup [10ms]
2023-09-02 03:53:13.411 [info] > git ls-files --stage -- /home/owl/config-files/backup [2ms]
2023-09-02 03:53:13.422 [info] > git cat-file -s d2f2805dc4f370c7b72ce3a2cc37952a234bb0ac [1ms]
2023-09-02 03:53:33.201 [info] > git config --get commit.template [1ms]
2023-09-02 03:53:33.211 [info] > git for-each-ref --format=%(refname)%00%(upstream:short)%00%(objectname)%00%(upstream:track)%00%(upstream:remotename)%00%(upstream:remoteref) refs/heads/master refs/remotes/master [1ms]
2023-09-02 03:53:33.251 [info] > git status -z -uall [32ms]
2023-09-02 03:53:47.180 [info] > git config --get commit.template [1ms]
2023-09-02 03:53:47.190 [info] > git for-each-ref --format=%(refname)%00%(upstream:short)%00%(objectname)%00%(upstream:track)%00%(upstream:remotename)%00%(upstream:remoteref) refs/heads/master refs/remotes/master [1ms]
2023-09-02 03:53:47.231 [info] > git status -z -uall [33ms]
2023-09-02 03:53:54.201 [info] > git config --get commit.template [1ms]
2023-09-02 03:53:54.210 [info] > git for-each-ref --format=%(refname)%00%(upstream:short)%00%(objectname)%00%(upstream:track)%00%(upstream:remotename)%00%(upstream:remoteref) refs/heads/master refs/remotes/master [1ms]
2023-09-02 03:53:54.251 [info] > git status -z -uall [32ms]
