2023-09-02 12:27:34.730 [info] Log level: Info
2023-09-02 12:27:34.730 [info] Validating found git in: "git"
2023-09-02 12:27:34.730 [info] Using git "2.42.0" from "git"
2023-09-02 12:27:34.730 [info] > git rev-parse --show-toplevel [3ms]
2023-09-02 12:27:34.731 [info] > git rev-parse --git-dir --git-common-dir [2ms]
2023-09-02 12:27:34.740 [info] Open repository: /home/owl/config-files
2023-09-02 12:27:34.757 [info] > git config --get commit.template [9ms]
2023-09-02 12:27:34.773 [info] > git for-each-ref --format=%(refname)%00%(upstream:short)%00%(objectname)%00%(upstream:track)%00%(upstream:remotename)%00%(upstream:remoteref) refs/heads/master refs/remotes/master [7ms]
2023-09-02 12:27:34.785 [info] > git rev-parse --show-toplevel [12ms]
2023-09-02 12:27:34.791 [info] > git status -z -uall [10ms]
2023-09-02 12:27:34.808 [info] > git config --get commit.template [8ms]
2023-09-02 12:27:34.814 [info] > git for-each-ref --format=%(refname)%00%(upstream:short)%00%(objectname)%00%(upstream:track)%00%(upstream:remotename)%00%(upstream:remoteref) refs/heads/master refs/remotes/master [7ms]
2023-09-02 12:27:34.836 [info] > git status -z -uall [17ms]
2023-09-02 12:27:35.146 [info] > git show --textconv :backup [11ms]
2023-09-02 12:27:35.148 [info] > git ls-files --stage -- /home/owl/config-files/backup [3ms]
2023-09-02 12:27:35.159 [info] > git cat-file -s 00d7fe4d278c4e470ec8365a4694cd82020497d2 [2ms]
2023-09-02 12:27:35.273 [info] > git check-ignore -v -z --stdin [3ms]
2023-09-02 12:27:38.077 [info] > git show --textconv :restore [10ms]
2023-09-02 12:27:38.078 [info] > git ls-files --stage -- /home/owl/config-files/restore [2ms]
2023-09-02 12:27:38.088 [info] > git cat-file -s 1415953b62b82330f09edea0aea9b24e6abbb77d [1ms]
2023-09-02 12:27:38.636 [info] > git show --textconv :post [10ms]
2023-09-02 12:27:38.637 [info] > git ls-files --stage -- /home/owl/config-files/post [2ms]
2023-09-02 12:27:38.647 [info] > git cat-file -s cf8697e82ca93c4a29bf47c214ae66af0293ec85 [1ms]
2023-09-02 12:27:57.381 [info] > git config --get commit.template [2ms]
2023-09-02 12:27:57.392 [info] > git for-each-ref --format=%(refname)%00%(upstream:short)%00%(objectname)%00%(upstream:track)%00%(upstream:remotename)%00%(upstream:remoteref) refs/heads/master refs/remotes/master [1ms]
2023-09-02 12:27:57.410 [info] > git status -z -uall [10ms]
