2023-09-06 16:07:48.859 [info] Log level: Info
2023-09-06 16:07:48.859 [info] Validating found git in: "git"
2023-09-06 16:07:48.859 [info] Using git "2.42.0" from "git"
2023-09-06 16:07:49.760 [info] > git rev-parse --show-toplevel [907ms]
2023-09-06 16:07:49.760 [info] fatal: not a git repository (or any parent up to mount point /home/owl)
Stopping at filesystem boundary (GIT_DISCOVERY_ACROSS_FILESYSTEM not set).
2023-09-06 16:07:49.772 [info] > git rev-parse --show-toplevel [1ms]
2023-09-06 16:07:49.772 [info] fatal: not a git repository (or any of the parent directories): .git
2023-09-06 16:07:50.443 [info] > git rev-parse --show-toplevel [661ms]
2023-09-06 16:07:50.443 [info] fatal: detected dubious ownership in repository at '/home/owl/server/frontend'
To add an exception for this directory, call:

	git config --global --add safe.directory /home/owl/server/frontend
2023-09-06 16:07:50.982 [info] > git rev-parse --show-toplevel [525ms]
2023-09-06 16:07:50.982 [info] fatal: not a git repository (or any parent up to mount point /home/owl)
Stopping at filesystem boundary (GIT_DISCOVERY_ACROSS_FILESYSTEM not set).
2023-09-06 16:07:51.203 [info] > git rev-parse --show-toplevel [214ms]
2023-09-06 16:07:51.204 [info] fatal: detected dubious ownership in repository at '/home/owl/server/frontend'
To add an exception for this directory, call:

	git config --global --add safe.directory /home/owl/server/frontend
2023-09-06 16:07:51.644 [info] > git rev-parse --show-toplevel [429ms]
2023-09-06 16:07:51.644 [info] fatal: not a git repository (or any parent up to mount point /home/owl)
Stopping at filesystem boundary (GIT_DISCOVERY_ACROSS_FILESYSTEM not set).
2023-09-06 16:07:52.078 [info] > git rev-parse --show-toplevel [424ms]
2023-09-06 16:07:52.078 [info] fatal: not a git repository (or any parent up to mount point /home/owl)
Stopping at filesystem boundary (GIT_DISCOVERY_ACROSS_FILESYSTEM not set).
2023-09-06 16:15:46.545 [info] > git rev-parse --show-toplevel [640ms]
2023-09-06 16:15:46.545 [info] fatal: detected dubious ownership in repository at '/home/owl/server/frontend'
To add an exception for this directory, call:

	git config --global --add safe.directory /home/owl/server/frontend
2023-09-06 16:15:46.986 [info] > git rev-parse --show-toplevel [430ms]
2023-09-06 16:15:46.986 [info] fatal: detected dubious ownership in repository at '/home/owl/server/frontend'
To add an exception for this directory, call:

	git config --global --add safe.directory /home/owl/server/frontend
2023-09-06 16:15:47.641 [info] > git rev-parse --show-toplevel [643ms]
2023-09-06 16:15:47.641 [info] fatal: detected dubious ownership in repository at '/home/owl/server/frontend'
To add an exception for this directory, call:

	git config --global --add safe.directory /home/owl/server/frontend
2023-09-06 17:30:21.896 [info] > git rev-parse --show-toplevel [1061ms]
2023-09-06 17:30:21.896 [info] fatal: detected dubious ownership in repository at '/home/owl/server/frontend'
To add an exception for this directory, call:

	git config --global --add safe.directory /home/owl/server/frontend
2023-09-06 17:30:22.541 [info] > git rev-parse --show-toplevel [636ms]
2023-09-06 17:30:22.541 [info] fatal: detected dubious ownership in repository at '/home/owl/server/frontend'
To add an exception for this directory, call:

	git config --global --add safe.directory /home/owl/server/frontend
2023-09-06 17:30:23.155 [info] > git rev-parse --show-toplevel [606ms]
2023-09-06 17:30:23.155 [info] fatal: detected dubious ownership in repository at '/home/owl/server/frontend'
To add an exception for this directory, call:

	git config --global --add safe.directory /home/owl/server/frontend
2023-09-06 17:30:47.730 [info] > git rev-parse --show-toplevel [1017ms]
2023-09-06 17:30:47.730 [info] fatal: detected dubious ownership in repository at '/home/owl/server/frontend'
To add an exception for this directory, call:

	git config --global --add safe.directory /home/owl/server/frontend
2023-09-06 17:30:48.446 [info] > git rev-parse --show-toplevel [706ms]
2023-09-06 17:30:48.446 [info] fatal: detected dubious ownership in repository at '/home/owl/server/frontend'
To add an exception for this directory, call:

	git config --global --add safe.directory /home/owl/server/frontend
2023-09-06 17:30:49.371 [info] > git rev-parse --show-toplevel [914ms]
2023-09-06 17:30:49.371 [info] fatal: detected dubious ownership in repository at '/home/owl/server/frontend'
To add an exception for this directory, call:

	git config --global --add safe.directory /home/owl/server/frontend
2023-09-06 17:32:37.504 [info] > git rev-parse --show-toplevel [1635ms]
2023-09-06 17:32:37.504 [info] fatal: detected dubious ownership in repository at '/home/owl/server/frontend'
To add an exception for this directory, call:

	git config --global --add safe.directory /home/owl/server/frontend
2023-09-06 17:32:38.425 [info] > git rev-parse --show-toplevel [905ms]
2023-09-06 17:32:38.425 [info] fatal: detected dubious ownership in repository at '/home/owl/server/frontend'
To add an exception for this directory, call:

	git config --global --add safe.directory /home/owl/server/frontend
2023-09-06 17:32:39.836 [info] > git rev-parse --show-toplevel [1400ms]
2023-09-06 17:32:39.836 [info] fatal: detected dubious ownership in repository at '/home/owl/server/frontend'
To add an exception for this directory, call:

	git config --global --add safe.directory /home/owl/server/frontend
2023-09-06 17:33:43.720 [info] > git rev-parse --show-toplevel [857ms]
2023-09-06 17:33:43.720 [info] fatal: detected dubious ownership in repository at '/home/owl/server/frontend'
To add an exception for this directory, call:

	git config --global --add safe.directory /home/owl/server/frontend
2023-09-06 17:33:44.485 [info] > git rev-parse --show-toplevel [753ms]
2023-09-06 17:33:44.485 [info] fatal: detected dubious ownership in repository at '/home/owl/server/frontend'
To add an exception for this directory, call:

	git config --global --add safe.directory /home/owl/server/frontend
2023-09-06 17:33:44.937 [info] > git rev-parse --show-toplevel [440ms]
2023-09-06 17:33:44.937 [info] fatal: detected dubious ownership in repository at '/home/owl/server/frontend'
To add an exception for this directory, call:

	git config --global --add safe.directory /home/owl/server/frontend
2023-09-06 17:33:48.385 [info] > git rev-parse --show-toplevel [641ms]
2023-09-06 17:33:48.385 [info] fatal: detected dubious ownership in repository at '/home/owl/server/frontend'
To add an exception for this directory, call:

	git config --global --add safe.directory /home/owl/server/frontend
2023-09-06 17:33:49.032 [info] > git rev-parse --show-toplevel [637ms]
2023-09-06 17:33:49.032 [info] fatal: detected dubious ownership in repository at '/home/owl/server/frontend'
To add an exception for this directory, call:

	git config --global --add safe.directory /home/owl/server/frontend
2023-09-06 17:33:49.687 [info] > git rev-parse --show-toplevel [643ms]
2023-09-06 17:33:49.687 [info] fatal: detected dubious ownership in repository at '/home/owl/server/frontend'
To add an exception for this directory, call:

	git config --global --add safe.directory /home/owl/server/frontend
2023-09-06 17:34:05.728 [info] > git rev-parse --show-toplevel [854ms]
2023-09-06 17:34:05.728 [info] fatal: detected dubious ownership in repository at '/home/owl/server/frontend'
To add an exception for this directory, call:

	git config --global --add safe.directory /home/owl/server/frontend
2023-09-06 17:34:06.374 [info] > git rev-parse --show-toplevel [639ms]
2023-09-06 17:34:06.374 [info] fatal: detected dubious ownership in repository at '/home/owl/server/frontend'
To add an exception for this directory, call:

	git config --global --add safe.directory /home/owl/server/frontend
2023-09-06 17:34:06.815 [info] > git rev-parse --show-toplevel [430ms]
2023-09-06 17:34:06.815 [info] fatal: detected dubious ownership in repository at '/home/owl/server/frontend'
To add an exception for this directory, call:

	git config --global --add safe.directory /home/owl/server/frontend
2023-09-06 17:34:07.931 [info] > git rev-parse --show-toplevel [639ms]
2023-09-06 17:34:07.931 [info] fatal: detected dubious ownership in repository at '/home/owl/server/frontend'
To add an exception for this directory, call:

	git config --global --add safe.directory /home/owl/server/frontend
2023-09-06 17:34:08.585 [info] > git rev-parse --show-toplevel [642ms]
2023-09-06 17:34:08.585 [info] fatal: detected dubious ownership in repository at '/home/owl/server/frontend'
To add an exception for this directory, call:

	git config --global --add safe.directory /home/owl/server/frontend
2023-09-06 17:34:09.232 [info] > git rev-parse --show-toplevel [639ms]
2023-09-06 17:34:09.232 [info] fatal: detected dubious ownership in repository at '/home/owl/server/frontend'
To add an exception for this directory, call:

	git config --global --add safe.directory /home/owl/server/frontend
2023-09-06 17:34:11.672 [info] > git rev-parse --show-toplevel [638ms]
2023-09-06 17:34:11.672 [info] fatal: detected dubious ownership in repository at '/home/owl/server/frontend'
To add an exception for this directory, call:

	git config --global --add safe.directory /home/owl/server/frontend
2023-09-06 17:34:12.347 [info] > git rev-parse --show-toplevel [662ms]
2023-09-06 17:34:12.347 [info] fatal: detected dubious ownership in repository at '/home/owl/server/frontend'
To add an exception for this directory, call:

	git config --global --add safe.directory /home/owl/server/frontend
2023-09-06 17:34:12.805 [info] > git rev-parse --show-toplevel [452ms]
2023-09-06 17:34:12.805 [info] fatal: detected dubious ownership in repository at '/home/owl/server/frontend'
To add an exception for this directory, call:

	git config --global --add safe.directory /home/owl/server/frontend
2023-09-06 17:34:13.461 [info] > git rev-parse --show-toplevel [644ms]
2023-09-06 17:34:13.461 [info] fatal: detected dubious ownership in repository at '/home/owl/server/frontend'
To add an exception for this directory, call:

	git config --global --add safe.directory /home/owl/server/frontend
2023-09-06 17:34:14.114 [info] > git rev-parse --show-toplevel [640ms]
2023-09-06 17:34:14.114 [info] fatal: detected dubious ownership in repository at '/home/owl/server/frontend'
To add an exception for this directory, call:

	git config --global --add safe.directory /home/owl/server/frontend
2023-09-06 17:34:14.767 [info] > git rev-parse --show-toplevel [642ms]
2023-09-06 17:34:14.767 [info] fatal: detected dubious ownership in repository at '/home/owl/server/frontend'
To add an exception for this directory, call:

	git config --global --add safe.directory /home/owl/server/frontend
2023-09-06 17:40:54.700 [info] > git rev-parse --show-toplevel [2176ms]
2023-09-06 17:40:54.700 [info] fatal: detected dubious ownership in repository at '/home/owl/server/frontend'
To add an exception for this directory, call:

	git config --global --add safe.directory /home/owl/server/frontend
2023-09-06 17:40:55.348 [info] > git rev-parse --show-toplevel [641ms]
2023-09-06 17:40:55.348 [info] fatal: detected dubious ownership in repository at '/home/owl/server/frontend'
To add an exception for this directory, call:

	git config --global --add safe.directory /home/owl/server/frontend
2023-09-06 17:40:55.788 [info] > git rev-parse --show-toplevel [426ms]
2023-09-06 17:40:55.788 [info] fatal: detected dubious ownership in repository at '/home/owl/server/frontend'
To add an exception for this directory, call:

	git config --global --add safe.directory /home/owl/server/frontend
2023-09-06 17:41:18.123 [info] > git rev-parse --show-toplevel [962ms]
2023-09-06 17:41:18.123 [info] fatal: detected dubious ownership in repository at '/home/owl/server/frontend'
To add an exception for this directory, call:

	git config --global --add safe.directory /home/owl/server/frontend
2023-09-06 17:41:18.776 [info] > git rev-parse --show-toplevel [643ms]
2023-09-06 17:41:18.777 [info] fatal: detected dubious ownership in repository at '/home/owl/server/frontend'
To add an exception for this directory, call:

	git config --global --add safe.directory /home/owl/server/frontend
2023-09-06 17:41:19.423 [info] > git rev-parse --show-toplevel [636ms]
2023-09-06 17:41:19.423 [info] fatal: detected dubious ownership in repository at '/home/owl/server/frontend'
To add an exception for this directory, call:

	git config --global --add safe.directory /home/owl/server/frontend
2023-09-06 17:41:20.790 [info] > git rev-parse --show-toplevel [824ms]
2023-09-06 17:41:20.790 [info] fatal: detected dubious ownership in repository at '/home/owl/server/frontend'
To add an exception for this directory, call:

	git config --global --add safe.directory /home/owl/server/frontend
2023-09-06 17:41:21.437 [info] > git rev-parse --show-toplevel [633ms]
2023-09-06 17:41:21.437 [info] fatal: detected dubious ownership in repository at '/home/owl/server/frontend'
To add an exception for this directory, call:

	git config --global --add safe.directory /home/owl/server/frontend
2023-09-06 17:41:21.878 [info] > git rev-parse --show-toplevel [430ms]
2023-09-06 17:41:21.878 [info] fatal: detected dubious ownership in repository at '/home/owl/server/frontend'
To add an exception for this directory, call:

	git config --global --add safe.directory /home/owl/server/frontend
2023-09-06 17:43:04.823 [info] > git rev-parse --show-toplevel [848ms]
2023-09-06 17:43:04.823 [info] fatal: detected dubious ownership in repository at '/home/owl/server/frontend'
To add an exception for this directory, call:

	git config --global --add safe.directory /home/owl/server/frontend
2023-09-06 17:43:05.478 [info] > git rev-parse --show-toplevel [643ms]
2023-09-06 17:43:05.478 [info] fatal: detected dubious ownership in repository at '/home/owl/server/frontend'
To add an exception for this directory, call:

	git config --global --add safe.directory /home/owl/server/frontend
2023-09-06 17:43:06.125 [info] > git rev-parse --show-toplevel [636ms]
2023-09-06 17:43:06.125 [info] fatal: detected dubious ownership in repository at '/home/owl/server/frontend'
To add an exception for this directory, call:

	git config --global --add safe.directory /home/owl/server/frontend
2023-09-06 17:55:46.836 [info] > git rev-parse --show-toplevel [1773ms]
2023-09-06 17:55:46.837 [info] fatal: detected dubious ownership in repository at '/home/owl/server/frontend'
To add an exception for this directory, call:

	git config --global --add safe.directory /home/owl/server/frontend
2023-09-06 17:55:48.433 [info] > git rev-parse --show-toplevel [1584ms]
2023-09-06 17:55:48.433 [info] fatal: detected dubious ownership in repository at '/home/owl/server/frontend'
To add an exception for this directory, call:

	git config --global --add safe.directory /home/owl/server/frontend
2023-09-06 17:55:48.866 [info] > git rev-parse --show-toplevel [424ms]
2023-09-06 17:55:48.867 [info] fatal: detected dubious ownership in repository at '/home/owl/server/frontend'
To add an exception for this directory, call:

	git config --global --add safe.directory /home/owl/server/frontend
2023-09-06 17:56:01.783 [info] > git rev-parse --show-toplevel [1056ms]
2023-09-06 17:56:01.783 [info] fatal: detected dubious ownership in repository at '/home/owl/server/frontend'
To add an exception for this directory, call:

	git config --global --add safe.directory /home/owl/server/frontend
2023-09-06 17:56:02.437 [info] > git rev-parse --show-toplevel [643ms]
2023-09-06 17:56:02.437 [info] fatal: detected dubious ownership in repository at '/home/owl/server/frontend'
To add an exception for this directory, call:

	git config --global --add safe.directory /home/owl/server/frontend
2023-09-06 17:56:03.162 [info] > git rev-parse --show-toplevel [644ms]
2023-09-06 17:56:03.162 [info] fatal: detected dubious ownership in repository at '/home/owl/server/frontend'
To add an exception for this directory, call:

	git config --global --add safe.directory /home/owl/server/frontend
2023-09-06 18:13:45.234 [info] > git rev-parse --show-toplevel [1326ms]
2023-09-06 18:13:45.234 [info] fatal: detected dubious ownership in repository at '/home/owl/server/frontend'
To add an exception for this directory, call:

	git config --global --add safe.directory /home/owl/server/frontend
2023-09-06 18:13:46.156 [info] > git rev-parse --show-toplevel [908ms]
2023-09-06 18:13:46.156 [info] fatal: detected dubious ownership in repository at '/home/owl/server/frontend'
To add an exception for this directory, call:

	git config --global --add safe.directory /home/owl/server/frontend
2023-09-06 18:13:46.770 [info] > git rev-parse --show-toplevel [600ms]
2023-09-06 18:13:46.770 [info] fatal: detected dubious ownership in repository at '/home/owl/server/frontend'
To add an exception for this directory, call:

	git config --global --add safe.directory /home/owl/server/frontend
2023-09-06 18:13:52.503 [info] > git rev-parse --show-toplevel [1003ms]
2023-09-06 18:13:52.504 [info] fatal: detected dubious ownership in repository at '/home/owl/server/frontend'
To add an exception for this directory, call:

	git config --global --add safe.directory /home/owl/server/frontend
2023-09-06 18:13:53.425 [info] > git rev-parse --show-toplevel [909ms]
2023-09-06 18:13:53.425 [info] fatal: detected dubious ownership in repository at '/home/owl/server/frontend'
To add an exception for this directory, call:

	git config --global --add safe.directory /home/owl/server/frontend
2023-09-06 18:13:54.348 [info] > git rev-parse --show-toplevel [912ms]
2023-09-06 18:13:54.348 [info] fatal: detected dubious ownership in repository at '/home/owl/server/frontend'
To add an exception for this directory, call:

	git config --global --add safe.directory /home/owl/server/frontend
2023-09-06 18:27:52.957 [info] > git rev-parse --show-toplevel [1836ms]
2023-09-06 18:27:52.957 [info] fatal: detected dubious ownership in repository at '/home/owl/server/frontend'
To add an exception for this directory, call:

	git config --global --add safe.directory /home/owl/server/frontend
2023-09-06 18:27:54.377 [info] > git rev-parse --show-toplevel [1408ms]
2023-09-06 18:27:54.377 [info] fatal: detected dubious ownership in repository at '/home/owl/server/frontend'
To add an exception for this directory, call:

	git config --global --add safe.directory /home/owl/server/frontend
2023-09-06 18:27:55.227 [info] > git rev-parse --show-toplevel [838ms]
2023-09-06 18:27:55.227 [info] fatal: detected dubious ownership in repository at '/home/owl/server/frontend'
To add an exception for this directory, call:

	git config --global --add safe.directory /home/owl/server/frontend
2023-09-06 18:28:01.828 [info] > git rev-parse --show-toplevel [926ms]
2023-09-06 18:28:01.828 [info] fatal: detected dubious ownership in repository at '/home/owl/server/frontend'
To add an exception for this directory, call:

	git config --global --add safe.directory /home/owl/server/frontend
2023-09-06 18:28:02.750 [info] > git rev-parse --show-toplevel [915ms]
2023-09-06 18:28:02.750 [info] fatal: detected dubious ownership in repository at '/home/owl/server/frontend'
To add an exception for this directory, call:

	git config --global --add safe.directory /home/owl/server/frontend
2023-09-06 18:28:03.672 [info] > git rev-parse --show-toplevel [914ms]
2023-09-06 18:28:03.672 [info] fatal: detected dubious ownership in repository at '/home/owl/server/frontend'
To add an exception for this directory, call:

	git config --global --add safe.directory /home/owl/server/frontend
2023-09-06 18:28:08.895 [info] > git rev-parse --show-toplevel [946ms]
2023-09-06 18:28:08.895 [info] fatal: detected dubious ownership in repository at '/home/owl/server/frontend'
To add an exception for this directory, call:

	git config --global --add safe.directory /home/owl/server/frontend
2023-09-06 18:28:09.818 [info] > git rev-parse --show-toplevel [916ms]
2023-09-06 18:28:09.818 [info] fatal: detected dubious ownership in repository at '/home/owl/server/frontend'
To add an exception for this directory, call:

	git config --global --add safe.directory /home/owl/server/frontend
2023-09-06 18:28:10.636 [info] > git rev-parse --show-toplevel [810ms]
2023-09-06 18:28:10.636 [info] fatal: detected dubious ownership in repository at '/home/owl/server/frontend'
To add an exception for this directory, call:

	git config --global --add safe.directory /home/owl/server/frontend
2023-09-06 18:28:22.334 [info] > git rev-parse --show-toplevel [1215ms]
2023-09-06 18:28:22.334 [info] fatal: detected dubious ownership in repository at '/home/owl/server/frontend'
To add an exception for this directory, call:

	git config --global --add safe.directory /home/owl/server/frontend
2023-09-06 18:28:23.005 [info] > git rev-parse --show-toplevel [659ms]
2023-09-06 18:28:23.005 [info] fatal: detected dubious ownership in repository at '/home/owl/server/frontend'
To add an exception for this directory, call:

	git config --global --add safe.directory /home/owl/server/frontend
2023-09-06 18:28:23.677 [info] > git rev-parse --show-toplevel [661ms]
2023-09-06 18:28:23.677 [info] fatal: detected dubious ownership in repository at '/home/owl/server/frontend'
To add an exception for this directory, call:

	git config --global --add safe.directory /home/owl/server/frontend
2023-09-06 18:29:25.786 [info] > git rev-parse --show-toplevel [860ms]
2023-09-06 18:29:25.786 [info] fatal: detected dubious ownership in repository at '/home/owl/server/frontend'
To add an exception for this directory, call:

	git config --global --add safe.directory /home/owl/server/frontend
2023-09-06 18:29:26.441 [info] > git rev-parse --show-toplevel [645ms]
2023-09-06 18:29:26.441 [info] fatal: detected dubious ownership in repository at '/home/owl/server/frontend'
To add an exception for this directory, call:

	git config --global --add safe.directory /home/owl/server/frontend
2023-09-06 18:29:26.882 [info] > git rev-parse --show-toplevel [429ms]
2023-09-06 18:29:26.882 [info] fatal: detected dubious ownership in repository at '/home/owl/server/frontend'
To add an exception for this directory, call:

	git config --global --add safe.directory /home/owl/server/frontend
2023-09-06 18:30:10.560 [info] > git rev-parse --show-toplevel [1325ms]
2023-09-06 18:30:10.560 [info] fatal: detected dubious ownership in repository at '/home/owl/server/frontend'
To add an exception for this directory, call:

	git config --global --add safe.directory /home/owl/server/frontend
2023-09-06 18:30:11.455 [info] > git rev-parse --show-toplevel [883ms]
2023-09-06 18:30:11.455 [info] fatal: detected dubious ownership in repository at '/home/owl/server/frontend'
To add an exception for this directory, call:

	git config --global --add safe.directory /home/owl/server/frontend
2023-09-06 18:30:12.319 [info] > git rev-parse --show-toplevel [853ms]
2023-09-06 18:30:12.319 [info] fatal: detected dubious ownership in repository at '/home/owl/server/frontend'
To add an exception for this directory, call:

	git config --global --add safe.directory /home/owl/server/frontend
2023-09-06 18:31:00.505 [info] > git rev-parse --show-toplevel [873ms]
2023-09-06 18:31:00.505 [info] fatal: detected dubious ownership in repository at '/home/owl/server/frontend'
To add an exception for this directory, call:

	git config --global --add safe.directory /home/owl/server/frontend
2023-09-06 18:31:01.173 [info] > git rev-parse --show-toplevel [655ms]
2023-09-06 18:31:01.173 [info] fatal: detected dubious ownership in repository at '/home/owl/server/frontend'
To add an exception for this directory, call:

	git config --global --add safe.directory /home/owl/server/frontend
2023-09-06 18:31:01.631 [info] > git rev-parse --show-toplevel [442ms]
2023-09-06 18:31:01.631 [info] fatal: detected dubious ownership in repository at '/home/owl/server/frontend'
To add an exception for this directory, call:

	git config --global --add safe.directory /home/owl/server/frontend
2023-09-06 18:32:09.122 [info] > git rev-parse --show-toplevel [897ms]
2023-09-06 18:32:09.122 [info] fatal: detected dubious ownership in repository at '/home/owl/server/frontend'
To add an exception for this directory, call:

	git config --global --add safe.directory /home/owl/server/frontend
2023-09-06 18:32:09.776 [info] > git rev-parse --show-toplevel [643ms]
2023-09-06 18:32:09.776 [info] fatal: detected dubious ownership in repository at '/home/owl/server/frontend'
To add an exception for this directory, call:

	git config --global --add safe.directory /home/owl/server/frontend
2023-09-06 18:32:10.431 [info] > git rev-parse --show-toplevel [646ms]
2023-09-06 18:32:10.431 [info] fatal: detected dubious ownership in repository at '/home/owl/server/frontend'
To add an exception for this directory, call:

	git config --global --add safe.directory /home/owl/server/frontend
2023-09-06 18:59:30.280 [info] > git rev-parse --show-toplevel [1616ms]
2023-09-06 18:59:30.280 [info] fatal: detected dubious ownership in repository at '/home/owl/server/frontend'
To add an exception for this directory, call:

	git config --global --add safe.directory /home/owl/server/frontend
2023-09-06 19:00:53.398 [info] > git rev-parse --show-toplevel [1355ms]
2023-09-06 19:00:53.398 [info] fatal: detected dubious ownership in repository at '/home/owl/server/frontend'
To add an exception for this directory, call:

	git config --global --add safe.directory /home/owl/server/frontend
2023-09-06 19:00:54.050 [info] > git rev-parse --show-toplevel [641ms]
2023-09-06 19:00:54.051 [info] fatal: detected dubious ownership in repository at '/home/owl/server/frontend'
To add an exception for this directory, call:

	git config --global --add safe.directory /home/owl/server/frontend
2023-09-06 19:00:57.123 [info] > git rev-parse --show-toplevel [641ms]
2023-09-06 19:00:57.123 [info] fatal: detected dubious ownership in repository at '/home/owl/server/frontend'
To add an exception for this directory, call:

	git config --global --add safe.directory /home/owl/server/frontend
2023-09-06 19:00:57.777 [info] > git rev-parse --show-toplevel [642ms]
2023-09-06 19:00:57.777 [info] fatal: detected dubious ownership in repository at '/home/owl/server/frontend'
To add an exception for this directory, call:

	git config --global --add safe.directory /home/owl/server/frontend
2023-09-06 19:00:58.444 [info] > git rev-parse --show-toplevel [660ms]
2023-09-06 19:00:58.444 [info] fatal: detected dubious ownership in repository at '/home/owl/server/frontend'
To add an exception for this directory, call:

	git config --global --add safe.directory /home/owl/server/frontend
2023-09-06 19:01:00.594 [info] > git rev-parse --show-toplevel [974ms]
2023-09-06 19:01:00.595 [info] fatal: detected dubious ownership in repository at '/home/owl/server/frontend'
To add an exception for this directory, call:

	git config --global --add safe.directory /home/owl/server/frontend
2023-09-06 19:01:01.516 [info] > git rev-parse --show-toplevel [911ms]
2023-09-06 19:01:01.516 [info] fatal: detected dubious ownership in repository at '/home/owl/server/frontend'
To add an exception for this directory, call:

	git config --global --add safe.directory /home/owl/server/frontend
2023-09-06 19:01:02.541 [info] > git rev-parse --show-toplevel [1014ms]
2023-09-06 19:01:02.541 [info] fatal: detected dubious ownership in repository at '/home/owl/server/frontend'
To add an exception for this directory, call:

	git config --global --add safe.directory /home/owl/server/frontend
2023-09-06 19:24:38.293 [info] > git rev-parse --show-toplevel [2018ms]
2023-09-06 19:24:38.293 [info] fatal: detected dubious ownership in repository at '/home/owl/server/frontend'
To add an exception for this directory, call:

	git config --global --add safe.directory /home/owl/server/frontend
2023-09-06 19:24:38.940 [info] > git rev-parse --show-toplevel [638ms]
2023-09-06 19:24:38.940 [info] fatal: detected dubious ownership in repository at '/home/owl/server/frontend'
To add an exception for this directory, call:

	git config --global --add safe.directory /home/owl/server/frontend
2023-09-06 19:24:39.381 [info] > git rev-parse --show-toplevel [430ms]
2023-09-06 19:24:39.381 [info] fatal: detected dubious ownership in repository at '/home/owl/server/frontend'
To add an exception for this directory, call:

	git config --global --add safe.directory /home/owl/server/frontend
2023-09-06 19:25:13.757 [info] > git rev-parse --show-toplevel [1734ms]
2023-09-06 19:25:13.757 [info] fatal: detected dubious ownership in repository at '/home/owl/server/frontend'
To add an exception for this directory, call:

	git config --global --add safe.directory /home/owl/server/frontend
2023-09-06 19:25:14.883 [info] > git rev-parse --show-toplevel [1111ms]
2023-09-06 19:25:14.883 [info] fatal: detected dubious ownership in repository at '/home/owl/server/frontend'
To add an exception for this directory, call:

	git config --global --add safe.directory /home/owl/server/frontend
2023-09-06 19:25:15.730 [info] > git rev-parse --show-toplevel [838ms]
2023-09-06 19:25:15.731 [info] fatal: detected dubious ownership in repository at '/home/owl/server/frontend'
To add an exception for this directory, call:

	git config --global --add safe.directory /home/owl/server/frontend
2023-09-06 19:25:17.034 [info] > git rev-parse --show-toplevel [1293ms]
2023-09-06 19:25:17.034 [info] fatal: detected dubious ownership in repository at '/home/owl/server/frontend'
To add an exception for this directory, call:

	git config --global --add safe.directory /home/owl/server/frontend
2023-09-06 19:25:17.954 [info] > git rev-parse --show-toplevel [905ms]
2023-09-06 19:25:17.954 [info] fatal: detected dubious ownership in repository at '/home/owl/server/frontend'
To add an exception for this directory, call:

	git config --global --add safe.directory /home/owl/server/frontend
2023-09-06 19:25:18.876 [info] > git rev-parse --show-toplevel [911ms]
2023-09-06 19:25:18.876 [info] fatal: detected dubious ownership in repository at '/home/owl/server/frontend'
To add an exception for this directory, call:

	git config --global --add safe.directory /home/owl/server/frontend
2023-09-06 19:25:20.034 [info] > git rev-parse --show-toplevel [1147ms]
2023-09-06 19:25:20.034 [info] fatal: detected dubious ownership in repository at '/home/owl/server/frontend'
To add an exception for this directory, call:

	git config --global --add safe.directory /home/owl/server/frontend
2023-09-06 19:25:20.682 [info] > git rev-parse --show-toplevel [642ms]
2023-09-06 19:25:20.683 [info] fatal: detected dubious ownership in repository at '/home/owl/server/frontend'
To add an exception for this directory, call:

	git config --global --add safe.directory /home/owl/server/frontend
2023-09-06 19:25:21.327 [info] > git rev-parse --show-toplevel [636ms]
2023-09-06 19:25:21.327 [info] fatal: detected dubious ownership in repository at '/home/owl/server/frontend'
To add an exception for this directory, call:

	git config --global --add safe.directory /home/owl/server/frontend
2023-09-06 19:29:42.061 [info] > git rev-parse --show-toplevel [2834ms]
2023-09-06 19:29:42.061 [info] fatal: detected dubious ownership in repository at '/home/owl/server/frontend'
To add an exception for this directory, call:

	git config --global --add safe.directory /home/owl/server/frontend
2023-09-06 19:29:43.022 [info] > git rev-parse --show-toplevel [949ms]
2023-09-06 19:29:43.022 [info] fatal: detected dubious ownership in repository at '/home/owl/server/frontend'
To add an exception for this directory, call:

	git config --global --add safe.directory /home/owl/server/frontend
2023-09-06 19:29:43.462 [info] > git rev-parse --show-toplevel [428ms]
2023-09-06 19:29:43.462 [info] fatal: detected dubious ownership in repository at '/home/owl/server/frontend'
To add an exception for this directory, call:

	git config --global --add safe.directory /home/owl/server/frontend
2023-09-06 19:30:08.365 [info] > git rev-parse --show-toplevel [1307ms]
2023-09-06 19:30:08.365 [info] fatal: detected dubious ownership in repository at '/home/owl/server/frontend'
To add an exception for this directory, call:

	git config --global --add safe.directory /home/owl/server/frontend
2023-09-06 19:30:10.080 [info] > git rev-parse --show-toplevel [1702ms]
2023-09-06 19:30:10.080 [info] fatal: detected dubious ownership in repository at '/home/owl/server/frontend'
To add an exception for this directory, call:

	git config --global --add safe.directory /home/owl/server/frontend
2023-09-06 19:30:11.355 [info] > git rev-parse --show-toplevel [1268ms]
2023-09-06 19:30:11.355 [info] fatal: detected dubious ownership in repository at '/home/owl/server/frontend'
To add an exception for this directory, call:

	git config --global --add safe.directory /home/owl/server/frontend
2023-09-06 19:32:23.740 [info] > git rev-parse --show-toplevel [1289ms]
2023-09-06 19:32:23.740 [info] fatal: detected dubious ownership in repository at '/home/owl/server/frontend'
To add an exception for this directory, call:

	git config --global --add safe.directory /home/owl/server/frontend
2023-09-06 19:32:24.630 [info] > git rev-parse --show-toplevel [879ms]
2023-09-06 19:32:24.630 [info] fatal: detected dubious ownership in repository at '/home/owl/server/frontend'
To add an exception for this directory, call:

	git config --global --add safe.directory /home/owl/server/frontend
2023-09-06 19:32:25.294 [info] > git rev-parse --show-toplevel [653ms]
2023-09-06 19:32:25.294 [info] fatal: detected dubious ownership in repository at '/home/owl/server/frontend'
To add an exception for this directory, call:

	git config --global --add safe.directory /home/owl/server/frontend
2023-09-06 19:34:02.573 [info] > git rev-parse --show-toplevel [855ms]
2023-09-06 19:34:02.573 [info] fatal: detected dubious ownership in repository at '/home/owl/server/frontend'
To add an exception for this directory, call:

	git config --global --add safe.directory /home/owl/server/frontend
2023-09-06 19:34:03.219 [info] > git rev-parse --show-toplevel [635ms]
2023-09-06 19:34:03.219 [info] fatal: detected dubious ownership in repository at '/home/owl/server/frontend'
To add an exception for this directory, call:

	git config --global --add safe.directory /home/owl/server/frontend
2023-09-06 19:34:03.990 [info] > git rev-parse --show-toplevel [757ms]
2023-09-06 19:34:03.990 [info] fatal: detected dubious ownership in repository at '/home/owl/server/frontend'
To add an exception for this directory, call:

	git config --global --add safe.directory /home/owl/server/frontend
2023-09-06 20:00:09.905 [info] > git rev-parse --show-toplevel [1389ms]
2023-09-06 20:00:09.905 [info] fatal: detected dubious ownership in repository at '/home/owl/server/frontend'
To add an exception for this directory, call:

	git config --global --add safe.directory /home/owl/server/frontend
2023-09-06 20:00:10.535 [info] > git rev-parse --show-toplevel [615ms]
2023-09-06 20:00:10.535 [info] fatal: detected dubious ownership in repository at '/home/owl/server/frontend'
To add an exception for this directory, call:

	git config --global --add safe.directory /home/owl/server/frontend
2023-09-06 20:00:11.330 [info] > git rev-parse --show-toplevel [783ms]
2023-09-06 20:00:11.330 [info] fatal: detected dubious ownership in repository at '/home/owl/server/frontend'
To add an exception for this directory, call:

	git config --global --add safe.directory /home/owl/server/frontend
