2023-11-05 13:53:59.486 [INFO]: No proxy settings found
2023-11-05 13:54:00.013 [INFO]: Creating manager directory: /tmp/d6869f27-4cd0-4875-94f0-f5e1ebc02323/codeium/manager
2023-11-05 13:54:00.356 [INFO]: Using cached LS with valid crc32: /home/owl/.vscode-oss/extensions/codeium.codeium-1.2.97-universal/dist/f3bda5b3eb4dc7c7904cb8e9a3156e9f25f1ebb9/language_server_linux_x64
2023-11-05 13:54:00.367 [INFO]: Language server started
2023-11-05 13:54:00.486 [INFO]: [Language Server (stderr)]:
I1105 13:54:00.485823 84983 main.go:452] Starting language server manager with pid 84983
I1105 13:54:00.485938 84983 main.go:106] Manager acquired its lock file /tmp/d6869f27-4cd0-4875-94f0-f5e1ebc02323/codeium/manager/locks/manager.lock
2023-11-05 13:54:00.487 [INFO]: [Language Server (stderr)]:
I1105 13:54:00.486332 84983 main.go:228] Waiting for random port file in /tmp/d6869f27-4cd0-4875-94f0-f5e1ebc02323/codeium/manager/child_random_port_1699214040486005734_5723532175681593853 to be created
2023-11-05 13:54:00.611 [INFO]: [Language Server (stderr)]:
I1105 13:54:00.610344 85005 main.go:446] Starting language server process with pid 85005
2023-11-05 13:54:00.612 [INFO]: [Language Server (stderr)]:
I1105 13:54:00.612093 85005 proxy.go:93] proxyplease.proxy> No proxy provided. Attempting to infer from system.
I1105 13:54:00.612118 85005 proxy.go:93] proxyplease.proxy> No proxy could be determined. Assuming a direct connection.
2023-11-05 13:54:00.613 [INFO]: [Language Server (stderr)]:
I1105 13:54:00.612152 85005 client.go:589] [DEBUG] GET https://server.codeium.com/exa.api_server_pb.ApiServerService/GetCompletions
2023-11-05 13:54:00.854 [INFO]: [Language Server (stderr)]:
I1105 13:54:00.853624 85005 api_server_client.go:115] Successfully dialed proxy
2023-11-05 13:54:00.854 [INFO]: [Language Server (stderr)]:
I1105 13:54:00.853880 85005 server.go:387] Successfully created API server client
I1105 13:54:00.853896 85005 api_server_client.go:115] Successfully dialed proxy
I1105 13:54:00.854044 85005 server.go:393] Successfully created API streaming client
2023-11-05 13:54:00.881 [INFO]: [Language Server (stderr)]:
I1105 13:54:00.881047 85005 server.go:402] Successfully initialized tokenizer
I1105 13:54:00.881097 85005 unleash.go:57] Initializing Unleash with production environment
2023-11-05 13:54:01.096 [INFO]: [Language Server (stderr)]:
I1105 13:54:01.096235 85005 unleash.go:71] Successfully initialized unleash
2023-11-05 13:54:01.126 [INFO]: [Language Server (stderr)]:
I1105 13:54:01.125616 85005 server.go:481] Successfully created completion provider
I1105 13:54:01.125667 85005 server.go:513] Child process attempting to acquire lock file /tmp/d6869f27-4cd0-4875-94f0-f5e1ebc02323/codeium/manager/locks/child_lock_1699214040486042891_2597366048676567401
I1105 13:54:01.125735 85005 server.go:523] Child process acquired lock file /tmp/d6869f27-4cd0-4875-94f0-f5e1ebc02323/codeium/manager/locks/child_lock_1699214040486042891_2597366048676567401
2023-11-05 13:54:01.126 [INFO]: [Language Server (stderr)]:
I1105 13:54:01.126619 85005 server.go:186] Language server will attempt to listen on host 127.0.0.1
2023-11-05 13:54:01.127 [INFO]: [Language Server (stderr)]:
I1105 13:54:01.126847 85005 server.go:230] Language server listening on random port at 41651
I1105 13:54:01.126870 85005 server.go:232] LSP listening on random port at 41341
2023-11-05 13:54:01.128 [INFO]: [Language Server (stderr)]:
I1105 13:54:01.127995 85005 web_server.go:147] Chat Web Server listening at ws://127.0.0.1:45601
2023-11-05 13:54:01.189 [INFO]: [Language Server (stdout)]:
41341
2023-11-05 13:54:01.194 [INFO]: [Language Server (stderr)]:
I1105 13:54:01.189254 84983 main.go:264] Language server manager found random server port 41651
I1105 13:54:01.189285 84983 main.go:265] Language server manager found random lsp port 41341
I1105 13:54:01.189297 84983 main.go:272] Language server manager attempting to connect to language server at 127.0.0.1:41651
2023-11-05 13:54:01.203 [INFO]: [Language Server (stderr)]:
I1105 13:54:01.203001 84983 main.go:143] Fixing language server port at 41651
I1105 13:54:01.203025 84983 main.go:323] Language server manager successfully connected to new language server at 127.0.0.1:41651
2023-11-05 13:54:01.275 [INFO]: Found language server running on port 41651
2023-11-05 13:54:01.321 [INFO]: Successfully logged in
2023-11-05 13:54:09.153 [INFO]: Disposing language server process
2023-11-05 13:54:09.153 [INFO]: Deleting manager directory: /tmp/d6869f27-4cd0-4875-94f0-f5e1ebc02323/codeium/manager
2023-11-05 13:54:09.155 [INFO]: Successfully disposed language server
