2023-09-26 21:00:13.748 [info] Extension host with pid 9175 started
2023-09-26 21:00:13.748 [info] Skipping acquiring lock for /home/owl/.config/Code - OSS/User/workspaceStorage/ea14e8e96a677e62cf3171542347f98d.
2023-09-26 21:00:13.773 [info] ExtensionService#_doActivateExtension vscode.git-base, startup: true, activationEvent: '*', root cause: vscode.git
2023-09-26 21:00:13.778 [info] ExtensionService#_doActivateExtension vscode.git, startup: true, activationEvent: '*'
2023-09-26 21:00:13.792 [info] ExtensionService#_doActivateExtension vscode.github, startup: true, activationEvent: '*'
2023-09-26 21:00:13.834 [info] ExtensionService#_doActivateExtension vscode.npm, startup: true, activationEvent: 'workspaceContains:package.json'
2023-09-26 21:00:13.934 [info] ExtensionService#_doActivateExtension vscode.emmet, startup: false, activationEvent: 'onLanguage'
2023-09-26 21:00:14.455 [info] ExtensionService#_doActivateExtension ms-python.python, startup: true, activationEvent: 'workspaceContains:requirements.txt'
2023-09-26 21:00:16.817 [info] Eager extensions activated
2023-09-26 21:00:16.831 [info] ExtensionService#_doActivateExtension vscode.debug-auto-launch, startup: false, activationEvent: 'onStartupFinished'
2023-09-26 21:00:16.835 [info] ExtensionService#_doActivateExtension vscode.merge-conflict, startup: false, activationEvent: 'onStartupFinished'
2023-09-26 21:00:17.409 [error] Error: Extension 'ms-python.python' CANNOT use API proposal: testObserver.
Its package.json#enabledApiProposals-property declares:  but NOT testObserver.
 The missing proposal MUST be added and you must start in extension development mode or use the following command line switch: --enable-proposed-api ms-python.python
	at S (/usr/lib/code/out/vs/workbench/api/node/extensionHostProcess.js:100:67708)
	at get testResults [as testResults] (/usr/lib/code/out/vs/workbench/api/node/extensionHostProcess.js:120:23379)
	at w.activate (/home/owl/.vscode-oss/extensions/ms-python.python-2023.14.0-universal/out/client/extension.js:2:808237)
	at /home/owl/.vscode-oss/extensions/ms-python.python-2023.14.0-universal/out/client/extension.js:2:2386
	at Array.map (<anonymous>)
	at g.activateWorkspace (/home/owl/.vscode-oss/extensions/ms-python.python-2023.14.0-universal/out/client/extension.js:2:2376)
2023-09-26 22:03:47.612 [info] Extension host terminating: renderer closed the MessagePort
2023-09-26 22:03:47.630 [info] Extension host with pid 9175 exiting with code 0
