2023-09-02 03:55:24.683 [info] Log level: Info
2023-09-02 03:55:24.683 [info] Validating found git in: "git"
2023-09-02 03:55:24.683 [info] Using git "2.42.0" from "git"
2023-09-02 03:55:24.683 [info] > git rev-parse --show-toplevel [1ms]
2023-09-02 03:55:24.683 [info] > git rev-parse --git-dir --git-common-dir [1ms]
2023-09-02 03:55:24.683 [info] Open repository: /home/owl/config-files
2023-09-02 03:55:24.683 [info] > git config --get commit.template [5ms]
2023-09-02 03:55:24.698 [info] > git rev-parse --show-toplevel [2ms]
2023-09-02 03:55:24.698 [info] > git for-each-ref --format=%(refname)%00%(upstream:short)%00%(objectname)%00%(upstream:track)%00%(upstream:remotename)%00%(upstream:remoteref) refs/heads/master refs/remotes/master [9ms]
2023-09-02 03:55:24.740 [info] > git status -z -uall [35ms]
2023-09-02 03:55:24.799 [info] > git config --get commit.template [41ms]
2023-09-02 03:55:24.815 [info] > git for-each-ref --format=%(refname)%00%(upstream:short)%00%(objectname)%00%(upstream:track)%00%(upstream:remotename)%00%(upstream:remoteref) refs/heads/master refs/remotes/master [10ms]
2023-09-02 03:55:24.857 [info] > git status -z -uall [34ms]
2023-09-02 03:55:25.225 [info] > git check-ignore -v -z --stdin [3ms]
2023-09-02 03:55:25.242 [info] > git show --textconv :backup [9ms]
2023-09-02 03:55:25.243 [info] > git ls-files --stage -- /home/owl/config-files/backup [2ms]
2023-09-02 03:55:25.252 [info] > git cat-file -s d2f2805dc4f370c7b72ce3a2cc37952a234bb0ac [1ms]
2023-09-02 03:56:18.127 [info] > git config --get commit.template [1ms]
2023-09-02 03:56:18.133 [info] > git for-each-ref --format=%(refname)%00%(upstream:short)%00%(objectname)%00%(upstream:track)%00%(upstream:remotename)%00%(upstream:remoteref) refs/heads/master refs/remotes/master [1ms]
2023-09-02 03:56:18.380 [info] > git status -z -uall [241ms]
2023-09-02 03:56:59.242 [info] > git config --get commit.template [1ms]
2023-09-02 03:56:59.249 [info] > git for-each-ref --format=%(refname)%00%(upstream:short)%00%(objectname)%00%(upstream:track)%00%(upstream:remotename)%00%(upstream:remoteref) refs/heads/master refs/remotes/master [1ms]
2023-09-02 03:56:59.297 [info] > git status -z -uall [43ms]
2023-09-02 03:57:04.407 [info] > git config --get commit.template [2ms]
2023-09-02 03:57:04.422 [info] > git for-each-ref --format=%(refname)%00%(upstream:short)%00%(objectname)%00%(upstream:track)%00%(upstream:remotename)%00%(upstream:remoteref) refs/heads/master refs/remotes/master [1ms]
2023-09-02 03:57:04.474 [info] > git status -z -uall [43ms]
2023-09-02 03:58:14.665 [info] > git config --get commit.template [1ms]
2023-09-02 03:58:14.678 [info] > git ls-files --stage -- /home/owl/config-files/backup [7ms]
2023-09-02 03:58:14.684 [info] > git for-each-ref --format=%(refname)%00%(upstream:short)%00%(objectname)%00%(upstream:track)%00%(upstream:remotename)%00%(upstream:remoteref) refs/heads/master refs/remotes/master [6ms]
2023-09-02 03:58:14.690 [info] > git cat-file -s d2f2805dc4f370c7b72ce3a2cc37952a234bb0ac [7ms]
2023-09-02 03:58:14.701 [info] > git show --textconv :backup [2ms]
2023-09-02 03:58:14.738 [info] > git status -z -uall [48ms]
2023-09-02 03:59:53.828 [warning] ENOENT: no such file or directory, open '/home/owl/config-files/.git/HEAD'
2023-09-02 03:59:53.838 [warning] getRemotes() - ENOENT: no such file or directory, open '/home/owl/config-files/.git/config'
2023-09-02 03:59:53.843 [info] > git config --get commit.template [1ms]
2023-09-02 03:59:53.843 [info] > git remote --verbose [6ms]
2023-09-02 03:59:53.843 [info] fatal: not a git repository (or any of the parent directories): .git
2023-09-02 03:59:53.846 [info] > git symbolic-ref --short HEAD [18ms]
2023-09-02 03:59:53.846 [info] fatal: not a git repository (or any of the parent directories): .git
2023-09-02 03:59:53.857 [warning] ENOENT: no such file or directory, open '/home/owl/config-files/.git/HEAD'
2023-09-02 03:59:53.862 [warning] getRemotes() - ENOENT: no such file or directory, open '/home/owl/config-files/.git/config'
2023-09-02 03:59:53.867 [info] > git rev-parse HEAD [16ms]
2023-09-02 03:59:53.867 [info] fatal: not a git repository (or any of the parent directories): .git
2023-09-02 03:59:53.868 [info] > git config --get commit.template [2ms]
2023-09-02 03:59:53.868 [info] > git remote --verbose [6ms]
2023-09-02 03:59:53.868 [info] fatal: not a git repository (or any of the parent directories): .git
2023-09-02 03:59:53.868 [info] > git symbolic-ref --short HEAD [11ms]
2023-09-02 03:59:53.868 [info] fatal: not a git repository (or any of the parent directories): .git
2023-09-02 03:59:53.874 [info] > git rev-parse HEAD [1ms]
2023-09-02 03:59:53.874 [info] fatal: not a git repository (or any of the parent directories): .git
2023-09-02 04:01:22.147 [info] > git rev-parse --show-toplevel [1ms]
2023-09-02 04:01:22.147 [info] fatal: not a git repository (or any of the parent directories): .git
2023-09-02 04:01:24.597 [info] > git rev-parse --show-toplevel [0ms]
2023-09-02 04:01:24.605 [info] > git rev-parse --git-dir --git-common-dir [1ms]
2023-09-02 04:01:24.612 [info] Open repository: /home/owl/config-files/backup-home
2023-09-02 04:01:24.622 [info] > git config --get commit.template [1ms]
2023-09-02 04:01:24.629 [info] No remotes found in the git config file.
2023-09-02 04:01:24.630 [info] > git for-each-ref --format=%(refname)%00%(upstream:short)%00%(objectname)%00%(upstream:track)%00%(upstream:remotename)%00%(upstream:remoteref) refs/heads/master refs/remotes/master [1ms]
2023-09-02 04:01:24.646 [info] > git status -z -uall [9ms]
2023-09-02 04:01:24.691 [info] > git config --get commit.template [3ms]
2023-09-02 04:01:24.699 [info] No remotes found in the git config file.
2023-09-02 04:01:24.699 [info] > git for-each-ref --format=%(refname)%00%(upstream:short)%00%(objectname)%00%(upstream:track)%00%(upstream:remotename)%00%(upstream:remoteref) refs/heads/master refs/remotes/master [1ms]
2023-09-02 04:01:24.778 [info] > git status -z -uall [74ms]
2023-09-02 04:01:25.199 [info] > git check-ignore -v -z --stdin [1ms]
2023-09-02 04:02:52.355 [info] > git config --get commit.template [1ms]
2023-09-02 04:02:52.363 [info] > git for-each-ref --format=%(refname)%00%(upstream:short)%00%(objectname)%00%(upstream:track)%00%(upstream:remotename)%00%(upstream:remoteref) refs/heads/master refs/remotes/master [1ms]
2023-09-02 04:02:52.378 [info] > git status -z -uall [8ms]
2023-09-02 04:03:38.458 [info] > git config --get commit.template [8ms]
2023-09-02 04:03:38.458 [info] > git for-each-ref --format=%(refname)%00%(upstream:short)%00%(objectname)%00%(upstream:track)%00%(upstream:remotename)%00%(upstream:remoteref) refs/heads/master refs/remotes/master [1ms]
2023-09-02 04:03:38.473 [info] > git status -z -uall [10ms]
2023-09-02 04:04:09.280 [info] > git config --get commit.template [1ms]
2023-09-02 04:04:09.288 [info] > git for-each-ref --format=%(refname)%00%(upstream:short)%00%(objectname)%00%(upstream:track)%00%(upstream:remotename)%00%(upstream:remoteref) refs/heads/master refs/remotes/master [1ms]
2023-09-02 04:04:09.303 [info] > git status -z -uall [10ms]
2023-09-02 04:06:12.145 [info] > git rev-parse --show-toplevel [1ms]
2023-09-02 04:06:12.154 [info] > git rev-parse --git-dir --git-common-dir [1ms]
2023-09-02 04:06:12.159 [info] Open repository: /home/owl/config-files
2023-09-02 04:06:12.169 [info] > git config --get commit.template [1ms]
2023-09-02 04:06:12.176 [info] No remotes found in the git config file.
2023-09-02 04:06:12.177 [info] > git for-each-ref --format=%(refname)%00%(upstream:short)%00%(objectname)%00%(upstream:track)%00%(upstream:remotename)%00%(upstream:remoteref) refs/heads/master refs/remotes/master [1ms]
2023-09-02 04:06:12.193 [info] > git status -z -uall [8ms]
2023-09-02 04:06:12.221 [info] > git config --get commit.template [1ms]
2023-09-02 04:06:12.230 [info] No remotes found in the git config file.
2023-09-02 04:06:12.230 [info] > git for-each-ref --format=%(refname)%00%(upstream:short)%00%(objectname)%00%(upstream:track)%00%(upstream:remotename)%00%(upstream:remoteref) refs/heads/master refs/remotes/master [1ms]
2023-09-02 04:06:12.244 [info] > git status -z -uall [9ms]
2023-09-02 04:06:12.706 [info] > git check-ignore -v -z --stdin [7ms]
2023-09-02 04:06:12.706 [info] > git check-ignore -v -z --stdin [1ms]
2023-09-02 04:06:26.588 [warning] ENOENT: no such file or directory, open '/home/owl/config-files/backup-home/.git/HEAD'
2023-09-02 04:06:26.597 [warning] getRemotes() - ENOENT: no such file or directory, open '/home/owl/config-files/backup-home/.git/config'
2023-09-02 04:06:26.614 [info] > git config --get commit.template [2ms]
2023-09-02 04:06:26.614 [info] > git config --get commit.template [9ms]
2023-09-02 04:06:26.615 [info] > git remote --verbose [18ms]
2023-09-02 04:06:26.615 [info] > git symbolic-ref --short HEAD [27ms]
2023-09-02 04:06:26.635 [info] > git ls-files --stage -- /home/owl/config-files/backup [1ms]
2023-09-02 04:06:26.644 [info] > git for-each-ref --format=%(refname)%00%(upstream:short)%00%(objectname)%00%(upstream:track)%00%(upstream:remotename)%00%(upstream:remoteref) refs/heads/master refs/remotes/master [20ms]
2023-09-02 04:06:26.662 [info] > git cat-file -s 00d7fe4d278c4e470ec8365a4694cd82020497d2 [18ms]
2023-09-02 04:06:26.664 [info] > git status -z -uall [11ms]
2023-09-02 04:06:26.664 [info] > git for-each-ref --format=%(refname)%00%(upstream:short)%00%(objectname)%00%(upstream:track)%00%(upstream:remotename)%00%(upstream:remoteref) refs/heads/master refs/remotes/master [3ms]
2023-09-02 04:06:26.682 [info] > git show --textconv :backup [2ms]
2023-09-02 04:06:26.682 [info] > git status -z -uall [10ms]
