2023-10-02 17:59:45.847 [info] Log level: Info
2023-10-02 17:59:45.847 [info] Validating found git in: "git"
2023-10-02 17:59:45.847 [info] Using git "2.42.0" from "git"
2023-10-02 17:59:46.935 [info] > git rev-parse --show-toplevel [1126ms]
2023-10-02 17:59:46.935 [info] fatal: not a git repository (or any parent up to mount point /home/owl)
Stopping at filesystem boundary (GIT_DISCOVERY_ACROSS_FILESYSTEM not set).
2023-10-02 17:59:47.953 [info] > git rev-parse --show-toplevel [986ms]
2023-10-02 17:59:47.953 [info] fatal: not a git repository (or any parent up to mount point /home/owl)
Stopping at filesystem boundary (GIT_DISCOVERY_ACROSS_FILESYSTEM not set).
2023-10-02 17:59:48.773 [info] > git rev-parse --show-toplevel [810ms]
2023-10-02 17:59:48.773 [info] fatal: not a git repository (or any parent up to mount point /home/owl)
Stopping at filesystem boundary (GIT_DISCOVERY_ACROSS_FILESYSTEM not set).
2023-10-02 17:59:49.387 [info] > git rev-parse --show-toplevel [601ms]
2023-10-02 17:59:49.387 [info] fatal: not a git repository (or any parent up to mount point /home/owl)
Stopping at filesystem boundary (GIT_DISCOVERY_ACROSS_FILESYSTEM not set).
2023-10-02 17:59:50.002 [info] > git rev-parse --show-toplevel [603ms]
2023-10-02 17:59:50.002 [info] fatal: not a git repository (or any parent up to mount point /home/owl)
Stopping at filesystem boundary (GIT_DISCOVERY_ACROSS_FILESYSTEM not set).
2023-10-02 17:59:50.616 [info] > git rev-parse --show-toplevel [601ms]
2023-10-02 17:59:50.616 [info] fatal: not a git repository (or any parent up to mount point /home/owl)
Stopping at filesystem boundary (GIT_DISCOVERY_ACROSS_FILESYSTEM not set).
2023-10-02 17:59:51.232 [info] > git rev-parse --show-toplevel [604ms]
2023-10-02 17:59:51.232 [info] fatal: not a git repository (or any parent up to mount point /home/owl)
Stopping at filesystem boundary (GIT_DISCOVERY_ACROSS_FILESYSTEM not set).
2023-10-02 18:03:21.766 [info] > git rev-parse --show-toplevel [264ms]
2023-10-02 18:03:21.766 [info] fatal: not a git repository (or any parent up to mount point /home/owl)
Stopping at filesystem boundary (GIT_DISCOVERY_ACROSS_FILESYSTEM not set).
2023-10-02 18:03:47.266 [info] > git rev-parse --show-toplevel [305ms]
2023-10-02 18:03:47.266 [info] fatal: not a git repository (or any parent up to mount point /home/owl)
Stopping at filesystem boundary (GIT_DISCOVERY_ACROSS_FILESYSTEM not set).
2023-10-02 18:03:59.348 [info] > git rev-parse --show-toplevel [319ms]
2023-10-02 18:03:59.348 [info] fatal: not a git repository (or any parent up to mount point /home/owl)
Stopping at filesystem boundary (GIT_DISCOVERY_ACROSS_FILESYSTEM not set).
2023-10-02 18:04:19.009 [info] > git rev-parse --show-toplevel [283ms]
2023-10-02 18:04:19.009 [info] fatal: not a git repository (or any parent up to mount point /home/owl)
Stopping at filesystem boundary (GIT_DISCOVERY_ACROSS_FILESYSTEM not set).
2023-10-02 18:04:57.204 [info] > git rev-parse --show-toplevel [310ms]
2023-10-02 18:04:57.204 [info] fatal: not a git repository (or any parent up to mount point /home/owl)
Stopping at filesystem boundary (GIT_DISCOVERY_ACROSS_FILESYSTEM not set).
