2023-09-05 02:16:05.036 [info] Log level: Info
2023-09-05 02:16:05.036 [info] Validating found git in: "git"
2023-09-05 02:16:05.036 [info] Using git "2.42.0" from "git"
2023-09-05 02:16:05.736 [info] > git rev-parse --show-toplevel [704ms]
2023-09-05 02:16:05.737 [info] fatal: not a git repository (or any parent up to mount point /home/owl)
Stopping at filesystem boundary (GIT_DISCOVERY_ACROSS_FILESYSTEM not set).
2023-09-05 02:16:05.743 [info] > git rev-parse --show-toplevel [1ms]
2023-09-05 02:16:05.743 [info] fatal: not a git repository (or any of the parent directories): .git
2023-09-05 02:16:06.635 [info] > git rev-parse --show-toplevel [826ms]
2023-09-05 02:16:06.635 [info] fatal: detected dubious ownership in repository at '/home/owl/server/frontend'
To add an exception for this directory, call:

	git config --global --add safe.directory /home/owl/server/frontend
2023-09-05 02:16:07.069 [info] > git rev-parse --show-toplevel [427ms]
2023-09-05 02:16:07.069 [info] fatal: not a git repository (or any parent up to mount point /home/owl)
Stopping at filesystem boundary (GIT_DISCOVERY_ACROSS_FILESYSTEM not set).
2023-09-05 02:16:07.291 [info] > git rev-parse --show-toplevel [216ms]
2023-09-05 02:16:07.291 [info] fatal: detected dubious ownership in repository at '/home/owl/server/frontend'
To add an exception for this directory, call:

	git config --global --add safe.directory /home/owl/server/frontend
2023-09-05 02:16:07.724 [info] > git rev-parse --show-toplevel [425ms]
2023-09-05 02:16:07.724 [info] fatal: not a git repository (or any parent up to mount point /home/owl)
Stopping at filesystem boundary (GIT_DISCOVERY_ACROSS_FILESYSTEM not set).
2023-09-05 02:16:08.170 [info] > git rev-parse --show-toplevel [436ms]
2023-09-05 02:16:08.170 [info] fatal: not a git repository (or any parent up to mount point /home/owl)
Stopping at filesystem boundary (GIT_DISCOVERY_ACROSS_FILESYSTEM not set).
2023-09-05 02:17:25.233 [info] > git rev-parse --show-toplevel [1485ms]
2023-09-05 02:17:25.233 [info] fatal: detected dubious ownership in repository at '/home/owl/server/frontend'
To add an exception for this directory, call:

	git config --global --add safe.directory /home/owl/server/frontend
2023-09-05 02:17:25.670 [info] > git rev-parse --show-toplevel [428ms]
2023-09-05 02:17:25.670 [info] fatal: detected dubious ownership in repository at '/home/owl/server/frontend'
To add an exception for this directory, call:

	git config --global --add safe.directory /home/owl/server/frontend
2023-09-05 02:17:26.374 [info] > git rev-parse --show-toplevel [698ms]
2023-09-05 02:17:26.374 [info] fatal: detected dubious ownership in repository at '/home/owl/server/frontend'
To add an exception for this directory, call:

	git config --global --add safe.directory /home/owl/server/frontend
2023-09-05 02:17:26.807 [info] > git rev-parse --show-toplevel [426ms]
2023-09-05 02:17:26.807 [info] fatal: detected dubious ownership in repository at '/home/owl/server/frontend'
To add an exception for this directory, call:

	git config --global --add safe.directory /home/owl/server/frontend
2023-09-05 02:17:27.242 [info] > git rev-parse --show-toplevel [428ms]
2023-09-05 02:17:27.242 [info] fatal: detected dubious ownership in repository at '/home/owl/server/frontend'
To add an exception for this directory, call:

	git config --global --add safe.directory /home/owl/server/frontend
2023-09-05 02:17:27.252 [info] > git rev-parse --show-toplevel [1ms]
2023-09-05 02:17:27.252 [info] fatal: not a git repository (or any of the parent directories): .git
