2023-09-02 15:20:07.521 [info] Log level: Info
2023-09-02 15:20:07.521 [info] Validating found git in: "git"
2023-09-02 15:20:07.521 [info] Using git "2.42.0" from "git"
2023-09-02 15:20:07.521 [info] > git rev-parse --show-toplevel [1ms]
2023-09-02 15:20:07.521 [info] > git rev-parse --git-dir --git-common-dir [2ms]
2023-09-02 15:20:07.521 [info] Open repository: /home/owl/config-files
2023-09-02 15:20:07.538 [info] > git config --get commit.template [9ms]
2023-09-02 15:20:07.556 [info] > git for-each-ref --format=%(refname)%00%(upstream:short)%00%(objectname)%00%(upstream:track)%00%(upstream:remotename)%00%(upstream:remoteref) refs/heads/master refs/remotes/master [7ms]
2023-09-02 15:20:07.566 [info] > git rev-parse --show-toplevel [12ms]
2023-09-02 15:20:07.574 [info] > git status -z -uall [10ms]
2023-09-02 15:20:07.585 [info] > git config --get commit.template [1ms]
2023-09-02 15:20:07.592 [info] > git for-each-ref --format=%(refname)%00%(upstream:short)%00%(objectname)%00%(upstream:track)%00%(upstream:remotename)%00%(upstream:remoteref) refs/heads/master refs/remotes/master [1ms]
2023-09-02 15:20:07.609 [info] > git status -z -uall [12ms]
2023-09-02 15:20:07.936 [info] > git show --textconv :post [9ms]
2023-09-02 15:20:07.938 [info] > git ls-files --stage -- /home/owl/config-files/post [3ms]
2023-09-02 15:20:07.945 [info] > git cat-file -s 85b7505431973b0f760a384186ad5db33486de10 [2ms]
2023-09-02 15:20:08.046 [info] > git check-ignore -v -z --stdin [1ms]
2023-09-02 15:20:12.830 [info] > git show --textconv :backup [7ms]
2023-09-02 15:20:12.832 [info] > git ls-files --stage -- /home/owl/config-files/backup [3ms]
2023-09-02 15:20:12.840 [info] > git cat-file -s 00d7fe4d278c4e470ec8365a4694cd82020497d2 [0ms]
2023-09-02 15:20:16.628 [info] > git show --textconv :restore [7ms]
2023-09-02 15:20:16.629 [info] > git ls-files --stage -- /home/owl/config-files/restore [2ms]
2023-09-02 15:20:16.636 [info] > git cat-file -s 097894f89c11e78706506229e47af0e60ea90565 [1ms]
2023-09-02 15:20:46.950 [info] > git config --get commit.template [1ms]
2023-09-02 15:20:46.960 [info] > git for-each-ref --format=%(refname)%00%(upstream:short)%00%(objectname)%00%(upstream:track)%00%(upstream:remotename)%00%(upstream:remoteref) refs/heads/master refs/remotes/master [1ms]
2023-09-02 15:20:46.980 [info] > git status -z -uall [10ms]
2023-09-02 15:32:23.131 [info] > git config --get commit.template [2ms]
2023-09-02 15:32:23.148 [info] > git ls-files --stage -- /home/owl/config-files/backup [6ms]
2023-09-02 15:32:23.153 [info] > git ls-files --stage -- /home/owl/config-files/post [15ms]
2023-09-02 15:32:23.164 [info] > git cat-file -s f689760881a901fd627acd6b5bfa4cfd466e065c [6ms]
2023-09-02 15:32:23.165 [info] > git cat-file -s 00d7fe4d278c4e470ec8365a4694cd82020497d2 [13ms]
2023-09-02 15:32:23.165 [info] > git ls-files --stage -- /home/owl/config-files/restore [18ms]
2023-09-02 15:32:23.170 [info] > git for-each-ref --format=%(refname)%00%(upstream:short)%00%(objectname)%00%(upstream:track)%00%(upstream:remotename)%00%(upstream:remoteref) refs/heads/master refs/remotes/master [6ms]
2023-09-02 15:32:23.185 [info] > git status -z -uall [11ms]
2023-09-02 15:32:23.185 [info] > git show --textconv :post [6ms]
2023-09-02 15:32:23.187 [info] > git cat-file -s 097894f89c11e78706506229e47af0e60ea90565 [18ms]
2023-09-02 15:32:23.188 [info] > git show --textconv :backup [4ms]
2023-09-02 15:32:23.198 [info] > git show --textconv :restore [2ms]
