2023-09-02 00:18:39.815 [info] Extension host with pid 71402 started
2023-09-02 00:18:39.853 [info] ExtensionService#_doActivateExtension vscode.emmet, startup: false, activationEvent: 'onLanguage'
2023-09-02 00:18:39.874 [info] ExtensionService#_doActivateExtension vscode.git-base, startup: true, activationEvent: '*', root cause: vscode.git
2023-09-02 00:18:39.880 [info] ExtensionService#_doActivateExtension vscode.git, startup: true, activationEvent: '*'
2023-09-02 00:18:39.898 [info] ExtensionService#_doActivateExtension vscode.github, startup: true, activationEvent: '*'
2023-09-02 00:18:39.931 [info] Eager extensions activated
2023-09-02 00:18:39.950 [info] ExtensionService#_doActivateExtension vscode.debug-auto-launch, startup: false, activationEvent: 'onStartupFinished'
2023-09-02 00:18:39.952 [info] ExtensionService#_doActivateExtension vscode.merge-conflict, startup: false, activationEvent: 'onStartupFinished'
2023-09-02 00:18:55.335 [info] Extension host terminating: renderer closed the MessagePort
2023-09-02 00:18:55.342 [info] Extension host with pid 71402 exiting with code 0
2023-09-02 00:18:56.028 [info] Extension host with pid 71632 started
2023-09-02 00:18:56.028 [info] Skipping acquiring lock for /home/owl/.config/Code - OSS/User/workspaceStorage/83bd03d646827734c203b213262f88dc.
2023-09-02 00:18:56.053 [info] ExtensionService#_doActivateExtension vscode.git-base, startup: true, activationEvent: '*'
2023-09-02 00:18:56.060 [info] ExtensionService#_doActivateExtension vscode.github, startup: true, activationEvent: '*'
2023-09-02 00:18:56.066 [info] Eager extensions activated
2023-09-02 00:18:56.069 [info] ExtensionService#_doActivateExtension vscode.debug-auto-launch, startup: false, activationEvent: 'onStartupFinished'
2023-09-02 00:18:56.071 [info] ExtensionService#_doActivateExtension vscode.merge-conflict, startup: false, activationEvent: 'onStartupFinished'
2023-09-02 00:19:02.253 [info] ExtensionService#_doActivateExtension vscode.git, startup: false, activationEvent: 'api', root cause: vscode.github
2023-09-02 00:19:02.658 [warning] [Decorations] CAPPING events from decorations provider vscode.git 384
2023-09-02 00:19:02.682 [info] ExtensionService#_doActivateExtension vscode.github-authentication, startup: false, activationEvent: 'onAuthenticationRequest:github'
2023-09-02 00:19:03.017 [warning] [Decorations] CAPPING events from decorations provider vscode.git 384
2023-09-02 00:19:11.089 [info] ExtensionService#_doActivateExtension vscode.emmet, startup: false, activationEvent: 'onLanguage'
2023-09-02 00:19:46.766 [warning] [Decorations] CAPPING events from decorations provider vscode.git 385
2023-09-02 00:19:57.409 [warning] [Decorations] CAPPING events from decorations provider vscode.git 385
2023-09-02 00:20:29.416 [info] ExtensionService#_doActivateExtension vscode.json-language-features, startup: false, activationEvent: 'onLanguage:jsonc'
2023-09-02 00:20:29.443 [info] ExtensionService#_doActivateExtension vscode.typescript-language-features, startup: false, activationEvent: 'onLanguage:jsonc'
2023-09-02 00:20:30.806 [warning] [Decorations] CAPPING events from decorations provider vscode.git 1446
2023-09-02 00:21:10.455 [warning] [Decorations] CAPPING events from decorations provider vscode.git 2028
2023-09-02 00:24:34.233 [warning] [Decorations] CAPPING events from decorations provider vscode.git 2028
2023-09-02 00:30:28.097 [warning] [Decorations] CAPPING events from decorations provider vscode.git 2028
2023-09-02 00:32:24.578 [warning] [Decorations] CAPPING events from decorations provider vscode.git 2028
2023-09-02 00:32:34.411 [warning] [Decorations] CAPPING events from decorations provider vscode.git 2028
2023-09-02 00:36:48.105 [warning] [Decorations] CAPPING events from decorations provider vscode.git 2028
2023-09-02 00:37:10.111 [warning] [Decorations] CAPPING events from decorations provider vscode.git 2028
