2023-10-02 18:13:16.613 [info] Log level: Info
2023-10-02 18:13:16.613 [info] Validating found git in: "git"
2023-10-02 18:13:16.613 [info] Using git "2.42.0" from "git"
2023-10-02 18:13:16.613 [info] > git rev-parse --show-toplevel [5ms]
2023-10-02 18:13:16.613 [info] > git rev-parse --git-dir --git-common-dir [10ms]
2023-10-02 18:13:16.613 [info] Open repository: /home/owl/config-files
2023-10-02 18:13:16.627 [info] > git config --get commit.template [5ms]
2023-10-02 18:13:16.644 [info] > git rev-parse --show-toplevel [1ms]
2023-10-02 18:13:16.644 [info] > git for-each-ref --format=%(refname)%00%(upstream:short)%00%(objectname)%00%(upstream:track)%00%(upstream:remotename)%00%(upstream:remoteref) refs/heads/master refs/remotes/master [9ms]
2023-10-02 18:13:16.827 [info] > git status -z -uall [175ms]
2023-10-02 18:13:16.842 [info] > git config --get commit.template [1ms]
2023-10-02 18:13:16.864 [info] > git for-each-ref --format=%(refname)%00%(upstream:short)%00%(objectname)%00%(upstream:track)%00%(upstream:remotename)%00%(upstream:remoteref) refs/heads/master refs/remotes/master [15ms]
2023-10-02 18:13:16.909 [info] > git status -z -uall [38ms]
2023-10-02 18:13:17.165 [info] > git check-ignore -v -z --stdin [3ms]
2023-10-02 18:13:17.239 [info] > git show --textconv :backup [10ms]
2023-10-02 18:13:17.240 [info] > git ls-files --stage -- /home/owl/config-files/backup [4ms]
2023-10-02 18:13:17.249 [info] > git cat-file -s a68e15e9154c5a29c1c130a81bcbb8ba8de1d38c [2ms]
2023-10-02 18:13:51.821 [info] > git show --textconv :restore [9ms]
2023-10-02 18:13:51.822 [info] > git ls-files --stage -- /home/owl/config-files/restore [3ms]
2023-10-02 18:13:51.828 [info] > git cat-file -s 8b1dfcd84abedd08460ccf70e5df028debdab1bd [1ms]
2023-10-02 18:14:22.973 [info] > git check-ignore -v -z --stdin [4ms]
2023-10-02 18:14:23.548 [info] > git config --get commit.template [1ms]
2023-10-02 18:14:23.561 [info] > git for-each-ref --format=%(refname)%00%(upstream:short)%00%(objectname)%00%(upstream:track)%00%(upstream:remotename)%00%(upstream:remoteref) refs/heads/master refs/remotes/master [1ms]
2023-10-02 18:14:23.603 [info] > git status -z -uall [34ms]
2023-10-02 18:14:31.892 [info] > git show --textconv :eww/eww.sh [9ms]
2023-10-02 18:14:31.893 [info] > git ls-files --stage -- /home/owl/config-files/eww/eww.sh [2ms]
2023-10-02 18:14:32.166 [info] > git check-ignore -v -z --stdin [2ms]
2023-10-02 18:14:32.732 [info] > git config --get commit.template [5ms]
2023-10-02 18:14:32.742 [info] > git for-each-ref --format=%(refname)%00%(upstream:short)%00%(objectname)%00%(upstream:track)%00%(upstream:remotename)%00%(upstream:remoteref) refs/heads/master refs/remotes/master [1ms]
2023-10-02 18:14:32.784 [info] > git status -z -uall [34ms]
2023-10-02 18:16:32.281 [info] > git config --get commit.template [1ms]
2023-10-02 18:16:32.292 [info] > git for-each-ref --format=%(refname)%00%(upstream:short)%00%(objectname)%00%(upstream:track)%00%(upstream:remotename)%00%(upstream:remoteref) refs/heads/master refs/remotes/master [1ms]
2023-10-02 18:16:32.335 [info] > git status -z -uall [34ms]
2023-10-02 18:16:49.472 [info] > git config --get commit.template [1ms]
2023-10-02 18:16:49.484 [info] > git for-each-ref --format=%(refname)%00%(upstream:short)%00%(objectname)%00%(upstream:track)%00%(upstream:remotename)%00%(upstream:remoteref) refs/heads/master refs/remotes/master [0ms]
2023-10-02 18:16:49.526 [info] > git status -z -uall [34ms]
2023-10-02 18:17:36.011 [info] > git config --get commit.template [1ms]
2023-10-02 18:17:36.021 [info] > git for-each-ref --format=%(refname)%00%(upstream:short)%00%(objectname)%00%(upstream:track)%00%(upstream:remotename)%00%(upstream:remoteref) refs/heads/master refs/remotes/master [1ms]
2023-10-02 18:17:36.064 [info] > git status -z -uall [33ms]
2023-10-02 18:18:10.140 [info] > git config --get commit.template [1ms]
2023-10-02 18:18:10.150 [info] > git for-each-ref --format=%(refname)%00%(upstream:short)%00%(objectname)%00%(upstream:track)%00%(upstream:remotename)%00%(upstream:remoteref) refs/heads/master refs/remotes/master [1ms]
2023-10-02 18:18:10.193 [info] > git status -z -uall [35ms]
2023-10-02 18:18:15.211 [info] > git config --get commit.template [1ms]
2023-10-02 18:18:15.221 [info] > git for-each-ref --format=%(refname)%00%(upstream:short)%00%(objectname)%00%(upstream:track)%00%(upstream:remotename)%00%(upstream:remoteref) refs/heads/master refs/remotes/master [1ms]
2023-10-02 18:18:15.263 [info] > git status -z -uall [34ms]
2023-10-02 18:18:21.038 [info] > git config --get commit.template [1ms]
2023-10-02 18:18:21.047 [info] > git for-each-ref --format=%(refname)%00%(upstream:short)%00%(objectname)%00%(upstream:track)%00%(upstream:remotename)%00%(upstream:remoteref) refs/heads/master refs/remotes/master [1ms]
2023-10-02 18:18:21.090 [info] > git status -z -uall [34ms]
2023-10-02 18:18:35.772 [info] > git config --get commit.template [1ms]
2023-10-02 18:18:35.784 [info] > git for-each-ref --format=%(refname)%00%(upstream:short)%00%(objectname)%00%(upstream:track)%00%(upstream:remotename)%00%(upstream:remoteref) refs/heads/master refs/remotes/master [1ms]
2023-10-02 18:18:35.825 [info] > git status -z -uall [33ms]
2023-10-02 18:18:41.182 [info] > git config --get commit.template [1ms]
2023-10-02 18:18:41.190 [info] > git for-each-ref --format=%(refname)%00%(upstream:short)%00%(objectname)%00%(upstream:track)%00%(upstream:remotename)%00%(upstream:remoteref) refs/heads/master refs/remotes/master [1ms]
2023-10-02 18:18:41.234 [info] > git status -z -uall [34ms]
2023-10-02 18:18:51.549 [info] > git config --get commit.template [6ms]
2023-10-02 18:18:51.549 [info] > git for-each-ref --format=%(refname)%00%(upstream:short)%00%(objectname)%00%(upstream:track)%00%(upstream:remotename)%00%(upstream:remoteref) refs/heads/master refs/remotes/master [1ms]
2023-10-02 18:18:51.588 [info] > git status -z -uall [35ms]
2023-10-02 18:18:56.609 [info] > git config --get commit.template [6ms]
2023-10-02 18:18:56.610 [info] > git for-each-ref --format=%(refname)%00%(upstream:short)%00%(objectname)%00%(upstream:track)%00%(upstream:remotename)%00%(upstream:remoteref) refs/heads/master refs/remotes/master [1ms]
2023-10-02 18:18:56.650 [info] > git status -z -uall [35ms]
2023-10-02 18:19:01.675 [info] > git config --get commit.template [6ms]
2023-10-02 18:19:01.675 [info] > git for-each-ref --format=%(refname)%00%(upstream:short)%00%(objectname)%00%(upstream:track)%00%(upstream:remotename)%00%(upstream:remoteref) refs/heads/master refs/remotes/master [1ms]
2023-10-02 18:19:01.721 [info] > git status -z -uall [35ms]
2023-10-02 18:21:06.508 [info] > git config --get commit.template [1ms]
2023-10-02 18:21:06.517 [info] > git for-each-ref --format=%(refname)%00%(upstream:short)%00%(objectname)%00%(upstream:track)%00%(upstream:remotename)%00%(upstream:remoteref) refs/heads/master refs/remotes/master [1ms]
2023-10-02 18:21:06.560 [info] > git status -z -uall [34ms]
2023-10-02 18:21:12.292 [info] > git config --get commit.template [8ms]
2023-10-02 18:21:12.292 [info] > git for-each-ref --format=%(refname)%00%(upstream:short)%00%(objectname)%00%(upstream:track)%00%(upstream:remotename)%00%(upstream:remoteref) refs/heads/master refs/remotes/master [1ms]
2023-10-02 18:21:12.334 [info] > git status -z -uall [37ms]
2023-10-02 18:21:34.338 [info] > git config --get commit.template [1ms]
2023-10-02 18:21:34.350 [info] > git for-each-ref --format=%(refname)%00%(upstream:short)%00%(objectname)%00%(upstream:track)%00%(upstream:remotename)%00%(upstream:remoteref) refs/heads/master refs/remotes/master [1ms]
2023-10-02 18:21:34.393 [info] > git status -z -uall [34ms]
2023-10-02 18:21:35.773 [info] > git show --textconv :menu [11ms]
2023-10-02 18:21:35.775 [info] > git ls-files --stage -- /home/owl/config-files/menu [3ms]
2023-10-02 18:21:35.784 [info] > git cat-file -s 5290502ecb0a42041ff728535b9db28cd24eae33 [1ms]
2023-10-02 18:22:10.327 [info] > git config --get commit.template [1ms]
2023-10-02 18:22:10.337 [info] > git for-each-ref --format=%(refname)%00%(upstream:short)%00%(objectname)%00%(upstream:track)%00%(upstream:remotename)%00%(upstream:remoteref) refs/heads/master refs/remotes/master [1ms]
2023-10-02 18:22:10.379 [info] > git status -z -uall [33ms]
2023-10-02 18:22:38.487 [info] > git config --get commit.template [1ms]
2023-10-02 18:22:38.497 [info] > git for-each-ref --format=%(refname)%00%(upstream:short)%00%(objectname)%00%(upstream:track)%00%(upstream:remotename)%00%(upstream:remoteref) refs/heads/master refs/remotes/master [1ms]
2023-10-02 18:22:38.539 [info] > git status -z -uall [34ms]
2023-10-02 18:22:43.556 [info] > git config --get commit.template [1ms]
2023-10-02 18:22:43.566 [info] > git for-each-ref --format=%(refname)%00%(upstream:short)%00%(objectname)%00%(upstream:track)%00%(upstream:remotename)%00%(upstream:remoteref) refs/heads/master refs/remotes/master [1ms]
2023-10-02 18:22:43.608 [info] > git status -z -uall [33ms]
2023-10-02 18:23:13.191 [info] > git config --get commit.template [1ms]
2023-10-02 18:23:13.201 [info] > git for-each-ref --format=%(refname)%00%(upstream:short)%00%(objectname)%00%(upstream:track)%00%(upstream:remotename)%00%(upstream:remoteref) refs/heads/master refs/remotes/master [1ms]
2023-10-02 18:23:13.246 [info] > git status -z -uall [34ms]
2023-10-02 18:23:41.821 [info] > git config --get commit.template [1ms]
2023-10-02 18:23:41.830 [info] > git for-each-ref --format=%(refname)%00%(upstream:short)%00%(objectname)%00%(upstream:track)%00%(upstream:remotename)%00%(upstream:remoteref) refs/heads/master refs/remotes/master [1ms]
2023-10-02 18:23:41.872 [info] > git status -z -uall [34ms]
2023-10-02 18:23:51.334 [info] > git config --get commit.template [1ms]
2023-10-02 18:23:51.343 [info] > git for-each-ref --format=%(refname)%00%(upstream:short)%00%(objectname)%00%(upstream:track)%00%(upstream:remotename)%00%(upstream:remoteref) refs/heads/master refs/remotes/master [1ms]
2023-10-02 18:23:51.386 [info] > git status -z -uall [34ms]
2023-10-02 18:23:57.764 [info] > git config --get commit.template [1ms]
2023-10-02 18:23:57.774 [info] > git for-each-ref --format=%(refname)%00%(upstream:short)%00%(objectname)%00%(upstream:track)%00%(upstream:remotename)%00%(upstream:remoteref) refs/heads/master refs/remotes/master [1ms]
2023-10-02 18:23:57.817 [info] > git status -z -uall [34ms]
2023-10-02 18:24:32.327 [info] > git config --get commit.template [1ms]
2023-10-02 18:24:32.336 [info] > git for-each-ref --format=%(refname)%00%(upstream:short)%00%(objectname)%00%(upstream:track)%00%(upstream:remotename)%00%(upstream:remoteref) refs/heads/master refs/remotes/master [2ms]
2023-10-02 18:24:32.378 [info] > git status -z -uall [34ms]
2023-10-02 18:27:05.830 [info] > git config --get commit.template [1ms]
2023-10-02 18:27:05.843 [info] > git for-each-ref --format=%(refname)%00%(upstream:short)%00%(objectname)%00%(upstream:track)%00%(upstream:remotename)%00%(upstream:remoteref) refs/heads/master refs/remotes/master [2ms]
2023-10-02 18:27:05.889 [info] > git status -z -uall [36ms]
2023-10-02 18:27:11.498 [info] > git config --get commit.template [0ms]
2023-10-02 18:27:11.507 [info] > git for-each-ref --format=%(refname)%00%(upstream:short)%00%(objectname)%00%(upstream:track)%00%(upstream:remotename)%00%(upstream:remoteref) refs/heads/master refs/remotes/master [1ms]
2023-10-02 18:27:11.549 [info] > git status -z -uall [34ms]
2023-10-02 18:27:21.650 [info] > git config --get commit.template [8ms]
2023-10-02 18:27:21.650 [info] > git for-each-ref --format=%(refname)%00%(upstream:short)%00%(objectname)%00%(upstream:track)%00%(upstream:remotename)%00%(upstream:remoteref) refs/heads/master refs/remotes/master [1ms]
2023-10-02 18:27:21.691 [info] > git status -z -uall [35ms]
2023-10-02 18:27:26.707 [info] > git config --get commit.template [1ms]
2023-10-02 18:27:26.719 [info] > git for-each-ref --format=%(refname)%00%(upstream:short)%00%(objectname)%00%(upstream:track)%00%(upstream:remotename)%00%(upstream:remoteref) refs/heads/master refs/remotes/master [0ms]
2023-10-02 18:27:26.762 [info] > git status -z -uall [35ms]
2023-10-02 18:27:31.778 [info] > git config --get commit.template [2ms]
2023-10-02 18:27:31.790 [info] > git for-each-ref --format=%(refname)%00%(upstream:short)%00%(objectname)%00%(upstream:track)%00%(upstream:remotename)%00%(upstream:remoteref) refs/heads/master refs/remotes/master [1ms]
2023-10-02 18:27:31.836 [info] > git status -z -uall [34ms]
2023-10-02 18:28:15.826 [info] > git config --get commit.template [6ms]
2023-10-02 18:28:15.826 [info] > git for-each-ref --format=%(refname)%00%(upstream:short)%00%(objectname)%00%(upstream:track)%00%(upstream:remotename)%00%(upstream:remoteref) refs/heads/master refs/remotes/master [1ms]
2023-10-02 18:28:15.867 [info] > git status -z -uall [35ms]
2023-10-02 18:28:15.910 [info] > git check-ignore -v -z --stdin [2ms]
2023-10-02 18:28:20.216 [info] > git show --textconv :eww/eww [9ms]
2023-10-02 18:28:20.217 [info] > git ls-files --stage -- /home/owl/config-files/eww/eww [2ms]
2023-10-02 18:28:20.889 [info] > git config --get commit.template [7ms]
2023-10-02 18:28:20.889 [info] > git for-each-ref --format=%(refname)%00%(upstream:short)%00%(objectname)%00%(upstream:track)%00%(upstream:remotename)%00%(upstream:remoteref) refs/heads/master refs/remotes/master [1ms]
2023-10-02 18:28:20.930 [info] > git status -z -uall [35ms]
2023-10-02 18:28:49.417 [info] > git config --get commit.template [8ms]
2023-10-02 18:28:49.417 [info] > git for-each-ref --format=%(refname)%00%(upstream:short)%00%(objectname)%00%(upstream:track)%00%(upstream:remotename)%00%(upstream:remoteref) refs/heads/master refs/remotes/master [1ms]
2023-10-02 18:28:49.458 [info] > git status -z -uall [35ms]
2023-10-02 18:29:58.114 [info] > git show --textconv :manage [10ms]
2023-10-02 18:29:58.115 [info] > git ls-files --stage -- /home/owl/config-files/manage [2ms]
2023-10-02 18:29:58.382 [info] > git check-ignore -v -z --stdin [2ms]
2023-10-02 18:29:58.918 [info] > git config --get commit.template [2ms]
2023-10-02 18:29:58.928 [info] > git for-each-ref --format=%(refname)%00%(upstream:short)%00%(objectname)%00%(upstream:track)%00%(upstream:remotename)%00%(upstream:remoteref) refs/heads/master refs/remotes/master [1ms]
2023-10-02 18:29:58.971 [info] > git status -z -uall [34ms]
2023-10-02 18:30:10.392 [info] > git check-ignore -v -z --stdin [2ms]
2023-10-02 18:30:10.958 [info] > git config --get commit.template [1ms]
2023-10-02 18:30:10.970 [info] > git for-each-ref --format=%(refname)%00%(upstream:short)%00%(objectname)%00%(upstream:track)%00%(upstream:remotename)%00%(upstream:remoteref) refs/heads/master refs/remotes/master [1ms]
2023-10-02 18:30:11.013 [info] > git status -z -uall [33ms]
2023-10-02 18:30:12.494 [info] > git show --textconv :post [9ms]
2023-10-02 18:30:12.496 [info] > git ls-files --stage -- /home/owl/config-files/post [2ms]
2023-10-02 18:30:12.506 [info] > git cat-file -s 51cba70505ff823b0448899196edf6919c881157 [1ms]
2023-10-02 18:30:27.154 [info] > git show --textconv :system/post [8ms]
2023-10-02 18:30:27.156 [info] > git ls-files --stage -- /home/owl/config-files/system/post [2ms]
2023-10-02 18:30:27.492 [info] > git check-ignore -v -z --stdin [3ms]
2023-10-02 18:30:28.074 [info] > git config --get commit.template [2ms]
2023-10-02 18:30:28.083 [info] > git for-each-ref --format=%(refname)%00%(upstream:short)%00%(objectname)%00%(upstream:track)%00%(upstream:remotename)%00%(upstream:remoteref) refs/heads/master refs/remotes/master [1ms]
2023-10-02 18:30:28.128 [info] > git status -z -uall [35ms]
2023-10-02 18:30:33.976 [info] > git show --textconv :backup copy [10ms]
2023-10-02 18:30:33.978 [info] > git ls-files --stage -- /home/owl/config-files/backup copy [3ms]
2023-10-02 18:30:34.223 [info] > git check-ignore -v -z --stdin [3ms]
2023-10-02 18:30:34.792 [info] > git config --get commit.template [1ms]
2023-10-02 18:30:34.802 [info] > git for-each-ref --format=%(refname)%00%(upstream:short)%00%(objectname)%00%(upstream:track)%00%(upstream:remotename)%00%(upstream:remoteref) refs/heads/master refs/remotes/master [1ms]
2023-10-02 18:30:34.846 [info] > git status -z -uall [35ms]
2023-10-02 18:30:41.634 [info] > git config --get commit.template [1ms]
2023-10-02 18:30:41.645 [info] > git for-each-ref --format=%(refname)%00%(upstream:short)%00%(objectname)%00%(upstream:track)%00%(upstream:remotename)%00%(upstream:remoteref) refs/heads/master refs/remotes/master [1ms]
2023-10-02 18:30:41.690 [info] > git status -z -uall [37ms]
2023-10-02 18:30:45.242 [info] > git show --textconv :system/backup [8ms]
2023-10-02 18:30:45.243 [info] > git ls-files --stage -- /home/owl/config-files/system/backup [2ms]
2023-10-02 18:30:45.511 [info] > git check-ignore -v -z --stdin [2ms]
2023-10-02 18:30:46.707 [info] > git config --get commit.template [1ms]
2023-10-02 18:30:46.717 [info] > git for-each-ref --format=%(refname)%00%(upstream:short)%00%(objectname)%00%(upstream:track)%00%(upstream:remotename)%00%(upstream:remoteref) refs/heads/master refs/remotes/master [1ms]
2023-10-02 18:30:46.759 [info] > git status -z -uall [34ms]
2023-10-02 18:31:22.349 [info] > git config --get commit.template [1ms]
2023-10-02 18:31:22.358 [info] > git for-each-ref --format=%(refname)%00%(upstream:short)%00%(objectname)%00%(upstream:track)%00%(upstream:remotename)%00%(upstream:remoteref) refs/heads/master refs/remotes/master [1ms]
2023-10-02 18:31:22.400 [info] > git status -z -uall [34ms]
2023-10-02 18:31:31.276 [info] > git config --get commit.template [2ms]
2023-10-02 18:31:31.288 [info] > git for-each-ref --format=%(refname)%00%(upstream:short)%00%(objectname)%00%(upstream:track)%00%(upstream:remotename)%00%(upstream:remoteref) refs/heads/master refs/remotes/master [1ms]
2023-10-02 18:31:31.332 [info] > git status -z -uall [35ms]
2023-10-02 18:31:41.233 [info] > git config --get commit.template [1ms]
2023-10-02 18:31:41.244 [info] > git for-each-ref --format=%(refname)%00%(upstream:short)%00%(objectname)%00%(upstream:track)%00%(upstream:remotename)%00%(upstream:remoteref) refs/heads/master refs/remotes/master [2ms]
2023-10-02 18:31:41.288 [info] > git status -z -uall [35ms]
2023-10-02 18:31:46.310 [info] > git config --get commit.template [10ms]
2023-10-02 18:31:46.310 [info] > git for-each-ref --format=%(refname)%00%(upstream:short)%00%(objectname)%00%(upstream:track)%00%(upstream:remotename)%00%(upstream:remoteref) refs/heads/master refs/remotes/master [1ms]
2023-10-02 18:31:46.354 [info] > git status -z -uall [34ms]
2023-10-02 18:32:18.728 [info] > git config --get commit.template [1ms]
2023-10-02 18:32:18.737 [info] > git for-each-ref --format=%(refname)%00%(upstream:short)%00%(objectname)%00%(upstream:track)%00%(upstream:remotename)%00%(upstream:remoteref) refs/heads/master refs/remotes/master [1ms]
2023-10-02 18:32:18.779 [info] > git status -z -uall [34ms]
2023-10-02 18:33:44.441 [info] > git config --get commit.template [1ms]
2023-10-02 18:33:44.453 [info] > git for-each-ref --format=%(refname)%00%(upstream:short)%00%(objectname)%00%(upstream:track)%00%(upstream:remotename)%00%(upstream:remoteref) refs/heads/master refs/remotes/master [1ms]
2023-10-02 18:33:44.495 [info] > git status -z -uall [34ms]
2023-10-02 18:33:57.088 [info] > git for-each-ref --format=%(refname)%00%(upstream:short)%00%(objectname)%00%(upstream:track)%00%(upstream:remotename)%00%(upstream:remoteref) refs/heads/master refs/remotes/master [2ms]
2023-10-02 18:33:57.088 [info] > git config --get commit.template [11ms]
2023-10-02 18:33:57.131 [info] > git status -z -uall [34ms]
2023-10-02 18:34:11.268 [info] > git config --get commit.template [1ms]
2023-10-02 18:34:11.277 [info] > git for-each-ref --format=%(refname)%00%(upstream:short)%00%(objectname)%00%(upstream:track)%00%(upstream:remotename)%00%(upstream:remoteref) refs/heads/master refs/remotes/master [1ms]
2023-10-02 18:34:11.319 [info] > git status -z -uall [33ms]
2023-10-02 18:34:33.810 [info] > git config --get commit.template [1ms]
2023-10-02 18:34:33.821 [info] > git for-each-ref --format=%(refname)%00%(upstream:short)%00%(objectname)%00%(upstream:track)%00%(upstream:remotename)%00%(upstream:remoteref) refs/heads/master refs/remotes/master [1ms]
2023-10-02 18:34:33.865 [info] > git status -z -uall [36ms]
2023-10-02 18:40:51.804 [info] > git config --get commit.template [1ms]
2023-10-02 18:40:51.814 [info] > git for-each-ref --format=%(refname)%00%(upstream:short)%00%(objectname)%00%(upstream:track)%00%(upstream:remotename)%00%(upstream:remoteref) refs/heads/master refs/remotes/master [1ms]
2023-10-02 18:40:51.855 [info] > git status -z -uall [36ms]
2023-10-02 18:41:33.999 [info] > git show --textconv :system/restore [12ms]
2023-10-02 18:41:34.001 [info] > git ls-files --stage -- /home/owl/config-files/system/restore [2ms]
2023-10-02 18:42:00.589 [info] > git config --get commit.template [7ms]
2023-10-02 18:42:00.589 [info] > git for-each-ref --format=%(refname)%00%(upstream:short)%00%(objectname)%00%(upstream:track)%00%(upstream:remotename)%00%(upstream:remoteref) refs/heads/master refs/remotes/master [1ms]
2023-10-02 18:42:00.627 [info] > git status -z -uall [34ms]
2023-10-02 18:44:26.842 [info] > git config --get commit.template [2ms]
2023-10-02 18:44:26.851 [info] > git for-each-ref --format=%(refname)%00%(upstream:short)%00%(objectname)%00%(upstream:track)%00%(upstream:remotename)%00%(upstream:remoteref) refs/heads/master refs/remotes/master [1ms]
2023-10-02 18:44:26.899 [info] > git status -z -uall [36ms]
2023-10-02 18:44:48.325 [info] > git config --get commit.template [2ms]
2023-10-02 18:44:48.335 [info] > git for-each-ref --format=%(refname)%00%(upstream:short)%00%(objectname)%00%(upstream:track)%00%(upstream:remotename)%00%(upstream:remoteref) refs/heads/master refs/remotes/master [1ms]
2023-10-02 18:44:48.381 [info] > git status -z -uall [37ms]
2023-10-02 18:45:41.398 [info] > git config --get commit.template [1ms]
2023-10-02 18:45:41.408 [info] > git for-each-ref --format=%(refname)%00%(upstream:short)%00%(objectname)%00%(upstream:track)%00%(upstream:remotename)%00%(upstream:remoteref) refs/heads/master refs/remotes/master [1ms]
2023-10-02 18:45:41.452 [info] > git status -z -uall [35ms]
2023-10-02 18:46:14.516 [info] > git check-ignore -v -z --stdin [3ms]
2023-10-02 18:46:41.184 [info] > git config --get commit.template [1ms]
2023-10-02 18:46:41.193 [info] > git for-each-ref --format=%(refname)%00%(upstream:short)%00%(objectname)%00%(upstream:track)%00%(upstream:remotename)%00%(upstream:remoteref) refs/heads/master refs/remotes/master [1ms]
2023-10-02 18:46:41.235 [info] > git status -z -uall [34ms]
2023-10-02 18:47:25.477 [info] > git config --get commit.template [1ms]
2023-10-02 18:47:25.486 [info] > git for-each-ref --format=%(refname)%00%(upstream:short)%00%(objectname)%00%(upstream:track)%00%(upstream:remotename)%00%(upstream:remoteref) refs/heads/master refs/remotes/master [1ms]
2023-10-02 18:47:25.530 [info] > git status -z -uall [35ms]
2023-10-02 18:47:49.451 [info] > git config --get commit.template [1ms]
2023-10-02 18:47:49.460 [info] > git for-each-ref --format=%(refname)%00%(upstream:short)%00%(objectname)%00%(upstream:track)%00%(upstream:remotename)%00%(upstream:remoteref) refs/heads/master refs/remotes/master [1ms]
2023-10-02 18:47:49.498 [info] > git status -z -uall [34ms]
2023-10-02 18:48:29.687 [info] > git config --get commit.template [1ms]
2023-10-02 18:48:29.701 [info] > git for-each-ref --format=%(refname)%00%(upstream:short)%00%(objectname)%00%(upstream:track)%00%(upstream:remotename)%00%(upstream:remoteref) refs/heads/master refs/remotes/master [1ms]
2023-10-02 18:48:29.747 [info] > git status -z -uall [36ms]
2023-10-02 18:48:44.804 [info] > git config --get commit.template [1ms]
2023-10-02 18:48:44.813 [info] > git for-each-ref --format=%(refname)%00%(upstream:short)%00%(objectname)%00%(upstream:track)%00%(upstream:remotename)%00%(upstream:remoteref) refs/heads/master refs/remotes/master [1ms]
2023-10-02 18:48:44.858 [info] > git status -z -uall [36ms]
2023-10-02 18:48:51.531 [info] > git config --get commit.template [1ms]
2023-10-02 18:48:51.540 [info] > git for-each-ref --format=%(refname)%00%(upstream:short)%00%(objectname)%00%(upstream:track)%00%(upstream:remotename)%00%(upstream:remoteref) refs/heads/master refs/remotes/master [1ms]
2023-10-02 18:48:51.583 [info] > git status -z -uall [34ms]
2023-10-02 18:49:11.094 [info] > git config --get commit.template [1ms]
2023-10-02 18:49:11.107 [info] > git for-each-ref --format=%(refname)%00%(upstream:short)%00%(objectname)%00%(upstream:track)%00%(upstream:remotename)%00%(upstream:remoteref) refs/heads/master refs/remotes/master [0ms]
2023-10-02 18:49:11.149 [info] > git status -z -uall [34ms]
2023-10-02 18:49:47.542 [info] > git config --get commit.template [2ms]
2023-10-02 18:49:47.553 [info] > git for-each-ref --format=%(refname)%00%(upstream:short)%00%(objectname)%00%(upstream:track)%00%(upstream:remotename)%00%(upstream:remoteref) refs/heads/master refs/remotes/master [1ms]
2023-10-02 18:49:47.596 [info] > git status -z -uall [36ms]
2023-10-02 18:50:35.435 [info] > git config --get commit.template [6ms]
2023-10-02 18:50:35.435 [info] > git for-each-ref --format=%(refname)%00%(upstream:short)%00%(objectname)%00%(upstream:track)%00%(upstream:remotename)%00%(upstream:remoteref) refs/heads/master refs/remotes/master [0ms]
2023-10-02 18:50:35.480 [info] > git status -z -uall [36ms]
2023-10-02 18:51:02.734 [info] > git config --get commit.template [1ms]
2023-10-02 18:51:02.744 [info] > git for-each-ref --format=%(refname)%00%(upstream:short)%00%(objectname)%00%(upstream:track)%00%(upstream:remotename)%00%(upstream:remoteref) refs/heads/master refs/remotes/master [1ms]
2023-10-02 18:51:02.786 [info] > git status -z -uall [34ms]
2023-10-02 18:51:15.074 [info] > git check-ignore -v -z --stdin [2ms]
2023-10-02 18:51:51.567 [info] > git config --get commit.template [1ms]
2023-10-02 18:51:51.578 [info] > git for-each-ref --format=%(refname)%00%(upstream:short)%00%(objectname)%00%(upstream:track)%00%(upstream:remotename)%00%(upstream:remoteref) refs/heads/master refs/remotes/master [1ms]
2023-10-02 18:51:51.671 [info] > git status -z -uall [85ms] (cancelled)
2023-10-02 18:52:11.009 [info] > git config --get commit.template [1ms]
2023-10-02 18:52:11.022 [info] > git for-each-ref --format=%(refname)%00%(upstream:short)%00%(objectname)%00%(upstream:track)%00%(upstream:remotename)%00%(upstream:remoteref) refs/heads/master refs/remotes/master [1ms]
2023-10-02 18:52:12.079 [info] > git status -z -uall [1045ms] (cancelled)
2023-10-02 18:55:26.340 [info] > git show --textconv :menu [15ms]
2023-10-02 18:55:26.342 [info] > git ls-files --stage -- /home/owl/config-files/menu [5ms]
2023-10-02 18:55:26.357 [info] > git cat-file -s 5290502ecb0a42041ff728535b9db28cd24eae33 [2ms]
2023-10-02 18:55:29.832 [info] > git show --textconv :menu.sh [11ms]
2023-10-02 18:55:29.837 [info] > git ls-files --stage -- /home/owl/config-files/menu.sh [6ms]
2023-10-02 18:55:30.098 [info] > git check-ignore -v -z --stdin [2ms]
2023-10-02 18:59:44.544 [info] > git check-ignore -v -z --stdin [4ms]
2023-10-02 19:00:33.421 [info] > git check-ignore -v -z --stdin [5ms]
2023-10-02 19:12:15.715 [info] > git rev-parse --show-toplevel [2ms]
2023-10-02 19:12:15.715 [info] fatal: not a git repository (or any of the parent directories): .git
2023-10-02 19:15:21.597 [info] > git ls-files --stage -- /home/owl/config-files/system/backup [11ms]
2023-10-02 19:15:21.609 [info] > git ls-files --stage -- /home/owl/config-files/manage [35ms]
2023-10-02 19:15:21.619 [info] > git ls-files --stage -- /home/owl/config-files/eww/eww [57ms]
2023-10-02 19:15:21.628 [info] > git cat-file -s 857d37f167cd9699b9c2a89ce0363d2796ebccf3 [9ms]
2023-10-02 19:15:21.629 [info] > git cat-file -s 6a3b33eec8e8f9425f951126c24481fa02373800 [20ms]
2023-10-02 19:15:21.629 [info] > git ls-files --stage -- /home/owl/config-files/menu.sh [34ms]
2023-10-02 19:15:21.640 [info] > git cat-file -s b7151e79569503c54642315de130cf69527dc64f [13ms]
2023-10-02 19:15:21.661 [info] > git show --textconv :manage [10ms]
2023-10-02 19:15:21.662 [info] > git cat-file -s c528a100fe24d208891d768e8317a68e8ac999b8 [23ms]
2023-10-02 19:15:21.673 [info] > git show --textconv :system/backup [13ms]
2023-10-02 19:15:21.684 [info] > git show --textconv :eww/eww [12ms]
2023-10-02 19:15:21.687 [info] > git show --textconv :menu.sh [4ms]
2023-10-02 19:16:53.487 [info] > git ls-files --stage -- /home/owl/config-files/eww/eww [10ms]
2023-10-02 19:16:53.511 [info] > git ls-files --stage -- /home/owl/config-files/system/backup [8ms]
2023-10-02 19:16:53.519 [info] > git cat-file -s b7151e79569503c54642315de130cf69527dc64f [25ms]
2023-10-02 19:16:53.520 [info] > git ls-files --stage -- /home/owl/config-files/manage [32ms]
2023-10-02 19:16:53.527 [info] > git cat-file -s 6a3b33eec8e8f9425f951126c24481fa02373800 [9ms]
2023-10-02 19:16:53.527 [info] > git ls-files --stage -- /home/owl/config-files/menu.sh [17ms]
2023-10-02 19:16:53.541 [info] > git cat-file -s c528a100fe24d208891d768e8317a68e8ac999b8 [8ms]
2023-10-02 19:16:53.542 [info] > git cat-file -s 857d37f167cd9699b9c2a89ce0363d2796ebccf3 [16ms]
2023-10-02 19:16:53.548 [info] > git show --textconv :eww/eww [7ms]
2023-10-02 19:16:53.567 [info] > git show --textconv :system/backup [19ms]
2023-10-02 19:16:53.567 [info] > git show --textconv :menu.sh [9ms]
2023-10-02 19:16:53.570 [info] > git show --textconv :manage [4ms]
2023-10-02 19:18:10.562 [info] > git ls-files --stage -- /home/owl/config-files/eww/eww [13ms]
2023-10-02 19:18:10.595 [info] > git ls-files --stage -- /home/owl/config-files/system/backup [13ms]
2023-10-02 19:18:10.607 [info] > git cat-file -s b7151e79569503c54642315de130cf69527dc64f [34ms]
2023-10-02 19:18:10.607 [info] > git ls-files --stage -- /home/owl/config-files/manage [46ms]
2023-10-02 19:18:10.615 [info] > git cat-file -s 6a3b33eec8e8f9425f951126c24481fa02373800 [9ms]
2023-10-02 19:18:10.615 [info] > git ls-files --stage -- /home/owl/config-files/menu.sh [21ms]
2023-10-02 19:18:10.630 [info] > git cat-file -s 3a6e4fe8b5b840d465167dbd318e5d23bfebbf14 [7ms]
2023-10-02 19:18:10.630 [info] > git cat-file -s 857d37f167cd9699b9c2a89ce0363d2796ebccf3 [16ms]
2023-10-02 19:18:10.640 [info] > git show --textconv :eww/eww [11ms]
2023-10-02 19:18:10.648 [info] > git show --textconv :system/backup [9ms]
2023-10-02 19:18:10.657 [info] > git show --textconv :menu.sh [10ms]
2023-10-02 19:18:10.659 [info] > git show --textconv :manage [3ms]
2023-10-02 19:19:37.968 [info] > git ls-files --stage -- /home/owl/config-files/eww/eww [10ms]
2023-10-02 19:19:37.993 [info] > git ls-files --stage -- /home/owl/config-files/system/backup [10ms]
2023-10-02 19:19:38.000 [info] > git cat-file -s b7151e79569503c54642315de130cf69527dc64f [24ms]
2023-10-02 19:19:38.001 [info] > git ls-files --stage -- /home/owl/config-files/manage [34ms]
2023-10-02 19:19:38.009 [info] > git cat-file -s 6a3b33eec8e8f9425f951126c24481fa02373800 [9ms]
2023-10-02 19:19:38.009 [info] > git ls-files --stage -- /home/owl/config-files/menu.sh [17ms]
2023-10-02 19:19:38.022 [info] > git cat-file -s e7e0b039f53eed927a05aebdd4870d49f227d3c7 [7ms]
2023-10-02 19:19:38.023 [info] > git cat-file -s 857d37f167cd9699b9c2a89ce0363d2796ebccf3 [15ms]
2023-10-02 19:19:38.031 [info] > git show --textconv :eww/eww [10ms]
2023-10-02 19:19:38.047 [info] > git show --textconv :system/backup [16ms]
2023-10-02 19:19:38.047 [info] > git show --textconv :menu.sh [9ms]
2023-10-02 19:19:38.049 [info] > git show --textconv :manage [2ms]
2023-10-02 19:26:45.656 [info] > git rev-parse --show-toplevel [1ms]
2023-10-02 19:26:45.656 [info] fatal: not a git repository (or any of the parent directories): .git
