2023-11-05 12:35:26.083 [INFO]: No proxy settings found
2023-11-05 12:35:26.713 [INFO]: Creating manager directory: /tmp/56027ade-2680-469b-af13-181068723acc/codeium/manager
2023-11-05 12:35:26.997 [INFO]: Using cached LS with valid crc32: /home/owl/.vscode-oss/extensions/codeium.codeium-1.2.97-universal/dist/f3bda5b3eb4dc7c7904cb8e9a3156e9f25f1ebb9/language_server_linux_x64
2023-11-05 12:35:27.007 [INFO]: Language server started
2023-11-05 12:35:27.108 [INFO]: [Language Server (stderr)]:
I1105 12:35:27.107603 74150 main.go:452] Starting language server manager with pid 74150
I1105 12:35:27.107699 74150 main.go:106] Manager acquired its lock file /tmp/56027ade-2680-469b-af13-181068723acc/codeium/manager/locks/manager.lock
2023-11-05 12:35:27.110 [INFO]: [Language Server (stderr)]:
I1105 12:35:27.108629 74150 main.go:228] Waiting for random port file in /tmp/56027ade-2680-469b-af13-181068723acc/codeium/manager/child_random_port_1699209327107784759_3455031792699323146 to be created
2023-11-05 12:35:27.204 [INFO]: [Language Server (stderr)]:
I1105 12:35:27.203623 74176 main.go:446] Starting language server process with pid 74176
2023-11-05 12:35:27.204 [INFO]: [Language Server (stderr)]:
I1105 12:35:27.204448 74176 proxy.go:93] proxyplease.proxy> No proxy provided. Attempting to infer from system.
I1105 12:35:27.204473 74176 proxy.go:93] proxyplease.proxy> No proxy could be determined. Assuming a direct connection.
2023-11-05 12:35:27.204 [INFO]: [Language Server (stderr)]:
I1105 12:35:27.204504 74176 client.go:589] [DEBUG] GET https://server.codeium.com/exa.api_server_pb.ApiServerService/GetCompletions
2023-11-05 12:35:27.434 [INFO]: [Language Server (stderr)]:
I1105 12:35:27.433114 74176 api_server_client.go:115] Successfully dialed proxy
2023-11-05 12:35:27.434 [INFO]: [Language Server (stderr)]:
I1105 12:35:27.433322 74176 server.go:387] Successfully created API server client
I1105 12:35:27.433337 74176 api_server_client.go:115] Successfully dialed proxy
I1105 12:35:27.433442 74176 server.go:393] Successfully created API streaming client
2023-11-05 12:35:27.468 [INFO]: [Language Server (stderr)]:
I1105 12:35:27.467528 74176 server.go:402] Successfully initialized tokenizer
I1105 12:35:27.467583 74176 unleash.go:57] Initializing Unleash with production environment
2023-11-05 12:35:27.688 [INFO]: [Language Server (stderr)]:
I1105 12:35:27.687108 74176 unleash.go:71] Successfully initialized unleash
2023-11-05 12:35:27.715 [INFO]: [Language Server (stderr)]:
I1105 12:35:27.714866 74176 server.go:481] Successfully created completion provider
I1105 12:35:27.714888 74176 server.go:513] Child process attempting to acquire lock file /tmp/56027ade-2680-469b-af13-181068723acc/codeium/manager/locks/child_lock_1699209327107823312_7479419011487540633
I1105 12:35:27.714919 74176 server.go:523] Child process acquired lock file /tmp/56027ade-2680-469b-af13-181068723acc/codeium/manager/locks/child_lock_1699209327107823312_7479419011487540633
2023-11-05 12:35:27.715 [INFO]: [Language Server (stderr)]:
I1105 12:35:27.715256 74176 server.go:186] Language server will attempt to listen on host 127.0.0.1
I1105 12:35:27.715367 74176 server.go:230] Language server listening on random port at 34643
I1105 12:35:27.715376 74176 server.go:232] LSP listening on random port at 38235
2023-11-05 12:35:27.716 [INFO]: [Language Server (stderr)]:
I1105 12:35:27.715723 74176 web_server.go:147] Chat Web Server listening at ws://127.0.0.1:37977
2023-11-05 12:35:27.813 [INFO]: [Language Server (stdout)]:
38235
2023-11-05 12:35:27.821 [INFO]: [Language Server (stderr)]:
I1105 12:35:27.812396 74150 main.go:264] Language server manager found random server port 34643
I1105 12:35:27.812443 74150 main.go:265] Language server manager found random lsp port 38235
I1105 12:35:27.812470 74150 main.go:272] Language server manager attempting to connect to language server at 127.0.0.1:34643
2023-11-05 12:35:27.839 [INFO]: [Language Server (stderr)]:
I1105 12:35:27.838586 74150 main.go:143] Fixing language server port at 34643
I1105 12:35:27.838607 74150 main.go:323] Language server manager successfully connected to new language server at 127.0.0.1:34643
2023-11-05 12:35:27.913 [INFO]: Found language server running on port 34643
2023-11-05 12:35:27.936 [INFO]: Successfully logged in
2023-11-05 12:35:27.938 [INFO]: [Language Server (stderr)]:
E1105 12:35:27.932850 74176 lsp.go:402] Initialize: open /home/owl/config-files/backup_home/iwd: permission denied
2023-11-05 12:35:29.104 [INFO]: Disposing language server process
2023-11-05 12:35:29.104 [INFO]: Deleting manager directory: /tmp/56027ade-2680-469b-af13-181068723acc/codeium/manager
2023-11-05 12:35:29.106 [INFO]: Successfully disposed language server
