2023-09-20 12:21:59.619 [info] Extension host with pid 32903 started
2023-09-20 12:21:59.619 [info] Skipping acquiring lock for /home/owl/.config/Code - OSS/User/workspaceStorage/2b6dc2817ad94a88fa214ee13b010822.
2023-09-20 12:21:59.641 [info] ExtensionService#_doActivateExtension vscode.git-base, startup: true, activationEvent: '*', root cause: vscode.git
2023-09-20 12:21:59.647 [info] ExtensionService#_doActivateExtension vscode.git, startup: true, activationEvent: '*'
2023-09-20 12:21:59.661 [info] ExtensionService#_doActivateExtension vscode.github, startup: true, activationEvent: '*'
2023-09-20 12:21:59.675 [info] ExtensionService#_doActivateExtension vscode.npm, startup: true, activationEvent: 'workspaceContains:package.json'
2023-09-20 12:22:00.223 [info] ExtensionService#_doActivateExtension batisteo.vscode-django, startup: false, activationEvent: 'onLanguage:python'
2023-09-20 12:22:00.229 [info] ExtensionService#_doActivateExtension ms-python.python, startup: false, activationEvent: 'onLanguage:python'
2023-09-20 12:22:00.307 [info] ExtensionService#_doActivateExtension vscode.emmet, startup: false, activationEvent: 'onLanguage'
2023-09-20 12:22:01.805 [info] Eager extensions activated
2023-09-20 12:22:01.826 [info] ExtensionService#_doActivateExtension vscode.debug-auto-launch, startup: false, activationEvent: 'onStartupFinished'
2023-09-20 12:22:01.828 [info] ExtensionService#_doActivateExtension vscode.merge-conflict, startup: false, activationEvent: 'onStartupFinished'
2023-09-20 12:22:02.309 [error] Error: Extension 'ms-python.python' CANNOT use API proposal: testObserver.
Its package.json#enabledApiProposals-property declares:  but NOT testObserver.
 The missing proposal MUST be added and you must start in extension development mode or use the following command line switch: --enable-proposed-api ms-python.python
	at S (/usr/lib/code/out/vs/workbench/api/node/extensionHostProcess.js:100:67708)
	at get testResults [as testResults] (/usr/lib/code/out/vs/workbench/api/node/extensionHostProcess.js:120:23379)
	at w.activate (/home/owl/.vscode-oss/extensions/ms-python.python-2023.14.0-universal/out/client/extension.js:2:808237)
	at /home/owl/.vscode-oss/extensions/ms-python.python-2023.14.0-universal/out/client/extension.js:2:2386
	at Array.map (<anonymous>)
	at g.activateWorkspace (/home/owl/.vscode-oss/extensions/ms-python.python-2023.14.0-universal/out/client/extension.js:2:2376)
