2023-09-07 00:38:37.841 [info] Initial editor state {"filesToOpenOrCreate":[{"fileUri":{"$mid":1,"path":"/etc/libvirt/qemu/win10.xml","scheme":"file"},"type":1,"exists":true,"options":{}}],"filesToDiff":[],"filesToMerge":[]}
2023-09-07 00:38:38.103 [error] Error: Unable to read file '/etc/libvirt/qemu/win10.xml' (NoPermissions (FileSystemError): An unknown error occurred. Please consult the log for more details.)
    at o.w (vscode-file://vscode-app/usr/lib/code/out/vs/workbench/workbench.desktop.main.js:627:16409)
    at Object.error (vscode-file://vscode-app/usr/lib/code/out/vs/workbench/workbench.desktop.main.js:627:16576)
    at Object.onError (vscode-file://vscode-app/usr/lib/code/out/vs/workbench/workbench.desktop.main.js:69:21153)
    at vscode-file://vscode-app/usr/lib/code/out/vs/workbench/workbench.desktop.main.js:69:20332
    at vscode-file://vscode-app/usr/lib/code/out/vs/workbench/workbench.desktop.main.js:69:18843
    at Array.forEach (<anonymous>)
    at k.h (vscode-file://vscode-app/usr/lib/code/out/vs/workbench/workbench.desktop.main.js:69:18832)
    at k.error (vscode-file://vscode-app/usr/lib/code/out/vs/workbench/workbench.desktop.main.js:69:18587)
    at r.value (vscode-file://vscode-app/usr/lib/code/out/vs/workbench/workbench.desktop.main.js:621:28524)
    at u.w (vscode-file://vscode-app/usr/lib/code/out/vs/workbench/workbench.desktop.main.js:69:1902)
    at u.fire (vscode-file://vscode-app/usr/lib/code/out/vs/workbench/workbench.desktop.main.js:69:2119)
    at Q (vscode-file://vscode-app/usr/lib/code/out/vs/workbench/workbench.desktop.main.js:596:710)
    at D.t (vscode-file://vscode-app/usr/lib/code/out/vs/workbench/workbench.desktop.main.js:596:1498)
    at D.s (vscode-file://vscode-app/usr/lib/code/out/vs/workbench/workbench.desktop.main.js:596:1392)
    at r.value (vscode-file://vscode-app/usr/lib/code/out/vs/workbench/workbench.desktop.main.js:595:1310)
    at u.w (vscode-file://vscode-app/usr/lib/code/out/vs/workbench/workbench.desktop.main.js:69:1902)
    at u.x (vscode-file://vscode-app/usr/lib/code/out/vs/workbench/workbench.desktop.main.js:69:1972)
    at u.fire (vscode-file://vscode-app/usr/lib/code/out/vs/workbench/workbench.desktop.main.js:69:2188)
    at Function.le (vscode-file://vscode-app/usr/lib/code/out/vs/workbench/workbench.desktop.main.js:67:47209)
2023-09-07 00:38:38.148 [error] Extension 'ms-python.python CANNOT USE these API proposals 'contribEditorContentMenu, quickPickSortByLabel, envShellEvent, testObserver, quickPickItemTooltip, envCollectionWorkspace, saveEditor, envCollectionOptions'. You MUST start in extension development mode or use the --enable-proposed-api command line flag
2023-09-07 00:38:38.158 [warning] [Vue.volar]: Cannot register 'typescript.tsdk'. This property is already registered.
2023-09-07 00:38:38.181 [error] [ms-python.python]: editor/content is a proposed menu identifier. It requires 'package.json#enabledApiProposals: ["contribEditorContentMenu"]' and is only available when running out of dev or with the following command line switch: --enable-proposed-api ms-python.python
2023-09-07 00:38:38.292 [error] [File Watcher (node.js)] Failed to watch /etc/libvirt/qemu/win10.xml for changes using fs.watch() (Error: EACCES: permission denied, watch '/etc/libvirt/qemu/win10.xml')
2023-09-07 00:38:42.602 [error] Error: Unable to read file '/etc/libvirt/qemu/win10.xml' (NoPermissions (FileSystemError): An unknown error occurred. Please consult the log for more details.)
    at o.w (vscode-file://vscode-app/usr/lib/code/out/vs/workbench/workbench.desktop.main.js:627:16409)
    at Object.error (vscode-file://vscode-app/usr/lib/code/out/vs/workbench/workbench.desktop.main.js:627:16576)
    at Object.onError (vscode-file://vscode-app/usr/lib/code/out/vs/workbench/workbench.desktop.main.js:69:21153)
    at vscode-file://vscode-app/usr/lib/code/out/vs/workbench/workbench.desktop.main.js:69:20332
    at vscode-file://vscode-app/usr/lib/code/out/vs/workbench/workbench.desktop.main.js:69:18843
    at Array.forEach (<anonymous>)
    at k.h (vscode-file://vscode-app/usr/lib/code/out/vs/workbench/workbench.desktop.main.js:69:18832)
    at k.error (vscode-file://vscode-app/usr/lib/code/out/vs/workbench/workbench.desktop.main.js:69:18587)
    at r.value (vscode-file://vscode-app/usr/lib/code/out/vs/workbench/workbench.desktop.main.js:621:28524)
    at u.w (vscode-file://vscode-app/usr/lib/code/out/vs/workbench/workbench.desktop.main.js:69:1902)
    at u.fire (vscode-file://vscode-app/usr/lib/code/out/vs/workbench/workbench.desktop.main.js:69:2119)
    at Q (vscode-file://vscode-app/usr/lib/code/out/vs/workbench/workbench.desktop.main.js:596:710)
    at D.t (vscode-file://vscode-app/usr/lib/code/out/vs/workbench/workbench.desktop.main.js:596:1498)
    at D.s (vscode-file://vscode-app/usr/lib/code/out/vs/workbench/workbench.desktop.main.js:596:1392)
    at r.value (vscode-file://vscode-app/usr/lib/code/out/vs/workbench/workbench.desktop.main.js:595:1310)
    at u.w (vscode-file://vscode-app/usr/lib/code/out/vs/workbench/workbench.desktop.main.js:69:1902)
    at u.x (vscode-file://vscode-app/usr/lib/code/out/vs/workbench/workbench.desktop.main.js:69:1972)
    at u.fire (vscode-file://vscode-app/usr/lib/code/out/vs/workbench/workbench.desktop.main.js:69:2188)
    at Function.le (vscode-file://vscode-app/usr/lib/code/out/vs/workbench/workbench.desktop.main.js:67:47209)
2023-09-07 00:38:42.814 [info] [perf] Render performance baseline is 157ms
2023-09-07 00:38:53.843 [error] Error: Unable to read file '/etc/libvirt/qemu/win10.xml' (NoPermissions (FileSystemError): An unknown error occurred. Please consult the log for more details.)
    at o.w (vscode-file://vscode-app/usr/lib/code/out/vs/workbench/workbench.desktop.main.js:627:16409)
    at Object.error (vscode-file://vscode-app/usr/lib/code/out/vs/workbench/workbench.desktop.main.js:627:16576)
    at Object.onError (vscode-file://vscode-app/usr/lib/code/out/vs/workbench/workbench.desktop.main.js:69:21153)
    at vscode-file://vscode-app/usr/lib/code/out/vs/workbench/workbench.desktop.main.js:69:20332
    at vscode-file://vscode-app/usr/lib/code/out/vs/workbench/workbench.desktop.main.js:69:18843
    at Array.forEach (<anonymous>)
    at k.h (vscode-file://vscode-app/usr/lib/code/out/vs/workbench/workbench.desktop.main.js:69:18832)
    at k.error (vscode-file://vscode-app/usr/lib/code/out/vs/workbench/workbench.desktop.main.js:69:18587)
    at r.value (vscode-file://vscode-app/usr/lib/code/out/vs/workbench/workbench.desktop.main.js:621:28524)
    at u.w (vscode-file://vscode-app/usr/lib/code/out/vs/workbench/workbench.desktop.main.js:69:1902)
    at u.fire (vscode-file://vscode-app/usr/lib/code/out/vs/workbench/workbench.desktop.main.js:69:2119)
    at Q (vscode-file://vscode-app/usr/lib/code/out/vs/workbench/workbench.desktop.main.js:596:710)
    at D.t (vscode-file://vscode-app/usr/lib/code/out/vs/workbench/workbench.desktop.main.js:596:1498)
    at D.s (vscode-file://vscode-app/usr/lib/code/out/vs/workbench/workbench.desktop.main.js:596:1392)
    at r.value (vscode-file://vscode-app/usr/lib/code/out/vs/workbench/workbench.desktop.main.js:595:1310)
    at u.w (vscode-file://vscode-app/usr/lib/code/out/vs/workbench/workbench.desktop.main.js:69:1902)
    at u.x (vscode-file://vscode-app/usr/lib/code/out/vs/workbench/workbench.desktop.main.js:69:1972)
    at u.fire (vscode-file://vscode-app/usr/lib/code/out/vs/workbench/workbench.desktop.main.js:69:2188)
    at Function.le (vscode-file://vscode-app/usr/lib/code/out/vs/workbench/workbench.desktop.main.js:67:47209)
2023-09-07 00:38:57.077 [error] Error: Unable to read file '/etc/libvirt/qemu/win10.xml' (NoPermissions (FileSystemError): An unknown error occurred. Please consult the log for more details.)
    at o.w (vscode-file://vscode-app/usr/lib/code/out/vs/workbench/workbench.desktop.main.js:627:16409)
    at Object.error (vscode-file://vscode-app/usr/lib/code/out/vs/workbench/workbench.desktop.main.js:627:16576)
    at Object.onError (vscode-file://vscode-app/usr/lib/code/out/vs/workbench/workbench.desktop.main.js:69:21153)
    at vscode-file://vscode-app/usr/lib/code/out/vs/workbench/workbench.desktop.main.js:69:20332
    at vscode-file://vscode-app/usr/lib/code/out/vs/workbench/workbench.desktop.main.js:69:18843
    at Array.forEach (<anonymous>)
    at k.h (vscode-file://vscode-app/usr/lib/code/out/vs/workbench/workbench.desktop.main.js:69:18832)
    at k.error (vscode-file://vscode-app/usr/lib/code/out/vs/workbench/workbench.desktop.main.js:69:18587)
    at r.value (vscode-file://vscode-app/usr/lib/code/out/vs/workbench/workbench.desktop.main.js:621:28524)
    at u.w (vscode-file://vscode-app/usr/lib/code/out/vs/workbench/workbench.desktop.main.js:69:1902)
    at u.fire (vscode-file://vscode-app/usr/lib/code/out/vs/workbench/workbench.desktop.main.js:69:2119)
    at Q (vscode-file://vscode-app/usr/lib/code/out/vs/workbench/workbench.desktop.main.js:596:710)
    at D.t (vscode-file://vscode-app/usr/lib/code/out/vs/workbench/workbench.desktop.main.js:596:1498)
    at D.s (vscode-file://vscode-app/usr/lib/code/out/vs/workbench/workbench.desktop.main.js:596:1392)
    at r.value (vscode-file://vscode-app/usr/lib/code/out/vs/workbench/workbench.desktop.main.js:595:1310)
    at u.w (vscode-file://vscode-app/usr/lib/code/out/vs/workbench/workbench.desktop.main.js:69:1902)
    at u.x (vscode-file://vscode-app/usr/lib/code/out/vs/workbench/workbench.desktop.main.js:69:1972)
    at u.fire (vscode-file://vscode-app/usr/lib/code/out/vs/workbench/workbench.desktop.main.js:69:2188)
    at Function.le (vscode-file://vscode-app/usr/lib/code/out/vs/workbench/workbench.desktop.main.js:67:47209)
2023-09-07 00:39:06.996 [error] [ms-python.python]: editor/content is a proposed menu identifier. It requires 'package.json#enabledApiProposals: ["contribEditorContentMenu"]' and is only available when running out of dev or with the following command line switch: --enable-proposed-api ms-python.python
2023-09-07 00:39:09.974 [error] Error: Unable to read file '/etc/libvirt/qemu/win10.xml' (NoPermissions (FileSystemError): An unknown error occurred. Please consult the log for more details.)
    at o.w (vscode-file://vscode-app/usr/lib/code/out/vs/workbench/workbench.desktop.main.js:627:16409)
    at Object.error (vscode-file://vscode-app/usr/lib/code/out/vs/workbench/workbench.desktop.main.js:627:16576)
    at Object.onError (vscode-file://vscode-app/usr/lib/code/out/vs/workbench/workbench.desktop.main.js:69:21153)
    at vscode-file://vscode-app/usr/lib/code/out/vs/workbench/workbench.desktop.main.js:69:20332
    at vscode-file://vscode-app/usr/lib/code/out/vs/workbench/workbench.desktop.main.js:69:18843
    at Array.forEach (<anonymous>)
    at k.h (vscode-file://vscode-app/usr/lib/code/out/vs/workbench/workbench.desktop.main.js:69:18832)
    at k.error (vscode-file://vscode-app/usr/lib/code/out/vs/workbench/workbench.desktop.main.js:69:18587)
    at r.value (vscode-file://vscode-app/usr/lib/code/out/vs/workbench/workbench.desktop.main.js:621:28524)
    at u.w (vscode-file://vscode-app/usr/lib/code/out/vs/workbench/workbench.desktop.main.js:69:1902)
    at u.fire (vscode-file://vscode-app/usr/lib/code/out/vs/workbench/workbench.desktop.main.js:69:2119)
    at Q (vscode-file://vscode-app/usr/lib/code/out/vs/workbench/workbench.desktop.main.js:596:710)
    at D.t (vscode-file://vscode-app/usr/lib/code/out/vs/workbench/workbench.desktop.main.js:596:1498)
    at D.s (vscode-file://vscode-app/usr/lib/code/out/vs/workbench/workbench.desktop.main.js:596:1392)
    at r.value (vscode-file://vscode-app/usr/lib/code/out/vs/workbench/workbench.desktop.main.js:595:1310)
    at u.w (vscode-file://vscode-app/usr/lib/code/out/vs/workbench/workbench.desktop.main.js:69:1902)
    at u.x (vscode-file://vscode-app/usr/lib/code/out/vs/workbench/workbench.desktop.main.js:69:1972)
    at u.fire (vscode-file://vscode-app/usr/lib/code/out/vs/workbench/workbench.desktop.main.js:69:2188)
    at Function.le (vscode-file://vscode-app/usr/lib/code/out/vs/workbench/workbench.desktop.main.js:67:47209)
2023-09-07 00:39:09.989 [error] [File Watcher (node.js)] Failed to watch /etc/libvirt/qemu/win10.xml for changes using fs.watch() (Error: EACCES: permission denied, watch '/etc/libvirt/qemu/win10.xml')
