2023-11-03 16:46:14.325 [info] Log level: Info
2023-11-03 16:46:14.325 [info] Validating found git in: "git"
2023-11-03 16:46:14.325 [info] Using git "2.42.0" from "git"
2023-11-03 16:46:15.076 [info] > git rev-parse --show-toplevel [755ms]
2023-11-03 16:46:15.076 [info] fatal: detected dubious ownership in repository at '/home/owl/interact'
To add an exception for this directory, call:

	git config --global --add safe.directory /home/owl/interact
2023-11-03 16:46:15.634 [info] > git rev-parse --show-toplevel [413ms]
2023-11-03 16:46:15.634 [info] fatal: detected dubious ownership in repository at '/home/owl/interact'
To add an exception for this directory, call:

	git config --global --add safe.directory /home/owl/interact
2023-11-03 16:46:15.749 [info] > git rev-parse --show-toplevel [103ms]
2023-11-03 16:46:15.749 [info] fatal: detected dubious ownership in repository at '/home/owl/interact'
To add an exception for this directory, call:

	git config --global --add safe.directory /home/owl/interact
2023-11-03 16:46:15.969 [info] > git rev-parse --show-toplevel [204ms]
2023-11-03 16:46:15.969 [info] fatal: detected dubious ownership in repository at '/home/owl/interact'
To add an exception for this directory, call:

	git config --global --add safe.directory /home/owl/interact
2023-11-03 16:46:16.181 [info] > git rev-parse --show-toplevel [204ms]
2023-11-03 16:46:16.181 [info] fatal: detected dubious ownership in repository at '/home/owl/interact'
To add an exception for this directory, call:

	git config --global --add safe.directory /home/owl/interact
2023-11-03 16:46:16.393 [info] > git rev-parse --show-toplevel [205ms]
2023-11-03 16:46:16.393 [info] fatal: detected dubious ownership in repository at '/home/owl/interact'
To add an exception for this directory, call:

	git config --global --add safe.directory /home/owl/interact
2023-11-03 16:46:16.609 [info] > git rev-parse --show-toplevel [207ms]
2023-11-03 16:46:16.609 [info] fatal: detected dubious ownership in repository at '/home/owl/interact'
To add an exception for this directory, call:

	git config --global --add safe.directory /home/owl/interact
2023-11-03 16:46:16.865 [info] > git rev-parse --show-toplevel [245ms]
2023-11-03 16:46:16.865 [info] fatal: detected dubious ownership in repository at '/home/owl/interact'
To add an exception for this directory, call:

	git config --global --add safe.directory /home/owl/interact
2023-11-03 16:46:54.144 [info] > git rev-parse --show-toplevel [678ms]
2023-11-03 16:46:54.144 [info] fatal: detected dubious ownership in repository at '/home/owl/interact'
To add an exception for this directory, call:

	git config --global --add safe.directory /home/owl/interact
2023-11-03 16:47:39.883 [info] > git rev-parse --show-toplevel [505ms]
2023-11-03 16:47:39.883 [info] fatal: detected dubious ownership in repository at '/home/owl/interact'
To add an exception for this directory, call:

	git config --global --add safe.directory /home/owl/interact
2023-11-03 16:47:46.005 [info] > git rev-parse --show-toplevel [436ms]
2023-11-03 16:47:46.005 [info] fatal: detected dubious ownership in repository at '/home/owl/interact'
To add an exception for this directory, call:

	git config --global --add safe.directory /home/owl/interact
2023-11-03 16:49:02.863 [info] > git rev-parse --show-toplevel [616ms]
2023-11-03 16:49:02.864 [info] fatal: detected dubious ownership in repository at '/home/owl/interact'
To add an exception for this directory, call:

	git config --global --add safe.directory /home/owl/interact
2023-11-03 16:51:19.992 [info] > git rev-parse --show-toplevel [539ms]
2023-11-03 16:51:19.992 [info] fatal: detected dubious ownership in repository at '/home/owl/interact'
To add an exception for this directory, call:

	git config --global --add safe.directory /home/owl/interact
2023-11-03 16:54:21.841 [info] > git rev-parse --show-toplevel [1288ms]
2023-11-03 16:54:21.841 [info] fatal: detected dubious ownership in repository at '/home/owl/interact'
To add an exception for this directory, call:

	git config --global --add safe.directory /home/owl/interact
2023-11-03 16:54:42.166 [info] > git rev-parse --show-toplevel [650ms]
2023-11-03 16:54:42.166 [info] fatal: detected dubious ownership in repository at '/home/owl/interact'
To add an exception for this directory, call:

	git config --global --add safe.directory /home/owl/interact
2023-11-03 16:54:47.319 [info] > git rev-parse --show-toplevel [404ms]
2023-11-03 16:54:47.319 [info] fatal: detected dubious ownership in repository at '/home/owl/interact'
To add an exception for this directory, call:

	git config --global --add safe.directory /home/owl/interact
2023-11-03 16:54:53.162 [info] > git rev-parse --show-toplevel [503ms]
2023-11-03 16:54:53.162 [info] fatal: detected dubious ownership in repository at '/home/owl/interact'
To add an exception for this directory, call:

	git config --global --add safe.directory /home/owl/interact
2023-11-03 16:54:54.091 [info] > git rev-parse --show-toplevel [470ms]
2023-11-03 16:54:54.091 [info] fatal: detected dubious ownership in repository at '/home/owl/interact'
To add an exception for this directory, call:

	git config --global --add safe.directory /home/owl/interact
2023-11-03 16:57:13.709 [info] > git rev-parse --show-toplevel [555ms]
2023-11-03 16:57:13.709 [info] fatal: detected dubious ownership in repository at '/home/owl/interact'
To add an exception for this directory, call:

	git config --global --add safe.directory /home/owl/interact
2023-11-03 16:57:20.188 [info] > git rev-parse --show-toplevel [447ms]
2023-11-03 16:57:20.188 [info] fatal: detected dubious ownership in repository at '/home/owl/interact'
To add an exception for this directory, call:

	git config --global --add safe.directory /home/owl/interact
2023-11-03 16:57:30.099 [info] > git rev-parse --show-toplevel [540ms]
2023-11-03 16:57:30.099 [info] fatal: detected dubious ownership in repository at '/home/owl/interact'
To add an exception for this directory, call:

	git config --global --add safe.directory /home/owl/interact
2023-11-03 16:58:48.128 [info] > git rev-parse --show-toplevel [526ms]
2023-11-03 16:58:48.128 [info] fatal: detected dubious ownership in repository at '/home/owl/interact'
To add an exception for this directory, call:

	git config --global --add safe.directory /home/owl/interact
2023-11-03 16:59:03.932 [info] > git rev-parse --show-toplevel [401ms]
2023-11-03 16:59:03.932 [info] fatal: detected dubious ownership in repository at '/home/owl/interact'
To add an exception for this directory, call:

	git config --global --add safe.directory /home/owl/interact
2023-11-03 17:00:02.385 [info] > git rev-parse --show-toplevel [614ms]
2023-11-03 17:00:02.385 [info] fatal: detected dubious ownership in repository at '/home/owl/interact'
To add an exception for this directory, call:

	git config --global --add safe.directory /home/owl/interact
2023-11-03 17:01:11.378 [info] > git rev-parse --show-toplevel [524ms]
2023-11-03 17:01:11.378 [info] fatal: detected dubious ownership in repository at '/home/owl/interact'
To add an exception for this directory, call:

	git config --global --add safe.directory /home/owl/interact
2023-11-03 17:05:40.014 [info] > git rev-parse --show-toplevel [546ms]
2023-11-03 17:05:40.014 [info] fatal: detected dubious ownership in repository at '/home/owl/interact'
To add an exception for this directory, call:

	git config --global --add safe.directory /home/owl/interact
2023-11-03 17:05:46.195 [info] > git rev-parse --show-toplevel [486ms]
2023-11-03 17:05:46.195 [info] fatal: detected dubious ownership in repository at '/home/owl/interact'
To add an exception for this directory, call:

	git config --global --add safe.directory /home/owl/interact
