2023-09-01 23:23:17.476 [info] Extension host with pid 57685 started
2023-09-01 23:23:17.554 [info] ExtensionService#_doActivateExtension vscode.emmet, startup: false, activationEvent: 'onLanguage'
2023-09-01 23:23:17.602 [info] ExtensionService#_doActivateExtension vscode.git-base, startup: true, activationEvent: '*'
2023-09-01 23:23:17.635 [info] ExtensionService#_doActivateExtension vscode.github, startup: true, activationEvent: '*'
2023-09-01 23:23:17.672 [info] Eager extensions activated
2023-09-01 23:23:17.675 [info] ExtensionService#_doActivateExtension vscode.debug-auto-launch, startup: false, activationEvent: 'onStartupFinished'
2023-09-01 23:23:17.677 [info] ExtensionService#_doActivateExtension vscode.merge-conflict, startup: false, activationEvent: 'onStartupFinished'
2023-09-01 23:23:29.391 [info] ExtensionService#_doActivateExtension vscode.git, startup: false, activationEvent: 'api', root cause: vscode.github
2023-09-01 23:23:31.924 [info] Extension host terminating: renderer closed the MessagePort
2023-09-01 23:23:31.933 [info] Extension host with pid 57685 exiting with code 0
2023-09-01 23:23:32.228 [info] Extension host with pid 57749 started
2023-09-01 23:23:32.237 [info] ExtensionService#_doActivateExtension vscode.emmet, startup: false, activationEvent: 'onLanguage'
2023-09-01 23:23:32.250 [info] ExtensionService#_doActivateExtension vscode.git-base, startup: true, activationEvent: '*'
2023-09-01 23:23:32.252 [info] ExtensionService#_doActivateExtension vscode.github, startup: true, activationEvent: '*'
2023-09-01 23:23:32.256 [info] Eager extensions activated
2023-09-01 23:23:32.257 [info] ExtensionService#_doActivateExtension vscode.debug-auto-launch, startup: false, activationEvent: 'onStartupFinished'
2023-09-01 23:23:32.258 [info] ExtensionService#_doActivateExtension vscode.merge-conflict, startup: false, activationEvent: 'onStartupFinished'
2023-09-01 23:23:32.495 [info] ExtensionService#_doActivateExtension vscode.git, startup: false, activationEvent: 'api', root cause: vscode.github
2023-09-01 23:23:45.343 [info] ExtensionService#_doActivateExtension vscode.json-language-features, startup: false, activationEvent: 'onLanguage:jsonc'
2023-09-01 23:23:45.398 [info] ExtensionService#_doActivateExtension vscode.typescript-language-features, startup: false, activationEvent: 'onLanguage:jsonc'
2023-09-01 23:57:02.307 [info] Extension host terminating: renderer closed the MessagePort
2023-09-01 23:57:02.320 [info] Extension host with pid 57749 exiting with code 0
