2023-11-04 13:27:58.568 [info] Log level: Info
2023-11-04 13:27:58.568 [info] Validating found git in: "git"
2023-11-04 13:27:58.569 [info] Using git "2.42.0" from "git"
2023-11-04 13:27:59.592 [info] > git rev-parse --show-toplevel [1108ms]
2023-11-04 13:27:59.592 [info] fatal: not a git repository (or any parent up to mount point /home/owl)
Stopping at filesystem boundary (GIT_DISCOVERY_ACROSS_FILESYSTEM not set).
2023-11-04 13:28:00.127 [info] > git rev-parse --show-toplevel [498ms]
2023-11-04 13:28:00.127 [info] fatal: not a git repository (or any parent up to mount point /home/owl)
Stopping at filesystem boundary (GIT_DISCOVERY_ACROSS_FILESYSTEM not set).
2023-11-04 13:28:00.437 [info] > git rev-parse --show-toplevel [269ms]
2023-11-04 13:28:00.437 [info] fatal: not a git repository (or any parent up to mount point /home/owl)
Stopping at filesystem boundary (GIT_DISCOVERY_ACROSS_FILESYSTEM not set).
2023-11-04 13:28:00.654 [info] > git rev-parse --show-toplevel [206ms]
2023-11-04 13:28:00.654 [info] fatal: not a git repository (or any parent up to mount point /home/owl)
Stopping at filesystem boundary (GIT_DISCOVERY_ACROSS_FILESYSTEM not set).
2023-11-04 13:28:00.876 [info] > git rev-parse --show-toplevel [212ms]
2023-11-04 13:28:00.876 [info] fatal: not a git repository (or any parent up to mount point /home/owl)
Stopping at filesystem boundary (GIT_DISCOVERY_ACROSS_FILESYSTEM not set).
2023-11-04 13:28:00.991 [info] > git rev-parse --show-toplevel [102ms]
2023-11-04 13:28:00.991 [info] fatal: detected dubious ownership in repository at '/home/owl/vyda/frontend'
To add an exception for this directory, call:

	git config --global --add safe.directory /home/owl/vyda/frontend
2023-11-04 13:28:01.246 [info] > git rev-parse --show-toplevel [245ms]
2023-11-04 13:28:01.246 [info] fatal: not a git repository (or any parent up to mount point /home/owl)
Stopping at filesystem boundary (GIT_DISCOVERY_ACROSS_FILESYSTEM not set).
2023-11-04 13:28:01.638 [info] > git rev-parse --show-toplevel [352ms]
2023-11-04 13:28:01.638 [info] fatal: not a git repository (or any parent up to mount point /home/owl)
Stopping at filesystem boundary (GIT_DISCOVERY_ACROSS_FILESYSTEM not set).
2023-11-04 13:28:18.051 [info] > git rev-parse --show-toplevel [559ms]
2023-11-04 13:28:18.051 [info] fatal: not a git repository (or any parent up to mount point /home/owl)
Stopping at filesystem boundary (GIT_DISCOVERY_ACROSS_FILESYSTEM not set).
2023-11-04 13:28:26.122 [info] > git rev-parse --show-toplevel [461ms]
2023-11-04 13:28:26.122 [info] fatal: not a git repository (or any parent up to mount point /home/owl)
Stopping at filesystem boundary (GIT_DISCOVERY_ACROSS_FILESYSTEM not set).
2023-11-04 13:28:29.892 [info] > git rev-parse --show-toplevel [412ms]
2023-11-04 13:28:29.892 [info] fatal: not a git repository (or any parent up to mount point /home/owl)
Stopping at filesystem boundary (GIT_DISCOVERY_ACROSS_FILESYSTEM not set).
2023-11-04 13:28:30.681 [info] > git rev-parse --show-toplevel [561ms]
2023-11-04 13:28:30.681 [info] fatal: not a git repository (or any parent up to mount point /home/owl)
Stopping at filesystem boundary (GIT_DISCOVERY_ACROSS_FILESYSTEM not set).
2023-11-04 13:31:26.968 [info] > git rev-parse --show-toplevel [312ms]
2023-11-04 13:31:26.968 [info] fatal: not a git repository (or any parent up to mount point /home/owl)
Stopping at filesystem boundary (GIT_DISCOVERY_ACROSS_FILESYSTEM not set).
2023-11-04 13:31:40.588 [info] > git rev-parse --show-toplevel [336ms]
2023-11-04 13:31:40.589 [info] fatal: not a git repository (or any parent up to mount point /home/owl)
Stopping at filesystem boundary (GIT_DISCOVERY_ACROSS_FILESYSTEM not set).
