2023-09-05 00:59:14.700 [info] Log level: Info
2023-09-05 00:59:14.700 [info] Validating found git in: "git"
2023-09-05 00:59:14.700 [info] Using git "2.42.0" from "git"
2023-09-05 00:59:17.138 [info] > git rev-parse --show-toplevel [2444ms]
2023-09-05 00:59:17.138 [info] fatal: not a git repository (or any parent up to mount point /home/owl)
Stopping at filesystem boundary (GIT_DISCOVERY_ACROSS_FILESYSTEM not set).
2023-09-05 00:59:17.149 [info] > git rev-parse --show-toplevel [1ms]
2023-09-05 00:59:17.149 [info] fatal: not a git repository (or any of the parent directories): .git
2023-09-05 00:59:19.388 [info] > git rev-parse --show-toplevel [2227ms]
2023-09-05 00:59:19.388 [info] fatal: detected dubious ownership in repository at '/home/owl/server/frontend'
To add an exception for this directory, call:

	git config --global --add safe.directory /home/owl/server/frontend
2023-09-05 00:59:19.798 [info] > git rev-parse --show-toplevel [397ms]
2023-09-05 00:59:19.798 [info] fatal: not a git repository (or any parent up to mount point /home/owl)
Stopping at filesystem boundary (GIT_DISCOVERY_ACROSS_FILESYSTEM not set).
2023-09-05 00:59:20.412 [info] > git rev-parse --show-toplevel [603ms]
2023-09-05 00:59:20.412 [info] fatal: not a git repository (or any parent up to mount point /home/owl)
Stopping at filesystem boundary (GIT_DISCOVERY_ACROSS_FILESYSTEM not set).
2023-09-05 00:59:20.720 [info] > git rev-parse --show-toplevel [296ms]
2023-09-05 00:59:20.720 [info] fatal: detected dubious ownership in repository at '/home/owl/server/frontend'
To add an exception for this directory, call:

	git config --global --add safe.directory /home/owl/server/frontend
2023-09-05 00:59:21.334 [info] > git rev-parse --show-toplevel [603ms]
2023-09-05 00:59:21.334 [info] fatal: not a git repository (or any parent up to mount point /home/owl)
Stopping at filesystem boundary (GIT_DISCOVERY_ACROSS_FILESYSTEM not set).
2023-09-05 00:59:21.950 [info] > git rev-parse --show-toplevel [604ms]
2023-09-05 00:59:21.950 [info] fatal: not a git repository (or any parent up to mount point /home/owl)
Stopping at filesystem boundary (GIT_DISCOVERY_ACROSS_FILESYSTEM not set).
2023-09-05 01:24:18.881 [info] > git rev-parse --show-toplevel [1363ms]
2023-09-05 01:24:18.881 [info] fatal: detected dubious ownership in repository at '/home/owl/server/frontend'
To add an exception for this directory, call:

	git config --global --add safe.directory /home/owl/server/frontend
2023-09-05 01:24:19.319 [info] > git rev-parse --show-toplevel [424ms]
2023-09-05 01:24:19.319 [info] fatal: detected dubious ownership in repository at '/home/owl/server/frontend'
To add an exception for this directory, call:

	git config --global --add safe.directory /home/owl/server/frontend
2023-09-05 01:24:19.972 [info] > git rev-parse --show-toplevel [646ms]
2023-09-05 01:24:19.973 [info] fatal: detected dubious ownership in repository at '/home/owl/server/frontend'
To add an exception for this directory, call:

	git config --global --add safe.directory /home/owl/server/frontend
2023-09-05 01:24:20.404 [info] > git rev-parse --show-toplevel [422ms]
2023-09-05 01:24:20.404 [info] fatal: detected dubious ownership in repository at '/home/owl/server/frontend'
To add an exception for this directory, call:

	git config --global --add safe.directory /home/owl/server/frontend
2023-09-05 01:24:20.837 [info] > git rev-parse --show-toplevel [424ms]
2023-09-05 01:24:20.837 [info] fatal: detected dubious ownership in repository at '/home/owl/server/frontend'
To add an exception for this directory, call:

	git config --global --add safe.directory /home/owl/server/frontend
2023-09-05 01:24:20.848 [info] > git rev-parse --show-toplevel [0ms]
2023-09-05 01:24:20.848 [info] fatal: not a git repository (or any of the parent directories): .git
2023-09-05 01:24:21.278 [info] > git rev-parse --show-toplevel [425ms]
2023-09-05 01:24:21.278 [info] fatal: detected dubious ownership in repository at '/home/owl/server/frontend'
To add an exception for this directory, call:

	git config --global --add safe.directory /home/owl/server/frontend
2023-09-05 01:24:21.712 [info] > git rev-parse --show-toplevel [425ms]
2023-09-05 01:24:21.712 [info] fatal: detected dubious ownership in repository at '/home/owl/server/frontend'
To add an exception for this directory, call:

	git config --global --add safe.directory /home/owl/server/frontend
2023-09-05 01:24:22.358 [info] > git rev-parse --show-toplevel [638ms]
2023-09-05 01:24:22.359 [info] fatal: detected dubious ownership in repository at '/home/owl/server/frontend'
To add an exception for this directory, call:

	git config --global --add safe.directory /home/owl/server/frontend
2023-09-05 01:24:22.793 [info] > git rev-parse --show-toplevel [427ms]
2023-09-05 01:24:22.793 [info] fatal: detected dubious ownership in repository at '/home/owl/server/frontend'
To add an exception for this directory, call:

	git config --global --add safe.directory /home/owl/server/frontend
2023-09-05 01:24:23.233 [info] > git rev-parse --show-toplevel [430ms]
2023-09-05 01:24:23.233 [info] fatal: detected dubious ownership in repository at '/home/owl/server/frontend'
To add an exception for this directory, call:

	git config --global --add safe.directory /home/owl/server/frontend
2023-09-05 01:24:23.245 [info] > git rev-parse --show-toplevel [1ms]
2023-09-05 01:24:23.245 [info] fatal: not a git repository (or any of the parent directories): .git
