2023-11-05 13:54:01.833 [INFO]: No proxy settings found
2023-11-05 13:54:03.108 [INFO]: Creating manager directory: /tmp/b7226a6d-12fa-4361-95b9-7c556d66a63e/codeium/manager
2023-11-05 13:54:03.431 [INFO]: Using cached LS with valid crc32: /home/owl/.vscode-oss/extensions/codeium.codeium-1.2.97-universal/dist/f3bda5b3eb4dc7c7904cb8e9a3156e9f25f1ebb9/language_server_linux_x64
2023-11-05 13:54:03.440 [INFO]: Language server started
2023-11-05 13:54:03.544 [INFO]: [Language Server (stderr)]:
I1105 13:54:03.543868 85066 main.go:452] Starting language server manager with pid 85066
I1105 13:54:03.543975 85066 main.go:106] Manager acquired its lock file /tmp/b7226a6d-12fa-4361-95b9-7c556d66a63e/codeium/manager/locks/manager.lock
2023-11-05 13:54:03.545 [INFO]: [Language Server (stderr)]:
I1105 13:54:03.544336 85066 main.go:228] Waiting for random port file in /tmp/b7226a6d-12fa-4361-95b9-7c556d66a63e/codeium/manager/child_random_port_1699214043544040549_6558174333597126461 to be created
2023-11-05 13:54:03.660 [INFO]: [Language Server (stderr)]:
I1105 13:54:03.659430 85082 main.go:446] Starting language server process with pid 85082
2023-11-05 13:54:03.660 [INFO]: [Language Server (stderr)]:
I1105 13:54:03.660067 85082 proxy.go:93] proxyplease.proxy> No proxy provided. Attempting to infer from system.
I1105 13:54:03.660087 85082 proxy.go:93] proxyplease.proxy> No proxy could be determined. Assuming a direct connection.
I1105 13:54:03.660110 85082 client.go:589] [DEBUG] GET https://server.codeium.com/exa.api_server_pb.ApiServerService/GetCompletions
2023-11-05 13:54:03.889 [INFO]: [Language Server (stderr)]:
I1105 13:54:03.888524 85082 api_server_client.go:115] Successfully dialed proxy
2023-11-05 13:54:03.889 [INFO]: [Language Server (stderr)]:
I1105 13:54:03.888775 85082 server.go:387] Successfully created API server client
I1105 13:54:03.888790 85082 api_server_client.go:115] Successfully dialed proxy
I1105 13:54:03.888925 85082 server.go:393] Successfully created API streaming client
2023-11-05 13:54:03.914 [INFO]: [Language Server (stderr)]:
I1105 13:54:03.914214 85082 server.go:402] Successfully initialized tokenizer
I1105 13:54:03.914259 85082 unleash.go:57] Initializing Unleash with production environment
2023-11-05 13:54:04.130 [INFO]: [Language Server (stderr)]:
I1105 13:54:04.129998 85082 unleash.go:71] Successfully initialized unleash
2023-11-05 13:54:04.142 [INFO]: [Language Server (stderr)]:
I1105 13:54:04.141768 85082 server.go:481] Successfully created completion provider
I1105 13:54:04.141796 85082 server.go:513] Child process attempting to acquire lock file /tmp/b7226a6d-12fa-4361-95b9-7c556d66a63e/codeium/manager/locks/child_lock_1699214043544076798_6416526612144431570
I1105 13:54:04.141837 85082 server.go:523] Child process acquired lock file /tmp/b7226a6d-12fa-4361-95b9-7c556d66a63e/codeium/manager/locks/child_lock_1699214043544076798_6416526612144431570
2023-11-05 13:54:04.143 [INFO]: [Language Server (stderr)]:
I1105 13:54:04.142203 85082 server.go:186] Language server will attempt to listen on host 127.0.0.1
I1105 13:54:04.142311 85082 server.go:230] Language server listening on random port at 41543
I1105 13:54:04.142319 85082 server.go:232] LSP listening on random port at 41639
2023-11-05 13:54:04.147 [INFO]: [Language Server (stderr)]:
I1105 13:54:04.146609 85082 web_server.go:147] Chat Web Server listening at ws://127.0.0.1:43281
2023-11-05 13:54:04.148 [INFO]: [Language Server (stdout)]:
41639
2023-11-05 13:54:04.156 [INFO]: [Language Server (stderr)]:
I1105 13:54:04.147751 85066 main.go:264] Language server manager found random server port 41543
I1105 13:54:04.147768 85066 main.go:265] Language server manager found random lsp port 41639
I1105 13:54:04.147779 85066 main.go:272] Language server manager attempting to connect to language server at 127.0.0.1:41543
2023-11-05 13:54:04.174 [INFO]: [Language Server (stderr)]:
I1105 13:54:04.173331 85066 main.go:143] Fixing language server port at 41543
I1105 13:54:04.173354 85066 main.go:323] Language server manager successfully connected to new language server at 127.0.0.1:41543
2023-11-05 13:54:04.248 [INFO]: Found language server running on port 41543
2023-11-05 13:54:04.286 [INFO]: Successfully logged in
2023-11-05 14:00:21.429 [INFO]: Completion request was cancelled by token (251.36ms)
2023-11-05 14:00:21.580 [INFO]: Completion request was cancelled by token (77.51ms)
2023-11-05 14:00:21.812 [INFO]: Completion request was cancelled by token (157.9ms)
2023-11-05 14:00:22.004 [INFO]: Completion request was cancelled by token (116.47ms)
2023-11-05 14:00:22.848 [INFO]: Completion request was cancelled by token (723.17ms)
2023-11-05 14:00:23.128 [INFO]: Completion request was cancelled by token (205.13ms)
2023-11-05 14:00:23.367 [INFO]: Completion request was cancelled by token (168.37ms)
2023-11-05 14:00:23.764 [INFO]: Completion request was cancelled by token (322.57ms)
2023-11-05 14:00:24.021 [INFO]: Completion request was cancelled by token (183.45ms)
2023-11-05 14:00:24.182 [INFO]: Completion request was cancelled by token (85.18ms)
2023-11-05 14:00:24.382 [INFO]: Completion request was cancelled by token (127.12ms)
2023-11-05 14:00:24.518 [INFO]: Completion request was cancelled by token (11.86ms)
2023-11-05 14:00:24.639 [INFO]: Completion request was cancelled by token (47.89ms)
2023-11-05 14:00:25.489 [INFO]: Completion request was cancelled by token (775.78ms)
2023-11-05 14:00:25.932 [INFO]: Completion request was cancelled by token (373.07ms)
2023-11-05 14:00:26.438 [INFO]: Completion request was cancelled by token (431.65ms)
2023-11-05 14:00:26.922 [INFO]: Completion request was cancelled by token (410.42ms)
2023-11-05 14:00:27.466 [INFO]: Completion request was cancelled by token (470.7ms)
2023-11-05 14:00:27.709 [INFO]: Completion request was cancelled by token (168.6ms)
2023-11-05 14:00:27.786 [INFO]: Completion request was cancelled by token (2.42ms)
2023-11-05 14:00:27.967 [INFO]: Completion request was cancelled by token (105.51ms)
2023-11-05 14:00:28.069 [INFO]: Completion request was cancelled by token (27.24ms)
2023-11-05 14:00:28.223 [INFO]: Completion request was cancelled by token (77.98ms)
2023-11-05 14:00:28.364 [INFO]: Completion request was cancelled by token (65.87ms)
2023-11-05 14:00:28.448 [INFO]: Completion request was cancelled by token (9.41ms)
2023-11-05 14:00:28.558 [INFO]: Completion request was cancelled by token (33.89ms)
2023-11-05 14:00:29.274 [INFO]: Completion request was cancelled by token (641.62ms)
2023-11-05 14:00:30.871 [INFO]: Completion request succeeded (1522.24ms)
2023-11-05 14:00:30.872 [INFO]: No completions were generated
2023-11-05 14:00:30.873 [INFO]: provideInlineCompletionItems request succeeded (1524.75ms)
2023-11-05 14:41:05.675 [INFO]: [Language Server (stderr)]:
I1105 14:41:05.673711 85082 lsp.go:191] Analyzing workspace files for /home/owl/interact/
