2023-09-03 14:38:13.891 [info] Log level: Info
2023-09-03 14:38:13.891 [info] Validating found git in: "git"
2023-09-03 14:38:13.891 [info] Using git "2.42.0" from "git"
2023-09-03 14:38:15.030 [info] > git rev-parse --show-toplevel [1143ms]
2023-09-03 14:38:15.030 [info] fatal: not a git repository (or any parent up to mount point /home/owl)
Stopping at filesystem boundary (GIT_DISCOVERY_ACROSS_FILESYSTEM not set).
2023-09-03 14:38:16.462 [info] > git rev-parse --show-toplevel [1421ms]
2023-09-03 14:38:16.462 [info] fatal: not a git repository (or any parent up to mount point /home/owl)
Stopping at filesystem boundary (GIT_DISCOVERY_ACROSS_FILESYSTEM not set).
2023-09-03 14:38:17.179 [info] > git rev-parse --show-toplevel [705ms]
2023-09-03 14:38:17.180 [info] fatal: detected dubious ownership in repository at '/home/owl/server/frontend'
To add an exception for this directory, call:

	git config --global --add safe.directory /home/owl/server/frontend
2023-09-03 14:38:17.792 [info] > git rev-parse --show-toplevel [601ms]
2023-09-03 14:38:17.792 [info] fatal: not a git repository (or any parent up to mount point /home/owl)
Stopping at filesystem boundary (GIT_DISCOVERY_ACROSS_FILESYSTEM not set).
2023-09-03 14:38:18.407 [info] > git rev-parse --show-toplevel [607ms]
2023-09-03 14:38:18.407 [info] fatal: not a git repository (or any parent up to mount point /home/owl)
Stopping at filesystem boundary (GIT_DISCOVERY_ACROSS_FILESYSTEM not set).
2023-09-03 14:38:18.714 [info] > git rev-parse --show-toplevel [293ms]
2023-09-03 14:38:18.714 [info] fatal: not a git repository (or any parent up to mount point /home/owl)
Stopping at filesystem boundary (GIT_DISCOVERY_ACROSS_FILESYSTEM not set).
2023-09-03 14:38:35.507 [info] > git rev-parse --show-toplevel [354ms]
2023-09-03 14:38:35.507 [info] fatal: not a git repository (or any parent up to mount point /home/owl)
Stopping at filesystem boundary (GIT_DISCOVERY_ACROSS_FILESYSTEM not set).
