2023-09-02 00:18:39.963 [info] Log level: Info
2023-09-02 00:18:39.963 [info] Validating found git in: "git"
2023-09-02 00:18:39.963 [info] Using git "2.42.0" from "git"
2023-09-02 00:18:39.963 [info] > git rev-parse --show-toplevel [5ms]
2023-09-02 00:18:39.963 [info] fatal: not a git repository (or any of the parent directories): .git
2023-09-02 00:19:02.325 [info] Log level: Info
2023-09-02 00:19:02.325 [info] Validating found git in: "git"
2023-09-02 00:19:02.325 [info] Using git "2.42.0" from "git"
2023-09-02 00:19:02.325 [info] > git rev-parse --show-toplevel [3ms]
2023-09-02 00:19:02.335 [info] > git rev-parse --git-dir --git-common-dir [1ms]
2023-09-02 00:19:02.347 [info] Open repository: /home/owl/config-files
2023-09-02 00:19:02.362 [info] > git config --get commit.template [6ms]
2023-09-02 00:19:02.364 [info] > git rev-parse --show-toplevel [3ms]
2023-09-02 00:19:02.373 [info] > git for-each-ref --format=%(refname)%00%(upstream:short)%00%(objectname)%00%(upstream:track)%00%(upstream:remotename)%00%(upstream:remoteref) refs/heads/master refs/remotes/master [2ms]
2023-09-02 00:19:02.385 [info] > git rev-parse --show-toplevel [1ms]
2023-09-02 00:19:02.390 [info] > git rev-parse --show-toplevel [0ms]
2023-09-02 00:19:02.396 [info] > git rev-parse --show-toplevel [1ms]
2023-09-02 00:19:02.637 [info] > git status -z -uall [259ms]
2023-09-02 00:19:02.673 [info] > git config --get commit.template [4ms]
2023-09-02 00:19:02.714 [info] > git for-each-ref --format=%(refname)%00%(upstream:short)%00%(objectname)%00%(upstream:track)%00%(upstream:remotename)%00%(upstream:remoteref) refs/heads/master refs/remotes/master [32ms]
2023-09-02 00:19:02.875 [info] > git check-ignore -v -z --stdin [1ms]
2023-09-02 00:19:03.006 [info] > git status -z -uall [287ms]
2023-09-02 00:19:11.285 [info] > git show --textconv :backup [6ms]
2023-09-02 00:19:11.286 [info] > git ls-files --stage -- /home/owl/config-files/backup [2ms]
2023-09-02 00:19:11.292 [info] > git cat-file -s d94172f4719ab21e7a72aa1a428bfb597cbeb2ce [1ms]
2023-09-02 00:19:46.487 [info] > git config --get commit.template [1ms]
2023-09-02 00:19:46.497 [info] > git for-each-ref --format=%(refname)%00%(upstream:short)%00%(objectname)%00%(upstream:track)%00%(upstream:remotename)%00%(upstream:remoteref) refs/heads/master refs/remotes/master [1ms]
2023-09-02 00:19:46.753 [info] > git status -z -uall [252ms]
2023-09-02 00:19:57.137 [info] > git config --get commit.template [1ms]
2023-09-02 00:19:57.145 [info] > git for-each-ref --format=%(refname)%00%(upstream:short)%00%(objectname)%00%(upstream:track)%00%(upstream:remotename)%00%(upstream:remoteref) refs/heads/master refs/remotes/master [1ms]
2023-09-02 00:19:57.401 [info] > git status -z -uall [252ms]
2023-09-02 00:20:20.546 [info] > git check-ignore -v -z --stdin [1ms]
2023-09-02 00:20:30.154 [info] > git check-ignore -v -z --stdin [2ms]
2023-09-02 00:20:30.748 [info] > git config --get commit.template [1ms]
2023-09-02 00:20:30.758 [info] > git for-each-ref --format=%(refname)%00%(upstream:short)%00%(objectname)%00%(upstream:track)%00%(upstream:remotename)%00%(upstream:remoteref) refs/heads/master refs/remotes/master [1ms]
2023-09-02 00:20:30.771 [info] > git status -z -uall [3ms]
2023-09-02 00:20:40.300 [info] > git check-ignore -v -z --stdin [1ms]
2023-09-02 00:21:10.390 [info] > git config --get commit.template [1ms]
2023-09-02 00:21:10.396 [info] > git for-each-ref --format=%(refname)%00%(upstream:short)%00%(objectname)%00%(upstream:track)%00%(upstream:remotename)%00%(upstream:remoteref) refs/heads/master refs/remotes/master [1ms]
2023-09-02 00:21:10.414 [info] > git status -z -uall [12ms]
2023-09-02 00:21:42.334 [info] > git check-ignore -v -z --stdin [2ms]
2023-09-02 00:21:44.115 [info] > git show --textconv :post [10ms]
2023-09-02 00:21:44.117 [info] > git ls-files --stage -- /home/owl/config-files/post [2ms]
2023-09-02 00:21:44.127 [info] > git cat-file -s f11a4d6832c029e6234a1c6f5256189a1b1f716c [1ms]
2023-09-02 00:24:34.161 [info] > git config --get commit.template [1ms]
2023-09-02 00:24:34.169 [info] > git for-each-ref --format=%(refname)%00%(upstream:short)%00%(objectname)%00%(upstream:track)%00%(upstream:remotename)%00%(upstream:remoteref) refs/heads/master refs/remotes/master [1ms]
2023-09-02 00:24:34.188 [info] > git status -z -uall [12ms]
2023-09-02 00:30:27.974 [info] > git config --get commit.template [1ms]
2023-09-02 00:30:27.985 [info] > git for-each-ref --format=%(refname)%00%(upstream:short)%00%(objectname)%00%(upstream:track)%00%(upstream:remotename)%00%(upstream:remoteref) refs/heads/master refs/remotes/master [1ms]
2023-09-02 00:30:28.005 [info] > git status -z -uall [11ms]
2023-09-02 00:32:24.494 [info] > git config --get commit.template [2ms]
2023-09-02 00:32:24.509 [info] > git for-each-ref --format=%(refname)%00%(upstream:short)%00%(objectname)%00%(upstream:track)%00%(upstream:remotename)%00%(upstream:remoteref) refs/heads/master refs/remotes/master [1ms]
2023-09-02 00:32:24.528 [info] > git status -z -uall [10ms]
2023-09-02 00:32:34.314 [info] > git config --get commit.template [2ms]
2023-09-02 00:32:34.337 [info] > git for-each-ref --format=%(refname)%00%(upstream:short)%00%(objectname)%00%(upstream:track)%00%(upstream:remotename)%00%(upstream:remoteref) refs/heads/master refs/remotes/master [2ms]
2023-09-02 00:32:34.359 [info] > git status -z -uall [13ms]
2023-09-02 00:36:48.037 [info] > git config --get commit.template [1ms]
2023-09-02 00:36:48.049 [info] > git for-each-ref --format=%(refname)%00%(upstream:short)%00%(objectname)%00%(upstream:track)%00%(upstream:remotename)%00%(upstream:remoteref) refs/heads/master refs/remotes/master [1ms]
2023-09-02 00:36:48.067 [info] > git status -z -uall [9ms]
2023-09-02 00:37:10.034 [info] > git config --get commit.template [1ms]
2023-09-02 00:37:10.045 [info] > git for-each-ref --format=%(refname)%00%(upstream:short)%00%(objectname)%00%(upstream:track)%00%(upstream:remotename)%00%(upstream:remoteref) refs/heads/master refs/remotes/master [1ms]
2023-09-02 00:37:10.064 [info] > git status -z -uall [9ms]
